[2025-07-25T01:59:15.266+0000] {taskinstance.py:1956} INFO - Dependencies all met for dep_context=non-requeueable deps ti=<TaskInstance: bis_pipeline_dag.kafka_to_bronze manual__2025-07-25T01:59:10.725736+00:00 [queued]>
[2025-07-25T01:59:15.271+0000] {taskinstance.py:1956} INFO - Dependencies all met for dep_context=requeueable deps ti=<TaskInstance: bis_pipeline_dag.kafka_to_bronze manual__2025-07-25T01:59:10.725736+00:00 [queued]>
[2025-07-25T01:59:15.271+0000] {taskinstance.py:2170} INFO - Starting attempt 1 of 1
[2025-07-25T01:59:15.303+0000] {taskinstance.py:2191} INFO - Executing <Task(DockerOperator): kafka_to_bronze> on 2025-07-25 01:59:10.725736+00:00
[2025-07-25T01:59:15.306+0000] {standard_task_runner.py:60} INFO - Started process 226 to run task
[2025-07-25T01:59:15.309+0000] {standard_task_runner.py:87} INFO - Running: ['airflow', 'tasks', 'run', 'bis_pipeline_dag', 'kafka_to_bronze', 'manual__2025-07-25T01:59:10.725736+00:00', '--job-id', '38', '--raw', '--subdir', 'DAGS_FOLDER/bis_pipeline_dag.py', '--cfg-path', '/tmp/tmp6dy8svus']
[2025-07-25T01:59:15.310+0000] {standard_task_runner.py:88} INFO - Job 38: Subtask kafka_to_bronze
[2025-07-25T01:59:15.377+0000] {task_command.py:423} INFO - Running <TaskInstance: bis_pipeline_dag.kafka_to_bronze manual__2025-07-25T01:59:10.725736+00:00 [running]> on host f2fb5fb74adc
[2025-07-25T01:59:15.492+0000] {taskinstance.py:2480} INFO - Exporting env vars: AIRFLOW_CTX_DAG_OWNER='airflow' AIRFLOW_CTX_DAG_ID='bis_pipeline_dag' AIRFLOW_CTX_TASK_ID='kafka_to_bronze' AIRFLOW_CTX_EXECUTION_DATE='2025-07-25T01:59:10.725736+00:00' AIRFLOW_CTX_TRY_NUMBER='1' AIRFLOW_CTX_DAG_RUN_ID='manual__2025-07-25T01:59:10.725736+00:00'
[2025-07-25T01:59:15.528+0000] {docker.py:359} INFO - Starting docker container from image my-spark:3.3-kafka
[2025-07-25T01:59:18.164+0000] {docker.py:429} INFO - [38;5;6mspark [38;5;5m01:59:17.92 [0m[38;5;2mINFO [0m ==>
[2025-07-25T01:59:18.164+0000] {docker.py:429} INFO - [38;5;6mspark [38;5;5m01:59:17.92 [0m[38;5;2mINFO [0m ==> [1mWelcome to the Bitnami spark container[0m
[2025-07-25T01:59:18.164+0000] {docker.py:429} INFO - [38;5;6mspark [38;5;5m01:59:17.92 [0m[38;5;2mINFO [0m ==> Subscribe to project updates by watching [1mhttps://github.com/bitnami/containers[0m
[2025-07-25T01:59:18.165+0000] {docker.py:429} INFO - [38;5;6mspark [38;5;5m01:59:17.92 [0m[38;5;2mINFO [0m ==> Submit issues and feature requests at [1mhttps://github.com/bitnami/containers/issues[0m
[2025-07-25T01:59:18.165+0000] {docker.py:429} INFO - [38;5;6mspark [38;5;5m01:59:17.92 [0m[38;5;2mINFO [0m ==>
[2025-07-25T01:59:18.165+0000] {docker.py:429} INFO - 
[2025-07-25T01:59:19.230+0000] {docker.py:429} INFO - 25/07/25 01:59:19 INFO SparkContext: Running Spark version 3.3.4
[2025-07-25T01:59:19.247+0000] {docker.py:429} INFO - 25/07/25 01:59:19 INFO ResourceUtils: ==============================================================
[2025-07-25T01:59:19.247+0000] {docker.py:429} INFO - 25/07/25 01:59:19 INFO ResourceUtils: No custom resources configured for spark.driver.
[2025-07-25T01:59:19.247+0000] {docker.py:429} INFO - 25/07/25 01:59:19 INFO ResourceUtils: ==============================================================
[2025-07-25T01:59:19.247+0000] {docker.py:429} INFO - 25/07/25 01:59:19 INFO SparkContext: Submitted application: IngestBronze
[2025-07-25T01:59:19.259+0000] {docker.py:429} INFO - 25/07/25 01:59:19 INFO ResourceProfile: Default ResourceProfile created, executor resources: Map(cores -> name: cores, amount: 1, script: , vendor: , memory -> name: memory, amount: 1024, script: , vendor: , offHeap -> name: offHeap, amount: 0, script: , vendor: ), task resources: Map(cpus -> name: cpus, amount: 1.0)
[2025-07-25T01:59:19.264+0000] {docker.py:429} INFO - 25/07/25 01:59:19 INFO ResourceProfile: Limiting resource is cpu
[2025-07-25T01:59:19.264+0000] {docker.py:429} INFO - 25/07/25 01:59:19 INFO ResourceProfileManager: Added ResourceProfile id: 0
[2025-07-25T01:59:19.288+0000] {docker.py:429} INFO - 25/07/25 01:59:19 INFO SecurityManager: Changing view acls to: spark
[2025-07-25T01:59:19.289+0000] {docker.py:429} INFO - 25/07/25 01:59:19 INFO SecurityManager: Changing modify acls to: spark
[2025-07-25T01:59:19.289+0000] {docker.py:429} INFO - 25/07/25 01:59:19 INFO SecurityManager: Changing view acls groups to: 
25/07/25 01:59:19 INFO SecurityManager: Changing modify acls groups to:
[2025-07-25T01:59:19.289+0000] {docker.py:429} INFO - 25/07/25 01:59:19 INFO SecurityManager: SecurityManager: authentication disabled; ui acls disabled; users  with view permissions: Set(spark); groups with view permissions: Set(); users  with modify permissions: Set(spark); groups with modify permissions: Set()
[2025-07-25T01:59:19.321+0000] {docker.py:429} INFO - 25/07/25 01:59:19 WARN NativeCodeLoader: Unable to load native-hadoop library for your platform... using builtin-java classes where applicable
[2025-07-25T01:59:19.470+0000] {docker.py:429} INFO - 25/07/25 01:59:19 INFO Utils: Successfully started service 'sparkDriver' on port 40223.
[2025-07-25T01:59:19.486+0000] {docker.py:429} INFO - 25/07/25 01:59:19 INFO SparkEnv: Registering MapOutputTracker
[2025-07-25T01:59:19.508+0000] {docker.py:429} INFO - 25/07/25 01:59:19 INFO SparkEnv: Registering BlockManagerMaster
[2025-07-25T01:59:19.518+0000] {docker.py:429} INFO - 25/07/25 01:59:19 INFO BlockManagerMasterEndpoint: Using org.apache.spark.storage.DefaultTopologyMapper for getting topology information
[2025-07-25T01:59:19.518+0000] {docker.py:429} INFO - 25/07/25 01:59:19 INFO BlockManagerMasterEndpoint: BlockManagerMasterEndpoint up
[2025-07-25T01:59:19.522+0000] {docker.py:429} INFO - 25/07/25 01:59:19 INFO SparkEnv: Registering BlockManagerMasterHeartbeat
[2025-07-25T01:59:19.533+0000] {docker.py:429} INFO - 25/07/25 01:59:19 INFO DiskBlockManager: Created local directory at /tmp/blockmgr-790c6d48-ae95-41e6-9f0a-a38fc086c63e
[2025-07-25T01:59:19.543+0000] {docker.py:429} INFO - 25/07/25 01:59:19 INFO MemoryStore: MemoryStore started with capacity 434.4 MiB
[2025-07-25T01:59:19.552+0000] {docker.py:429} INFO - 25/07/25 01:59:19 INFO SparkEnv: Registering OutputCommitCoordinator
[2025-07-25T01:59:19.662+0000] {docker.py:429} INFO - 25/07/25 01:59:19 INFO Utils: Successfully started service 'SparkUI' on port 4040.
[2025-07-25T01:59:19.718+0000] {docker.py:429} INFO - 25/07/25 01:59:19 INFO Executor: Starting executor ID driver on host 49345d45c38c
[2025-07-25T01:59:19.722+0000] {docker.py:429} INFO - 25/07/25 01:59:19 INFO Executor: Starting executor with user classpath (userClassPathFirst = false): ''
[2025-07-25T01:59:19.733+0000] {docker.py:429} INFO - 25/07/25 01:59:19 INFO Utils: Successfully started service 'org.apache.spark.network.netty.NettyBlockTransferService' on port 35139.
[2025-07-25T01:59:19.734+0000] {docker.py:429} INFO - 25/07/25 01:59:19 INFO NettyBlockTransferService: Server created on 49345d45c38c:35139
[2025-07-25T01:59:19.734+0000] {docker.py:429} INFO - 25/07/25 01:59:19 INFO BlockManager: Using org.apache.spark.storage.RandomBlockReplicationPolicy for block replication policy
[2025-07-25T01:59:19.743+0000] {docker.py:429} INFO - 25/07/25 01:59:19 INFO BlockManagerMaster: Registering BlockManager BlockManagerId(driver, 49345d45c38c, 35139, None)
[2025-07-25T01:59:19.747+0000] {docker.py:429} INFO - 25/07/25 01:59:19 INFO BlockManagerMasterEndpoint: Registering block manager 49345d45c38c:35139 with 434.4 MiB RAM, BlockManagerId(driver, 49345d45c38c, 35139, None)
[2025-07-25T01:59:19.748+0000] {docker.py:429} INFO - 25/07/25 01:59:19 INFO BlockManagerMaster: Registered BlockManager BlockManagerId(driver, 49345d45c38c, 35139, None)
[2025-07-25T01:59:19.749+0000] {docker.py:429} INFO - 25/07/25 01:59:19 INFO BlockManager: Initialized BlockManager: BlockManagerId(driver, 49345d45c38c, 35139, None)
[2025-07-25T01:59:20.320+0000] {docker.py:429} INFO - Traceback (most recent call last):
  File "/app/bronze.py", line 47, in <module>
[2025-07-25T01:59:20.320+0000] {docker.py:429} INFO - .load()
  File "/opt/bitnami/spark/python/lib/pyspark.zip/pyspark/sql/streaming.py", line 469, in load
  File "/opt/bitnami/spark/python/lib/py4j-0.10.9.5-src.zip/py4j/java_gateway.py", line 1321, in __call__
[2025-07-25T01:59:20.320+0000] {docker.py:429} INFO - File "/opt/bitnami/spark/python/lib/pyspark.zip/pyspark/sql/utils.py", line 196, in deco
[2025-07-25T01:59:20.320+0000] {docker.py:429} INFO - pyspark.sql.utils.AnalysisException
[2025-07-25T01:59:20.324+0000] {docker.py:429} INFO - :  Failed to find data source: kafka. Please deploy the application as per the deployment section of "Structured Streaming + Kafka Integration Guide".
[2025-07-25T01:59:21.891+0000] {taskinstance.py:2698} ERROR - Task failed with exception
Traceback (most recent call last):
  File "/home/airflow/.local/lib/python3.10/site-packages/airflow/models/taskinstance.py", line 433, in _execute_task
    result = execute_callable(context=context, **execute_callable_kwargs)
  File "/home/airflow/.local/lib/python3.10/site-packages/airflow/providers/docker/operators/docker.py", line 502, in execute
    return self._run_image()
  File "/home/airflow/.local/lib/python3.10/site-packages/airflow/providers/docker/operators/docker.py", line 364, in _run_image
    return self._run_image_with_mounts([*self.mounts, tmp_mount], add_tmp_variable=True)
  File "/home/airflow/.local/lib/python3.10/site-packages/airflow/providers/docker/operators/docker.py", line 437, in _run_image_with_mounts
    raise DockerContainerFailedException(f"Docker container failed: {result!r}", logs=log_lines)
airflow.providers.docker.exceptions.DockerContainerFailedException: Docker container failed: {'StatusCode': 1}
[2025-07-25T01:59:21.893+0000] {taskinstance.py:1138} INFO - Marking task as FAILED. dag_id=bis_pipeline_dag, task_id=kafka_to_bronze, execution_date=20250725T015910, start_date=20250725T015915, end_date=20250725T015921
[2025-07-25T01:59:21.935+0000] {standard_task_runner.py:107} ERROR - Failed to execute job 38 for task kafka_to_bronze (Docker container failed: {'StatusCode': 1}; 226)
[2025-07-25T01:59:21.969+0000] {local_task_job_runner.py:234} INFO - Task exited with return code 1
[2025-07-25T01:59:21.985+0000] {taskinstance.py:3280} INFO - 0 downstream tasks scheduled from follow-on schedule check
