[2025-07-25T04:00:26.261+0000] {taskinstance.py:1956} INFO - Dependencies all met for dep_context=non-requeueable deps ti=<TaskInstance: bis_pipeline_dag.collect_bronze manual__2025-07-25T04:00:23.657486+00:00 [queued]>
[2025-07-25T04:00:26.266+0000] {taskinstance.py:1956} INFO - Dependencies all met for dep_context=requeueable deps ti=<TaskInstance: bis_pipeline_dag.collect_bronze manual__2025-07-25T04:00:23.657486+00:00 [queued]>
[2025-07-25T04:00:26.266+0000] {taskinstance.py:2170} INFO - Starting attempt 1 of 1
[2025-07-25T04:00:26.306+0000] {taskinstance.py:2191} INFO - Executing <Task(BashOperator): collect_bronze> on 2025-07-25 04:00:23.657486+00:00
[2025-07-25T04:00:26.310+0000] {standard_task_runner.py:60} INFO - Started process 1554 to run task
[2025-07-25T04:00:26.312+0000] {standard_task_runner.py:87} INFO - Running: ['airflow', 'tasks', 'run', 'bis_pipeline_dag', 'collect_bronze', 'manual__2025-07-25T04:00:23.657486+00:00', '--job-id', '53', '--raw', '--subdir', 'DAGS_FOLDER/bis_pipeline_dag.py', '--cfg-path', '/tmp/tmpc4uzl4z2']
[2025-07-25T04:00:26.314+0000] {standard_task_runner.py:88} INFO - Job 53: Subtask collect_bronze
[2025-07-25T04:00:26.384+0000] {task_command.py:423} INFO - Running <TaskInstance: bis_pipeline_dag.collect_bronze manual__2025-07-25T04:00:23.657486+00:00 [running]> on host f2fb5fb74adc
[2025-07-25T04:00:26.504+0000] {taskinstance.py:2480} INFO - Exporting env vars: AIRFLOW_CTX_DAG_OWNER='airflow' AIRFLOW_CTX_DAG_ID='bis_pipeline_dag' AIRFLOW_CTX_TASK_ID='collect_bronze' AIRFLOW_CTX_EXECUTION_DATE='2025-07-25T04:00:23.657486+00:00' AIRFLOW_CTX_TRY_NUMBER='1' AIRFLOW_CTX_DAG_RUN_ID='manual__2025-07-25T04:00:23.657486+00:00'
[2025-07-25T04:00:26.505+0000] {subprocess.py:63} INFO - Tmp dir root location: /tmp
[2025-07-25T04:00:26.506+0000] {subprocess.py:75} INFO - Running command: ['/usr/bin/bash', '-c', 'python /opt/airflow/dags/kafka/api_producer.py']
[2025-07-25T04:00:26.528+0000] {subprocess.py:86} INFO - Output:
[2025-07-25T04:00:28.885+0000] {subprocess.py:93} INFO - 메시지 전송 완료: {'tableInfo': {'pageNo': '1', 'numOfRows': '10', 'totalCnt': '2', 'resultCode': '200', 'resultMsg': 'SUCCESS', 'list': {'row': [{'VEHICLENO': '울산71자2265', 'RNUM': '1', 'PREVSTOPCNT': '8', 'ARRIVALTIME': '715', 'ROUTEID': '195000199', 'REMARK': '처용마을입구 방면', 'STOPID': '196040122', 'STOPNM': '(주)TCT제2공장', 'PRESENTSTOPNM': '진영프리텔앞', 'ROUTENM': '725'}, {'VEHICLENO': '울산71자3278', 'RNUM': '2', 'PREVSTOPCNT': '13', 'ARRIVALTIME': '1008', 'ROUTEID': '196000428', 'REMARK': '처용마을입구 방면', 'STOPID': '196040122', 'STOPNM': '(주)TCT제2공장', 'PRESENTSTOPNM': '망양마을', 'ROUTENM': '518'}]}}}
[2025-07-25T04:00:28.886+0000] {subprocess.py:93} INFO - Exception ignored in atexit callback: <function KafkaProducer._cleanup_factory.<locals>.wrapper at 0x75bb35ef7130>
[2025-07-25T04:00:28.886+0000] {subprocess.py:93} INFO - Traceback (most recent call last):
[2025-07-25T04:00:28.886+0000] {subprocess.py:93} INFO -   File "/home/airflow/.local/lib/python3.10/site-packages/kafka/producer/kafka.py", line 575, in wrapper
[2025-07-25T04:00:28.894+0000] {subprocess.py:93} INFO -     _self.close(timeout=0, null_logger=True)
[2025-07-25T04:00:28.895+0000] {subprocess.py:93} INFO -   File "/home/airflow/.local/lib/python3.10/site-packages/kafka/producer/kafka.py", line 630, in close
[2025-07-25T04:00:28.895+0000] {subprocess.py:93} INFO -     self.flush(timeout)
[2025-07-25T04:00:28.895+0000] {subprocess.py:93} INFO -   File "/home/airflow/.local/lib/python3.10/site-packages/kafka/producer/kafka.py", line 919, in flush
[2025-07-25T04:00:28.895+0000] {subprocess.py:93} INFO -     self._accumulator.await_flush_completion(timeout=timeout)
[2025-07-25T04:00:28.895+0000] {subprocess.py:93} INFO -   File "/home/airflow/.local/lib/python3.10/site-packages/kafka/producer/record_accumulator.py", line 586, in await_flush_completion
[2025-07-25T04:00:28.973+0000] {subprocess.py:93} INFO -     raise Errors.KafkaTimeoutError('Timeout waiting for future')
[2025-07-25T04:00:28.974+0000] {subprocess.py:93} INFO - kafka.errors.KafkaTimeoutError: KafkaTimeoutError: Timeout waiting for future
[2025-07-25T04:00:29.034+0000] {subprocess.py:97} INFO - Command exited with return code 0
[2025-07-25T04:00:29.091+0000] {taskinstance.py:1138} INFO - Marking task as SUCCESS. dag_id=bis_pipeline_dag, task_id=collect_bronze, execution_date=20250725T040023, start_date=20250725T040026, end_date=20250725T040029
[2025-07-25T04:00:29.173+0000] {local_task_job_runner.py:234} INFO - Task exited with return code 0
[2025-07-25T04:00:29.190+0000] {taskinstance.py:3280} INFO - 1 downstream tasks scheduled from follow-on schedule check
