[2025-07-25T02:29:52.526+0000] {taskinstance.py:1956} INFO - Dependencies all met for dep_context=non-requeueable deps ti=<TaskInstance: bis_pipeline_dag.load_to_postgres manual__2025-07-25T02:28:49.796008+00:00 [queued]>
[2025-07-25T02:29:52.531+0000] {taskinstance.py:1956} INFO - Dependencies all met for dep_context=requeueable deps ti=<TaskInstance: bis_pipeline_dag.load_to_postgres manual__2025-07-25T02:28:49.796008+00:00 [queued]>
[2025-07-25T02:29:52.531+0000] {taskinstance.py:2170} INFO - Starting attempt 1 of 1
[2025-07-25T02:29:52.579+0000] {taskinstance.py:2191} INFO - Executing <Task(DockerOperator): load_to_postgres> on 2025-07-25 02:28:49.796008+00:00
[2025-07-25T02:29:52.582+0000] {standard_task_runner.py:60} INFO - Started process 672 to run task
[2025-07-25T02:29:52.584+0000] {standard_task_runner.py:87} INFO - Running: ['airflow', 'tasks', 'run', 'bis_pipeline_dag', 'load_to_postgres', 'manual__2025-07-25T02:28:49.796008+00:00', '--job-id', '52', '--raw', '--subdir', 'DAGS_FOLDER/bis_pipeline_dag.py', '--cfg-path', '/tmp/tmpbkn5kyho']
[2025-07-25T02:29:52.585+0000] {standard_task_runner.py:88} INFO - Job 52: Subtask load_to_postgres
[2025-07-25T02:29:52.644+0000] {task_command.py:423} INFO - Running <TaskInstance: bis_pipeline_dag.load_to_postgres manual__2025-07-25T02:28:49.796008+00:00 [running]> on host f2fb5fb74adc
[2025-07-25T02:29:52.757+0000] {taskinstance.py:2480} INFO - Exporting env vars: AIRFLOW_CTX_DAG_OWNER='airflow' AIRFLOW_CTX_DAG_ID='bis_pipeline_dag' AIRFLOW_CTX_TASK_ID='load_to_postgres' AIRFLOW_CTX_EXECUTION_DATE='2025-07-25T02:28:49.796008+00:00' AIRFLOW_CTX_TRY_NUMBER='1' AIRFLOW_CTX_DAG_RUN_ID='manual__2025-07-25T02:28:49.796008+00:00'
[2025-07-25T02:29:52.796+0000] {docker.py:359} INFO - Starting docker container from image my-spark:3.3-kafka
[2025-07-25T02:29:55.190+0000] {docker.py:429} INFO - [38;5;6mspark [38;5;5m02:29:55.02 [0m[38;5;2mINFO [0m ==>
[2025-07-25T02:29:55.191+0000] {docker.py:429} INFO - [38;5;6mspark [38;5;5m02:29:55.02 [0m[38;5;2mINFO [0m ==> [1mWelcome to the Bitnami spark container[0m
[2025-07-25T02:29:55.191+0000] {docker.py:429} INFO - [38;5;6mspark [38;5;5m02:29:55.02 [0m[38;5;2mINFO [0m ==> Subscribe to project updates by watching [1mhttps://github.com/bitnami/containers[0m
[2025-07-25T02:29:55.191+0000] {docker.py:429} INFO - [38;5;6mspark [38;5;5m02:29:55.02 [0m[38;5;2mINFO [0m ==> Submit issues and feature requests at [1mhttps://github.com/bitnami/containers/issues[0m
[2025-07-25T02:29:55.191+0000] {docker.py:429} INFO - [38;5;6mspark [38;5;5m02:29:55.02 [0m[38;5;2mINFO [0m ==>
[2025-07-25T02:29:55.191+0000] {docker.py:429} INFO - 
[2025-07-25T02:29:56.246+0000] {docker.py:429} INFO - 25/07/25 02:29:56 INFO SparkContext: Running Spark version 3.3.4
[2025-07-25T02:29:56.263+0000] {docker.py:429} INFO - 25/07/25 02:29:56 INFO ResourceUtils: ==============================================================
[2025-07-25T02:29:56.264+0000] {docker.py:429} INFO - 25/07/25 02:29:56 INFO ResourceUtils: No custom resources configured for spark.driver.
[2025-07-25T02:29:56.264+0000] {docker.py:429} INFO - 25/07/25 02:29:56 INFO ResourceUtils: ==============================================================
[2025-07-25T02:29:56.264+0000] {docker.py:429} INFO - 25/07/25 02:29:56 INFO SparkContext: Submitted application: GoldToPostgres
[2025-07-25T02:29:56.275+0000] {docker.py:429} INFO - 25/07/25 02:29:56 INFO ResourceProfile: Default ResourceProfile created, executor resources: Map(cores -> name: cores, amount: 1, script: , vendor: , memory -> name: memory, amount: 1024, script: , vendor: , offHeap -> name: offHeap, amount: 0, script: , vendor: ), task resources: Map(cpus -> name: cpus, amount: 1.0)
[2025-07-25T02:29:56.280+0000] {docker.py:429} INFO - 25/07/25 02:29:56 INFO ResourceProfile: Limiting resource is cpu
[2025-07-25T02:29:56.280+0000] {docker.py:429} INFO - 25/07/25 02:29:56 INFO ResourceProfileManager: Added ResourceProfile id: 0
[2025-07-25T02:29:56.304+0000] {docker.py:429} INFO - 25/07/25 02:29:56 INFO SecurityManager: Changing view acls to: root,spark
[2025-07-25T02:29:56.304+0000] {docker.py:429} INFO - 25/07/25 02:29:56 INFO SecurityManager: Changing modify acls to: root,spark
[2025-07-25T02:29:56.304+0000] {docker.py:429} INFO - 25/07/25 02:29:56 INFO SecurityManager: Changing view acls groups to:
[2025-07-25T02:29:56.304+0000] {docker.py:429} INFO - 25/07/25 02:29:56 INFO SecurityManager: Changing modify acls groups to:
[2025-07-25T02:29:56.304+0000] {docker.py:429} INFO - 25/07/25 02:29:56 INFO SecurityManager: SecurityManager: authentication disabled; ui acls disabled; users  with view permissions: Set(root, spark); groups with view permissions: Set(); users  with modify permissions: Set(root, spark); groups with modify permissions: Set()
[2025-07-25T02:29:56.334+0000] {docker.py:429} INFO - 25/07/25 02:29:56 WARN NativeCodeLoader: Unable to load native-hadoop library for your platform... using builtin-java classes where applicable
[2025-07-25T02:29:56.474+0000] {docker.py:429} INFO - 25/07/25 02:29:56 INFO Utils: Successfully started service 'sparkDriver' on port 34105.
[2025-07-25T02:29:56.492+0000] {docker.py:429} INFO - 25/07/25 02:29:56 INFO SparkEnv: Registering MapOutputTracker
[2025-07-25T02:29:56.514+0000] {docker.py:429} INFO - 25/07/25 02:29:56 INFO SparkEnv: Registering BlockManagerMaster
[2025-07-25T02:29:56.524+0000] {docker.py:429} INFO - 25/07/25 02:29:56 INFO BlockManagerMasterEndpoint: Using org.apache.spark.storage.DefaultTopologyMapper for getting topology information
[2025-07-25T02:29:56.525+0000] {docker.py:429} INFO - 25/07/25 02:29:56 INFO BlockManagerMasterEndpoint: BlockManagerMasterEndpoint up
[2025-07-25T02:29:56.529+0000] {docker.py:429} INFO - 25/07/25 02:29:56 INFO SparkEnv: Registering BlockManagerMasterHeartbeat
[2025-07-25T02:29:56.539+0000] {docker.py:429} INFO - 25/07/25 02:29:56 INFO DiskBlockManager: Created local directory at /tmp/blockmgr-513ba337-6617-4dd4-b158-5e645f5ad18a
[2025-07-25T02:29:56.550+0000] {docker.py:429} INFO - 25/07/25 02:29:56 INFO MemoryStore: MemoryStore started with capacity 434.4 MiB
[2025-07-25T02:29:56.559+0000] {docker.py:429} INFO - 25/07/25 02:29:56 INFO SparkEnv: Registering OutputCommitCoordinator
[2025-07-25T02:29:56.667+0000] {docker.py:429} INFO - 25/07/25 02:29:56 INFO Utils: Successfully started service 'SparkUI' on port 4040.
[2025-07-25T02:29:56.721+0000] {docker.py:429} INFO - 25/07/25 02:29:56 INFO Executor: Starting executor ID driver on host db898e05602d
[2025-07-25T02:29:56.732+0000] {docker.py:429} INFO - 25/07/25 02:29:56 INFO Executor: Starting executor with user classpath (userClassPathFirst = false): ''
[2025-07-25T02:29:56.742+0000] {docker.py:429} INFO - 25/07/25 02:29:56 INFO Utils: Successfully started service 'org.apache.spark.network.netty.NettyBlockTransferService' on port 38051.
[2025-07-25T02:29:56.743+0000] {docker.py:429} INFO - 25/07/25 02:29:56 INFO NettyBlockTransferService: Server created on db898e05602d:38051
[2025-07-25T02:29:56.744+0000] {docker.py:429} INFO - 25/07/25 02:29:56 INFO BlockManager: Using org.apache.spark.storage.RandomBlockReplicationPolicy for block replication policy
[2025-07-25T02:29:56.747+0000] {docker.py:429} INFO - 25/07/25 02:29:56 INFO BlockManagerMaster: Registering BlockManager BlockManagerId(driver, db898e05602d, 38051, None)
[2025-07-25T02:29:56.749+0000] {docker.py:429} INFO - 25/07/25 02:29:56 INFO BlockManagerMasterEndpoint: Registering block manager db898e05602d:38051 with 434.4 MiB RAM, BlockManagerId(driver, db898e05602d, 38051, None)
[2025-07-25T02:29:56.750+0000] {docker.py:429} INFO - 25/07/25 02:29:56 INFO BlockManagerMaster: Registered BlockManager BlockManagerId(driver, db898e05602d, 38051, None)
[2025-07-25T02:29:56.750+0000] {docker.py:429} INFO - 25/07/25 02:29:56 INFO BlockManager: Initialized BlockManager: BlockManagerId(driver, db898e05602d, 38051, None)
[2025-07-25T02:29:57.360+0000] {docker.py:429} INFO - 25/07/25 02:29:57 WARN MetricsConfig: Cannot locate configuration: tried hadoop-metrics2-s3a-file-system.properties,hadoop-metrics2.properties
[2025-07-25T02:29:59.025+0000] {docker.py:429} INFO - root
 |-- ROUTENM: string (nullable = true)
 |-- PRESENTSTOPNM: string (nullable = true)
 |-- avg_arrival_time: double (nullable = true)
 |-- avg_prev_stop_cnt: double (nullable = true)
 |-- record_count: long (nullable = true)
[2025-07-25T02:29:59.519+0000] {docker.py:429} INFO - +-------+-------------+----------------+-----------------+------------+
|ROUTENM|PRESENTSTOPNM|avg_arrival_time|avg_prev_stop_cnt|record_count|
+-------+-------------+----------------+-----------------+------------+
+-------+-------------+----------------+-----------------+------------+
[2025-07-25T02:30:01.689+0000] {taskinstance.py:1138} INFO - Marking task as SUCCESS. dag_id=bis_pipeline_dag, task_id=load_to_postgres, execution_date=20250725T022849, start_date=20250725T022952, end_date=20250725T023001
[2025-07-25T02:30:01.737+0000] {local_task_job_runner.py:234} INFO - Task exited with return code 0
[2025-07-25T02:30:01.749+0000] {taskinstance.py:3280} INFO - 0 downstream tasks scheduled from follow-on schedule check
