[2025-07-25T01:44:04.990+0000] {taskinstance.py:1956} INFO - Dependencies all met for dep_context=non-requeueable deps ti=<TaskInstance: bis_pipeline_dag.kafka_to_bronze manual__2025-07-25T01:44:00.713564+00:00 [queued]>
[2025-07-25T01:44:04.995+0000] {taskinstance.py:1956} INFO - Dependencies all met for dep_context=requeueable deps ti=<TaskInstance: bis_pipeline_dag.kafka_to_bronze manual__2025-07-25T01:44:00.713564+00:00 [queued]>
[2025-07-25T01:44:04.995+0000] {taskinstance.py:2170} INFO - Starting attempt 1 of 1
[2025-07-25T01:44:05.036+0000] {taskinstance.py:2191} INFO - Executing <Task(DockerOperator): kafka_to_bronze> on 2025-07-25 01:44:00.713564+00:00
[2025-07-25T01:44:05.039+0000] {standard_task_runner.py:60} INFO - Started process 258 to run task
[2025-07-25T01:44:05.041+0000] {standard_task_runner.py:87} INFO - Running: ['airflow', 'tasks', 'run', 'bis_pipeline_dag', 'kafka_to_bronze', 'manual__2025-07-25T01:44:00.713564+00:00', '--job-id', '30', '--raw', '--subdir', 'DAGS_FOLDER/bis_pipeline_dag.py', '--cfg-path', '/tmp/tmpy0fm7rg5']
[2025-07-25T01:44:05.043+0000] {standard_task_runner.py:88} INFO - Job 30: Subtask kafka_to_bronze
[2025-07-25T01:44:05.105+0000] {task_command.py:423} INFO - Running <TaskInstance: bis_pipeline_dag.kafka_to_bronze manual__2025-07-25T01:44:00.713564+00:00 [running]> on host fe0f9957e684
[2025-07-25T01:44:05.215+0000] {taskinstance.py:2480} INFO - Exporting env vars: AIRFLOW_CTX_DAG_OWNER='airflow' AIRFLOW_CTX_DAG_ID='bis_pipeline_dag' AIRFLOW_CTX_TASK_ID='kafka_to_bronze' AIRFLOW_CTX_EXECUTION_DATE='2025-07-25T01:44:00.713564+00:00' AIRFLOW_CTX_TRY_NUMBER='1' AIRFLOW_CTX_DAG_RUN_ID='manual__2025-07-25T01:44:00.713564+00:00'
[2025-07-25T01:44:05.247+0000] {docker.py:359} INFO - Starting docker container from image bitnami/spark:3.3
[2025-07-25T01:44:07.979+0000] {docker.py:429} INFO - [38;5;6mspark [38;5;5m01:44:07.75 [0m[38;5;2mINFO [0m ==>
[2025-07-25T01:44:07.979+0000] {docker.py:429} INFO - [38;5;6mspark [38;5;5m01:44:07.75 [0m[38;5;2mINFO [0m ==> [1mWelcome to the Bitnami spark container[0m
[2025-07-25T01:44:07.980+0000] {docker.py:429} INFO - [38;5;6mspark [38;5;5m01:44:07.75 [0m[38;5;2mINFO [0m ==> Subscribe to project updates by watching [1mhttps://github.com/bitnami/containers[0m
[2025-07-25T01:44:07.980+0000] {docker.py:429} INFO - [38;5;6mspark [38;5;5m01:44:07.75 [0m[38;5;2mINFO [0m ==> Submit issues and feature requests at [1mhttps://github.com/bitnami/containers/issues[0m
[2025-07-25T01:44:07.980+0000] {docker.py:429} INFO - [38;5;6mspark [38;5;5m01:44:07.75 [0m[38;5;2mINFO [0m ==>
[2025-07-25T01:44:07.980+0000] {docker.py:429} INFO - 
[2025-07-25T01:44:08.636+0000] {docker.py:429} INFO - :: loading settings :: url = jar:file:/opt/bitnami/spark/jars/ivy-2.5.1.jar!/org/apache/ivy/core/settings/ivysettings.xml
[2025-07-25T01:44:08.670+0000] {docker.py:429} INFO - Ivy Default Cache set to: /opt/bitnami/spark/.ivy2/cache
The jars for the packages stored in: /opt/bitnami/spark/.ivy2/jars
[2025-07-25T01:44:08.674+0000] {docker.py:429} INFO - org.apache.spark#spark-sql-kafka-0-10_2.12 added as a dependency
[2025-07-25T01:44:08.674+0000] {docker.py:429} INFO - :: resolving dependencies :: org.apache.spark#spark-submit-parent-18e80e2c-8bc5-4ce6-82f1-c0116968b4d4;1.0
	confs: [default]
[2025-07-25T01:44:25.474+0000] {docker.py:429} INFO - found org.apache.spark#spark-sql-kafka-0-10_2.12;3.3.4 in central
[2025-07-25T01:44:27.730+0000] {docker.py:429} INFO - found org.apache.spark#spark-token-provider-kafka-0-10_2.12;3.3.4 in central
[2025-07-25T01:44:28.597+0000] {docker.py:429} INFO - found org.apache.kafka#kafka-clients;2.8.1 in central
[2025-07-25T01:44:29.190+0000] {docker.py:429} INFO - found org.lz4#lz4-java;1.8.0 in central
[2025-07-25T01:44:29.784+0000] {docker.py:429} INFO - found org.xerial.snappy#snappy-java;1.1.8.4 in central
[2025-07-25T01:44:31.678+0000] {docker.py:429} INFO - found org.slf4j#slf4j-api;1.7.32 in central
[2025-07-25T01:44:37.587+0000] {docker.py:429} INFO - found org.apache.hadoop#hadoop-client-runtime;3.3.2 in central
[2025-07-25T01:44:38.834+0000] {docker.py:429} INFO - found org.spark-project.spark#unused;1.0.0 in central
[2025-07-25T01:44:39.265+0000] {docker.py:429} INFO - found org.apache.hadoop#hadoop-client-api;3.3.2 in central
[2025-07-25T01:44:41.989+0000] {docker.py:429} INFO - found commons-logging#commons-logging;1.1.3 in central
[2025-07-25T01:44:42.298+0000] {docker.py:429} INFO - found com.google.code.findbugs#jsr305;3.0.0 in central
[2025-07-25T01:44:46.037+0000] {docker.py:429} INFO - found org.apache.commons#commons-pool2;2.11.1 in central
[2025-07-25T01:44:46.185+0000] {docker.py:429} INFO - downloading https://repo1.maven.org/maven2/org/apache/spark/spark-sql-kafka-0-10_2.12/3.3.4/spark-sql-kafka-0-10_2.12-3.3.4.jar ...
[2025-07-25T01:44:46.846+0000] {docker.py:429} INFO - [SUCCESSFUL ] org.apache.spark#spark-sql-kafka-0-10_2.12;3.3.4!spark-sql-kafka-0-10_2.12.jar (803ms)
[2025-07-25T01:44:46.991+0000] {docker.py:429} INFO - downloading https://repo1.maven.org/maven2/org/apache/spark/spark-token-provider-kafka-0-10_2.12/3.3.4/spark-token-provider-kafka-0-10_2.12-3.3.4.jar ...
[2025-07-25T01:44:47.285+0000] {docker.py:429} INFO - [SUCCESSFUL ] org.apache.spark#spark-token-provider-kafka-0-10_2.12;3.3.4!spark-token-provider-kafka-0-10_2.12.jar (439ms)
[2025-07-25T01:44:47.439+0000] {docker.py:429} INFO - downloading https://repo1.maven.org/maven2/org/apache/kafka/kafka-clients/2.8.1/kafka-clients-2.8.1.jar ...
[2025-07-25T01:44:51.639+0000] {docker.py:429} INFO - [SUCCESSFUL ] org.apache.kafka#kafka-clients;2.8.1!kafka-clients.jar (4353ms)
[2025-07-25T01:44:51.783+0000] {docker.py:429} INFO - downloading https://repo1.maven.org/maven2/com/google/code/findbugs/jsr305/3.0.0/jsr305-3.0.0.jar ...
[2025-07-25T01:44:51.938+0000] {docker.py:429} INFO - [SUCCESSFUL ] com.google.code.findbugs#jsr305;3.0.0!jsr305.jar (298ms)
[2025-07-25T01:44:52.083+0000] {docker.py:429} INFO - downloading https://repo1.maven.org/maven2/org/apache/commons/commons-pool2/2.11.1/commons-pool2-2.11.1.jar ...
[2025-07-25T01:44:52.276+0000] {docker.py:429} INFO - [SUCCESSFUL ] org.apache.commons#commons-pool2;2.11.1!commons-pool2.jar (338ms)
[2025-07-25T01:44:52.419+0000] {docker.py:429} INFO - downloading https://repo1.maven.org/maven2/org/spark-project/spark/unused/1.0.0/unused-1.0.0.jar ...
[2025-07-25T01:44:52.562+0000] {docker.py:429} INFO - [SUCCESSFUL ] org.spark-project.spark#unused;1.0.0!unused.jar (285ms)
[2025-07-25T01:44:52.714+0000] {docker.py:429} INFO - downloading https://repo1.maven.org/maven2/org/apache/hadoop/hadoop-client-runtime/3.3.2/hadoop-client-runtime-3.3.2.jar ...
[2025-07-25T01:44:58.399+0000] {docker.py:429} INFO - [SUCCESSFUL ] org.apache.hadoop#hadoop-client-runtime;3.3.2!hadoop-client-runtime.jar (5836ms)
[2025-07-25T01:44:58.544+0000] {docker.py:429} INFO - downloading https://repo1.maven.org/maven2/org/lz4/lz4-java/1.8.0/lz4-java-1.8.0.jar ...
[2025-07-25T01:44:58.744+0000] {docker.py:429} INFO - [SUCCESSFUL ] org.lz4#lz4-java;1.8.0!lz4-java.jar (345ms)
[2025-07-25T01:44:58.890+0000] {docker.py:429} INFO - downloading https://repo1.maven.org/maven2/org/xerial/snappy/snappy-java/1.1.8.4/snappy-java-1.1.8.4.jar ...
[2025-07-25T01:44:59.227+0000] {docker.py:429} INFO - [SUCCESSFUL ] org.xerial.snappy#snappy-java;1.1.8.4!snappy-java.jar(bundle) (482ms)
[2025-07-25T01:44:59.370+0000] {docker.py:429} INFO - downloading https://repo1.maven.org/maven2/org/slf4j/slf4j-api/1.7.32/slf4j-api-1.7.32.jar ...
[2025-07-25T01:44:59.518+0000] {docker.py:429} INFO - [SUCCESSFUL ] org.slf4j#slf4j-api;1.7.32!slf4j-api.jar (291ms)
[2025-07-25T01:44:59.701+0000] {docker.py:429} INFO - downloading https://repo1.maven.org/maven2/org/apache/hadoop/hadoop-client-api/3.3.2/hadoop-client-api-3.3.2.jar ...
[2025-07-25T01:45:01.446+0000] {docker.py:429} INFO - [SUCCESSFUL ] org.apache.hadoop#hadoop-client-api;3.3.2!hadoop-client-api.jar (1926ms)
[2025-07-25T01:45:01.588+0000] {docker.py:429} INFO - downloading https://repo1.maven.org/maven2/commons-logging/commons-logging/1.1.3/commons-logging-1.1.3.jar ...
[2025-07-25T01:45:01.741+0000] {docker.py:429} INFO - [SUCCESSFUL ] commons-logging#commons-logging;1.1.3!commons-logging.jar (294ms)
[2025-07-25T01:45:01.741+0000] {docker.py:429} INFO - :: resolution report :: resolve 37367ms :: artifacts dl 15699ms
	:: modules in use:
[2025-07-25T01:45:01.742+0000] {docker.py:429} INFO - com.google.code.findbugs#jsr305;3.0.0 from central in [default]
	commons-logging#commons-logging;1.1.3 from central in [default]
	org.apache.commons#commons-pool2;2.11.1 from central in [default]
	org.apache.hadoop#hadoop-client-api;3.3.2 from central in [default]
	org.apache.hadoop#hadoop-client-runtime;3.3.2 from central in [default]
[2025-07-25T01:45:01.742+0000] {docker.py:429} INFO - org.apache.kafka#kafka-clients;2.8.1 from central in [default]
	org.apache.spark#spark-sql-kafka-0-10_2.12;3.3.4 from central in [default]
	org.apache.spark#spark-token-provider-kafka-0-10_2.12;3.3.4 from central in [default]
	org.lz4#lz4-java;1.8.0 from central in [default]
	org.slf4j#slf4j-api;1.7.32 from central in [default]
	org.spark-project.spark#unused;1.0.0 from central in [default]
	org.xerial.snappy#snappy-java;1.1.8.4 from central in [default]
	---------------------------------------------------------------------
	|                  |            modules            ||   artifacts   |
	|       conf       | number| search|dwnlded|evicted|| number|dwnlded|
	---------------------------------------------------------------------
	|      default     |   12  |   12  |   12  |   0   ||   12  |   12  |
	---------------------------------------------------------------------
[2025-07-25T01:45:01.745+0000] {docker.py:429} INFO - :: retrieving :: org.apache.spark#spark-submit-parent-18e80e2c-8bc5-4ce6-82f1-c0116968b4d4
	confs: [default]
[2025-07-25T01:45:01.786+0000] {docker.py:429} INFO - 12 artifacts copied, 0 already retrieved (56631kB/42ms)
[2025-07-25T01:45:01.893+0000] {docker.py:429} INFO - 25/07/25 01:45:01 WARN NativeCodeLoader: Unable to load native-hadoop library for your platform... using builtin-java classes where applicable
[2025-07-25T01:45:02.444+0000] {docker.py:429} INFO - 25/07/25 01:45:02 INFO SparkContext: Running Spark version 3.3.4
[2025-07-25T01:45:02.455+0000] {docker.py:429} INFO - 25/07/25 01:45:02 INFO ResourceUtils: ==============================================================
[2025-07-25T01:45:02.456+0000] {docker.py:429} INFO - 25/07/25 01:45:02 INFO ResourceUtils: No custom resources configured for spark.driver.
[2025-07-25T01:45:02.456+0000] {docker.py:429} INFO - 25/07/25 01:45:02 INFO ResourceUtils: ==============================================================
[2025-07-25T01:45:02.456+0000] {docker.py:429} INFO - 25/07/25 01:45:02 INFO SparkContext: Submitted application: IngestBronze
[2025-07-25T01:45:02.469+0000] {docker.py:429} INFO - 25/07/25 01:45:02 INFO ResourceProfile: Default ResourceProfile created, executor resources: Map(cores -> name: cores, amount: 1, script: , vendor: , memory -> name: memory, amount: 1024, script: , vendor: , offHeap -> name: offHeap, amount: 0, script: , vendor: ), task resources: Map(cpus -> name: cpus, amount: 1.0)
[2025-07-25T01:45:02.473+0000] {docker.py:429} INFO - 25/07/25 01:45:02 INFO ResourceProfile: Limiting resource is cpu
[2025-07-25T01:45:02.473+0000] {docker.py:429} INFO - 25/07/25 01:45:02 INFO ResourceProfileManager: Added ResourceProfile id: 0
[2025-07-25T01:45:02.499+0000] {docker.py:429} INFO - 25/07/25 01:45:02 INFO SecurityManager: Changing view acls to: spark
[2025-07-25T01:45:02.499+0000] {docker.py:429} INFO - 25/07/25 01:45:02 INFO SecurityManager: Changing modify acls to: spark
[2025-07-25T01:45:02.500+0000] {docker.py:429} INFO - 25/07/25 01:45:02 INFO SecurityManager: Changing view acls groups to:
[2025-07-25T01:45:02.500+0000] {docker.py:429} INFO - 25/07/25 01:45:02 INFO SecurityManager: Changing modify acls groups to:
[2025-07-25T01:45:02.500+0000] {docker.py:429} INFO - 25/07/25 01:45:02 INFO SecurityManager: SecurityManager: authentication disabled; ui acls disabled; users  with view permissions: Set(spark); groups with view permissions: Set(); users  with modify permissions: Set(spark); groups with modify permissions: Set()
[2025-07-25T01:45:02.614+0000] {docker.py:429} INFO - 25/07/25 01:45:02 INFO Utils: Successfully started service 'sparkDriver' on port 36037.
[2025-07-25T01:45:02.628+0000] {docker.py:429} INFO - 25/07/25 01:45:02 INFO SparkEnv: Registering MapOutputTracker
[2025-07-25T01:45:02.646+0000] {docker.py:429} INFO - 25/07/25 01:45:02 INFO SparkEnv: Registering BlockManagerMaster
[2025-07-25T01:45:02.654+0000] {docker.py:429} INFO - 25/07/25 01:45:02 INFO BlockManagerMasterEndpoint: Using org.apache.spark.storage.DefaultTopologyMapper for getting topology information
[2025-07-25T01:45:02.654+0000] {docker.py:429} INFO - 25/07/25 01:45:02 INFO BlockManagerMasterEndpoint: BlockManagerMasterEndpoint up
[2025-07-25T01:45:02.656+0000] {docker.py:429} INFO - 25/07/25 01:45:02 INFO SparkEnv: Registering BlockManagerMasterHeartbeat
[2025-07-25T01:45:02.666+0000] {docker.py:429} INFO - 25/07/25 01:45:02 INFO DiskBlockManager: Created local directory at /tmp/blockmgr-b9716d36-dba0-49ba-8193-d487fe74d672
[2025-07-25T01:45:02.674+0000] {docker.py:429} INFO - 25/07/25 01:45:02 INFO MemoryStore: MemoryStore started with capacity 434.4 MiB
[2025-07-25T01:45:02.682+0000] {docker.py:429} INFO - 25/07/25 01:45:02 INFO SparkEnv: Registering OutputCommitCoordinator
[2025-07-25T01:45:02.784+0000] {docker.py:429} INFO - 25/07/25 01:45:02 INFO Utils: Successfully started service 'SparkUI' on port 4040.
[2025-07-25T01:45:02.804+0000] {docker.py:429} INFO - 25/07/25 01:45:02 INFO SparkContext: Added JAR file:///opt/bitnami/spark/.ivy2/jars/org.apache.spark_spark-sql-kafka-0-10_2.12-3.3.4.jar at spark://6130249dfefc:36037/jars/org.apache.spark_spark-sql-kafka-0-10_2.12-3.3.4.jar with timestamp 1753407902440
[2025-07-25T01:45:02.804+0000] {docker.py:429} INFO - 25/07/25 01:45:02 INFO SparkContext: Added JAR file:///opt/bitnami/spark/.ivy2/jars/org.apache.spark_spark-token-provider-kafka-0-10_2.12-3.3.4.jar at spark://6130249dfefc:36037/jars/org.apache.spark_spark-token-provider-kafka-0-10_2.12-3.3.4.jar with timestamp 1753407902440
[2025-07-25T01:45:02.804+0000] {docker.py:429} INFO - 25/07/25 01:45:02 INFO SparkContext: Added JAR file:///opt/bitnami/spark/.ivy2/jars/org.apache.kafka_kafka-clients-2.8.1.jar at spark://6130249dfefc:36037/jars/org.apache.kafka_kafka-clients-2.8.1.jar with timestamp 1753407902440
[2025-07-25T01:45:02.804+0000] {docker.py:429} INFO - 25/07/25 01:45:02 INFO SparkContext: Added JAR file:///opt/bitnami/spark/.ivy2/jars/com.google.code.findbugs_jsr305-3.0.0.jar at spark://6130249dfefc:36037/jars/com.google.code.findbugs_jsr305-3.0.0.jar with timestamp 1753407902440
25/07/25 01:45:02 INFO SparkContext: Added JAR file:///opt/bitnami/spark/.ivy2/jars/org.apache.commons_commons-pool2-2.11.1.jar at spark://6130249dfefc:36037/jars/org.apache.commons_commons-pool2-2.11.1.jar with timestamp 1753407902440
25/07/25 01:45:02 INFO SparkContext: Added JAR file:///opt/bitnami/spark/.ivy2/jars/org.spark-project.spark_unused-1.0.0.jar at spark://6130249dfefc:36037/jars/org.spark-project.spark_unused-1.0.0.jar with timestamp 1753407902440
[2025-07-25T01:45:02.805+0000] {docker.py:429} INFO - 25/07/25 01:45:02 INFO SparkContext: Added JAR file:///opt/bitnami/spark/.ivy2/jars/org.apache.hadoop_hadoop-client-runtime-3.3.2.jar at spark://6130249dfefc:36037/jars/org.apache.hadoop_hadoop-client-runtime-3.3.2.jar with timestamp 1753407902440
[2025-07-25T01:45:02.805+0000] {docker.py:429} INFO - 25/07/25 01:45:02 INFO SparkContext: Added JAR file:///opt/bitnami/spark/.ivy2/jars/org.lz4_lz4-java-1.8.0.jar at spark://6130249dfefc:36037/jars/org.lz4_lz4-java-1.8.0.jar with timestamp 1753407902440
25/07/25 01:45:02 INFO SparkContext: Added JAR file:///opt/bitnami/spark/.ivy2/jars/org.xerial.snappy_snappy-java-1.1.8.4.jar at spark://6130249dfefc:36037/jars/org.xerial.snappy_snappy-java-1.1.8.4.jar with timestamp 1753407902440
25/07/25 01:45:02 INFO SparkContext: Added JAR file:///opt/bitnami/spark/.ivy2/jars/org.slf4j_slf4j-api-1.7.32.jar at spark://6130249dfefc:36037/jars/org.slf4j_slf4j-api-1.7.32.jar with timestamp 1753407902440
25/07/25 01:45:02 INFO SparkContext: Added JAR file:///opt/bitnami/spark/.ivy2/jars/org.apache.hadoop_hadoop-client-api-3.3.2.jar at spark://6130249dfefc:36037/jars/org.apache.hadoop_hadoop-client-api-3.3.2.jar with timestamp 1753407902440
[2025-07-25T01:45:02.805+0000] {docker.py:429} INFO - 25/07/25 01:45:02 INFO SparkContext: Added JAR file:///opt/bitnami/spark/.ivy2/jars/commons-logging_commons-logging-1.1.3.jar at spark://6130249dfefc:36037/jars/commons-logging_commons-logging-1.1.3.jar with timestamp 1753407902440
[2025-07-25T01:45:02.806+0000] {docker.py:429} INFO - 25/07/25 01:45:02 INFO SparkContext: Added file file:///opt/bitnami/spark/.ivy2/jars/org.apache.spark_spark-sql-kafka-0-10_2.12-3.3.4.jar at file:///opt/bitnami/spark/.ivy2/jars/org.apache.spark_spark-sql-kafka-0-10_2.12-3.3.4.jar with timestamp 1753407902440
[2025-07-25T01:45:02.807+0000] {docker.py:429} INFO - 25/07/25 01:45:02 INFO Utils: Copying /opt/bitnami/spark/.ivy2/jars/org.apache.spark_spark-sql-kafka-0-10_2.12-3.3.4.jar to /tmp/spark-370f5ca2-9ced-4cdb-a147-d4c76eb1ff51/userFiles-d96b8a48-e3dc-4c25-81bb-53ad3130b8f1/org.apache.spark_spark-sql-kafka-0-10_2.12-3.3.4.jar
[2025-07-25T01:45:02.813+0000] {docker.py:429} INFO - 25/07/25 01:45:02 INFO SparkContext: Added file file:///opt/bitnami/spark/.ivy2/jars/org.apache.spark_spark-token-provider-kafka-0-10_2.12-3.3.4.jar at file:///opt/bitnami/spark/.ivy2/jars/org.apache.spark_spark-token-provider-kafka-0-10_2.12-3.3.4.jar with timestamp 1753407902440
[2025-07-25T01:45:02.813+0000] {docker.py:429} INFO - 25/07/25 01:45:02 INFO Utils: Copying /opt/bitnami/spark/.ivy2/jars/org.apache.spark_spark-token-provider-kafka-0-10_2.12-3.3.4.jar to /tmp/spark-370f5ca2-9ced-4cdb-a147-d4c76eb1ff51/userFiles-d96b8a48-e3dc-4c25-81bb-53ad3130b8f1/org.apache.spark_spark-token-provider-kafka-0-10_2.12-3.3.4.jar
[2025-07-25T01:45:02.815+0000] {docker.py:429} INFO - 25/07/25 01:45:02 INFO SparkContext: Added file file:///opt/bitnami/spark/.ivy2/jars/org.apache.kafka_kafka-clients-2.8.1.jar at file:///opt/bitnami/spark/.ivy2/jars/org.apache.kafka_kafka-clients-2.8.1.jar with timestamp 1753407902440
[2025-07-25T01:45:02.815+0000] {docker.py:429} INFO - 25/07/25 01:45:02 INFO Utils: Copying /opt/bitnami/spark/.ivy2/jars/org.apache.kafka_kafka-clients-2.8.1.jar to /tmp/spark-370f5ca2-9ced-4cdb-a147-d4c76eb1ff51/userFiles-d96b8a48-e3dc-4c25-81bb-53ad3130b8f1/org.apache.kafka_kafka-clients-2.8.1.jar
[2025-07-25T01:45:02.820+0000] {docker.py:429} INFO - 25/07/25 01:45:02 INFO SparkContext: Added file file:///opt/bitnami/spark/.ivy2/jars/com.google.code.findbugs_jsr305-3.0.0.jar at file:///opt/bitnami/spark/.ivy2/jars/com.google.code.findbugs_jsr305-3.0.0.jar with timestamp 1753407902440
[2025-07-25T01:45:02.820+0000] {docker.py:429} INFO - 25/07/25 01:45:02 INFO Utils: Copying /opt/bitnami/spark/.ivy2/jars/com.google.code.findbugs_jsr305-3.0.0.jar to /tmp/spark-370f5ca2-9ced-4cdb-a147-d4c76eb1ff51/userFiles-d96b8a48-e3dc-4c25-81bb-53ad3130b8f1/com.google.code.findbugs_jsr305-3.0.0.jar
[2025-07-25T01:45:02.822+0000] {docker.py:429} INFO - 25/07/25 01:45:02 INFO SparkContext: Added file file:///opt/bitnami/spark/.ivy2/jars/org.apache.commons_commons-pool2-2.11.1.jar at file:///opt/bitnami/spark/.ivy2/jars/org.apache.commons_commons-pool2-2.11.1.jar with timestamp 1753407902440
[2025-07-25T01:45:02.822+0000] {docker.py:429} INFO - 25/07/25 01:45:02 INFO Utils: Copying /opt/bitnami/spark/.ivy2/jars/org.apache.commons_commons-pool2-2.11.1.jar to /tmp/spark-370f5ca2-9ced-4cdb-a147-d4c76eb1ff51/userFiles-d96b8a48-e3dc-4c25-81bb-53ad3130b8f1/org.apache.commons_commons-pool2-2.11.1.jar
[2025-07-25T01:45:02.825+0000] {docker.py:429} INFO - 25/07/25 01:45:02 INFO SparkContext: Added file file:///opt/bitnami/spark/.ivy2/jars/org.spark-project.spark_unused-1.0.0.jar at file:///opt/bitnami/spark/.ivy2/jars/org.spark-project.spark_unused-1.0.0.jar with timestamp 1753407902440
[2025-07-25T01:45:02.825+0000] {docker.py:429} INFO - 25/07/25 01:45:02 INFO Utils: Copying /opt/bitnami/spark/.ivy2/jars/org.spark-project.spark_unused-1.0.0.jar to /tmp/spark-370f5ca2-9ced-4cdb-a147-d4c76eb1ff51/userFiles-d96b8a48-e3dc-4c25-81bb-53ad3130b8f1/org.spark-project.spark_unused-1.0.0.jar
[2025-07-25T01:45:02.827+0000] {docker.py:429} INFO - 25/07/25 01:45:02 INFO SparkContext: Added file file:///opt/bitnami/spark/.ivy2/jars/org.apache.hadoop_hadoop-client-runtime-3.3.2.jar at file:///opt/bitnami/spark/.ivy2/jars/org.apache.hadoop_hadoop-client-runtime-3.3.2.jar with timestamp 1753407902440
[2025-07-25T01:45:02.827+0000] {docker.py:429} INFO - 25/07/25 01:45:02 INFO Utils: Copying /opt/bitnami/spark/.ivy2/jars/org.apache.hadoop_hadoop-client-runtime-3.3.2.jar to /tmp/spark-370f5ca2-9ced-4cdb-a147-d4c76eb1ff51/userFiles-d96b8a48-e3dc-4c25-81bb-53ad3130b8f1/org.apache.hadoop_hadoop-client-runtime-3.3.2.jar
[2025-07-25T01:45:02.845+0000] {docker.py:429} INFO - 25/07/25 01:45:02 INFO SparkContext: Added file file:///opt/bitnami/spark/.ivy2/jars/org.lz4_lz4-java-1.8.0.jar at file:///opt/bitnami/spark/.ivy2/jars/org.lz4_lz4-java-1.8.0.jar with timestamp 1753407902440
[2025-07-25T01:45:02.846+0000] {docker.py:429} INFO - 25/07/25 01:45:02 INFO Utils: Copying /opt/bitnami/spark/.ivy2/jars/org.lz4_lz4-java-1.8.0.jar to /tmp/spark-370f5ca2-9ced-4cdb-a147-d4c76eb1ff51/userFiles-d96b8a48-e3dc-4c25-81bb-53ad3130b8f1/org.lz4_lz4-java-1.8.0.jar
[2025-07-25T01:45:02.848+0000] {docker.py:429} INFO - 25/07/25 01:45:02 INFO SparkContext: Added file file:///opt/bitnami/spark/.ivy2/jars/org.xerial.snappy_snappy-java-1.1.8.4.jar at file:///opt/bitnami/spark/.ivy2/jars/org.xerial.snappy_snappy-java-1.1.8.4.jar with timestamp 1753407902440
[2025-07-25T01:45:02.848+0000] {docker.py:429} INFO - 25/07/25 01:45:02 INFO Utils: Copying /opt/bitnami/spark/.ivy2/jars/org.xerial.snappy_snappy-java-1.1.8.4.jar to /tmp/spark-370f5ca2-9ced-4cdb-a147-d4c76eb1ff51/userFiles-d96b8a48-e3dc-4c25-81bb-53ad3130b8f1/org.xerial.snappy_snappy-java-1.1.8.4.jar
[2025-07-25T01:45:02.851+0000] {docker.py:429} INFO - 25/07/25 01:45:02 INFO SparkContext: Added file file:///opt/bitnami/spark/.ivy2/jars/org.slf4j_slf4j-api-1.7.32.jar at file:///opt/bitnami/spark/.ivy2/jars/org.slf4j_slf4j-api-1.7.32.jar with timestamp 1753407902440
[2025-07-25T01:45:02.851+0000] {docker.py:429} INFO - 25/07/25 01:45:02 INFO Utils: Copying /opt/bitnami/spark/.ivy2/jars/org.slf4j_slf4j-api-1.7.32.jar to /tmp/spark-370f5ca2-9ced-4cdb-a147-d4c76eb1ff51/userFiles-d96b8a48-e3dc-4c25-81bb-53ad3130b8f1/org.slf4j_slf4j-api-1.7.32.jar
[2025-07-25T01:45:02.853+0000] {docker.py:429} INFO - 25/07/25 01:45:02 INFO SparkContext: Added file file:///opt/bitnami/spark/.ivy2/jars/org.apache.hadoop_hadoop-client-api-3.3.2.jar at file:///opt/bitnami/spark/.ivy2/jars/org.apache.hadoop_hadoop-client-api-3.3.2.jar with timestamp 1753407902440
[2025-07-25T01:45:02.854+0000] {docker.py:429} INFO - 25/07/25 01:45:02 INFO Utils: Copying /opt/bitnami/spark/.ivy2/jars/org.apache.hadoop_hadoop-client-api-3.3.2.jar to /tmp/spark-370f5ca2-9ced-4cdb-a147-d4c76eb1ff51/userFiles-d96b8a48-e3dc-4c25-81bb-53ad3130b8f1/org.apache.hadoop_hadoop-client-api-3.3.2.jar
[2025-07-25T01:45:02.866+0000] {docker.py:429} INFO - 25/07/25 01:45:02 INFO SparkContext: Added file file:///opt/bitnami/spark/.ivy2/jars/commons-logging_commons-logging-1.1.3.jar at file:///opt/bitnami/spark/.ivy2/jars/commons-logging_commons-logging-1.1.3.jar with timestamp 1753407902440
[2025-07-25T01:45:02.866+0000] {docker.py:429} INFO - 25/07/25 01:45:02 INFO Utils: Copying /opt/bitnami/spark/.ivy2/jars/commons-logging_commons-logging-1.1.3.jar to /tmp/spark-370f5ca2-9ced-4cdb-a147-d4c76eb1ff51/userFiles-d96b8a48-e3dc-4c25-81bb-53ad3130b8f1/commons-logging_commons-logging-1.1.3.jar
[2025-07-25T01:45:02.905+0000] {docker.py:429} INFO - 25/07/25 01:45:02 INFO Executor: Starting executor ID driver on host 6130249dfefc
[2025-07-25T01:45:02.908+0000] {docker.py:429} INFO - 25/07/25 01:45:02 INFO Executor: Starting executor with user classpath (userClassPathFirst = false): ''
[2025-07-25T01:45:02.913+0000] {docker.py:429} INFO - 25/07/25 01:45:02 INFO Executor: Fetching file:///opt/bitnami/spark/.ivy2/jars/commons-logging_commons-logging-1.1.3.jar with timestamp 1753407902440
[2025-07-25T01:45:02.921+0000] {docker.py:429} INFO - 25/07/25 01:45:02 INFO Utils: /opt/bitnami/spark/.ivy2/jars/commons-logging_commons-logging-1.1.3.jar has been previously copied to /tmp/spark-370f5ca2-9ced-4cdb-a147-d4c76eb1ff51/userFiles-d96b8a48-e3dc-4c25-81bb-53ad3130b8f1/commons-logging_commons-logging-1.1.3.jar
[2025-07-25T01:45:02.924+0000] {docker.py:429} INFO - 25/07/25 01:45:02 INFO Executor: Fetching file:///opt/bitnami/spark/.ivy2/jars/org.apache.hadoop_hadoop-client-runtime-3.3.2.jar with timestamp 1753407902440
[2025-07-25T01:45:02.935+0000] {docker.py:429} INFO - 25/07/25 01:45:02 INFO Utils: /opt/bitnami/spark/.ivy2/jars/org.apache.hadoop_hadoop-client-runtime-3.3.2.jar has been previously copied to /tmp/spark-370f5ca2-9ced-4cdb-a147-d4c76eb1ff51/userFiles-d96b8a48-e3dc-4c25-81bb-53ad3130b8f1/org.apache.hadoop_hadoop-client-runtime-3.3.2.jar
[2025-07-25T01:45:02.937+0000] {docker.py:429} INFO - 25/07/25 01:45:02 INFO Executor: Fetching file:///opt/bitnami/spark/.ivy2/jars/org.apache.commons_commons-pool2-2.11.1.jar with timestamp 1753407902440
[2025-07-25T01:45:02.938+0000] {docker.py:429} INFO - 25/07/25 01:45:02 INFO Utils: /opt/bitnami/spark/.ivy2/jars/org.apache.commons_commons-pool2-2.11.1.jar has been previously copied to /tmp/spark-370f5ca2-9ced-4cdb-a147-d4c76eb1ff51/userFiles-d96b8a48-e3dc-4c25-81bb-53ad3130b8f1/org.apache.commons_commons-pool2-2.11.1.jar
[2025-07-25T01:45:02.940+0000] {docker.py:429} INFO - 25/07/25 01:45:02 INFO Executor: Fetching file:///opt/bitnami/spark/.ivy2/jars/org.slf4j_slf4j-api-1.7.32.jar with timestamp 1753407902440
[2025-07-25T01:45:02.940+0000] {docker.py:429} INFO - 25/07/25 01:45:02 INFO Utils: /opt/bitnami/spark/.ivy2/jars/org.slf4j_slf4j-api-1.7.32.jar has been previously copied to /tmp/spark-370f5ca2-9ced-4cdb-a147-d4c76eb1ff51/userFiles-d96b8a48-e3dc-4c25-81bb-53ad3130b8f1/org.slf4j_slf4j-api-1.7.32.jar
[2025-07-25T01:45:02.942+0000] {docker.py:429} INFO - 25/07/25 01:45:02 INFO Executor: Fetching file:///opt/bitnami/spark/.ivy2/jars/org.lz4_lz4-java-1.8.0.jar with timestamp 1753407902440
[2025-07-25T01:45:02.942+0000] {docker.py:429} INFO - 25/07/25 01:45:02 INFO Utils: /opt/bitnami/spark/.ivy2/jars/org.lz4_lz4-java-1.8.0.jar has been previously copied to /tmp/spark-370f5ca2-9ced-4cdb-a147-d4c76eb1ff51/userFiles-d96b8a48-e3dc-4c25-81bb-53ad3130b8f1/org.lz4_lz4-java-1.8.0.jar
[2025-07-25T01:45:02.944+0000] {docker.py:429} INFO - 25/07/25 01:45:02 INFO Executor: Fetching file:///opt/bitnami/spark/.ivy2/jars/org.apache.kafka_kafka-clients-2.8.1.jar with timestamp 1753407902440
[2025-07-25T01:45:02.946+0000] {docker.py:429} INFO - 25/07/25 01:45:02 INFO Utils: /opt/bitnami/spark/.ivy2/jars/org.apache.kafka_kafka-clients-2.8.1.jar has been previously copied to /tmp/spark-370f5ca2-9ced-4cdb-a147-d4c76eb1ff51/userFiles-d96b8a48-e3dc-4c25-81bb-53ad3130b8f1/org.apache.kafka_kafka-clients-2.8.1.jar
[2025-07-25T01:45:02.947+0000] {docker.py:429} INFO - 25/07/25 01:45:02 INFO Executor: Fetching file:///opt/bitnami/spark/.ivy2/jars/org.apache.spark_spark-token-provider-kafka-0-10_2.12-3.3.4.jar with timestamp 1753407902440
[2025-07-25T01:45:02.948+0000] {docker.py:429} INFO - 25/07/25 01:45:02 INFO Utils: /opt/bitnami/spark/.ivy2/jars/org.apache.spark_spark-token-provider-kafka-0-10_2.12-3.3.4.jar has been previously copied to /tmp/spark-370f5ca2-9ced-4cdb-a147-d4c76eb1ff51/userFiles-d96b8a48-e3dc-4c25-81bb-53ad3130b8f1/org.apache.spark_spark-token-provider-kafka-0-10_2.12-3.3.4.jar
[2025-07-25T01:45:02.950+0000] {docker.py:429} INFO - 25/07/25 01:45:02 INFO Executor: Fetching file:///opt/bitnami/spark/.ivy2/jars/com.google.code.findbugs_jsr305-3.0.0.jar with timestamp 1753407902440
[2025-07-25T01:45:02.950+0000] {docker.py:429} INFO - 25/07/25 01:45:02 INFO Utils: /opt/bitnami/spark/.ivy2/jars/com.google.code.findbugs_jsr305-3.0.0.jar has been previously copied to /tmp/spark-370f5ca2-9ced-4cdb-a147-d4c76eb1ff51/userFiles-d96b8a48-e3dc-4c25-81bb-53ad3130b8f1/com.google.code.findbugs_jsr305-3.0.0.jar
[2025-07-25T01:45:02.952+0000] {docker.py:429} INFO - 25/07/25 01:45:02 INFO Executor: Fetching file:///opt/bitnami/spark/.ivy2/jars/org.xerial.snappy_snappy-java-1.1.8.4.jar with timestamp 1753407902440
[2025-07-25T01:45:02.953+0000] {docker.py:429} INFO - 25/07/25 01:45:02 INFO Utils: /opt/bitnami/spark/.ivy2/jars/org.xerial.snappy_snappy-java-1.1.8.4.jar has been previously copied to /tmp/spark-370f5ca2-9ced-4cdb-a147-d4c76eb1ff51/userFiles-d96b8a48-e3dc-4c25-81bb-53ad3130b8f1/org.xerial.snappy_snappy-java-1.1.8.4.jar
[2025-07-25T01:45:02.955+0000] {docker.py:429} INFO - 25/07/25 01:45:02 INFO Executor: Fetching file:///opt/bitnami/spark/.ivy2/jars/org.apache.hadoop_hadoop-client-api-3.3.2.jar with timestamp 1753407902440
[2025-07-25T01:45:02.962+0000] {docker.py:429} INFO - 25/07/25 01:45:02 INFO Utils: /opt/bitnami/spark/.ivy2/jars/org.apache.hadoop_hadoop-client-api-3.3.2.jar has been previously copied to /tmp/spark-370f5ca2-9ced-4cdb-a147-d4c76eb1ff51/userFiles-d96b8a48-e3dc-4c25-81bb-53ad3130b8f1/org.apache.hadoop_hadoop-client-api-3.3.2.jar
[2025-07-25T01:45:02.964+0000] {docker.py:429} INFO - 25/07/25 01:45:02 INFO Executor: Fetching file:///opt/bitnami/spark/.ivy2/jars/org.spark-project.spark_unused-1.0.0.jar with timestamp 1753407902440
[2025-07-25T01:45:02.964+0000] {docker.py:429} INFO - 25/07/25 01:45:02 INFO Utils: /opt/bitnami/spark/.ivy2/jars/org.spark-project.spark_unused-1.0.0.jar has been previously copied to /tmp/spark-370f5ca2-9ced-4cdb-a147-d4c76eb1ff51/userFiles-d96b8a48-e3dc-4c25-81bb-53ad3130b8f1/org.spark-project.spark_unused-1.0.0.jar
[2025-07-25T01:45:02.966+0000] {docker.py:429} INFO - 25/07/25 01:45:02 INFO Executor: Fetching file:///opt/bitnami/spark/.ivy2/jars/org.apache.spark_spark-sql-kafka-0-10_2.12-3.3.4.jar with timestamp 1753407902440
[2025-07-25T01:45:02.967+0000] {docker.py:429} INFO - 25/07/25 01:45:02 INFO Utils: /opt/bitnami/spark/.ivy2/jars/org.apache.spark_spark-sql-kafka-0-10_2.12-3.3.4.jar has been previously copied to /tmp/spark-370f5ca2-9ced-4cdb-a147-d4c76eb1ff51/userFiles-d96b8a48-e3dc-4c25-81bb-53ad3130b8f1/org.apache.spark_spark-sql-kafka-0-10_2.12-3.3.4.jar
[2025-07-25T01:45:02.970+0000] {docker.py:429} INFO - 25/07/25 01:45:02 INFO Executor: Fetching spark://6130249dfefc:36037/jars/org.apache.commons_commons-pool2-2.11.1.jar with timestamp 1753407902440
[2025-07-25T01:45:02.988+0000] {docker.py:429} INFO - 25/07/25 01:45:02 INFO TransportClientFactory: Successfully created connection to 6130249dfefc/172.23.0.10:36037 after 12 ms (0 ms spent in bootstraps)
[2025-07-25T01:45:02.991+0000] {docker.py:429} INFO - 25/07/25 01:45:02 INFO Utils: Fetching spark://6130249dfefc:36037/jars/org.apache.commons_commons-pool2-2.11.1.jar to /tmp/spark-370f5ca2-9ced-4cdb-a147-d4c76eb1ff51/userFiles-d96b8a48-e3dc-4c25-81bb-53ad3130b8f1/fetchFileTemp10956034117680279758.tmp
[2025-07-25T01:45:03.014+0000] {docker.py:429} INFO - 25/07/25 01:45:03 INFO Utils: /tmp/spark-370f5ca2-9ced-4cdb-a147-d4c76eb1ff51/userFiles-d96b8a48-e3dc-4c25-81bb-53ad3130b8f1/fetchFileTemp10956034117680279758.tmp has been previously copied to /tmp/spark-370f5ca2-9ced-4cdb-a147-d4c76eb1ff51/userFiles-d96b8a48-e3dc-4c25-81bb-53ad3130b8f1/org.apache.commons_commons-pool2-2.11.1.jar
[2025-07-25T01:45:03.017+0000] {docker.py:429} INFO - 25/07/25 01:45:03 INFO Executor: Adding file:/tmp/spark-370f5ca2-9ced-4cdb-a147-d4c76eb1ff51/userFiles-d96b8a48-e3dc-4c25-81bb-53ad3130b8f1/org.apache.commons_commons-pool2-2.11.1.jar to class loader
[2025-07-25T01:45:03.018+0000] {docker.py:429} INFO - 25/07/25 01:45:03 INFO Executor: Fetching spark://6130249dfefc:36037/jars/org.slf4j_slf4j-api-1.7.32.jar with timestamp 1753407902440
[2025-07-25T01:45:03.018+0000] {docker.py:429} INFO - 25/07/25 01:45:03 INFO Utils: Fetching spark://6130249dfefc:36037/jars/org.slf4j_slf4j-api-1.7.32.jar to /tmp/spark-370f5ca2-9ced-4cdb-a147-d4c76eb1ff51/userFiles-d96b8a48-e3dc-4c25-81bb-53ad3130b8f1/fetchFileTemp10612472724666572357.tmp
[2025-07-25T01:45:03.020+0000] {docker.py:429} INFO - 25/07/25 01:45:03 INFO Utils: /tmp/spark-370f5ca2-9ced-4cdb-a147-d4c76eb1ff51/userFiles-d96b8a48-e3dc-4c25-81bb-53ad3130b8f1/fetchFileTemp10612472724666572357.tmp has been previously copied to /tmp/spark-370f5ca2-9ced-4cdb-a147-d4c76eb1ff51/userFiles-d96b8a48-e3dc-4c25-81bb-53ad3130b8f1/org.slf4j_slf4j-api-1.7.32.jar
[2025-07-25T01:45:03.022+0000] {docker.py:429} INFO - 25/07/25 01:45:03 INFO Executor: Adding file:/tmp/spark-370f5ca2-9ced-4cdb-a147-d4c76eb1ff51/userFiles-d96b8a48-e3dc-4c25-81bb-53ad3130b8f1/org.slf4j_slf4j-api-1.7.32.jar to class loader
[2025-07-25T01:45:03.022+0000] {docker.py:429} INFO - 25/07/25 01:45:03 INFO Executor: Fetching spark://6130249dfefc:36037/jars/org.lz4_lz4-java-1.8.0.jar with timestamp 1753407902440
[2025-07-25T01:45:03.022+0000] {docker.py:429} INFO - 25/07/25 01:45:03 INFO Utils: Fetching spark://6130249dfefc:36037/jars/org.lz4_lz4-java-1.8.0.jar to /tmp/spark-370f5ca2-9ced-4cdb-a147-d4c76eb1ff51/userFiles-d96b8a48-e3dc-4c25-81bb-53ad3130b8f1/fetchFileTemp16559408431241632539.tmp
[2025-07-25T01:45:03.026+0000] {docker.py:429} INFO - 25/07/25 01:45:03 INFO Utils: /tmp/spark-370f5ca2-9ced-4cdb-a147-d4c76eb1ff51/userFiles-d96b8a48-e3dc-4c25-81bb-53ad3130b8f1/fetchFileTemp16559408431241632539.tmp has been previously copied to /tmp/spark-370f5ca2-9ced-4cdb-a147-d4c76eb1ff51/userFiles-d96b8a48-e3dc-4c25-81bb-53ad3130b8f1/org.lz4_lz4-java-1.8.0.jar
[2025-07-25T01:45:03.029+0000] {docker.py:429} INFO - 25/07/25 01:45:03 INFO Executor: Adding file:/tmp/spark-370f5ca2-9ced-4cdb-a147-d4c76eb1ff51/userFiles-d96b8a48-e3dc-4c25-81bb-53ad3130b8f1/org.lz4_lz4-java-1.8.0.jar to class loader
[2025-07-25T01:45:03.029+0000] {docker.py:429} INFO - 25/07/25 01:45:03 INFO Executor: Fetching spark://6130249dfefc:36037/jars/org.apache.spark_spark-token-provider-kafka-0-10_2.12-3.3.4.jar with timestamp 1753407902440
[2025-07-25T01:45:03.030+0000] {docker.py:429} INFO - 25/07/25 01:45:03 INFO Utils: Fetching spark://6130249dfefc:36037/jars/org.apache.spark_spark-token-provider-kafka-0-10_2.12-3.3.4.jar to /tmp/spark-370f5ca2-9ced-4cdb-a147-d4c76eb1ff51/userFiles-d96b8a48-e3dc-4c25-81bb-53ad3130b8f1/fetchFileTemp862976089179627787.tmp
[2025-07-25T01:45:03.031+0000] {docker.py:429} INFO - 25/07/25 01:45:03 INFO Utils: /tmp/spark-370f5ca2-9ced-4cdb-a147-d4c76eb1ff51/userFiles-d96b8a48-e3dc-4c25-81bb-53ad3130b8f1/fetchFileTemp862976089179627787.tmp has been previously copied to /tmp/spark-370f5ca2-9ced-4cdb-a147-d4c76eb1ff51/userFiles-d96b8a48-e3dc-4c25-81bb-53ad3130b8f1/org.apache.spark_spark-token-provider-kafka-0-10_2.12-3.3.4.jar
[2025-07-25T01:45:03.033+0000] {docker.py:429} INFO - 25/07/25 01:45:03 INFO Executor: Adding file:/tmp/spark-370f5ca2-9ced-4cdb-a147-d4c76eb1ff51/userFiles-d96b8a48-e3dc-4c25-81bb-53ad3130b8f1/org.apache.spark_spark-token-provider-kafka-0-10_2.12-3.3.4.jar to class loader
25/07/25 01:45:03 INFO Executor: Fetching spark://6130249dfefc:36037/jars/org.apache.kafka_kafka-clients-2.8.1.jar with timestamp 1753407902440
[2025-07-25T01:45:03.033+0000] {docker.py:429} INFO - 25/07/25 01:45:03 INFO Utils: Fetching spark://6130249dfefc:36037/jars/org.apache.kafka_kafka-clients-2.8.1.jar to /tmp/spark-370f5ca2-9ced-4cdb-a147-d4c76eb1ff51/userFiles-d96b8a48-e3dc-4c25-81bb-53ad3130b8f1/fetchFileTemp4838256386350900758.tmp
[2025-07-25T01:45:03.052+0000] {docker.py:429} INFO - 25/07/25 01:45:03 INFO Utils: /tmp/spark-370f5ca2-9ced-4cdb-a147-d4c76eb1ff51/userFiles-d96b8a48-e3dc-4c25-81bb-53ad3130b8f1/fetchFileTemp4838256386350900758.tmp has been previously copied to /tmp/spark-370f5ca2-9ced-4cdb-a147-d4c76eb1ff51/userFiles-d96b8a48-e3dc-4c25-81bb-53ad3130b8f1/org.apache.kafka_kafka-clients-2.8.1.jar
[2025-07-25T01:45:03.064+0000] {docker.py:429} INFO - 25/07/25 01:45:03 INFO Executor: Adding file:/tmp/spark-370f5ca2-9ced-4cdb-a147-d4c76eb1ff51/userFiles-d96b8a48-e3dc-4c25-81bb-53ad3130b8f1/org.apache.kafka_kafka-clients-2.8.1.jar to class loader
[2025-07-25T01:45:03.065+0000] {docker.py:429} INFO - 25/07/25 01:45:03 INFO Executor: Fetching spark://6130249dfefc:36037/jars/org.apache.hadoop_hadoop-client-runtime-3.3.2.jar with timestamp 1753407902440
[2025-07-25T01:45:03.065+0000] {docker.py:429} INFO - 25/07/25 01:45:03 INFO Utils: Fetching spark://6130249dfefc:36037/jars/org.apache.hadoop_hadoop-client-runtime-3.3.2.jar to /tmp/spark-370f5ca2-9ced-4cdb-a147-d4c76eb1ff51/userFiles-d96b8a48-e3dc-4c25-81bb-53ad3130b8f1/fetchFileTemp12975085196416397513.tmp
[2025-07-25T01:45:03.128+0000] {docker.py:429} INFO - 25/07/25 01:45:03 INFO Utils: /tmp/spark-370f5ca2-9ced-4cdb-a147-d4c76eb1ff51/userFiles-d96b8a48-e3dc-4c25-81bb-53ad3130b8f1/fetchFileTemp12975085196416397513.tmp has been previously copied to /tmp/spark-370f5ca2-9ced-4cdb-a147-d4c76eb1ff51/userFiles-d96b8a48-e3dc-4c25-81bb-53ad3130b8f1/org.apache.hadoop_hadoop-client-runtime-3.3.2.jar
[2025-07-25T01:45:03.280+0000] {docker.py:429} INFO - 25/07/25 01:45:03 INFO Executor: Adding file:/tmp/spark-370f5ca2-9ced-4cdb-a147-d4c76eb1ff51/userFiles-d96b8a48-e3dc-4c25-81bb-53ad3130b8f1/org.apache.hadoop_hadoop-client-runtime-3.3.2.jar to class loader
[2025-07-25T01:45:03.280+0000] {docker.py:429} INFO - 25/07/25 01:45:03 INFO Executor: Fetching spark://6130249dfefc:36037/jars/org.apache.hadoop_hadoop-client-api-3.3.2.jar with timestamp 1753407902440
[2025-07-25T01:45:03.280+0000] {docker.py:429} INFO - 25/07/25 01:45:03 INFO Utils: Fetching spark://6130249dfefc:36037/jars/org.apache.hadoop_hadoop-client-api-3.3.2.jar to /tmp/spark-370f5ca2-9ced-4cdb-a147-d4c76eb1ff51/userFiles-d96b8a48-e3dc-4c25-81bb-53ad3130b8f1/fetchFileTemp5167820655010537104.tmp
[2025-07-25T01:45:03.322+0000] {docker.py:429} INFO - 25/07/25 01:45:03 INFO Utils: /tmp/spark-370f5ca2-9ced-4cdb-a147-d4c76eb1ff51/userFiles-d96b8a48-e3dc-4c25-81bb-53ad3130b8f1/fetchFileTemp5167820655010537104.tmp has been previously copied to /tmp/spark-370f5ca2-9ced-4cdb-a147-d4c76eb1ff51/userFiles-d96b8a48-e3dc-4c25-81bb-53ad3130b8f1/org.apache.hadoop_hadoop-client-api-3.3.2.jar
[2025-07-25T01:45:03.529+0000] {docker.py:429} INFO - 25/07/25 01:45:03 INFO Executor: Adding file:/tmp/spark-370f5ca2-9ced-4cdb-a147-d4c76eb1ff51/userFiles-d96b8a48-e3dc-4c25-81bb-53ad3130b8f1/org.apache.hadoop_hadoop-client-api-3.3.2.jar to class loader
[2025-07-25T01:45:03.530+0000] {docker.py:429} INFO - 25/07/25 01:45:03 INFO Executor: Fetching spark://6130249dfefc:36037/jars/com.google.code.findbugs_jsr305-3.0.0.jar with timestamp 1753407902440
[2025-07-25T01:45:03.530+0000] {docker.py:429} INFO - 25/07/25 01:45:03 INFO Utils: Fetching spark://6130249dfefc:36037/jars/com.google.code.findbugs_jsr305-3.0.0.jar to /tmp/spark-370f5ca2-9ced-4cdb-a147-d4c76eb1ff51/userFiles-d96b8a48-e3dc-4c25-81bb-53ad3130b8f1/fetchFileTemp14982976785098688775.tmp
[2025-07-25T01:45:03.530+0000] {docker.py:429} INFO - 25/07/25 01:45:03 INFO Utils: /tmp/spark-370f5ca2-9ced-4cdb-a147-d4c76eb1ff51/userFiles-d96b8a48-e3dc-4c25-81bb-53ad3130b8f1/fetchFileTemp14982976785098688775.tmp has been previously copied to /tmp/spark-370f5ca2-9ced-4cdb-a147-d4c76eb1ff51/userFiles-d96b8a48-e3dc-4c25-81bb-53ad3130b8f1/com.google.code.findbugs_jsr305-3.0.0.jar
[2025-07-25T01:45:03.675+0000] {docker.py:429} INFO - 25/07/25 01:45:03 INFO Executor: Adding file:/tmp/spark-370f5ca2-9ced-4cdb-a147-d4c76eb1ff51/userFiles-d96b8a48-e3dc-4c25-81bb-53ad3130b8f1/com.google.code.findbugs_jsr305-3.0.0.jar to class loader
[2025-07-25T01:45:03.676+0000] {docker.py:429} INFO - 25/07/25 01:45:03 INFO Executor: Fetching spark://6130249dfefc:36037/jars/org.apache.spark_spark-sql-kafka-0-10_2.12-3.3.4.jar with timestamp 1753407902440
[2025-07-25T01:45:03.676+0000] {docker.py:429} INFO - 25/07/25 01:45:03 INFO Utils: Fetching spark://6130249dfefc:36037/jars/org.apache.spark_spark-sql-kafka-0-10_2.12-3.3.4.jar to /tmp/spark-370f5ca2-9ced-4cdb-a147-d4c76eb1ff51/userFiles-d96b8a48-e3dc-4c25-81bb-53ad3130b8f1/fetchFileTemp2875181004974892020.tmp
[2025-07-25T01:45:03.678+0000] {docker.py:429} INFO - 25/07/25 01:45:03 INFO Utils: /tmp/spark-370f5ca2-9ced-4cdb-a147-d4c76eb1ff51/userFiles-d96b8a48-e3dc-4c25-81bb-53ad3130b8f1/fetchFileTemp2875181004974892020.tmp has been previously copied to /tmp/spark-370f5ca2-9ced-4cdb-a147-d4c76eb1ff51/userFiles-d96b8a48-e3dc-4c25-81bb-53ad3130b8f1/org.apache.spark_spark-sql-kafka-0-10_2.12-3.3.4.jar
[2025-07-25T01:45:03.705+0000] {docker.py:429} INFO - 25/07/25 01:45:03 INFO Executor: Adding file:/tmp/spark-370f5ca2-9ced-4cdb-a147-d4c76eb1ff51/userFiles-d96b8a48-e3dc-4c25-81bb-53ad3130b8f1/org.apache.spark_spark-sql-kafka-0-10_2.12-3.3.4.jar to class loader
[2025-07-25T01:45:03.706+0000] {docker.py:429} INFO - 25/07/25 01:45:03 INFO Executor: Fetching spark://6130249dfefc:36037/jars/org.spark-project.spark_unused-1.0.0.jar with timestamp 1753407902440
[2025-07-25T01:45:03.706+0000] {docker.py:429} INFO - 25/07/25 01:45:03 INFO Utils: Fetching spark://6130249dfefc:36037/jars/org.spark-project.spark_unused-1.0.0.jar to /tmp/spark-370f5ca2-9ced-4cdb-a147-d4c76eb1ff51/userFiles-d96b8a48-e3dc-4c25-81bb-53ad3130b8f1/fetchFileTemp7306417518669707775.tmp
[2025-07-25T01:45:03.707+0000] {docker.py:429} INFO - 25/07/25 01:45:03 INFO Utils: /tmp/spark-370f5ca2-9ced-4cdb-a147-d4c76eb1ff51/userFiles-d96b8a48-e3dc-4c25-81bb-53ad3130b8f1/fetchFileTemp7306417518669707775.tmp has been previously copied to /tmp/spark-370f5ca2-9ced-4cdb-a147-d4c76eb1ff51/userFiles-d96b8a48-e3dc-4c25-81bb-53ad3130b8f1/org.spark-project.spark_unused-1.0.0.jar
[2025-07-25T01:45:03.709+0000] {docker.py:429} INFO - 25/07/25 01:45:03 INFO Executor: Adding file:/tmp/spark-370f5ca2-9ced-4cdb-a147-d4c76eb1ff51/userFiles-d96b8a48-e3dc-4c25-81bb-53ad3130b8f1/org.spark-project.spark_unused-1.0.0.jar to class loader
[2025-07-25T01:45:03.709+0000] {docker.py:429} INFO - 25/07/25 01:45:03 INFO Executor: Fetching spark://6130249dfefc:36037/jars/org.xerial.snappy_snappy-java-1.1.8.4.jar with timestamp 1753407902440
[2025-07-25T01:45:03.710+0000] {docker.py:429} INFO - 25/07/25 01:45:03 INFO Utils: Fetching spark://6130249dfefc:36037/jars/org.xerial.snappy_snappy-java-1.1.8.4.jar to /tmp/spark-370f5ca2-9ced-4cdb-a147-d4c76eb1ff51/userFiles-d96b8a48-e3dc-4c25-81bb-53ad3130b8f1/fetchFileTemp6412119153173275057.tmp
[2025-07-25T01:45:03.714+0000] {docker.py:429} INFO - 25/07/25 01:45:03 INFO Utils: /tmp/spark-370f5ca2-9ced-4cdb-a147-d4c76eb1ff51/userFiles-d96b8a48-e3dc-4c25-81bb-53ad3130b8f1/fetchFileTemp6412119153173275057.tmp has been previously copied to /tmp/spark-370f5ca2-9ced-4cdb-a147-d4c76eb1ff51/userFiles-d96b8a48-e3dc-4c25-81bb-53ad3130b8f1/org.xerial.snappy_snappy-java-1.1.8.4.jar
[2025-07-25T01:45:03.721+0000] {docker.py:429} INFO - 25/07/25 01:45:03 INFO Executor: Adding file:/tmp/spark-370f5ca2-9ced-4cdb-a147-d4c76eb1ff51/userFiles-d96b8a48-e3dc-4c25-81bb-53ad3130b8f1/org.xerial.snappy_snappy-java-1.1.8.4.jar to class loader
[2025-07-25T01:45:03.722+0000] {docker.py:429} INFO - 25/07/25 01:45:03 INFO Executor: Fetching spark://6130249dfefc:36037/jars/commons-logging_commons-logging-1.1.3.jar with timestamp 1753407902440
25/07/25 01:45:03 INFO Utils: Fetching spark://6130249dfefc:36037/jars/commons-logging_commons-logging-1.1.3.jar to /tmp/spark-370f5ca2-9ced-4cdb-a147-d4c76eb1ff51/userFiles-d96b8a48-e3dc-4c25-81bb-53ad3130b8f1/fetchFileTemp5819653535608147114.tmp
[2025-07-25T01:45:03.722+0000] {docker.py:429} INFO - 25/07/25 01:45:03 INFO Utils: /tmp/spark-370f5ca2-9ced-4cdb-a147-d4c76eb1ff51/userFiles-d96b8a48-e3dc-4c25-81bb-53ad3130b8f1/fetchFileTemp5819653535608147114.tmp has been previously copied to /tmp/spark-370f5ca2-9ced-4cdb-a147-d4c76eb1ff51/userFiles-d96b8a48-e3dc-4c25-81bb-53ad3130b8f1/commons-logging_commons-logging-1.1.3.jar
[2025-07-25T01:45:03.725+0000] {docker.py:429} INFO - 25/07/25 01:45:03 INFO Executor: Adding file:/tmp/spark-370f5ca2-9ced-4cdb-a147-d4c76eb1ff51/userFiles-d96b8a48-e3dc-4c25-81bb-53ad3130b8f1/commons-logging_commons-logging-1.1.3.jar to class loader
[2025-07-25T01:45:03.730+0000] {docker.py:429} INFO - 25/07/25 01:45:03 INFO Utils: Successfully started service 'org.apache.spark.network.netty.NettyBlockTransferService' on port 40889.
25/07/25 01:45:03 INFO NettyBlockTransferService: Server created on 6130249dfefc:40889
[2025-07-25T01:45:03.731+0000] {docker.py:429} INFO - 25/07/25 01:45:03 INFO BlockManager: Using org.apache.spark.storage.RandomBlockReplicationPolicy for block replication policy
[2025-07-25T01:45:03.734+0000] {docker.py:429} INFO - 25/07/25 01:45:03 INFO BlockManagerMaster: Registering BlockManager BlockManagerId(driver, 6130249dfefc, 40889, None)
[2025-07-25T01:45:03.737+0000] {docker.py:429} INFO - 25/07/25 01:45:03 INFO BlockManagerMasterEndpoint: Registering block manager 6130249dfefc:40889 with 434.4 MiB RAM, BlockManagerId(driver, 6130249dfefc, 40889, None)
[2025-07-25T01:45:03.738+0000] {docker.py:429} INFO - 25/07/25 01:45:03 INFO BlockManagerMaster: Registered BlockManager BlockManagerId(driver, 6130249dfefc, 40889, None)
[2025-07-25T01:45:03.739+0000] {docker.py:429} INFO - 25/07/25 01:45:03 INFO BlockManager: Initialized BlockManager: BlockManagerId(driver, 6130249dfefc, 40889, None)
[2025-07-25T01:45:05.398+0000] {docker.py:429} INFO - 25/07/25 01:45:05 WARN ResolveWriteToStream: Temporary checkpoint location created which is deleted normally when the query didn't fail: /tmp/temporary-e4fc1c04-f74a-4936-8483-6042b5f7d0b8. If it's required to delete it under any circumstances, please set spark.sql.streaming.forceDeleteTempCheckpointLocation to true. Important to know deleting temp checkpoint folder is best effort.
[2025-07-25T01:45:05.408+0000] {docker.py:429} INFO - 25/07/25 01:45:05 WARN ResolveWriteToStream: spark.sql.adaptive.enabled is not supported in streaming DataFrames/Datasets and will be disabled.
[2025-07-25T01:45:06.450+0000] {docker.py:429} INFO - +---------+----+-----------+-----------+-------+------+------+------+-------------+-------+
|VEHICLENO|RNUM|PREVSTOPCNT|ARRIVALTIME|ROUTEID|REMARK|STOPID|STOPNM|PRESENTSTOPNM|ROUTENM|
+---------+----+-----------+-----------+-------+------+------+------+-------------+-------+
+---------+----+-----------+-----------+-------+------+------+------+-------------+-------+
[2025-07-25T01:45:06.517+0000] {docker.py:429} INFO - 25/07/25 01:45:06 WARN MetricsConfig: Cannot locate configuration: tried hadoop-metrics2-s3a-file-system.properties,hadoop-metrics2.properties
[2025-07-25T01:45:37.031+0000] {taskinstance.py:1138} INFO - Marking task as SUCCESS. dag_id=bis_pipeline_dag, task_id=kafka_to_bronze, execution_date=20250725T014400, start_date=20250725T014404, end_date=20250725T014537
[2025-07-25T01:45:37.118+0000] {local_task_job_runner.py:234} INFO - Task exited with return code 0
[2025-07-25T01:45:37.134+0000] {taskinstance.py:3280} INFO - 1 downstream tasks scheduled from follow-on schedule check
