[2025-07-25T01:45:38.408+0000] {taskinstance.py:1956} INFO - Dependencies all met for dep_context=non-requeueable deps ti=<TaskInstance: bis_pipeline_dag.bronze_to_silver manual__2025-07-25T01:44:00.713564+00:00 [queued]>
[2025-07-25T01:45:38.412+0000] {taskinstance.py:1956} INFO - Dependencies all met for dep_context=requeueable deps ti=<TaskInstance: bis_pipeline_dag.bronze_to_silver manual__2025-07-25T01:44:00.713564+00:00 [queued]>
[2025-07-25T01:45:38.413+0000] {taskinstance.py:2170} INFO - Starting attempt 1 of 1
[2025-07-25T01:45:38.443+0000] {taskinstance.py:2191} INFO - Executing <Task(DockerOperator): bronze_to_silver> on 2025-07-25 01:44:00.713564+00:00
[2025-07-25T01:45:38.447+0000] {standard_task_runner.py:60} INFO - Started process 275 to run task
[2025-07-25T01:45:38.449+0000] {standard_task_runner.py:87} INFO - Running: ['airflow', 'tasks', 'run', 'bis_pipeline_dag', 'bronze_to_silver', 'manual__2025-07-25T01:44:00.713564+00:00', '--job-id', '31', '--raw', '--subdir', 'DAGS_FOLDER/bis_pipeline_dag.py', '--cfg-path', '/tmp/tmp81c8voh1']
[2025-07-25T01:45:38.450+0000] {standard_task_runner.py:88} INFO - Job 31: Subtask bronze_to_silver
[2025-07-25T01:45:38.521+0000] {task_command.py:423} INFO - Running <TaskInstance: bis_pipeline_dag.bronze_to_silver manual__2025-07-25T01:44:00.713564+00:00 [running]> on host fe0f9957e684
[2025-07-25T01:45:38.632+0000] {taskinstance.py:2480} INFO - Exporting env vars: AIRFLOW_CTX_DAG_OWNER='airflow' AIRFLOW_CTX_DAG_ID='bis_pipeline_dag' AIRFLOW_CTX_TASK_ID='bronze_to_silver' AIRFLOW_CTX_EXECUTION_DATE='2025-07-25T01:44:00.713564+00:00' AIRFLOW_CTX_TRY_NUMBER='1' AIRFLOW_CTX_DAG_RUN_ID='manual__2025-07-25T01:44:00.713564+00:00'
[2025-07-25T01:45:38.665+0000] {docker.py:359} INFO - Starting docker container from image bitnami/spark:3.3
[2025-07-25T01:45:41.451+0000] {docker.py:429} INFO - [38;5;6mspark [38;5;5m01:45:41.23 [0m[38;5;2mINFO [0m ==>
[2025-07-25T01:45:41.452+0000] {docker.py:429} INFO - [38;5;6mspark [38;5;5m01:45:41.23 [0m[38;5;2mINFO [0m ==> [1mWelcome to the Bitnami spark container[0m
[2025-07-25T01:45:41.452+0000] {docker.py:429} INFO - [38;5;6mspark [38;5;5m01:45:41.23 [0m[38;5;2mINFO [0m ==> Subscribe to project updates by watching [1mhttps://github.com/bitnami/containers[0m
[2025-07-25T01:45:41.452+0000] {docker.py:429} INFO - [38;5;6mspark [38;5;5m01:45:41.24 [0m[38;5;2mINFO [0m ==> Submit issues and feature requests at [1mhttps://github.com/bitnami/containers/issues[0m
[2025-07-25T01:45:41.452+0000] {docker.py:429} INFO - [38;5;6mspark [38;5;5m01:45:41.24 [0m[38;5;2mINFO [0m ==>
[2025-07-25T01:45:41.452+0000] {docker.py:429} INFO - 
[2025-07-25T01:45:42.128+0000] {docker.py:429} INFO - :: loading settings :: url = jar:file:/opt/bitnami/spark/jars/ivy-2.5.1.jar!/org/apache/ivy/core/settings/ivysettings.xml
[2025-07-25T01:45:42.162+0000] {docker.py:429} INFO - Ivy Default Cache set to: /opt/bitnami/spark/.ivy2/cache
The jars for the packages stored in: /opt/bitnami/spark/.ivy2/jars
[2025-07-25T01:45:42.165+0000] {docker.py:429} INFO - org.apache.spark#spark-sql-kafka-0-10_2.12 added as a dependency
[2025-07-25T01:45:42.165+0000] {docker.py:429} INFO - :: resolving dependencies :: org.apache.spark#spark-submit-parent-3dd1836b-7610-4698-8fbc-bbc672f7e390;1.0
	confs: [default]
[2025-07-25T01:45:44.240+0000] {docker.py:429} INFO - found org.apache.spark#spark-sql-kafka-0-10_2.12;3.3.4 in central
[2025-07-25T01:45:44.663+0000] {docker.py:429} INFO - found org.apache.spark#spark-token-provider-kafka-0-10_2.12;3.3.4 in central
[2025-07-25T01:45:44.972+0000] {docker.py:429} INFO - found org.apache.kafka#kafka-clients;2.8.1 in central
[2025-07-25T01:45:45.279+0000] {docker.py:429} INFO - found org.lz4#lz4-java;1.8.0 in central
[2025-07-25T01:45:45.582+0000] {docker.py:429} INFO - found org.xerial.snappy#snappy-java;1.1.8.4 in central
[2025-07-25T01:45:46.789+0000] {docker.py:429} INFO - found org.slf4j#slf4j-api;1.7.32 in central
[2025-07-25T01:45:48.925+0000] {docker.py:429} INFO - found org.apache.hadoop#hadoop-client-runtime;3.3.2 in central
[2025-07-25T01:45:50.109+0000] {docker.py:429} INFO - found org.spark-project.spark#unused;1.0.0 in central
[2025-07-25T01:45:50.430+0000] {docker.py:429} INFO - found org.apache.hadoop#hadoop-client-api;3.3.2 in central
[2025-07-25T01:45:52.430+0000] {docker.py:429} INFO - found commons-logging#commons-logging;1.1.3 in central
[2025-07-25T01:45:52.811+0000] {docker.py:429} INFO - found com.google.code.findbugs#jsr305;3.0.0 in central
[2025-07-25T01:45:55.930+0000] {docker.py:429} INFO - found org.apache.commons#commons-pool2;2.11.1 in central
[2025-07-25T01:45:56.084+0000] {docker.py:429} INFO - downloading https://repo1.maven.org/maven2/org/apache/spark/spark-sql-kafka-0-10_2.12/3.3.4/spark-sql-kafka-0-10_2.12-3.3.4.jar ...
[2025-07-25T01:45:56.590+0000] {docker.py:429} INFO - [SUCCESSFUL ] org.apache.spark#spark-sql-kafka-0-10_2.12;3.3.4!spark-sql-kafka-0-10_2.12.jar (655ms)
[2025-07-25T01:45:56.737+0000] {docker.py:429} INFO - downloading https://repo1.maven.org/maven2/org/apache/spark/spark-token-provider-kafka-0-10_2.12/3.3.4/spark-token-provider-kafka-0-10_2.12-3.3.4.jar ...
[2025-07-25T01:45:56.929+0000] {docker.py:429} INFO - [SUCCESSFUL ] org.apache.spark#spark-token-provider-kafka-0-10_2.12;3.3.4!spark-token-provider-kafka-0-10_2.12.jar (338ms)
[2025-07-25T01:45:57.101+0000] {docker.py:429} INFO - downloading https://repo1.maven.org/maven2/org/apache/kafka/kafka-clients/2.8.1/kafka-clients-2.8.1.jar ...
[2025-07-25T01:45:59.715+0000] {docker.py:429} INFO - [SUCCESSFUL ] org.apache.kafka#kafka-clients;2.8.1!kafka-clients.jar (2785ms)
[2025-07-25T01:45:59.867+0000] {docker.py:429} INFO - downloading https://repo1.maven.org/maven2/com/google/code/findbugs/jsr305/3.0.0/jsr305-3.0.0.jar ...
[2025-07-25T01:46:00.021+0000] {docker.py:429} INFO - [SUCCESSFUL ] com.google.code.findbugs#jsr305;3.0.0!jsr305.jar (305ms)
[2025-07-25T01:46:00.167+0000] {docker.py:429} INFO - downloading https://repo1.maven.org/maven2/org/apache/commons/commons-pool2/2.11.1/commons-pool2-2.11.1.jar ...
[2025-07-25T01:46:00.359+0000] {docker.py:429} INFO - [SUCCESSFUL ] org.apache.commons#commons-pool2;2.11.1!commons-pool2.jar (337ms)
[2025-07-25T01:46:00.517+0000] {docker.py:429} INFO - downloading https://repo1.maven.org/maven2/org/spark-project/spark/unused/1.0.0/unused-1.0.0.jar ...
[2025-07-25T01:46:00.663+0000] {docker.py:429} INFO - [SUCCESSFUL ] org.spark-project.spark#unused;1.0.0!unused.jar (303ms)
[2025-07-25T01:46:00.808+0000] {docker.py:429} INFO - downloading https://repo1.maven.org/maven2/org/apache/hadoop/hadoop-client-runtime/3.3.2/hadoop-client-runtime-3.3.2.jar ...
[2025-07-25T01:46:05.676+0000] {docker.py:429} INFO - [SUCCESSFUL ] org.apache.hadoop#hadoop-client-runtime;3.3.2!hadoop-client-runtime.jar (5013ms)
[2025-07-25T01:46:05.821+0000] {docker.py:429} INFO - downloading https://repo1.maven.org/maven2/org/lz4/lz4-java/1.8.0/lz4-java-1.8.0.jar ...
[2025-07-25T01:46:06.006+0000] {docker.py:429} INFO - [SUCCESSFUL ] org.lz4#lz4-java;1.8.0!lz4-java.jar (329ms)
[2025-07-25T01:46:06.152+0000] {docker.py:429} INFO - downloading https://repo1.maven.org/maven2/org/xerial/snappy/snappy-java/1.1.8.4/snappy-java-1.1.8.4.jar ...
[2025-07-25T01:46:06.442+0000] {docker.py:429} INFO - [SUCCESSFUL ] org.xerial.snappy#snappy-java;1.1.8.4!snappy-java.jar(bundle) (436ms)
[2025-07-25T01:46:06.587+0000] {docker.py:429} INFO - downloading https://repo1.maven.org/maven2/org/slf4j/slf4j-api/1.7.32/slf4j-api-1.7.32.jar ...
[2025-07-25T01:46:06.737+0000] {docker.py:429} INFO - [SUCCESSFUL ] org.slf4j#slf4j-api;1.7.32!slf4j-api.jar (294ms)
[2025-07-25T01:46:06.907+0000] {docker.py:429} INFO - downloading https://repo1.maven.org/maven2/org/apache/hadoop/hadoop-client-api/3.3.2/hadoop-client-api-3.3.2.jar ...
[2025-07-25T01:46:08.237+0000] {docker.py:429} INFO - [SUCCESSFUL ] org.apache.hadoop#hadoop-client-api;3.3.2!hadoop-client-api.jar (1499ms)
[2025-07-25T01:46:08.386+0000] {docker.py:429} INFO - downloading https://repo1.maven.org/maven2/commons-logging/commons-logging/1.1.3/commons-logging-1.1.3.jar ...
[2025-07-25T01:46:08.536+0000] {docker.py:429} INFO - [SUCCESSFUL ] commons-logging#commons-logging;1.1.3!commons-logging.jar (299ms)
[2025-07-25T01:46:08.536+0000] {docker.py:429} INFO - :: resolution report :: resolve 13769ms :: artifacts dl 12602ms
	:: modules in use:
[2025-07-25T01:46:08.537+0000] {docker.py:429} INFO - com.google.code.findbugs#jsr305;3.0.0 from central in [default]
	commons-logging#commons-logging;1.1.3 from central in [default]
	org.apache.commons#commons-pool2;2.11.1 from central in [default]
	org.apache.hadoop#hadoop-client-api;3.3.2 from central in [default]
	org.apache.hadoop#hadoop-client-runtime;3.3.2 from central in [default]
	org.apache.kafka#kafka-clients;2.8.1 from central in [default]
[2025-07-25T01:46:08.537+0000] {docker.py:429} INFO - org.apache.spark#spark-sql-kafka-0-10_2.12;3.3.4 from central in [default]
[2025-07-25T01:46:08.537+0000] {docker.py:429} INFO - org.apache.spark#spark-token-provider-kafka-0-10_2.12;3.3.4 from central in [default]
	org.lz4#lz4-java;1.8.0 from central in [default]
	org.slf4j#slf4j-api;1.7.32 from central in [default]
[2025-07-25T01:46:08.537+0000] {docker.py:429} INFO - org.spark-project.spark#unused;1.0.0 from central in [default]
	org.xerial.snappy#snappy-java;1.1.8.4 from central in [default]
	---------------------------------------------------------------------
[2025-07-25T01:46:08.537+0000] {docker.py:429} INFO - |                  |            modules            ||   artifacts   |
	|       conf       | number| search|dwnlded|evicted|| number|dwnlded|
	---------------------------------------------------------------------
[2025-07-25T01:46:08.538+0000] {docker.py:429} INFO - |      default     |   12  |   12  |   12  |   0   ||   12  |   12  |
	---------------------------------------------------------------------
[2025-07-25T01:46:08.540+0000] {docker.py:429} INFO - :: retrieving :: org.apache.spark#spark-submit-parent-3dd1836b-7610-4698-8fbc-bbc672f7e390
[2025-07-25T01:46:08.540+0000] {docker.py:429} INFO - confs: [default]
[2025-07-25T01:46:08.580+0000] {docker.py:429} INFO - 12 artifacts copied, 0 already retrieved (56631kB/39ms)
[2025-07-25T01:46:08.690+0000] {docker.py:429} INFO - 25/07/25 01:46:08 WARN NativeCodeLoader: Unable to load native-hadoop library for your platform... using builtin-java classes where applicable
[2025-07-25T01:46:09.249+0000] {docker.py:429} INFO - 25/07/25 01:46:09 INFO SparkContext: Running Spark version 3.3.4
[2025-07-25T01:46:09.262+0000] {docker.py:429} INFO - 25/07/25 01:46:09 INFO ResourceUtils: ==============================================================
[2025-07-25T01:46:09.262+0000] {docker.py:429} INFO - 25/07/25 01:46:09 INFO ResourceUtils: No custom resources configured for spark.driver.
[2025-07-25T01:46:09.262+0000] {docker.py:429} INFO - 25/07/25 01:46:09 INFO ResourceUtils: ==============================================================
[2025-07-25T01:46:09.263+0000] {docker.py:429} INFO - 25/07/25 01:46:09 INFO SparkContext: Submitted application: TransformSilver
[2025-07-25T01:46:09.276+0000] {docker.py:429} INFO - 25/07/25 01:46:09 INFO ResourceProfile: Default ResourceProfile created, executor resources: Map(cores -> name: cores, amount: 1, script: , vendor: , memory -> name: memory, amount: 1024, script: , vendor: , offHeap -> name: offHeap, amount: 0, script: , vendor: ), task resources: Map(cpus -> name: cpus, amount: 1.0)
[2025-07-25T01:46:09.281+0000] {docker.py:429} INFO - 25/07/25 01:46:09 INFO ResourceProfile: Limiting resource is cpu
[2025-07-25T01:46:09.281+0000] {docker.py:429} INFO - 25/07/25 01:46:09 INFO ResourceProfileManager: Added ResourceProfile id: 0
[2025-07-25T01:46:09.308+0000] {docker.py:429} INFO - 25/07/25 01:46:09 INFO SecurityManager: Changing view acls to: spark
[2025-07-25T01:46:09.308+0000] {docker.py:429} INFO - 25/07/25 01:46:09 INFO SecurityManager: Changing modify acls to: spark
[2025-07-25T01:46:09.308+0000] {docker.py:429} INFO - 25/07/25 01:46:09 INFO SecurityManager: Changing view acls groups to: 
25/07/25 01:46:09 INFO SecurityManager: Changing modify acls groups to:
[2025-07-25T01:46:09.308+0000] {docker.py:429} INFO - 25/07/25 01:46:09 INFO SecurityManager: SecurityManager: authentication disabled; ui acls disabled; users  with view permissions: Set(spark); groups with view permissions: Set(); users  with modify permissions: Set(spark); groups with modify permissions: Set()
[2025-07-25T01:46:09.429+0000] {docker.py:429} INFO - 25/07/25 01:46:09 INFO Utils: Successfully started service 'sparkDriver' on port 44155.
[2025-07-25T01:46:09.445+0000] {docker.py:429} INFO - 25/07/25 01:46:09 INFO SparkEnv: Registering MapOutputTracker
[2025-07-25T01:46:09.463+0000] {docker.py:429} INFO - 25/07/25 01:46:09 INFO SparkEnv: Registering BlockManagerMaster
[2025-07-25T01:46:09.472+0000] {docker.py:429} INFO - 25/07/25 01:46:09 INFO BlockManagerMasterEndpoint: Using org.apache.spark.storage.DefaultTopologyMapper for getting topology information
[2025-07-25T01:46:09.472+0000] {docker.py:429} INFO - 25/07/25 01:46:09 INFO BlockManagerMasterEndpoint: BlockManagerMasterEndpoint up
[2025-07-25T01:46:09.474+0000] {docker.py:429} INFO - 25/07/25 01:46:09 INFO SparkEnv: Registering BlockManagerMasterHeartbeat
[2025-07-25T01:46:09.485+0000] {docker.py:429} INFO - 25/07/25 01:46:09 INFO DiskBlockManager: Created local directory at /tmp/blockmgr-76f32822-2499-40f4-a9b3-457651ddc3ee
[2025-07-25T01:46:09.496+0000] {docker.py:429} INFO - 25/07/25 01:46:09 INFO MemoryStore: MemoryStore started with capacity 434.4 MiB
[2025-07-25T01:46:09.505+0000] {docker.py:429} INFO - 25/07/25 01:46:09 INFO SparkEnv: Registering OutputCommitCoordinator
[2025-07-25T01:46:09.612+0000] {docker.py:429} INFO - 25/07/25 01:46:09 INFO Utils: Successfully started service 'SparkUI' on port 4040.
[2025-07-25T01:46:09.632+0000] {docker.py:429} INFO - 25/07/25 01:46:09 INFO SparkContext: Added JAR file:///opt/bitnami/spark/.ivy2/jars/org.apache.spark_spark-sql-kafka-0-10_2.12-3.3.4.jar at spark://c31f441e72bc:44155/jars/org.apache.spark_spark-sql-kafka-0-10_2.12-3.3.4.jar with timestamp 1753407969245
[2025-07-25T01:46:09.633+0000] {docker.py:429} INFO - 25/07/25 01:46:09 INFO SparkContext: Added JAR file:///opt/bitnami/spark/.ivy2/jars/org.apache.spark_spark-token-provider-kafka-0-10_2.12-3.3.4.jar at spark://c31f441e72bc:44155/jars/org.apache.spark_spark-token-provider-kafka-0-10_2.12-3.3.4.jar with timestamp 1753407969245
[2025-07-25T01:46:09.633+0000] {docker.py:429} INFO - 25/07/25 01:46:09 INFO SparkContext: Added JAR file:///opt/bitnami/spark/.ivy2/jars/org.apache.kafka_kafka-clients-2.8.1.jar at spark://c31f441e72bc:44155/jars/org.apache.kafka_kafka-clients-2.8.1.jar with timestamp 1753407969245
[2025-07-25T01:46:09.633+0000] {docker.py:429} INFO - 25/07/25 01:46:09 INFO SparkContext: Added JAR file:///opt/bitnami/spark/.ivy2/jars/com.google.code.findbugs_jsr305-3.0.0.jar at spark://c31f441e72bc:44155/jars/com.google.code.findbugs_jsr305-3.0.0.jar with timestamp 1753407969245
25/07/25 01:46:09 INFO SparkContext: Added JAR file:///opt/bitnami/spark/.ivy2/jars/org.apache.commons_commons-pool2-2.11.1.jar at spark://c31f441e72bc:44155/jars/org.apache.commons_commons-pool2-2.11.1.jar with timestamp 1753407969245
25/07/25 01:46:09 INFO SparkContext: Added JAR file:///opt/bitnami/spark/.ivy2/jars/org.spark-project.spark_unused-1.0.0.jar at spark://c31f441e72bc:44155/jars/org.spark-project.spark_unused-1.0.0.jar with timestamp 1753407969245
25/07/25 01:46:09 INFO SparkContext: Added JAR file:///opt/bitnami/spark/.ivy2/jars/org.apache.hadoop_hadoop-client-runtime-3.3.2.jar at spark://c31f441e72bc:44155/jars/org.apache.hadoop_hadoop-client-runtime-3.3.2.jar with timestamp 1753407969245
[2025-07-25T01:46:09.634+0000] {docker.py:429} INFO - 25/07/25 01:46:09 INFO SparkContext: Added JAR file:///opt/bitnami/spark/.ivy2/jars/org.lz4_lz4-java-1.8.0.jar at spark://c31f441e72bc:44155/jars/org.lz4_lz4-java-1.8.0.jar with timestamp 1753407969245
[2025-07-25T01:46:09.634+0000] {docker.py:429} INFO - 25/07/25 01:46:09 INFO SparkContext: Added JAR file:///opt/bitnami/spark/.ivy2/jars/org.xerial.snappy_snappy-java-1.1.8.4.jar at spark://c31f441e72bc:44155/jars/org.xerial.snappy_snappy-java-1.1.8.4.jar with timestamp 1753407969245
25/07/25 01:46:09 INFO SparkContext: Added JAR file:///opt/bitnami/spark/.ivy2/jars/org.slf4j_slf4j-api-1.7.32.jar at spark://c31f441e72bc:44155/jars/org.slf4j_slf4j-api-1.7.32.jar with timestamp 1753407969245
[2025-07-25T01:46:09.634+0000] {docker.py:429} INFO - 25/07/25 01:46:09 INFO SparkContext: Added JAR file:///opt/bitnami/spark/.ivy2/jars/org.apache.hadoop_hadoop-client-api-3.3.2.jar at spark://c31f441e72bc:44155/jars/org.apache.hadoop_hadoop-client-api-3.3.2.jar with timestamp 1753407969245
[2025-07-25T01:46:09.634+0000] {docker.py:429} INFO - 25/07/25 01:46:09 INFO SparkContext: Added JAR file:///opt/bitnami/spark/.ivy2/jars/commons-logging_commons-logging-1.1.3.jar at spark://c31f441e72bc:44155/jars/commons-logging_commons-logging-1.1.3.jar with timestamp 1753407969245
[2025-07-25T01:46:09.635+0000] {docker.py:429} INFO - 25/07/25 01:46:09 INFO SparkContext: Added file file:///opt/bitnami/spark/.ivy2/jars/org.apache.spark_spark-sql-kafka-0-10_2.12-3.3.4.jar at file:///opt/bitnami/spark/.ivy2/jars/org.apache.spark_spark-sql-kafka-0-10_2.12-3.3.4.jar with timestamp 1753407969245
[2025-07-25T01:46:09.635+0000] {docker.py:429} INFO - 25/07/25 01:46:09 INFO Utils: Copying /opt/bitnami/spark/.ivy2/jars/org.apache.spark_spark-sql-kafka-0-10_2.12-3.3.4.jar to /tmp/spark-f4a16a4c-40d2-410e-b1aa-a6e6211eb1ba/userFiles-a711778d-24bb-4a23-a2d6-6d0348fda20e/org.apache.spark_spark-sql-kafka-0-10_2.12-3.3.4.jar
[2025-07-25T01:46:09.641+0000] {docker.py:429} INFO - 25/07/25 01:46:09 INFO SparkContext: Added file file:///opt/bitnami/spark/.ivy2/jars/org.apache.spark_spark-token-provider-kafka-0-10_2.12-3.3.4.jar at file:///opt/bitnami/spark/.ivy2/jars/org.apache.spark_spark-token-provider-kafka-0-10_2.12-3.3.4.jar with timestamp 1753407969245
[2025-07-25T01:46:09.641+0000] {docker.py:429} INFO - 25/07/25 01:46:09 INFO Utils: Copying /opt/bitnami/spark/.ivy2/jars/org.apache.spark_spark-token-provider-kafka-0-10_2.12-3.3.4.jar to /tmp/spark-f4a16a4c-40d2-410e-b1aa-a6e6211eb1ba/userFiles-a711778d-24bb-4a23-a2d6-6d0348fda20e/org.apache.spark_spark-token-provider-kafka-0-10_2.12-3.3.4.jar
[2025-07-25T01:46:09.643+0000] {docker.py:429} INFO - 25/07/25 01:46:09 INFO SparkContext: Added file file:///opt/bitnami/spark/.ivy2/jars/org.apache.kafka_kafka-clients-2.8.1.jar at file:///opt/bitnami/spark/.ivy2/jars/org.apache.kafka_kafka-clients-2.8.1.jar with timestamp 1753407969245
[2025-07-25T01:46:09.643+0000] {docker.py:429} INFO - 25/07/25 01:46:09 INFO Utils: Copying /opt/bitnami/spark/.ivy2/jars/org.apache.kafka_kafka-clients-2.8.1.jar to /tmp/spark-f4a16a4c-40d2-410e-b1aa-a6e6211eb1ba/userFiles-a711778d-24bb-4a23-a2d6-6d0348fda20e/org.apache.kafka_kafka-clients-2.8.1.jar
[2025-07-25T01:46:09.647+0000] {docker.py:429} INFO - 25/07/25 01:46:09 INFO SparkContext: Added file file:///opt/bitnami/spark/.ivy2/jars/com.google.code.findbugs_jsr305-3.0.0.jar at file:///opt/bitnami/spark/.ivy2/jars/com.google.code.findbugs_jsr305-3.0.0.jar with timestamp 1753407969245
[2025-07-25T01:46:09.647+0000] {docker.py:429} INFO - 25/07/25 01:46:09 INFO Utils: Copying /opt/bitnami/spark/.ivy2/jars/com.google.code.findbugs_jsr305-3.0.0.jar to /tmp/spark-f4a16a4c-40d2-410e-b1aa-a6e6211eb1ba/userFiles-a711778d-24bb-4a23-a2d6-6d0348fda20e/com.google.code.findbugs_jsr305-3.0.0.jar
[2025-07-25T01:46:09.649+0000] {docker.py:429} INFO - 25/07/25 01:46:09 INFO SparkContext: Added file file:///opt/bitnami/spark/.ivy2/jars/org.apache.commons_commons-pool2-2.11.1.jar at file:///opt/bitnami/spark/.ivy2/jars/org.apache.commons_commons-pool2-2.11.1.jar with timestamp 1753407969245
[2025-07-25T01:46:09.649+0000] {docker.py:429} INFO - 25/07/25 01:46:09 INFO Utils: Copying /opt/bitnami/spark/.ivy2/jars/org.apache.commons_commons-pool2-2.11.1.jar to /tmp/spark-f4a16a4c-40d2-410e-b1aa-a6e6211eb1ba/userFiles-a711778d-24bb-4a23-a2d6-6d0348fda20e/org.apache.commons_commons-pool2-2.11.1.jar
[2025-07-25T01:46:09.652+0000] {docker.py:429} INFO - 25/07/25 01:46:09 INFO SparkContext: Added file file:///opt/bitnami/spark/.ivy2/jars/org.spark-project.spark_unused-1.0.0.jar at file:///opt/bitnami/spark/.ivy2/jars/org.spark-project.spark_unused-1.0.0.jar with timestamp 1753407969245
[2025-07-25T01:46:09.652+0000] {docker.py:429} INFO - 25/07/25 01:46:09 INFO Utils: Copying /opt/bitnami/spark/.ivy2/jars/org.spark-project.spark_unused-1.0.0.jar to /tmp/spark-f4a16a4c-40d2-410e-b1aa-a6e6211eb1ba/userFiles-a711778d-24bb-4a23-a2d6-6d0348fda20e/org.spark-project.spark_unused-1.0.0.jar
[2025-07-25T01:46:09.654+0000] {docker.py:429} INFO - 25/07/25 01:46:09 INFO SparkContext: Added file file:///opt/bitnami/spark/.ivy2/jars/org.apache.hadoop_hadoop-client-runtime-3.3.2.jar at file:///opt/bitnami/spark/.ivy2/jars/org.apache.hadoop_hadoop-client-runtime-3.3.2.jar with timestamp 1753407969245
[2025-07-25T01:46:09.654+0000] {docker.py:429} INFO - 25/07/25 01:46:09 INFO Utils: Copying /opt/bitnami/spark/.ivy2/jars/org.apache.hadoop_hadoop-client-runtime-3.3.2.jar to /tmp/spark-f4a16a4c-40d2-410e-b1aa-a6e6211eb1ba/userFiles-a711778d-24bb-4a23-a2d6-6d0348fda20e/org.apache.hadoop_hadoop-client-runtime-3.3.2.jar
[2025-07-25T01:46:09.671+0000] {docker.py:429} INFO - 25/07/25 01:46:09 INFO SparkContext: Added file file:///opt/bitnami/spark/.ivy2/jars/org.lz4_lz4-java-1.8.0.jar at file:///opt/bitnami/spark/.ivy2/jars/org.lz4_lz4-java-1.8.0.jar with timestamp 1753407969245
[2025-07-25T01:46:09.672+0000] {docker.py:429} INFO - 25/07/25 01:46:09 INFO Utils: Copying /opt/bitnami/spark/.ivy2/jars/org.lz4_lz4-java-1.8.0.jar to /tmp/spark-f4a16a4c-40d2-410e-b1aa-a6e6211eb1ba/userFiles-a711778d-24bb-4a23-a2d6-6d0348fda20e/org.lz4_lz4-java-1.8.0.jar
[2025-07-25T01:46:09.674+0000] {docker.py:429} INFO - 25/07/25 01:46:09 INFO SparkContext: Added file file:///opt/bitnami/spark/.ivy2/jars/org.xerial.snappy_snappy-java-1.1.8.4.jar at file:///opt/bitnami/spark/.ivy2/jars/org.xerial.snappy_snappy-java-1.1.8.4.jar with timestamp 1753407969245
[2025-07-25T01:46:09.674+0000] {docker.py:429} INFO - 25/07/25 01:46:09 INFO Utils: Copying /opt/bitnami/spark/.ivy2/jars/org.xerial.snappy_snappy-java-1.1.8.4.jar to /tmp/spark-f4a16a4c-40d2-410e-b1aa-a6e6211eb1ba/userFiles-a711778d-24bb-4a23-a2d6-6d0348fda20e/org.xerial.snappy_snappy-java-1.1.8.4.jar
[2025-07-25T01:46:09.677+0000] {docker.py:429} INFO - 25/07/25 01:46:09 INFO SparkContext: Added file file:///opt/bitnami/spark/.ivy2/jars/org.slf4j_slf4j-api-1.7.32.jar at file:///opt/bitnami/spark/.ivy2/jars/org.slf4j_slf4j-api-1.7.32.jar with timestamp 1753407969245
[2025-07-25T01:46:09.678+0000] {docker.py:429} INFO - 25/07/25 01:46:09 INFO Utils: Copying /opt/bitnami/spark/.ivy2/jars/org.slf4j_slf4j-api-1.7.32.jar to /tmp/spark-f4a16a4c-40d2-410e-b1aa-a6e6211eb1ba/userFiles-a711778d-24bb-4a23-a2d6-6d0348fda20e/org.slf4j_slf4j-api-1.7.32.jar
[2025-07-25T01:46:09.680+0000] {docker.py:429} INFO - 25/07/25 01:46:09 INFO SparkContext: Added file file:///opt/bitnami/spark/.ivy2/jars/org.apache.hadoop_hadoop-client-api-3.3.2.jar at file:///opt/bitnami/spark/.ivy2/jars/org.apache.hadoop_hadoop-client-api-3.3.2.jar with timestamp 1753407969245
[2025-07-25T01:46:09.680+0000] {docker.py:429} INFO - 25/07/25 01:46:09 INFO Utils: Copying /opt/bitnami/spark/.ivy2/jars/org.apache.hadoop_hadoop-client-api-3.3.2.jar to /tmp/spark-f4a16a4c-40d2-410e-b1aa-a6e6211eb1ba/userFiles-a711778d-24bb-4a23-a2d6-6d0348fda20e/org.apache.hadoop_hadoop-client-api-3.3.2.jar
[2025-07-25T01:46:09.693+0000] {docker.py:429} INFO - 25/07/25 01:46:09 INFO SparkContext: Added file file:///opt/bitnami/spark/.ivy2/jars/commons-logging_commons-logging-1.1.3.jar at file:///opt/bitnami/spark/.ivy2/jars/commons-logging_commons-logging-1.1.3.jar with timestamp 1753407969245
[2025-07-25T01:46:09.693+0000] {docker.py:429} INFO - 25/07/25 01:46:09 INFO Utils: Copying /opt/bitnami/spark/.ivy2/jars/commons-logging_commons-logging-1.1.3.jar to /tmp/spark-f4a16a4c-40d2-410e-b1aa-a6e6211eb1ba/userFiles-a711778d-24bb-4a23-a2d6-6d0348fda20e/commons-logging_commons-logging-1.1.3.jar
[2025-07-25T01:46:09.731+0000] {docker.py:429} INFO - 25/07/25 01:46:09 INFO Executor: Starting executor ID driver on host c31f441e72bc
[2025-07-25T01:46:09.734+0000] {docker.py:429} INFO - 25/07/25 01:46:09 INFO Executor: Starting executor with user classpath (userClassPathFirst = false): ''
[2025-07-25T01:46:09.740+0000] {docker.py:429} INFO - 25/07/25 01:46:09 INFO Executor: Fetching file:///opt/bitnami/spark/.ivy2/jars/commons-logging_commons-logging-1.1.3.jar with timestamp 1753407969245
[2025-07-25T01:46:09.749+0000] {docker.py:429} INFO - 25/07/25 01:46:09 INFO Utils: /opt/bitnami/spark/.ivy2/jars/commons-logging_commons-logging-1.1.3.jar has been previously copied to /tmp/spark-f4a16a4c-40d2-410e-b1aa-a6e6211eb1ba/userFiles-a711778d-24bb-4a23-a2d6-6d0348fda20e/commons-logging_commons-logging-1.1.3.jar
[2025-07-25T01:46:09.750+0000] {docker.py:429} INFO - 25/07/25 01:46:09 INFO Executor: Fetching file:///opt/bitnami/spark/.ivy2/jars/org.apache.hadoop_hadoop-client-runtime-3.3.2.jar with timestamp 1753407969245
[2025-07-25T01:46:09.763+0000] {docker.py:429} INFO - 25/07/25 01:46:09 INFO Utils: /opt/bitnami/spark/.ivy2/jars/org.apache.hadoop_hadoop-client-runtime-3.3.2.jar has been previously copied to /tmp/spark-f4a16a4c-40d2-410e-b1aa-a6e6211eb1ba/userFiles-a711778d-24bb-4a23-a2d6-6d0348fda20e/org.apache.hadoop_hadoop-client-runtime-3.3.2.jar
[2025-07-25T01:46:09.764+0000] {docker.py:429} INFO - 25/07/25 01:46:09 INFO Executor: Fetching file:///opt/bitnami/spark/.ivy2/jars/org.apache.commons_commons-pool2-2.11.1.jar with timestamp 1753407969245
[2025-07-25T01:46:09.765+0000] {docker.py:429} INFO - 25/07/25 01:46:09 INFO Utils: /opt/bitnami/spark/.ivy2/jars/org.apache.commons_commons-pool2-2.11.1.jar has been previously copied to /tmp/spark-f4a16a4c-40d2-410e-b1aa-a6e6211eb1ba/userFiles-a711778d-24bb-4a23-a2d6-6d0348fda20e/org.apache.commons_commons-pool2-2.11.1.jar
[2025-07-25T01:46:09.767+0000] {docker.py:429} INFO - 25/07/25 01:46:09 INFO Executor: Fetching file:///opt/bitnami/spark/.ivy2/jars/org.slf4j_slf4j-api-1.7.32.jar with timestamp 1753407969245
[2025-07-25T01:46:09.767+0000] {docker.py:429} INFO - 25/07/25 01:46:09 INFO Utils: /opt/bitnami/spark/.ivy2/jars/org.slf4j_slf4j-api-1.7.32.jar has been previously copied to /tmp/spark-f4a16a4c-40d2-410e-b1aa-a6e6211eb1ba/userFiles-a711778d-24bb-4a23-a2d6-6d0348fda20e/org.slf4j_slf4j-api-1.7.32.jar
[2025-07-25T01:46:09.769+0000] {docker.py:429} INFO - 25/07/25 01:46:09 INFO Executor: Fetching file:///opt/bitnami/spark/.ivy2/jars/org.lz4_lz4-java-1.8.0.jar with timestamp 1753407969245
[2025-07-25T01:46:09.769+0000] {docker.py:429} INFO - 25/07/25 01:46:09 INFO Utils: /opt/bitnami/spark/.ivy2/jars/org.lz4_lz4-java-1.8.0.jar has been previously copied to /tmp/spark-f4a16a4c-40d2-410e-b1aa-a6e6211eb1ba/userFiles-a711778d-24bb-4a23-a2d6-6d0348fda20e/org.lz4_lz4-java-1.8.0.jar
[2025-07-25T01:46:09.771+0000] {docker.py:429} INFO - 25/07/25 01:46:09 INFO Executor: Fetching file:///opt/bitnami/spark/.ivy2/jars/org.apache.kafka_kafka-clients-2.8.1.jar with timestamp 1753407969245
[2025-07-25T01:46:09.773+0000] {docker.py:429} INFO - 25/07/25 01:46:09 INFO Utils: /opt/bitnami/spark/.ivy2/jars/org.apache.kafka_kafka-clients-2.8.1.jar has been previously copied to /tmp/spark-f4a16a4c-40d2-410e-b1aa-a6e6211eb1ba/userFiles-a711778d-24bb-4a23-a2d6-6d0348fda20e/org.apache.kafka_kafka-clients-2.8.1.jar
[2025-07-25T01:46:09.775+0000] {docker.py:429} INFO - 25/07/25 01:46:09 INFO Executor: Fetching file:///opt/bitnami/spark/.ivy2/jars/org.apache.spark_spark-token-provider-kafka-0-10_2.12-3.3.4.jar with timestamp 1753407969245
[2025-07-25T01:46:09.775+0000] {docker.py:429} INFO - 25/07/25 01:46:09 INFO Utils: /opt/bitnami/spark/.ivy2/jars/org.apache.spark_spark-token-provider-kafka-0-10_2.12-3.3.4.jar has been previously copied to /tmp/spark-f4a16a4c-40d2-410e-b1aa-a6e6211eb1ba/userFiles-a711778d-24bb-4a23-a2d6-6d0348fda20e/org.apache.spark_spark-token-provider-kafka-0-10_2.12-3.3.4.jar
[2025-07-25T01:46:09.776+0000] {docker.py:429} INFO - 25/07/25 01:46:09 INFO Executor: Fetching file:///opt/bitnami/spark/.ivy2/jars/com.google.code.findbugs_jsr305-3.0.0.jar with timestamp 1753407969245
[2025-07-25T01:46:09.777+0000] {docker.py:429} INFO - 25/07/25 01:46:09 INFO Utils: /opt/bitnami/spark/.ivy2/jars/com.google.code.findbugs_jsr305-3.0.0.jar has been previously copied to /tmp/spark-f4a16a4c-40d2-410e-b1aa-a6e6211eb1ba/userFiles-a711778d-24bb-4a23-a2d6-6d0348fda20e/com.google.code.findbugs_jsr305-3.0.0.jar
[2025-07-25T01:46:09.778+0000] {docker.py:429} INFO - 25/07/25 01:46:09 INFO Executor: Fetching file:///opt/bitnami/spark/.ivy2/jars/org.xerial.snappy_snappy-java-1.1.8.4.jar with timestamp 1753407969245
[2025-07-25T01:46:09.780+0000] {docker.py:429} INFO - 25/07/25 01:46:09 INFO Utils: /opt/bitnami/spark/.ivy2/jars/org.xerial.snappy_snappy-java-1.1.8.4.jar has been previously copied to /tmp/spark-f4a16a4c-40d2-410e-b1aa-a6e6211eb1ba/userFiles-a711778d-24bb-4a23-a2d6-6d0348fda20e/org.xerial.snappy_snappy-java-1.1.8.4.jar
[2025-07-25T01:46:09.781+0000] {docker.py:429} INFO - 25/07/25 01:46:09 INFO Executor: Fetching file:///opt/bitnami/spark/.ivy2/jars/org.apache.hadoop_hadoop-client-api-3.3.2.jar with timestamp 1753407969245
[2025-07-25T01:46:09.789+0000] {docker.py:429} INFO - 25/07/25 01:46:09 INFO Utils: /opt/bitnami/spark/.ivy2/jars/org.apache.hadoop_hadoop-client-api-3.3.2.jar has been previously copied to /tmp/spark-f4a16a4c-40d2-410e-b1aa-a6e6211eb1ba/userFiles-a711778d-24bb-4a23-a2d6-6d0348fda20e/org.apache.hadoop_hadoop-client-api-3.3.2.jar
[2025-07-25T01:46:09.790+0000] {docker.py:429} INFO - 25/07/25 01:46:09 INFO Executor: Fetching file:///opt/bitnami/spark/.ivy2/jars/org.spark-project.spark_unused-1.0.0.jar with timestamp 1753407969245
[2025-07-25T01:46:09.791+0000] {docker.py:429} INFO - 25/07/25 01:46:09 INFO Utils: /opt/bitnami/spark/.ivy2/jars/org.spark-project.spark_unused-1.0.0.jar has been previously copied to /tmp/spark-f4a16a4c-40d2-410e-b1aa-a6e6211eb1ba/userFiles-a711778d-24bb-4a23-a2d6-6d0348fda20e/org.spark-project.spark_unused-1.0.0.jar
[2025-07-25T01:46:09.793+0000] {docker.py:429} INFO - 25/07/25 01:46:09 INFO Executor: Fetching file:///opt/bitnami/spark/.ivy2/jars/org.apache.spark_spark-sql-kafka-0-10_2.12-3.3.4.jar with timestamp 1753407969245
[2025-07-25T01:46:09.793+0000] {docker.py:429} INFO - 25/07/25 01:46:09 INFO Utils: /opt/bitnami/spark/.ivy2/jars/org.apache.spark_spark-sql-kafka-0-10_2.12-3.3.4.jar has been previously copied to /tmp/spark-f4a16a4c-40d2-410e-b1aa-a6e6211eb1ba/userFiles-a711778d-24bb-4a23-a2d6-6d0348fda20e/org.apache.spark_spark-sql-kafka-0-10_2.12-3.3.4.jar
[2025-07-25T01:46:09.797+0000] {docker.py:429} INFO - 25/07/25 01:46:09 INFO Executor: Fetching spark://c31f441e72bc:44155/jars/commons-logging_commons-logging-1.1.3.jar with timestamp 1753407969245
[2025-07-25T01:46:09.816+0000] {docker.py:429} INFO - 25/07/25 01:46:09 INFO TransportClientFactory: Successfully created connection to c31f441e72bc/172.23.0.10:44155 after 13 ms (0 ms spent in bootstraps)
[2025-07-25T01:46:09.819+0000] {docker.py:429} INFO - 25/07/25 01:46:09 INFO Utils: Fetching spark://c31f441e72bc:44155/jars/commons-logging_commons-logging-1.1.3.jar to /tmp/spark-f4a16a4c-40d2-410e-b1aa-a6e6211eb1ba/userFiles-a711778d-24bb-4a23-a2d6-6d0348fda20e/fetchFileTemp12527667043015843127.tmp
[2025-07-25T01:46:09.841+0000] {docker.py:429} INFO - 25/07/25 01:46:09 INFO Utils: /tmp/spark-f4a16a4c-40d2-410e-b1aa-a6e6211eb1ba/userFiles-a711778d-24bb-4a23-a2d6-6d0348fda20e/fetchFileTemp12527667043015843127.tmp has been previously copied to /tmp/spark-f4a16a4c-40d2-410e-b1aa-a6e6211eb1ba/userFiles-a711778d-24bb-4a23-a2d6-6d0348fda20e/commons-logging_commons-logging-1.1.3.jar
[2025-07-25T01:46:09.962+0000] {docker.py:429} INFO - 25/07/25 01:46:09 INFO Executor: Adding file:/tmp/spark-f4a16a4c-40d2-410e-b1aa-a6e6211eb1ba/userFiles-a711778d-24bb-4a23-a2d6-6d0348fda20e/commons-logging_commons-logging-1.1.3.jar to class loader
[2025-07-25T01:46:09.963+0000] {docker.py:429} INFO - 25/07/25 01:46:09 INFO Executor: Fetching spark://c31f441e72bc:44155/jars/org.spark-project.spark_unused-1.0.0.jar with timestamp 1753407969245
[2025-07-25T01:46:09.963+0000] {docker.py:429} INFO - 25/07/25 01:46:09 INFO Utils: Fetching spark://c31f441e72bc:44155/jars/org.spark-project.spark_unused-1.0.0.jar to /tmp/spark-f4a16a4c-40d2-410e-b1aa-a6e6211eb1ba/userFiles-a711778d-24bb-4a23-a2d6-6d0348fda20e/fetchFileTemp15651098749852626240.tmp
[2025-07-25T01:46:09.964+0000] {docker.py:429} INFO - 25/07/25 01:46:09 INFO Utils: /tmp/spark-f4a16a4c-40d2-410e-b1aa-a6e6211eb1ba/userFiles-a711778d-24bb-4a23-a2d6-6d0348fda20e/fetchFileTemp15651098749852626240.tmp has been previously copied to /tmp/spark-f4a16a4c-40d2-410e-b1aa-a6e6211eb1ba/userFiles-a711778d-24bb-4a23-a2d6-6d0348fda20e/org.spark-project.spark_unused-1.0.0.jar
[2025-07-25T01:46:09.994+0000] {docker.py:429} INFO - 25/07/25 01:46:09 INFO Executor: Adding file:/tmp/spark-f4a16a4c-40d2-410e-b1aa-a6e6211eb1ba/userFiles-a711778d-24bb-4a23-a2d6-6d0348fda20e/org.spark-project.spark_unused-1.0.0.jar to class loader
[2025-07-25T01:46:09.995+0000] {docker.py:429} INFO - 25/07/25 01:46:09 INFO Executor: Fetching spark://c31f441e72bc:44155/jars/org.apache.spark_spark-token-provider-kafka-0-10_2.12-3.3.4.jar with timestamp 1753407969245
[2025-07-25T01:46:09.995+0000] {docker.py:429} INFO - 25/07/25 01:46:09 INFO Utils: Fetching spark://c31f441e72bc:44155/jars/org.apache.spark_spark-token-provider-kafka-0-10_2.12-3.3.4.jar to /tmp/spark-f4a16a4c-40d2-410e-b1aa-a6e6211eb1ba/userFiles-a711778d-24bb-4a23-a2d6-6d0348fda20e/fetchFileTemp8161856176331067386.tmp
[2025-07-25T01:46:09.996+0000] {docker.py:429} INFO - 25/07/25 01:46:09 INFO Utils: /tmp/spark-f4a16a4c-40d2-410e-b1aa-a6e6211eb1ba/userFiles-a711778d-24bb-4a23-a2d6-6d0348fda20e/fetchFileTemp8161856176331067386.tmp has been previously copied to /tmp/spark-f4a16a4c-40d2-410e-b1aa-a6e6211eb1ba/userFiles-a711778d-24bb-4a23-a2d6-6d0348fda20e/org.apache.spark_spark-token-provider-kafka-0-10_2.12-3.3.4.jar
[2025-07-25T01:46:10.032+0000] {docker.py:429} INFO - 25/07/25 01:46:10 INFO Executor: Adding file:/tmp/spark-f4a16a4c-40d2-410e-b1aa-a6e6211eb1ba/userFiles-a711778d-24bb-4a23-a2d6-6d0348fda20e/org.apache.spark_spark-token-provider-kafka-0-10_2.12-3.3.4.jar to class loader
[2025-07-25T01:46:10.032+0000] {docker.py:429} INFO - 25/07/25 01:46:10 INFO Executor: Fetching spark://c31f441e72bc:44155/jars/org.slf4j_slf4j-api-1.7.32.jar with timestamp 1753407969245
[2025-07-25T01:46:10.032+0000] {docker.py:429} INFO - 25/07/25 01:46:10 INFO Utils: Fetching spark://c31f441e72bc:44155/jars/org.slf4j_slf4j-api-1.7.32.jar to /tmp/spark-f4a16a4c-40d2-410e-b1aa-a6e6211eb1ba/userFiles-a711778d-24bb-4a23-a2d6-6d0348fda20e/fetchFileTemp2297413963742271498.tmp
[2025-07-25T01:46:10.033+0000] {docker.py:429} INFO - 25/07/25 01:46:10 INFO Utils: /tmp/spark-f4a16a4c-40d2-410e-b1aa-a6e6211eb1ba/userFiles-a711778d-24bb-4a23-a2d6-6d0348fda20e/fetchFileTemp2297413963742271498.tmp has been previously copied to /tmp/spark-f4a16a4c-40d2-410e-b1aa-a6e6211eb1ba/userFiles-a711778d-24bb-4a23-a2d6-6d0348fda20e/org.slf4j_slf4j-api-1.7.32.jar
[2025-07-25T01:46:10.035+0000] {docker.py:429} INFO - 25/07/25 01:46:10 INFO Executor: Adding file:/tmp/spark-f4a16a4c-40d2-410e-b1aa-a6e6211eb1ba/userFiles-a711778d-24bb-4a23-a2d6-6d0348fda20e/org.slf4j_slf4j-api-1.7.32.jar to class loader
[2025-07-25T01:46:10.035+0000] {docker.py:429} INFO - 25/07/25 01:46:10 INFO Executor: Fetching spark://c31f441e72bc:44155/jars/org.apache.hadoop_hadoop-client-runtime-3.3.2.jar with timestamp 1753407969245
[2025-07-25T01:46:10.035+0000] {docker.py:429} INFO - 25/07/25 01:46:10 INFO Utils: Fetching spark://c31f441e72bc:44155/jars/org.apache.hadoop_hadoop-client-runtime-3.3.2.jar to /tmp/spark-f4a16a4c-40d2-410e-b1aa-a6e6211eb1ba/userFiles-a711778d-24bb-4a23-a2d6-6d0348fda20e/fetchFileTemp1434382263879173557.tmp
[2025-07-25T01:46:10.102+0000] {docker.py:429} INFO - 25/07/25 01:46:10 INFO Utils: /tmp/spark-f4a16a4c-40d2-410e-b1aa-a6e6211eb1ba/userFiles-a711778d-24bb-4a23-a2d6-6d0348fda20e/fetchFileTemp1434382263879173557.tmp has been previously copied to /tmp/spark-f4a16a4c-40d2-410e-b1aa-a6e6211eb1ba/userFiles-a711778d-24bb-4a23-a2d6-6d0348fda20e/org.apache.hadoop_hadoop-client-runtime-3.3.2.jar
[2025-07-25T01:46:10.162+0000] {docker.py:429} INFO - 25/07/25 01:46:10 INFO Executor: Adding file:/tmp/spark-f4a16a4c-40d2-410e-b1aa-a6e6211eb1ba/userFiles-a711778d-24bb-4a23-a2d6-6d0348fda20e/org.apache.hadoop_hadoop-client-runtime-3.3.2.jar to class loader
[2025-07-25T01:46:10.162+0000] {docker.py:429} INFO - 25/07/25 01:46:10 INFO Executor: Fetching spark://c31f441e72bc:44155/jars/org.apache.commons_commons-pool2-2.11.1.jar with timestamp 1753407969245
[2025-07-25T01:46:10.163+0000] {docker.py:429} INFO - 25/07/25 01:46:10 INFO Utils: Fetching spark://c31f441e72bc:44155/jars/org.apache.commons_commons-pool2-2.11.1.jar to /tmp/spark-f4a16a4c-40d2-410e-b1aa-a6e6211eb1ba/userFiles-a711778d-24bb-4a23-a2d6-6d0348fda20e/fetchFileTemp7775919645033609222.tmp
[2025-07-25T01:46:10.164+0000] {docker.py:429} INFO - 25/07/25 01:46:10 INFO Utils: /tmp/spark-f4a16a4c-40d2-410e-b1aa-a6e6211eb1ba/userFiles-a711778d-24bb-4a23-a2d6-6d0348fda20e/fetchFileTemp7775919645033609222.tmp has been previously copied to /tmp/spark-f4a16a4c-40d2-410e-b1aa-a6e6211eb1ba/userFiles-a711778d-24bb-4a23-a2d6-6d0348fda20e/org.apache.commons_commons-pool2-2.11.1.jar
[2025-07-25T01:46:10.166+0000] {docker.py:429} INFO - 25/07/25 01:46:10 INFO Executor: Adding file:/tmp/spark-f4a16a4c-40d2-410e-b1aa-a6e6211eb1ba/userFiles-a711778d-24bb-4a23-a2d6-6d0348fda20e/org.apache.commons_commons-pool2-2.11.1.jar to class loader
[2025-07-25T01:46:10.167+0000] {docker.py:429} INFO - 25/07/25 01:46:10 INFO Executor: Fetching spark://c31f441e72bc:44155/jars/org.lz4_lz4-java-1.8.0.jar with timestamp 1753407969245
[2025-07-25T01:46:10.167+0000] {docker.py:429} INFO - 25/07/25 01:46:10 INFO Utils: Fetching spark://c31f441e72bc:44155/jars/org.lz4_lz4-java-1.8.0.jar to /tmp/spark-f4a16a4c-40d2-410e-b1aa-a6e6211eb1ba/userFiles-a711778d-24bb-4a23-a2d6-6d0348fda20e/fetchFileTemp5127399128854534101.tmp
[2025-07-25T01:46:10.169+0000] {docker.py:429} INFO - 25/07/25 01:46:10 INFO Utils: /tmp/spark-f4a16a4c-40d2-410e-b1aa-a6e6211eb1ba/userFiles-a711778d-24bb-4a23-a2d6-6d0348fda20e/fetchFileTemp5127399128854534101.tmp has been previously copied to /tmp/spark-f4a16a4c-40d2-410e-b1aa-a6e6211eb1ba/userFiles-a711778d-24bb-4a23-a2d6-6d0348fda20e/org.lz4_lz4-java-1.8.0.jar
[2025-07-25T01:46:10.173+0000] {docker.py:429} INFO - 25/07/25 01:46:10 INFO Executor: Adding file:/tmp/spark-f4a16a4c-40d2-410e-b1aa-a6e6211eb1ba/userFiles-a711778d-24bb-4a23-a2d6-6d0348fda20e/org.lz4_lz4-java-1.8.0.jar to class loader
[2025-07-25T01:46:10.173+0000] {docker.py:429} INFO - 25/07/25 01:46:10 INFO Executor: Fetching spark://c31f441e72bc:44155/jars/com.google.code.findbugs_jsr305-3.0.0.jar with timestamp 1753407969245
[2025-07-25T01:46:10.173+0000] {docker.py:429} INFO - 25/07/25 01:46:10 INFO Utils: Fetching spark://c31f441e72bc:44155/jars/com.google.code.findbugs_jsr305-3.0.0.jar to /tmp/spark-f4a16a4c-40d2-410e-b1aa-a6e6211eb1ba/userFiles-a711778d-24bb-4a23-a2d6-6d0348fda20e/fetchFileTemp14814393476448532587.tmp
[2025-07-25T01:46:10.174+0000] {docker.py:429} INFO - 25/07/25 01:46:10 INFO Utils: /tmp/spark-f4a16a4c-40d2-410e-b1aa-a6e6211eb1ba/userFiles-a711778d-24bb-4a23-a2d6-6d0348fda20e/fetchFileTemp14814393476448532587.tmp has been previously copied to /tmp/spark-f4a16a4c-40d2-410e-b1aa-a6e6211eb1ba/userFiles-a711778d-24bb-4a23-a2d6-6d0348fda20e/com.google.code.findbugs_jsr305-3.0.0.jar
[2025-07-25T01:46:10.176+0000] {docker.py:429} INFO - 25/07/25 01:46:10 INFO Executor: Adding file:/tmp/spark-f4a16a4c-40d2-410e-b1aa-a6e6211eb1ba/userFiles-a711778d-24bb-4a23-a2d6-6d0348fda20e/com.google.code.findbugs_jsr305-3.0.0.jar to class loader
[2025-07-25T01:46:10.177+0000] {docker.py:429} INFO - 25/07/25 01:46:10 INFO Executor: Fetching spark://c31f441e72bc:44155/jars/org.apache.hadoop_hadoop-client-api-3.3.2.jar with timestamp 1753407969245
[2025-07-25T01:46:10.177+0000] {docker.py:429} INFO - 25/07/25 01:46:10 INFO Utils: Fetching spark://c31f441e72bc:44155/jars/org.apache.hadoop_hadoop-client-api-3.3.2.jar to /tmp/spark-f4a16a4c-40d2-410e-b1aa-a6e6211eb1ba/userFiles-a711778d-24bb-4a23-a2d6-6d0348fda20e/fetchFileTemp7050783399555465403.tmp
[2025-07-25T01:46:10.212+0000] {docker.py:429} INFO - 25/07/25 01:46:10 INFO Utils: /tmp/spark-f4a16a4c-40d2-410e-b1aa-a6e6211eb1ba/userFiles-a711778d-24bb-4a23-a2d6-6d0348fda20e/fetchFileTemp7050783399555465403.tmp has been previously copied to /tmp/spark-f4a16a4c-40d2-410e-b1aa-a6e6211eb1ba/userFiles-a711778d-24bb-4a23-a2d6-6d0348fda20e/org.apache.hadoop_hadoop-client-api-3.3.2.jar
[2025-07-25T01:46:10.386+0000] {docker.py:429} INFO - 25/07/25 01:46:10 INFO Executor: Adding file:/tmp/spark-f4a16a4c-40d2-410e-b1aa-a6e6211eb1ba/userFiles-a711778d-24bb-4a23-a2d6-6d0348fda20e/org.apache.hadoop_hadoop-client-api-3.3.2.jar to class loader
[2025-07-25T01:46:10.386+0000] {docker.py:429} INFO - 25/07/25 01:46:10 INFO Executor: Fetching spark://c31f441e72bc:44155/jars/org.apache.kafka_kafka-clients-2.8.1.jar with timestamp 1753407969245
[2025-07-25T01:46:10.387+0000] {docker.py:429} INFO - 25/07/25 01:46:10 INFO Utils: Fetching spark://c31f441e72bc:44155/jars/org.apache.kafka_kafka-clients-2.8.1.jar to /tmp/spark-f4a16a4c-40d2-410e-b1aa-a6e6211eb1ba/userFiles-a711778d-24bb-4a23-a2d6-6d0348fda20e/fetchFileTemp15029081579385881239.tmp
[2025-07-25T01:46:10.396+0000] {docker.py:429} INFO - 25/07/25 01:46:10 INFO Utils: /tmp/spark-f4a16a4c-40d2-410e-b1aa-a6e6211eb1ba/userFiles-a711778d-24bb-4a23-a2d6-6d0348fda20e/fetchFileTemp15029081579385881239.tmp has been previously copied to /tmp/spark-f4a16a4c-40d2-410e-b1aa-a6e6211eb1ba/userFiles-a711778d-24bb-4a23-a2d6-6d0348fda20e/org.apache.kafka_kafka-clients-2.8.1.jar
[2025-07-25T01:46:10.408+0000] {docker.py:429} INFO - 25/07/25 01:46:10 INFO Executor: Adding file:/tmp/spark-f4a16a4c-40d2-410e-b1aa-a6e6211eb1ba/userFiles-a711778d-24bb-4a23-a2d6-6d0348fda20e/org.apache.kafka_kafka-clients-2.8.1.jar to class loader
[2025-07-25T01:46:10.408+0000] {docker.py:429} INFO - 25/07/25 01:46:10 INFO Executor: Fetching spark://c31f441e72bc:44155/jars/org.apache.spark_spark-sql-kafka-0-10_2.12-3.3.4.jar with timestamp 1753407969245
[2025-07-25T01:46:10.409+0000] {docker.py:429} INFO - 25/07/25 01:46:10 INFO Utils: Fetching spark://c31f441e72bc:44155/jars/org.apache.spark_spark-sql-kafka-0-10_2.12-3.3.4.jar to /tmp/spark-f4a16a4c-40d2-410e-b1aa-a6e6211eb1ba/userFiles-a711778d-24bb-4a23-a2d6-6d0348fda20e/fetchFileTemp18372889161470345506.tmp
[2025-07-25T01:46:10.410+0000] {docker.py:429} INFO - 25/07/25 01:46:10 INFO Utils: /tmp/spark-f4a16a4c-40d2-410e-b1aa-a6e6211eb1ba/userFiles-a711778d-24bb-4a23-a2d6-6d0348fda20e/fetchFileTemp18372889161470345506.tmp has been previously copied to /tmp/spark-f4a16a4c-40d2-410e-b1aa-a6e6211eb1ba/userFiles-a711778d-24bb-4a23-a2d6-6d0348fda20e/org.apache.spark_spark-sql-kafka-0-10_2.12-3.3.4.jar
[2025-07-25T01:46:10.414+0000] {docker.py:429} INFO - 25/07/25 01:46:10 INFO Executor: Adding file:/tmp/spark-f4a16a4c-40d2-410e-b1aa-a6e6211eb1ba/userFiles-a711778d-24bb-4a23-a2d6-6d0348fda20e/org.apache.spark_spark-sql-kafka-0-10_2.12-3.3.4.jar to class loader
[2025-07-25T01:46:10.414+0000] {docker.py:429} INFO - 25/07/25 01:46:10 INFO Executor: Fetching spark://c31f441e72bc:44155/jars/org.xerial.snappy_snappy-java-1.1.8.4.jar with timestamp 1753407969245
[2025-07-25T01:46:10.414+0000] {docker.py:429} INFO - 25/07/25 01:46:10 INFO Utils: Fetching spark://c31f441e72bc:44155/jars/org.xerial.snappy_snappy-java-1.1.8.4.jar to /tmp/spark-f4a16a4c-40d2-410e-b1aa-a6e6211eb1ba/userFiles-a711778d-24bb-4a23-a2d6-6d0348fda20e/fetchFileTemp9575419316729388830.tmp
[2025-07-25T01:46:10.418+0000] {docker.py:429} INFO - 25/07/25 01:46:10 INFO Utils: /tmp/spark-f4a16a4c-40d2-410e-b1aa-a6e6211eb1ba/userFiles-a711778d-24bb-4a23-a2d6-6d0348fda20e/fetchFileTemp9575419316729388830.tmp has been previously copied to /tmp/spark-f4a16a4c-40d2-410e-b1aa-a6e6211eb1ba/userFiles-a711778d-24bb-4a23-a2d6-6d0348fda20e/org.xerial.snappy_snappy-java-1.1.8.4.jar
[2025-07-25T01:46:10.424+0000] {docker.py:429} INFO - 25/07/25 01:46:10 INFO Executor: Adding file:/tmp/spark-f4a16a4c-40d2-410e-b1aa-a6e6211eb1ba/userFiles-a711778d-24bb-4a23-a2d6-6d0348fda20e/org.xerial.snappy_snappy-java-1.1.8.4.jar to class loader
[2025-07-25T01:46:10.429+0000] {docker.py:429} INFO - 25/07/25 01:46:10 INFO Utils: Successfully started service 'org.apache.spark.network.netty.NettyBlockTransferService' on port 36519.
25/07/25 01:46:10 INFO NettyBlockTransferService: Server created on c31f441e72bc:36519
[2025-07-25T01:46:10.430+0000] {docker.py:429} INFO - 25/07/25 01:46:10 INFO BlockManager: Using org.apache.spark.storage.RandomBlockReplicationPolicy for block replication policy
[2025-07-25T01:46:10.434+0000] {docker.py:429} INFO - 25/07/25 01:46:10 INFO BlockManagerMaster: Registering BlockManager BlockManagerId(driver, c31f441e72bc, 36519, None)
[2025-07-25T01:46:10.436+0000] {docker.py:429} INFO - 25/07/25 01:46:10 INFO BlockManagerMasterEndpoint: Registering block manager c31f441e72bc:36519 with 434.4 MiB RAM, BlockManagerId(driver, c31f441e72bc, 36519, None)
[2025-07-25T01:46:10.437+0000] {docker.py:429} INFO - 25/07/25 01:46:10 INFO BlockManagerMaster: Registered BlockManager BlockManagerId(driver, c31f441e72bc, 36519, None)
[2025-07-25T01:46:10.438+0000] {docker.py:429} INFO - 25/07/25 01:46:10 INFO BlockManager: Initialized BlockManager: BlockManagerId(driver, c31f441e72bc, 36519, None)
[2025-07-25T01:46:11.021+0000] {docker.py:429} INFO - 25/07/25 01:46:11 WARN MetricsConfig: Cannot locate configuration: tried hadoop-metrics2-s3a-file-system.properties,hadoop-metrics2.properties
[2025-07-25T01:46:16.243+0000] {taskinstance.py:1138} INFO - Marking task as SUCCESS. dag_id=bis_pipeline_dag, task_id=bronze_to_silver, execution_date=20250725T014400, start_date=20250725T014538, end_date=20250725T014616
[2025-07-25T01:46:16.285+0000] {local_task_job_runner.py:234} INFO - Task exited with return code 0
[2025-07-25T01:46:16.303+0000] {taskinstance.py:3280} INFO - 1 downstream tasks scheduled from follow-on schedule check
