[2025-07-25T01:46:53.405+0000] {taskinstance.py:1956} INFO - Dependencies all met for dep_context=non-requeueable deps ti=<TaskInstance: bis_pipeline_dag.load_to_postgres manual__2025-07-25T01:44:00.713564+00:00 [queued]>
[2025-07-25T01:46:53.409+0000] {taskinstance.py:1956} INFO - Dependencies all met for dep_context=requeueable deps ti=<TaskInstance: bis_pipeline_dag.load_to_postgres manual__2025-07-25T01:44:00.713564+00:00 [queued]>
[2025-07-25T01:46:53.410+0000] {taskinstance.py:2170} INFO - Starting attempt 1 of 1
[2025-07-25T01:46:53.444+0000] {taskinstance.py:2191} INFO - Executing <Task(DockerOperator): load_to_postgres> on 2025-07-25 01:44:00.713564+00:00
[2025-07-25T01:46:53.447+0000] {standard_task_runner.py:60} INFO - Started process 289 to run task
[2025-07-25T01:46:53.450+0000] {standard_task_runner.py:87} INFO - Running: ['airflow', 'tasks', 'run', 'bis_pipeline_dag', 'load_to_postgres', 'manual__2025-07-25T01:44:00.713564+00:00', '--job-id', '33', '--raw', '--subdir', 'DAGS_FOLDER/bis_pipeline_dag.py', '--cfg-path', '/tmp/tmp05fs8e1b']
[2025-07-25T01:46:53.451+0000] {standard_task_runner.py:88} INFO - Job 33: Subtask load_to_postgres
[2025-07-25T01:46:53.517+0000] {task_command.py:423} INFO - Running <TaskInstance: bis_pipeline_dag.load_to_postgres manual__2025-07-25T01:44:00.713564+00:00 [running]> on host fe0f9957e684
[2025-07-25T01:46:53.629+0000] {taskinstance.py:2480} INFO - Exporting env vars: AIRFLOW_CTX_DAG_OWNER='airflow' AIRFLOW_CTX_DAG_ID='bis_pipeline_dag' AIRFLOW_CTX_TASK_ID='load_to_postgres' AIRFLOW_CTX_EXECUTION_DATE='2025-07-25T01:44:00.713564+00:00' AIRFLOW_CTX_TRY_NUMBER='1' AIRFLOW_CTX_DAG_RUN_ID='manual__2025-07-25T01:44:00.713564+00:00'
[2025-07-25T01:46:53.658+0000] {docker.py:359} INFO - Starting docker container from image bitnami/spark:3.3
[2025-07-25T01:46:56.556+0000] {docker.py:429} INFO - [38;5;6mspark [38;5;5m01:46:56.40 [0m[38;5;2mINFO [0m ==>
[2025-07-25T01:46:56.556+0000] {docker.py:429} INFO - [38;5;6mspark [38;5;5m01:46:56.40 [0m[38;5;2mINFO [0m ==> [1mWelcome to the Bitnami spark container[0m
[2025-07-25T01:46:56.557+0000] {docker.py:429} INFO - [38;5;6mspark [38;5;5m01:46:56.40 [0m[38;5;2mINFO [0m ==> Subscribe to project updates by watching [1mhttps://github.com/bitnami/containers[0m
[2025-07-25T01:46:56.557+0000] {docker.py:429} INFO - [38;5;6mspark [38;5;5m01:46:56.40 [0m[38;5;2mINFO [0m ==> Submit issues and feature requests at [1mhttps://github.com/bitnami/containers/issues[0m
[2025-07-25T01:46:56.557+0000] {docker.py:429} INFO - [38;5;6mspark [38;5;5m01:46:56.40 [0m[38;5;2mINFO [0m ==>
[2025-07-25T01:46:56.557+0000] {docker.py:429} INFO - 
[2025-07-25T01:46:57.313+0000] {docker.py:429} INFO - :: loading settings :: url = jar:file:/opt/bitnami/spark/jars/ivy-2.5.1.jar!/org/apache/ivy/core/settings/ivysettings.xml
[2025-07-25T01:46:57.346+0000] {docker.py:429} INFO - Ivy Default Cache set to: /opt/bitnami/spark/.ivy2/cache
The jars for the packages stored in: /opt/bitnami/spark/.ivy2/jars
[2025-07-25T01:46:57.349+0000] {docker.py:429} INFO - org.apache.spark#spark-sql-kafka-0-10_2.12 added as a dependency
[2025-07-25T01:46:57.350+0000] {docker.py:429} INFO - :: resolving dependencies :: org.apache.spark#spark-submit-parent-12fa003b-e596-42de-bcb3-6d870c1b414e;1.0
[2025-07-25T01:46:57.350+0000] {docker.py:429} INFO - confs: [default]
[2025-07-25T01:47:00.529+0000] {docker.py:429} INFO - found org.apache.spark#spark-sql-kafka-0-10_2.12;3.3.4 in central
[2025-07-25T01:47:00.907+0000] {docker.py:429} INFO - found org.apache.spark#spark-token-provider-kafka-0-10_2.12;3.3.4 in central
[2025-07-25T01:47:01.201+0000] {docker.py:429} INFO - found org.apache.kafka#kafka-clients;2.8.1 in central
[2025-07-25T01:47:01.492+0000] {docker.py:429} INFO - found org.lz4#lz4-java;1.8.0 in central
[2025-07-25T01:47:01.789+0000] {docker.py:429} INFO - found org.xerial.snappy#snappy-java;1.1.8.4 in central
[2025-07-25T01:47:02.947+0000] {docker.py:429} INFO - found org.slf4j#slf4j-api;1.7.32 in central
[2025-07-25T01:47:05.124+0000] {docker.py:429} INFO - found org.apache.hadoop#hadoop-client-runtime;3.3.2 in central
[2025-07-25T01:47:06.344+0000] {docker.py:429} INFO - found org.spark-project.spark#unused;1.0.0 in central
[2025-07-25T01:47:06.657+0000] {docker.py:429} INFO - found org.apache.hadoop#hadoop-client-api;3.3.2 in central
[2025-07-25T01:47:08.705+0000] {docker.py:429} INFO - found commons-logging#commons-logging;1.1.3 in central
[2025-07-25T01:47:08.993+0000] {docker.py:429} INFO - found com.google.code.findbugs#jsr305;3.0.0 in central
[2025-07-25T01:47:09.662+0000] {docker.py:429} INFO - found org.apache.commons#commons-pool2;2.11.1 in central
[2025-07-25T01:47:09.814+0000] {docker.py:429} INFO - downloading https://repo1.maven.org/maven2/org/apache/spark/spark-sql-kafka-0-10_2.12/3.3.4/spark-sql-kafka-0-10_2.12-3.3.4.jar ...
[2025-07-25T01:47:10.169+0000] {docker.py:429} INFO - [SUCCESSFUL ] org.apache.spark#spark-sql-kafka-0-10_2.12;3.3.4!spark-sql-kafka-0-10_2.12.jar (501ms)
[2025-07-25T01:47:10.312+0000] {docker.py:429} INFO - downloading https://repo1.maven.org/maven2/org/apache/spark/spark-token-provider-kafka-0-10_2.12/3.3.4/spark-token-provider-kafka-0-10_2.12-3.3.4.jar ...
[2025-07-25T01:47:10.458+0000] {docker.py:429} INFO - [SUCCESSFUL ] org.apache.spark#spark-token-provider-kafka-0-10_2.12;3.3.4!spark-token-provider-kafka-0-10_2.12.jar (288ms)
[2025-07-25T01:47:10.598+0000] {docker.py:429} INFO - downloading https://repo1.maven.org/maven2/org/apache/kafka/kafka-clients/2.8.1/kafka-clients-2.8.1.jar ...
[2025-07-25T01:47:11.238+0000] {docker.py:429} INFO - [SUCCESSFUL ] org.apache.kafka#kafka-clients;2.8.1!kafka-clients.jar (780ms)
[2025-07-25T01:47:11.380+0000] {docker.py:429} INFO - downloading https://repo1.maven.org/maven2/com/google/code/findbugs/jsr305/3.0.0/jsr305-3.0.0.jar ...
[2025-07-25T01:47:11.523+0000] {docker.py:429} INFO - [SUCCESSFUL ] com.google.code.findbugs#jsr305;3.0.0!jsr305.jar (284ms)
[2025-07-25T01:47:11.664+0000] {docker.py:429} INFO - downloading https://repo1.maven.org/maven2/org/apache/commons/commons-pool2/2.11.1/commons-pool2-2.11.1.jar ...
[2025-07-25T01:47:11.822+0000] {docker.py:429} INFO - [SUCCESSFUL ] org.apache.commons#commons-pool2;2.11.1!commons-pool2.jar (299ms)
[2025-07-25T01:47:11.964+0000] {docker.py:429} INFO - downloading https://repo1.maven.org/maven2/org/spark-project/spark/unused/1.0.0/unused-1.0.0.jar ...
[2025-07-25T01:47:12.107+0000] {docker.py:429} INFO - [SUCCESSFUL ] org.spark-project.spark#unused;1.0.0!unused.jar (284ms)
[2025-07-25T01:47:12.248+0000] {docker.py:429} INFO - downloading https://repo1.maven.org/maven2/org/apache/hadoop/hadoop-client-runtime/3.3.2/hadoop-client-runtime-3.3.2.jar ...
[2025-07-25T01:47:14.230+0000] {docker.py:429} INFO - [SUCCESSFUL ] org.apache.hadoop#hadoop-client-runtime;3.3.2!hadoop-client-runtime.jar (2124ms)
[2025-07-25T01:47:14.376+0000] {docker.py:429} INFO - downloading https://repo1.maven.org/maven2/org/lz4/lz4-java/1.8.0/lz4-java-1.8.0.jar ...
[2025-07-25T01:47:14.558+0000] {docker.py:429} INFO - [SUCCESSFUL ] org.lz4#lz4-java;1.8.0!lz4-java.jar (327ms)
[2025-07-25T01:47:14.702+0000] {docker.py:429} INFO - downloading https://repo1.maven.org/maven2/org/xerial/snappy/snappy-java/1.1.8.4/snappy-java-1.1.8.4.jar ...
[2025-07-25T01:47:14.948+0000] {docker.py:429} INFO - [SUCCESSFUL ] org.xerial.snappy#snappy-java;1.1.8.4!snappy-java.jar(bundle) (389ms)
[2025-07-25T01:47:15.100+0000] {docker.py:429} INFO - downloading https://repo1.maven.org/maven2/org/slf4j/slf4j-api/1.7.32/slf4j-api-1.7.32.jar ...
[2025-07-25T01:47:15.247+0000] {docker.py:429} INFO - [SUCCESSFUL ] org.slf4j#slf4j-api;1.7.32!slf4j-api.jar (298ms)
[2025-07-25T01:47:15.417+0000] {docker.py:429} INFO - downloading https://repo1.maven.org/maven2/org/apache/hadoop/hadoop-client-api/3.3.2/hadoop-client-api-3.3.2.jar ...
[2025-07-25T01:47:17.422+0000] {docker.py:429} INFO - [SUCCESSFUL ] org.apache.hadoop#hadoop-client-api;3.3.2!hadoop-client-api.jar (2175ms)
[2025-07-25T01:47:17.602+0000] {docker.py:429} INFO - downloading https://repo1.maven.org/maven2/commons-logging/commons-logging/1.1.3/commons-logging-1.1.3.jar ...
[2025-07-25T01:47:17.777+0000] {docker.py:429} INFO - [SUCCESSFUL ] commons-logging#commons-logging;1.1.3!commons-logging.jar (355ms)
[2025-07-25T01:47:17.778+0000] {docker.py:429} INFO - :: resolution report :: resolve 12318ms :: artifacts dl 8110ms
	:: modules in use:
[2025-07-25T01:47:17.778+0000] {docker.py:429} INFO - com.google.code.findbugs#jsr305;3.0.0 from central in [default]
	commons-logging#commons-logging;1.1.3 from central in [default]
	org.apache.commons#commons-pool2;2.11.1 from central in [default]
	org.apache.hadoop#hadoop-client-api;3.3.2 from central in [default]
	org.apache.hadoop#hadoop-client-runtime;3.3.2 from central in [default]
	org.apache.kafka#kafka-clients;2.8.1 from central in [default]
	org.apache.spark#spark-sql-kafka-0-10_2.12;3.3.4 from central in [default]
	org.apache.spark#spark-token-provider-kafka-0-10_2.12;3.3.4 from central in [default]
[2025-07-25T01:47:17.778+0000] {docker.py:429} INFO - org.lz4#lz4-java;1.8.0 from central in [default]
	org.slf4j#slf4j-api;1.7.32 from central in [default]
	org.spark-project.spark#unused;1.0.0 from central in [default]
	org.xerial.snappy#snappy-java;1.1.8.4 from central in [default]
[2025-07-25T01:47:17.778+0000] {docker.py:429} INFO - ---------------------------------------------------------------------
	|                  |            modules            ||   artifacts   |
[2025-07-25T01:47:17.778+0000] {docker.py:429} INFO - |       conf       | number| search|dwnlded|evicted|| number|dwnlded|
	---------------------------------------------------------------------
[2025-07-25T01:47:17.778+0000] {docker.py:429} INFO - |      default     |   12  |   12  |   12  |   0   ||   12  |   12  |
	---------------------------------------------------------------------
[2025-07-25T01:47:17.781+0000] {docker.py:429} INFO - :: retrieving :: org.apache.spark#spark-submit-parent-12fa003b-e596-42de-bcb3-6d870c1b414e
	confs: [default]
[2025-07-25T01:47:17.821+0000] {docker.py:429} INFO - 12 artifacts copied, 0 already retrieved (56631kB/39ms)
[2025-07-25T01:47:17.928+0000] {docker.py:429} INFO - 25/07/25 01:47:17 WARN NativeCodeLoader: Unable to load native-hadoop library for your platform... using builtin-java classes where applicable
[2025-07-25T01:47:18.498+0000] {docker.py:429} INFO - 25/07/25 01:47:18 INFO SparkContext: Running Spark version 3.3.4
[2025-07-25T01:47:18.509+0000] {docker.py:429} INFO - 25/07/25 01:47:18 INFO ResourceUtils: ==============================================================
[2025-07-25T01:47:18.509+0000] {docker.py:429} INFO - 25/07/25 01:47:18 INFO ResourceUtils: No custom resources configured for spark.driver.
[2025-07-25T01:47:18.509+0000] {docker.py:429} INFO - 25/07/25 01:47:18 INFO ResourceUtils: ==============================================================
[2025-07-25T01:47:18.510+0000] {docker.py:429} INFO - 25/07/25 01:47:18 INFO SparkContext: Submitted application: GoldToPostgres
[2025-07-25T01:47:18.523+0000] {docker.py:429} INFO - 25/07/25 01:47:18 INFO ResourceProfile: Default ResourceProfile created, executor resources: Map(cores -> name: cores, amount: 1, script: , vendor: , memory -> name: memory, amount: 1024, script: , vendor: , offHeap -> name: offHeap, amount: 0, script: , vendor: ), task resources: Map(cpus -> name: cpus, amount: 1.0)
[2025-07-25T01:47:18.527+0000] {docker.py:429} INFO - 25/07/25 01:47:18 INFO ResourceProfile: Limiting resource is cpu
[2025-07-25T01:47:18.527+0000] {docker.py:429} INFO - 25/07/25 01:47:18 INFO ResourceProfileManager: Added ResourceProfile id: 0
[2025-07-25T01:47:18.554+0000] {docker.py:429} INFO - 25/07/25 01:47:18 INFO SecurityManager: Changing view acls to: spark
[2025-07-25T01:47:18.554+0000] {docker.py:429} INFO - 25/07/25 01:47:18 INFO SecurityManager: Changing modify acls to: spark
[2025-07-25T01:47:18.555+0000] {docker.py:429} INFO - 25/07/25 01:47:18 INFO SecurityManager: Changing view acls groups to:
[2025-07-25T01:47:18.555+0000] {docker.py:429} INFO - 25/07/25 01:47:18 INFO SecurityManager: Changing modify acls groups to:
[2025-07-25T01:47:18.555+0000] {docker.py:429} INFO - 25/07/25 01:47:18 INFO SecurityManager: SecurityManager: authentication disabled; ui acls disabled; users  with view permissions: Set(spark); groups with view permissions: Set(); users  with modify permissions: Set(spark); groups with modify permissions: Set()
[2025-07-25T01:47:18.679+0000] {docker.py:429} INFO - 25/07/25 01:47:18 INFO Utils: Successfully started service 'sparkDriver' on port 46117.
[2025-07-25T01:47:18.694+0000] {docker.py:429} INFO - 25/07/25 01:47:18 INFO SparkEnv: Registering MapOutputTracker
[2025-07-25T01:47:18.713+0000] {docker.py:429} INFO - 25/07/25 01:47:18 INFO SparkEnv: Registering BlockManagerMaster
[2025-07-25T01:47:18.722+0000] {docker.py:429} INFO - 25/07/25 01:47:18 INFO BlockManagerMasterEndpoint: Using org.apache.spark.storage.DefaultTopologyMapper for getting topology information
[2025-07-25T01:47:18.723+0000] {docker.py:429} INFO - 25/07/25 01:47:18 INFO BlockManagerMasterEndpoint: BlockManagerMasterEndpoint up
[2025-07-25T01:47:18.725+0000] {docker.py:429} INFO - 25/07/25 01:47:18 INFO SparkEnv: Registering BlockManagerMasterHeartbeat
[2025-07-25T01:47:18.736+0000] {docker.py:429} INFO - 25/07/25 01:47:18 INFO DiskBlockManager: Created local directory at /tmp/blockmgr-5fae8aed-1941-4830-a5d0-e736b2d71f1d
[2025-07-25T01:47:18.746+0000] {docker.py:429} INFO - 25/07/25 01:47:18 INFO MemoryStore: MemoryStore started with capacity 434.4 MiB
[2025-07-25T01:47:18.754+0000] {docker.py:429} INFO - 25/07/25 01:47:18 INFO SparkEnv: Registering OutputCommitCoordinator
[2025-07-25T01:47:18.858+0000] {docker.py:429} INFO - 25/07/25 01:47:18 INFO Utils: Successfully started service 'SparkUI' on port 4040.
[2025-07-25T01:47:18.877+0000] {docker.py:429} INFO - 25/07/25 01:47:18 INFO SparkContext: Added JAR file:///opt/bitnami/spark/.ivy2/jars/org.apache.spark_spark-sql-kafka-0-10_2.12-3.3.4.jar at spark://1a652487c74c:46117/jars/org.apache.spark_spark-sql-kafka-0-10_2.12-3.3.4.jar with timestamp 1753408038492
[2025-07-25T01:47:18.878+0000] {docker.py:429} INFO - 25/07/25 01:47:18 INFO SparkContext: Added JAR file:///opt/bitnami/spark/.ivy2/jars/org.apache.spark_spark-token-provider-kafka-0-10_2.12-3.3.4.jar at spark://1a652487c74c:46117/jars/org.apache.spark_spark-token-provider-kafka-0-10_2.12-3.3.4.jar with timestamp 1753408038492
[2025-07-25T01:47:18.878+0000] {docker.py:429} INFO - 25/07/25 01:47:18 INFO SparkContext: Added JAR file:///opt/bitnami/spark/.ivy2/jars/org.apache.kafka_kafka-clients-2.8.1.jar at spark://1a652487c74c:46117/jars/org.apache.kafka_kafka-clients-2.8.1.jar with timestamp 1753408038492
[2025-07-25T01:47:18.878+0000] {docker.py:429} INFO - 25/07/25 01:47:18 INFO SparkContext: Added JAR file:///opt/bitnami/spark/.ivy2/jars/com.google.code.findbugs_jsr305-3.0.0.jar at spark://1a652487c74c:46117/jars/com.google.code.findbugs_jsr305-3.0.0.jar with timestamp 1753408038492
[2025-07-25T01:47:18.878+0000] {docker.py:429} INFO - 25/07/25 01:47:18 INFO SparkContext: Added JAR file:///opt/bitnami/spark/.ivy2/jars/org.apache.commons_commons-pool2-2.11.1.jar at spark://1a652487c74c:46117/jars/org.apache.commons_commons-pool2-2.11.1.jar with timestamp 1753408038492
[2025-07-25T01:47:18.878+0000] {docker.py:429} INFO - 25/07/25 01:47:18 INFO SparkContext: Added JAR file:///opt/bitnami/spark/.ivy2/jars/org.spark-project.spark_unused-1.0.0.jar at spark://1a652487c74c:46117/jars/org.spark-project.spark_unused-1.0.0.jar with timestamp 1753408038492
25/07/25 01:47:18 INFO SparkContext: Added JAR file:///opt/bitnami/spark/.ivy2/jars/org.apache.hadoop_hadoop-client-runtime-3.3.2.jar at spark://1a652487c74c:46117/jars/org.apache.hadoop_hadoop-client-runtime-3.3.2.jar with timestamp 1753408038492
25/07/25 01:47:18 INFO SparkContext: Added JAR file:///opt/bitnami/spark/.ivy2/jars/org.lz4_lz4-java-1.8.0.jar at spark://1a652487c74c:46117/jars/org.lz4_lz4-java-1.8.0.jar with timestamp 1753408038492
[2025-07-25T01:47:18.878+0000] {docker.py:429} INFO - 25/07/25 01:47:18 INFO SparkContext: Added JAR file:///opt/bitnami/spark/.ivy2/jars/org.xerial.snappy_snappy-java-1.1.8.4.jar at spark://1a652487c74c:46117/jars/org.xerial.snappy_snappy-java-1.1.8.4.jar with timestamp 1753408038492
[2025-07-25T01:47:18.879+0000] {docker.py:429} INFO - 25/07/25 01:47:18 INFO SparkContext: Added JAR file:///opt/bitnami/spark/.ivy2/jars/org.slf4j_slf4j-api-1.7.32.jar at spark://1a652487c74c:46117/jars/org.slf4j_slf4j-api-1.7.32.jar with timestamp 1753408038492
[2025-07-25T01:47:18.879+0000] {docker.py:429} INFO - 25/07/25 01:47:18 INFO SparkContext: Added JAR file:///opt/bitnami/spark/.ivy2/jars/org.apache.hadoop_hadoop-client-api-3.3.2.jar at spark://1a652487c74c:46117/jars/org.apache.hadoop_hadoop-client-api-3.3.2.jar with timestamp 1753408038492
[2025-07-25T01:47:18.879+0000] {docker.py:429} INFO - 25/07/25 01:47:18 INFO SparkContext: Added JAR file:///opt/bitnami/spark/.ivy2/jars/commons-logging_commons-logging-1.1.3.jar at spark://1a652487c74c:46117/jars/commons-logging_commons-logging-1.1.3.jar with timestamp 1753408038492
[2025-07-25T01:47:18.881+0000] {docker.py:429} INFO - 25/07/25 01:47:18 INFO SparkContext: Added file file:///opt/bitnami/spark/.ivy2/jars/org.apache.spark_spark-sql-kafka-0-10_2.12-3.3.4.jar at file:///opt/bitnami/spark/.ivy2/jars/org.apache.spark_spark-sql-kafka-0-10_2.12-3.3.4.jar with timestamp 1753408038492
[2025-07-25T01:47:18.882+0000] {docker.py:429} INFO - 25/07/25 01:47:18 INFO Utils: Copying /opt/bitnami/spark/.ivy2/jars/org.apache.spark_spark-sql-kafka-0-10_2.12-3.3.4.jar to /tmp/spark-6c07d458-53bd-49de-9a00-b230644bf608/userFiles-47539992-62a5-4e3c-91a2-dd4e00cb0d88/org.apache.spark_spark-sql-kafka-0-10_2.12-3.3.4.jar
[2025-07-25T01:47:18.887+0000] {docker.py:429} INFO - 25/07/25 01:47:18 INFO SparkContext: Added file file:///opt/bitnami/spark/.ivy2/jars/org.apache.spark_spark-token-provider-kafka-0-10_2.12-3.3.4.jar at file:///opt/bitnami/spark/.ivy2/jars/org.apache.spark_spark-token-provider-kafka-0-10_2.12-3.3.4.jar with timestamp 1753408038492
[2025-07-25T01:47:18.887+0000] {docker.py:429} INFO - 25/07/25 01:47:18 INFO Utils: Copying /opt/bitnami/spark/.ivy2/jars/org.apache.spark_spark-token-provider-kafka-0-10_2.12-3.3.4.jar to /tmp/spark-6c07d458-53bd-49de-9a00-b230644bf608/userFiles-47539992-62a5-4e3c-91a2-dd4e00cb0d88/org.apache.spark_spark-token-provider-kafka-0-10_2.12-3.3.4.jar
[2025-07-25T01:47:18.889+0000] {docker.py:429} INFO - 25/07/25 01:47:18 INFO SparkContext: Added file file:///opt/bitnami/spark/.ivy2/jars/org.apache.kafka_kafka-clients-2.8.1.jar at file:///opt/bitnami/spark/.ivy2/jars/org.apache.kafka_kafka-clients-2.8.1.jar with timestamp 1753408038492
[2025-07-25T01:47:18.889+0000] {docker.py:429} INFO - 25/07/25 01:47:18 INFO Utils: Copying /opt/bitnami/spark/.ivy2/jars/org.apache.kafka_kafka-clients-2.8.1.jar to /tmp/spark-6c07d458-53bd-49de-9a00-b230644bf608/userFiles-47539992-62a5-4e3c-91a2-dd4e00cb0d88/org.apache.kafka_kafka-clients-2.8.1.jar
[2025-07-25T01:47:18.896+0000] {docker.py:429} INFO - 25/07/25 01:47:18 INFO SparkContext: Added file file:///opt/bitnami/spark/.ivy2/jars/com.google.code.findbugs_jsr305-3.0.0.jar at file:///opt/bitnami/spark/.ivy2/jars/com.google.code.findbugs_jsr305-3.0.0.jar with timestamp 1753408038492
[2025-07-25T01:47:18.897+0000] {docker.py:429} INFO - 25/07/25 01:47:18 INFO Utils: Copying /opt/bitnami/spark/.ivy2/jars/com.google.code.findbugs_jsr305-3.0.0.jar to /tmp/spark-6c07d458-53bd-49de-9a00-b230644bf608/userFiles-47539992-62a5-4e3c-91a2-dd4e00cb0d88/com.google.code.findbugs_jsr305-3.0.0.jar
[2025-07-25T01:47:18.900+0000] {docker.py:429} INFO - 25/07/25 01:47:18 INFO SparkContext: Added file file:///opt/bitnami/spark/.ivy2/jars/org.apache.commons_commons-pool2-2.11.1.jar at file:///opt/bitnami/spark/.ivy2/jars/org.apache.commons_commons-pool2-2.11.1.jar with timestamp 1753408038492
[2025-07-25T01:47:18.900+0000] {docker.py:429} INFO - 25/07/25 01:47:18 INFO Utils: Copying /opt/bitnami/spark/.ivy2/jars/org.apache.commons_commons-pool2-2.11.1.jar to /tmp/spark-6c07d458-53bd-49de-9a00-b230644bf608/userFiles-47539992-62a5-4e3c-91a2-dd4e00cb0d88/org.apache.commons_commons-pool2-2.11.1.jar
[2025-07-25T01:47:18.903+0000] {docker.py:429} INFO - 25/07/25 01:47:18 INFO SparkContext: Added file file:///opt/bitnami/spark/.ivy2/jars/org.spark-project.spark_unused-1.0.0.jar at file:///opt/bitnami/spark/.ivy2/jars/org.spark-project.spark_unused-1.0.0.jar with timestamp 1753408038492
[2025-07-25T01:47:18.903+0000] {docker.py:429} INFO - 25/07/25 01:47:18 INFO Utils: Copying /opt/bitnami/spark/.ivy2/jars/org.spark-project.spark_unused-1.0.0.jar to /tmp/spark-6c07d458-53bd-49de-9a00-b230644bf608/userFiles-47539992-62a5-4e3c-91a2-dd4e00cb0d88/org.spark-project.spark_unused-1.0.0.jar
[2025-07-25T01:47:18.904+0000] {docker.py:429} INFO - 25/07/25 01:47:18 INFO SparkContext: Added file file:///opt/bitnami/spark/.ivy2/jars/org.apache.hadoop_hadoop-client-runtime-3.3.2.jar at file:///opt/bitnami/spark/.ivy2/jars/org.apache.hadoop_hadoop-client-runtime-3.3.2.jar with timestamp 1753408038492
[2025-07-25T01:47:18.905+0000] {docker.py:429} INFO - 25/07/25 01:47:18 INFO Utils: Copying /opt/bitnami/spark/.ivy2/jars/org.apache.hadoop_hadoop-client-runtime-3.3.2.jar to /tmp/spark-6c07d458-53bd-49de-9a00-b230644bf608/userFiles-47539992-62a5-4e3c-91a2-dd4e00cb0d88/org.apache.hadoop_hadoop-client-runtime-3.3.2.jar
[2025-07-25T01:47:18.923+0000] {docker.py:429} INFO - 25/07/25 01:47:18 INFO SparkContext: Added file file:///opt/bitnami/spark/.ivy2/jars/org.lz4_lz4-java-1.8.0.jar at file:///opt/bitnami/spark/.ivy2/jars/org.lz4_lz4-java-1.8.0.jar with timestamp 1753408038492
[2025-07-25T01:47:18.923+0000] {docker.py:429} INFO - 25/07/25 01:47:18 INFO Utils: Copying /opt/bitnami/spark/.ivy2/jars/org.lz4_lz4-java-1.8.0.jar to /tmp/spark-6c07d458-53bd-49de-9a00-b230644bf608/userFiles-47539992-62a5-4e3c-91a2-dd4e00cb0d88/org.lz4_lz4-java-1.8.0.jar
[2025-07-25T01:47:18.926+0000] {docker.py:429} INFO - 25/07/25 01:47:18 INFO SparkContext: Added file file:///opt/bitnami/spark/.ivy2/jars/org.xerial.snappy_snappy-java-1.1.8.4.jar at file:///opt/bitnami/spark/.ivy2/jars/org.xerial.snappy_snappy-java-1.1.8.4.jar with timestamp 1753408038492
[2025-07-25T01:47:18.926+0000] {docker.py:429} INFO - 25/07/25 01:47:18 INFO Utils: Copying /opt/bitnami/spark/.ivy2/jars/org.xerial.snappy_snappy-java-1.1.8.4.jar to /tmp/spark-6c07d458-53bd-49de-9a00-b230644bf608/userFiles-47539992-62a5-4e3c-91a2-dd4e00cb0d88/org.xerial.snappy_snappy-java-1.1.8.4.jar
[2025-07-25T01:47:18.929+0000] {docker.py:429} INFO - 25/07/25 01:47:18 INFO SparkContext: Added file file:///opt/bitnami/spark/.ivy2/jars/org.slf4j_slf4j-api-1.7.32.jar at file:///opt/bitnami/spark/.ivy2/jars/org.slf4j_slf4j-api-1.7.32.jar with timestamp 1753408038492
[2025-07-25T01:47:18.929+0000] {docker.py:429} INFO - 25/07/25 01:47:18 INFO Utils: Copying /opt/bitnami/spark/.ivy2/jars/org.slf4j_slf4j-api-1.7.32.jar to /tmp/spark-6c07d458-53bd-49de-9a00-b230644bf608/userFiles-47539992-62a5-4e3c-91a2-dd4e00cb0d88/org.slf4j_slf4j-api-1.7.32.jar
[2025-07-25T01:47:18.932+0000] {docker.py:429} INFO - 25/07/25 01:47:18 INFO SparkContext: Added file file:///opt/bitnami/spark/.ivy2/jars/org.apache.hadoop_hadoop-client-api-3.3.2.jar at file:///opt/bitnami/spark/.ivy2/jars/org.apache.hadoop_hadoop-client-api-3.3.2.jar with timestamp 1753408038492
[2025-07-25T01:47:18.932+0000] {docker.py:429} INFO - 25/07/25 01:47:18 INFO Utils: Copying /opt/bitnami/spark/.ivy2/jars/org.apache.hadoop_hadoop-client-api-3.3.2.jar to /tmp/spark-6c07d458-53bd-49de-9a00-b230644bf608/userFiles-47539992-62a5-4e3c-91a2-dd4e00cb0d88/org.apache.hadoop_hadoop-client-api-3.3.2.jar
[2025-07-25T01:47:18.944+0000] {docker.py:429} INFO - 25/07/25 01:47:18 INFO SparkContext: Added file file:///opt/bitnami/spark/.ivy2/jars/commons-logging_commons-logging-1.1.3.jar at file:///opt/bitnami/spark/.ivy2/jars/commons-logging_commons-logging-1.1.3.jar with timestamp 1753408038492
[2025-07-25T01:47:18.944+0000] {docker.py:429} INFO - 25/07/25 01:47:18 INFO Utils: Copying /opt/bitnami/spark/.ivy2/jars/commons-logging_commons-logging-1.1.3.jar to /tmp/spark-6c07d458-53bd-49de-9a00-b230644bf608/userFiles-47539992-62a5-4e3c-91a2-dd4e00cb0d88/commons-logging_commons-logging-1.1.3.jar
[2025-07-25T01:47:18.980+0000] {docker.py:429} INFO - 25/07/25 01:47:18 INFO Executor: Starting executor ID driver on host 1a652487c74c
[2025-07-25T01:47:18.983+0000] {docker.py:429} INFO - 25/07/25 01:47:18 INFO Executor: Starting executor with user classpath (userClassPathFirst = false): ''
[2025-07-25T01:47:18.988+0000] {docker.py:429} INFO - 25/07/25 01:47:18 INFO Executor: Fetching file:///opt/bitnami/spark/.ivy2/jars/commons-logging_commons-logging-1.1.3.jar with timestamp 1753408038492
[2025-07-25T01:47:18.996+0000] {docker.py:429} INFO - 25/07/25 01:47:18 INFO Utils: /opt/bitnami/spark/.ivy2/jars/commons-logging_commons-logging-1.1.3.jar has been previously copied to /tmp/spark-6c07d458-53bd-49de-9a00-b230644bf608/userFiles-47539992-62a5-4e3c-91a2-dd4e00cb0d88/commons-logging_commons-logging-1.1.3.jar
[2025-07-25T01:47:18.998+0000] {docker.py:429} INFO - 25/07/25 01:47:18 INFO Executor: Fetching file:///opt/bitnami/spark/.ivy2/jars/org.apache.hadoop_hadoop-client-runtime-3.3.2.jar with timestamp 1753408038492
[2025-07-25T01:47:19.011+0000] {docker.py:429} INFO - 25/07/25 01:47:19 INFO Utils: /opt/bitnami/spark/.ivy2/jars/org.apache.hadoop_hadoop-client-runtime-3.3.2.jar has been previously copied to /tmp/spark-6c07d458-53bd-49de-9a00-b230644bf608/userFiles-47539992-62a5-4e3c-91a2-dd4e00cb0d88/org.apache.hadoop_hadoop-client-runtime-3.3.2.jar
[2025-07-25T01:47:19.013+0000] {docker.py:429} INFO - 25/07/25 01:47:19 INFO Executor: Fetching file:///opt/bitnami/spark/.ivy2/jars/org.apache.commons_commons-pool2-2.11.1.jar with timestamp 1753408038492
[2025-07-25T01:47:19.014+0000] {docker.py:429} INFO - 25/07/25 01:47:19 INFO Utils: /opt/bitnami/spark/.ivy2/jars/org.apache.commons_commons-pool2-2.11.1.jar has been previously copied to /tmp/spark-6c07d458-53bd-49de-9a00-b230644bf608/userFiles-47539992-62a5-4e3c-91a2-dd4e00cb0d88/org.apache.commons_commons-pool2-2.11.1.jar
[2025-07-25T01:47:19.015+0000] {docker.py:429} INFO - 25/07/25 01:47:19 INFO Executor: Fetching file:///opt/bitnami/spark/.ivy2/jars/org.slf4j_slf4j-api-1.7.32.jar with timestamp 1753408038492
[2025-07-25T01:47:19.016+0000] {docker.py:429} INFO - 25/07/25 01:47:19 INFO Utils: /opt/bitnami/spark/.ivy2/jars/org.slf4j_slf4j-api-1.7.32.jar has been previously copied to /tmp/spark-6c07d458-53bd-49de-9a00-b230644bf608/userFiles-47539992-62a5-4e3c-91a2-dd4e00cb0d88/org.slf4j_slf4j-api-1.7.32.jar
[2025-07-25T01:47:19.017+0000] {docker.py:429} INFO - 25/07/25 01:47:19 INFO Executor: Fetching file:///opt/bitnami/spark/.ivy2/jars/org.lz4_lz4-java-1.8.0.jar with timestamp 1753408038492
[2025-07-25T01:47:19.018+0000] {docker.py:429} INFO - 25/07/25 01:47:19 INFO Utils: /opt/bitnami/spark/.ivy2/jars/org.lz4_lz4-java-1.8.0.jar has been previously copied to /tmp/spark-6c07d458-53bd-49de-9a00-b230644bf608/userFiles-47539992-62a5-4e3c-91a2-dd4e00cb0d88/org.lz4_lz4-java-1.8.0.jar
[2025-07-25T01:47:19.020+0000] {docker.py:429} INFO - 25/07/25 01:47:19 INFO Executor: Fetching file:///opt/bitnami/spark/.ivy2/jars/org.apache.kafka_kafka-clients-2.8.1.jar with timestamp 1753408038492
[2025-07-25T01:47:19.022+0000] {docker.py:429} INFO - 25/07/25 01:47:19 INFO Utils: /opt/bitnami/spark/.ivy2/jars/org.apache.kafka_kafka-clients-2.8.1.jar has been previously copied to /tmp/spark-6c07d458-53bd-49de-9a00-b230644bf608/userFiles-47539992-62a5-4e3c-91a2-dd4e00cb0d88/org.apache.kafka_kafka-clients-2.8.1.jar
[2025-07-25T01:47:19.023+0000] {docker.py:429} INFO - 25/07/25 01:47:19 INFO Executor: Fetching file:///opt/bitnami/spark/.ivy2/jars/org.apache.spark_spark-token-provider-kafka-0-10_2.12-3.3.4.jar with timestamp 1753408038492
[2025-07-25T01:47:19.024+0000] {docker.py:429} INFO - 25/07/25 01:47:19 INFO Utils: /opt/bitnami/spark/.ivy2/jars/org.apache.spark_spark-token-provider-kafka-0-10_2.12-3.3.4.jar has been previously copied to /tmp/spark-6c07d458-53bd-49de-9a00-b230644bf608/userFiles-47539992-62a5-4e3c-91a2-dd4e00cb0d88/org.apache.spark_spark-token-provider-kafka-0-10_2.12-3.3.4.jar
[2025-07-25T01:47:19.025+0000] {docker.py:429} INFO - 25/07/25 01:47:19 INFO Executor: Fetching file:///opt/bitnami/spark/.ivy2/jars/com.google.code.findbugs_jsr305-3.0.0.jar with timestamp 1753408038492
[2025-07-25T01:47:19.026+0000] {docker.py:429} INFO - 25/07/25 01:47:19 INFO Utils: /opt/bitnami/spark/.ivy2/jars/com.google.code.findbugs_jsr305-3.0.0.jar has been previously copied to /tmp/spark-6c07d458-53bd-49de-9a00-b230644bf608/userFiles-47539992-62a5-4e3c-91a2-dd4e00cb0d88/com.google.code.findbugs_jsr305-3.0.0.jar
[2025-07-25T01:47:19.027+0000] {docker.py:429} INFO - 25/07/25 01:47:19 INFO Executor: Fetching file:///opt/bitnami/spark/.ivy2/jars/org.xerial.snappy_snappy-java-1.1.8.4.jar with timestamp 1753408038492
[2025-07-25T01:47:19.028+0000] {docker.py:429} INFO - 25/07/25 01:47:19 INFO Utils: /opt/bitnami/spark/.ivy2/jars/org.xerial.snappy_snappy-java-1.1.8.4.jar has been previously copied to /tmp/spark-6c07d458-53bd-49de-9a00-b230644bf608/userFiles-47539992-62a5-4e3c-91a2-dd4e00cb0d88/org.xerial.snappy_snappy-java-1.1.8.4.jar
[2025-07-25T01:47:19.030+0000] {docker.py:429} INFO - 25/07/25 01:47:19 INFO Executor: Fetching file:///opt/bitnami/spark/.ivy2/jars/org.apache.hadoop_hadoop-client-api-3.3.2.jar with timestamp 1753408038492
[2025-07-25T01:47:19.038+0000] {docker.py:429} INFO - 25/07/25 01:47:19 INFO Utils: /opt/bitnami/spark/.ivy2/jars/org.apache.hadoop_hadoop-client-api-3.3.2.jar has been previously copied to /tmp/spark-6c07d458-53bd-49de-9a00-b230644bf608/userFiles-47539992-62a5-4e3c-91a2-dd4e00cb0d88/org.apache.hadoop_hadoop-client-api-3.3.2.jar
[2025-07-25T01:47:19.040+0000] {docker.py:429} INFO - 25/07/25 01:47:19 INFO Executor: Fetching file:///opt/bitnami/spark/.ivy2/jars/org.spark-project.spark_unused-1.0.0.jar with timestamp 1753408038492
[2025-07-25T01:47:19.040+0000] {docker.py:429} INFO - 25/07/25 01:47:19 INFO Utils: /opt/bitnami/spark/.ivy2/jars/org.spark-project.spark_unused-1.0.0.jar has been previously copied to /tmp/spark-6c07d458-53bd-49de-9a00-b230644bf608/userFiles-47539992-62a5-4e3c-91a2-dd4e00cb0d88/org.spark-project.spark_unused-1.0.0.jar
[2025-07-25T01:47:19.042+0000] {docker.py:429} INFO - 25/07/25 01:47:19 INFO Executor: Fetching file:///opt/bitnami/spark/.ivy2/jars/org.apache.spark_spark-sql-kafka-0-10_2.12-3.3.4.jar with timestamp 1753408038492
[2025-07-25T01:47:19.042+0000] {docker.py:429} INFO - 25/07/25 01:47:19 INFO Utils: /opt/bitnami/spark/.ivy2/jars/org.apache.spark_spark-sql-kafka-0-10_2.12-3.3.4.jar has been previously copied to /tmp/spark-6c07d458-53bd-49de-9a00-b230644bf608/userFiles-47539992-62a5-4e3c-91a2-dd4e00cb0d88/org.apache.spark_spark-sql-kafka-0-10_2.12-3.3.4.jar
[2025-07-25T01:47:19.045+0000] {docker.py:429} INFO - 25/07/25 01:47:19 INFO Executor: Fetching spark://1a652487c74c:46117/jars/commons-logging_commons-logging-1.1.3.jar with timestamp 1753408038492
[2025-07-25T01:47:19.065+0000] {docker.py:429} INFO - 25/07/25 01:47:19 INFO TransportClientFactory: Successfully created connection to 1a652487c74c/172.23.0.10:46117 after 13 ms (0 ms spent in bootstraps)
[2025-07-25T01:47:19.067+0000] {docker.py:429} INFO - 25/07/25 01:47:19 INFO Utils: Fetching spark://1a652487c74c:46117/jars/commons-logging_commons-logging-1.1.3.jar to /tmp/spark-6c07d458-53bd-49de-9a00-b230644bf608/userFiles-47539992-62a5-4e3c-91a2-dd4e00cb0d88/fetchFileTemp1454697227664204940.tmp
[2025-07-25T01:47:19.091+0000] {docker.py:429} INFO - 25/07/25 01:47:19 INFO Utils: /tmp/spark-6c07d458-53bd-49de-9a00-b230644bf608/userFiles-47539992-62a5-4e3c-91a2-dd4e00cb0d88/fetchFileTemp1454697227664204940.tmp has been previously copied to /tmp/spark-6c07d458-53bd-49de-9a00-b230644bf608/userFiles-47539992-62a5-4e3c-91a2-dd4e00cb0d88/commons-logging_commons-logging-1.1.3.jar
[2025-07-25T01:47:19.093+0000] {docker.py:429} INFO - 25/07/25 01:47:19 INFO Executor: Adding file:/tmp/spark-6c07d458-53bd-49de-9a00-b230644bf608/userFiles-47539992-62a5-4e3c-91a2-dd4e00cb0d88/commons-logging_commons-logging-1.1.3.jar to class loader
[2025-07-25T01:47:19.094+0000] {docker.py:429} INFO - 25/07/25 01:47:19 INFO Executor: Fetching spark://1a652487c74c:46117/jars/org.slf4j_slf4j-api-1.7.32.jar with timestamp 1753408038492
[2025-07-25T01:47:19.094+0000] {docker.py:429} INFO - 25/07/25 01:47:19 INFO Utils: Fetching spark://1a652487c74c:46117/jars/org.slf4j_slf4j-api-1.7.32.jar to /tmp/spark-6c07d458-53bd-49de-9a00-b230644bf608/userFiles-47539992-62a5-4e3c-91a2-dd4e00cb0d88/fetchFileTemp8440823851976332139.tmp
[2025-07-25T01:47:19.095+0000] {docker.py:429} INFO - 25/07/25 01:47:19 INFO Utils: /tmp/spark-6c07d458-53bd-49de-9a00-b230644bf608/userFiles-47539992-62a5-4e3c-91a2-dd4e00cb0d88/fetchFileTemp8440823851976332139.tmp has been previously copied to /tmp/spark-6c07d458-53bd-49de-9a00-b230644bf608/userFiles-47539992-62a5-4e3c-91a2-dd4e00cb0d88/org.slf4j_slf4j-api-1.7.32.jar
[2025-07-25T01:47:19.097+0000] {docker.py:429} INFO - 25/07/25 01:47:19 INFO Executor: Adding file:/tmp/spark-6c07d458-53bd-49de-9a00-b230644bf608/userFiles-47539992-62a5-4e3c-91a2-dd4e00cb0d88/org.slf4j_slf4j-api-1.7.32.jar to class loader
[2025-07-25T01:47:19.097+0000] {docker.py:429} INFO - 25/07/25 01:47:19 INFO Executor: Fetching spark://1a652487c74c:46117/jars/org.apache.hadoop_hadoop-client-api-3.3.2.jar with timestamp 1753408038492
[2025-07-25T01:47:19.097+0000] {docker.py:429} INFO - 25/07/25 01:47:19 INFO Utils: Fetching spark://1a652487c74c:46117/jars/org.apache.hadoop_hadoop-client-api-3.3.2.jar to /tmp/spark-6c07d458-53bd-49de-9a00-b230644bf608/userFiles-47539992-62a5-4e3c-91a2-dd4e00cb0d88/fetchFileTemp7569993789481623557.tmp
[2025-07-25T01:47:19.148+0000] {docker.py:429} INFO - 25/07/25 01:47:19 INFO Utils: /tmp/spark-6c07d458-53bd-49de-9a00-b230644bf608/userFiles-47539992-62a5-4e3c-91a2-dd4e00cb0d88/fetchFileTemp7569993789481623557.tmp has been previously copied to /tmp/spark-6c07d458-53bd-49de-9a00-b230644bf608/userFiles-47539992-62a5-4e3c-91a2-dd4e00cb0d88/org.apache.hadoop_hadoop-client-api-3.3.2.jar
[2025-07-25T01:47:19.186+0000] {docker.py:429} INFO - 25/07/25 01:47:19 INFO Executor: Adding file:/tmp/spark-6c07d458-53bd-49de-9a00-b230644bf608/userFiles-47539992-62a5-4e3c-91a2-dd4e00cb0d88/org.apache.hadoop_hadoop-client-api-3.3.2.jar to class loader
[2025-07-25T01:47:19.187+0000] {docker.py:429} INFO - 25/07/25 01:47:19 INFO Executor: Fetching spark://1a652487c74c:46117/jars/org.apache.kafka_kafka-clients-2.8.1.jar with timestamp 1753408038492
[2025-07-25T01:47:19.187+0000] {docker.py:429} INFO - 25/07/25 01:47:19 INFO Utils: Fetching spark://1a652487c74c:46117/jars/org.apache.kafka_kafka-clients-2.8.1.jar to /tmp/spark-6c07d458-53bd-49de-9a00-b230644bf608/userFiles-47539992-62a5-4e3c-91a2-dd4e00cb0d88/fetchFileTemp15585434774246923209.tmp
[2025-07-25T01:47:19.196+0000] {docker.py:429} INFO - 25/07/25 01:47:19 INFO Utils: /tmp/spark-6c07d458-53bd-49de-9a00-b230644bf608/userFiles-47539992-62a5-4e3c-91a2-dd4e00cb0d88/fetchFileTemp15585434774246923209.tmp has been previously copied to /tmp/spark-6c07d458-53bd-49de-9a00-b230644bf608/userFiles-47539992-62a5-4e3c-91a2-dd4e00cb0d88/org.apache.kafka_kafka-clients-2.8.1.jar
[2025-07-25T01:47:19.208+0000] {docker.py:429} INFO - 25/07/25 01:47:19 INFO Executor: Adding file:/tmp/spark-6c07d458-53bd-49de-9a00-b230644bf608/userFiles-47539992-62a5-4e3c-91a2-dd4e00cb0d88/org.apache.kafka_kafka-clients-2.8.1.jar to class loader
[2025-07-25T01:47:19.208+0000] {docker.py:429} INFO - 25/07/25 01:47:19 INFO Executor: Fetching spark://1a652487c74c:46117/jars/org.lz4_lz4-java-1.8.0.jar with timestamp 1753408038492
[2025-07-25T01:47:19.208+0000] {docker.py:429} INFO - 25/07/25 01:47:19 INFO Utils: Fetching spark://1a652487c74c:46117/jars/org.lz4_lz4-java-1.8.0.jar to /tmp/spark-6c07d458-53bd-49de-9a00-b230644bf608/userFiles-47539992-62a5-4e3c-91a2-dd4e00cb0d88/fetchFileTemp16288240553391654529.tmp
[2025-07-25T01:47:19.212+0000] {docker.py:429} INFO - 25/07/25 01:47:19 INFO Utils: /tmp/spark-6c07d458-53bd-49de-9a00-b230644bf608/userFiles-47539992-62a5-4e3c-91a2-dd4e00cb0d88/fetchFileTemp16288240553391654529.tmp has been previously copied to /tmp/spark-6c07d458-53bd-49de-9a00-b230644bf608/userFiles-47539992-62a5-4e3c-91a2-dd4e00cb0d88/org.lz4_lz4-java-1.8.0.jar
[2025-07-25T01:47:19.215+0000] {docker.py:429} INFO - 25/07/25 01:47:19 INFO Executor: Adding file:/tmp/spark-6c07d458-53bd-49de-9a00-b230644bf608/userFiles-47539992-62a5-4e3c-91a2-dd4e00cb0d88/org.lz4_lz4-java-1.8.0.jar to class loader
[2025-07-25T01:47:19.216+0000] {docker.py:429} INFO - 25/07/25 01:47:19 INFO Executor: Fetching spark://1a652487c74c:46117/jars/org.apache.spark_spark-sql-kafka-0-10_2.12-3.3.4.jar with timestamp 1753408038492
[2025-07-25T01:47:19.216+0000] {docker.py:429} INFO - 25/07/25 01:47:19 INFO Utils: Fetching spark://1a652487c74c:46117/jars/org.apache.spark_spark-sql-kafka-0-10_2.12-3.3.4.jar to /tmp/spark-6c07d458-53bd-49de-9a00-b230644bf608/userFiles-47539992-62a5-4e3c-91a2-dd4e00cb0d88/fetchFileTemp1942912052840710856.tmp
[2025-07-25T01:47:19.217+0000] {docker.py:429} INFO - 25/07/25 01:47:19 INFO Utils: /tmp/spark-6c07d458-53bd-49de-9a00-b230644bf608/userFiles-47539992-62a5-4e3c-91a2-dd4e00cb0d88/fetchFileTemp1942912052840710856.tmp has been previously copied to /tmp/spark-6c07d458-53bd-49de-9a00-b230644bf608/userFiles-47539992-62a5-4e3c-91a2-dd4e00cb0d88/org.apache.spark_spark-sql-kafka-0-10_2.12-3.3.4.jar
[2025-07-25T01:47:19.220+0000] {docker.py:429} INFO - 25/07/25 01:47:19 INFO Executor: Adding file:/tmp/spark-6c07d458-53bd-49de-9a00-b230644bf608/userFiles-47539992-62a5-4e3c-91a2-dd4e00cb0d88/org.apache.spark_spark-sql-kafka-0-10_2.12-3.3.4.jar to class loader
[2025-07-25T01:47:19.221+0000] {docker.py:429} INFO - 25/07/25 01:47:19 INFO Executor: Fetching spark://1a652487c74c:46117/jars/com.google.code.findbugs_jsr305-3.0.0.jar with timestamp 1753408038492
[2025-07-25T01:47:19.221+0000] {docker.py:429} INFO - 25/07/25 01:47:19 INFO Utils: Fetching spark://1a652487c74c:46117/jars/com.google.code.findbugs_jsr305-3.0.0.jar to /tmp/spark-6c07d458-53bd-49de-9a00-b230644bf608/userFiles-47539992-62a5-4e3c-91a2-dd4e00cb0d88/fetchFileTemp12372092802525332306.tmp
[2025-07-25T01:47:19.221+0000] {docker.py:429} INFO - 25/07/25 01:47:19 INFO Utils: /tmp/spark-6c07d458-53bd-49de-9a00-b230644bf608/userFiles-47539992-62a5-4e3c-91a2-dd4e00cb0d88/fetchFileTemp12372092802525332306.tmp has been previously copied to /tmp/spark-6c07d458-53bd-49de-9a00-b230644bf608/userFiles-47539992-62a5-4e3c-91a2-dd4e00cb0d88/com.google.code.findbugs_jsr305-3.0.0.jar
[2025-07-25T01:47:19.223+0000] {docker.py:429} INFO - 25/07/25 01:47:19 INFO Executor: Adding file:/tmp/spark-6c07d458-53bd-49de-9a00-b230644bf608/userFiles-47539992-62a5-4e3c-91a2-dd4e00cb0d88/com.google.code.findbugs_jsr305-3.0.0.jar to class loader
[2025-07-25T01:47:19.224+0000] {docker.py:429} INFO - 25/07/25 01:47:19 INFO Executor: Fetching spark://1a652487c74c:46117/jars/org.xerial.snappy_snappy-java-1.1.8.4.jar with timestamp 1753408038492
[2025-07-25T01:47:19.224+0000] {docker.py:429} INFO - 25/07/25 01:47:19 INFO Utils: Fetching spark://1a652487c74c:46117/jars/org.xerial.snappy_snappy-java-1.1.8.4.jar to /tmp/spark-6c07d458-53bd-49de-9a00-b230644bf608/userFiles-47539992-62a5-4e3c-91a2-dd4e00cb0d88/fetchFileTemp12846905052056631498.tmp
[2025-07-25T01:47:19.229+0000] {docker.py:429} INFO - 25/07/25 01:47:19 INFO Utils: /tmp/spark-6c07d458-53bd-49de-9a00-b230644bf608/userFiles-47539992-62a5-4e3c-91a2-dd4e00cb0d88/fetchFileTemp12846905052056631498.tmp has been previously copied to /tmp/spark-6c07d458-53bd-49de-9a00-b230644bf608/userFiles-47539992-62a5-4e3c-91a2-dd4e00cb0d88/org.xerial.snappy_snappy-java-1.1.8.4.jar
[2025-07-25T01:47:19.236+0000] {docker.py:429} INFO - 25/07/25 01:47:19 INFO Executor: Adding file:/tmp/spark-6c07d458-53bd-49de-9a00-b230644bf608/userFiles-47539992-62a5-4e3c-91a2-dd4e00cb0d88/org.xerial.snappy_snappy-java-1.1.8.4.jar to class loader
[2025-07-25T01:47:19.236+0000] {docker.py:429} INFO - 25/07/25 01:47:19 INFO Executor: Fetching spark://1a652487c74c:46117/jars/org.spark-project.spark_unused-1.0.0.jar with timestamp 1753408038492
[2025-07-25T01:47:19.237+0000] {docker.py:429} INFO - 25/07/25 01:47:19 INFO Utils: Fetching spark://1a652487c74c:46117/jars/org.spark-project.spark_unused-1.0.0.jar to /tmp/spark-6c07d458-53bd-49de-9a00-b230644bf608/userFiles-47539992-62a5-4e3c-91a2-dd4e00cb0d88/fetchFileTemp11763385107355519929.tmp
[2025-07-25T01:47:19.237+0000] {docker.py:429} INFO - 25/07/25 01:47:19 INFO Utils: /tmp/spark-6c07d458-53bd-49de-9a00-b230644bf608/userFiles-47539992-62a5-4e3c-91a2-dd4e00cb0d88/fetchFileTemp11763385107355519929.tmp has been previously copied to /tmp/spark-6c07d458-53bd-49de-9a00-b230644bf608/userFiles-47539992-62a5-4e3c-91a2-dd4e00cb0d88/org.spark-project.spark_unused-1.0.0.jar
[2025-07-25T01:47:19.239+0000] {docker.py:429} INFO - 25/07/25 01:47:19 INFO Executor: Adding file:/tmp/spark-6c07d458-53bd-49de-9a00-b230644bf608/userFiles-47539992-62a5-4e3c-91a2-dd4e00cb0d88/org.spark-project.spark_unused-1.0.0.jar to class loader
[2025-07-25T01:47:19.240+0000] {docker.py:429} INFO - 25/07/25 01:47:19 INFO Executor: Fetching spark://1a652487c74c:46117/jars/org.apache.hadoop_hadoop-client-runtime-3.3.2.jar with timestamp 1753408038492
[2025-07-25T01:47:19.240+0000] {docker.py:429} INFO - 25/07/25 01:47:19 INFO Utils: Fetching spark://1a652487c74c:46117/jars/org.apache.hadoop_hadoop-client-runtime-3.3.2.jar to /tmp/spark-6c07d458-53bd-49de-9a00-b230644bf608/userFiles-47539992-62a5-4e3c-91a2-dd4e00cb0d88/fetchFileTemp5477224212469827818.tmp
[2025-07-25T01:47:19.295+0000] {docker.py:429} INFO - 25/07/25 01:47:19 INFO Utils: /tmp/spark-6c07d458-53bd-49de-9a00-b230644bf608/userFiles-47539992-62a5-4e3c-91a2-dd4e00cb0d88/fetchFileTemp5477224212469827818.tmp has been previously copied to /tmp/spark-6c07d458-53bd-49de-9a00-b230644bf608/userFiles-47539992-62a5-4e3c-91a2-dd4e00cb0d88/org.apache.hadoop_hadoop-client-runtime-3.3.2.jar
[2025-07-25T01:47:19.437+0000] {docker.py:429} INFO - 25/07/25 01:47:19 INFO Executor: Adding file:/tmp/spark-6c07d458-53bd-49de-9a00-b230644bf608/userFiles-47539992-62a5-4e3c-91a2-dd4e00cb0d88/org.apache.hadoop_hadoop-client-runtime-3.3.2.jar to class loader
[2025-07-25T01:47:19.438+0000] {docker.py:429} INFO - 25/07/25 01:47:19 INFO Executor: Fetching spark://1a652487c74c:46117/jars/org.apache.spark_spark-token-provider-kafka-0-10_2.12-3.3.4.jar with timestamp 1753408038492
[2025-07-25T01:47:19.438+0000] {docker.py:429} INFO - 25/07/25 01:47:19 INFO Utils: Fetching spark://1a652487c74c:46117/jars/org.apache.spark_spark-token-provider-kafka-0-10_2.12-3.3.4.jar to /tmp/spark-6c07d458-53bd-49de-9a00-b230644bf608/userFiles-47539992-62a5-4e3c-91a2-dd4e00cb0d88/fetchFileTemp15684541720151454320.tmp
[2025-07-25T01:47:19.440+0000] {docker.py:429} INFO - 25/07/25 01:47:19 INFO Utils: /tmp/spark-6c07d458-53bd-49de-9a00-b230644bf608/userFiles-47539992-62a5-4e3c-91a2-dd4e00cb0d88/fetchFileTemp15684541720151454320.tmp has been previously copied to /tmp/spark-6c07d458-53bd-49de-9a00-b230644bf608/userFiles-47539992-62a5-4e3c-91a2-dd4e00cb0d88/org.apache.spark_spark-token-provider-kafka-0-10_2.12-3.3.4.jar
[2025-07-25T01:47:19.442+0000] {docker.py:429} INFO - 25/07/25 01:47:19 INFO Executor: Adding file:/tmp/spark-6c07d458-53bd-49de-9a00-b230644bf608/userFiles-47539992-62a5-4e3c-91a2-dd4e00cb0d88/org.apache.spark_spark-token-provider-kafka-0-10_2.12-3.3.4.jar to class loader
[2025-07-25T01:47:19.442+0000] {docker.py:429} INFO - 25/07/25 01:47:19 INFO Executor: Fetching spark://1a652487c74c:46117/jars/org.apache.commons_commons-pool2-2.11.1.jar with timestamp 1753408038492
[2025-07-25T01:47:19.442+0000] {docker.py:429} INFO - 25/07/25 01:47:19 INFO Utils: Fetching spark://1a652487c74c:46117/jars/org.apache.commons_commons-pool2-2.11.1.jar to /tmp/spark-6c07d458-53bd-49de-9a00-b230644bf608/userFiles-47539992-62a5-4e3c-91a2-dd4e00cb0d88/fetchFileTemp15042246392898823396.tmp
[2025-07-25T01:47:19.443+0000] {docker.py:429} INFO - 25/07/25 01:47:19 INFO Utils: /tmp/spark-6c07d458-53bd-49de-9a00-b230644bf608/userFiles-47539992-62a5-4e3c-91a2-dd4e00cb0d88/fetchFileTemp15042246392898823396.tmp has been previously copied to /tmp/spark-6c07d458-53bd-49de-9a00-b230644bf608/userFiles-47539992-62a5-4e3c-91a2-dd4e00cb0d88/org.apache.commons_commons-pool2-2.11.1.jar
[2025-07-25T01:47:19.445+0000] {docker.py:429} INFO - 25/07/25 01:47:19 INFO Executor: Adding file:/tmp/spark-6c07d458-53bd-49de-9a00-b230644bf608/userFiles-47539992-62a5-4e3c-91a2-dd4e00cb0d88/org.apache.commons_commons-pool2-2.11.1.jar to class loader
[2025-07-25T01:47:19.449+0000] {docker.py:429} INFO - 25/07/25 01:47:19 INFO Utils: Successfully started service 'org.apache.spark.network.netty.NettyBlockTransferService' on port 36829.
[2025-07-25T01:47:19.450+0000] {docker.py:429} INFO - 25/07/25 01:47:19 INFO NettyBlockTransferService: Server created on 1a652487c74c:36829
[2025-07-25T01:47:19.451+0000] {docker.py:429} INFO - 25/07/25 01:47:19 INFO BlockManager: Using org.apache.spark.storage.RandomBlockReplicationPolicy for block replication policy
[2025-07-25T01:47:19.454+0000] {docker.py:429} INFO - 25/07/25 01:47:19 INFO BlockManagerMaster: Registering BlockManager BlockManagerId(driver, 1a652487c74c, 36829, None)
[2025-07-25T01:47:19.455+0000] {docker.py:429} INFO - 25/07/25 01:47:19 INFO BlockManagerMasterEndpoint: Registering block manager 1a652487c74c:36829 with 434.4 MiB RAM, BlockManagerId(driver, 1a652487c74c, 36829, None)
[2025-07-25T01:47:19.457+0000] {docker.py:429} INFO - 25/07/25 01:47:19 INFO BlockManagerMaster: Registered BlockManager BlockManagerId(driver, 1a652487c74c, 36829, None)
[2025-07-25T01:47:19.457+0000] {docker.py:429} INFO - 25/07/25 01:47:19 INFO BlockManager: Initialized BlockManager: BlockManagerId(driver, 1a652487c74c, 36829, None)
[2025-07-25T01:47:20.039+0000] {docker.py:429} INFO - 25/07/25 01:47:20 WARN MetricsConfig: Cannot locate configuration: tried hadoop-metrics2-s3a-file-system.properties,hadoop-metrics2.properties
[2025-07-25T01:47:21.803+0000] {docker.py:429} INFO - root
 |-- ROUTENM: string (nullable = true)
 |-- PRESENTSTOPNM: string (nullable = true)
 |-- avg_arrival_time: double (nullable = true)
 |-- avg_prev_stop_cnt: double (nullable = true)
 |-- record_count: long (nullable = true)
[2025-07-25T01:47:22.328+0000] {docker.py:429} INFO - +-------+-------------+----------------+-----------------+------------+
|ROUTENM|PRESENTSTOPNM|avg_arrival_time|avg_prev_stop_cnt|record_count|
+-------+-------------+----------------+-----------------+------------+
+-------+-------------+----------------+-----------------+------------+
[2025-07-25T01:47:22.392+0000] {docker.py:429} INFO - Traceback (most recent call last):
  File "/app/load_to_postgres.py", line 29, in <module>
    .save()
  File "/opt/bitnami/spark/python/lib/pyspark.zip/pyspark/sql/readwriter.py", line 966, in save
[2025-07-25T01:47:22.393+0000] {docker.py:429} INFO - File "/opt/bitnami/spark/python/lib/py4j-0.10.9.5-src.zip/py4j/java_gateway.py", line 1321, in __call__
  File "/opt/bitnami/spark/python/lib/pyspark.zip/pyspark/sql/utils.py", line 190, in deco
[2025-07-25T01:47:22.393+0000] {docker.py:429} INFO - File "/opt/bitnami/spark/python/lib/py4j-0.10.9.5-src.zip/py4j/protocol.py", line 326, in get_return_value
[2025-07-25T01:47:22.393+0000] {docker.py:429} INFO - py4j.protocol.Py4JJavaError
[2025-07-25T01:47:22.393+0000] {docker.py:429} INFO - : An error occurred while calling o51.save.
: java.lang.ClassNotFoundException: org.postgresql.Driver
	at java.base/java.net.URLClassLoader.findClass(URLClassLoader.java:445)
	at java.base/java.lang.ClassLoader.loadClass(ClassLoader.java:592)
	at java.base/java.lang.ClassLoader.loadClass(ClassLoader.java:525)
	at org.apache.spark.sql.execution.datasources.jdbc.DriverRegistry$.register(DriverRegistry.scala:46)
	at org.apache.spark.sql.execution.datasources.jdbc.JDBCOptions.$anonfun$driverClass$1(JDBCOptions.scala:101)
	at org.apache.spark.sql.execution.datasources.jdbc.JDBCOptions.$anonfun$driverClass$1$adapted(JDBCOptions.scala:101)
	at scala.Option.foreach(Option.scala:407)
	at org.apache.spark.sql.execution.datasources.jdbc.JDBCOptions.<init>(JDBCOptions.scala:101)
	at org.apache.spark.sql.execution.datasources.jdbc.JdbcOptionsInWrite.<init>(JDBCOptions.scala:229)
	at org.apache.spark.sql.execution.datasources.jdbc.JdbcOptionsInWrite.<init>(JDBCOptions.scala:233)
	at org.apache.spark.sql.execution.datasources.jdbc.JdbcRelationProvider.createRelation(JdbcRelationProvider.scala:47)
	at org.apache.spark.sql.execution.datasources.SaveIntoDataSourceCommand.run(SaveIntoDataSourceCommand.scala:47)
	at org.apache.spark.sql.execution.command.ExecutedCommandExec.sideEffectResult$lzycompute(commands.scala:75)
	at org.apache.spark.sql.execution.command.ExecutedCommandExec.sideEffectResult(commands.scala:73)
	at org.apache.spark.sql.execution.command.ExecutedCommandExec.executeCollect(commands.scala:84)
	at org.apache.spark.sql.execution.QueryExecution$$anonfun$eagerlyExecuteCommands$1.$anonfun$applyOrElse$1(QueryExecution.scala:98)
	at org.apache.spark.sql.execution.SQLExecution$.$anonfun$withNewExecutionId$6(SQLExecution.scala:109)
	at org.apache.spark.sql.execution.SQLExecution$.withSQLConfPropagated(SQLExecution.scala:169)
	at org.apache.spark.sql.execution.SQLExecution$.$anonfun$withNewExecutionId$1(SQLExecution.scala:95)
	at org.apache.spark.sql.SparkSession.withActive(SparkSession.scala:779)
	at org.apache.spark.sql.execution.SQLExecution$.withNewExecutionId(SQLExecution.scala:64)
	at org.apache.spark.sql.execution.QueryExecution$$anonfun$eagerlyExecuteCommands$1.applyOrElse(QueryExecution.scala:98)
	at org.apache.spark.sql.execution.QueryExecution$$anonfun$eagerlyExecuteCommands$1.applyOrElse(QueryExecution.scala:94)
	at org.apache.spark.sql.catalyst.trees.TreeNode.$anonfun$transformDownWithPruning$1(TreeNode.scala:584)
	at org.apache.spark.sql.catalyst.trees.CurrentOrigin$.withOrigin(TreeNode.scala:176)
	at org.apache.spark.sql.catalyst.trees.TreeNode.transformDownWithPruning(TreeNode.scala:584)
	at org.apache.spark.sql.catalyst.plans.logical.LogicalPlan.org$apache$spark$sql$catalyst$plans$logical$AnalysisHelper$$super$transformDownWithPruning(LogicalPlan.scala:30)
	at org.apache.spark.sql.catalyst.plans.logical.AnalysisHelper.transformDownWithPruning(AnalysisHelper.scala:267)
	at org.apache.spark.sql.catalyst.plans.logical.AnalysisHelper.transformDownWithPruning$(AnalysisHelper.scala:263)
	at org.apache.spark.sql.catalyst.plans.logical.LogicalPlan.transformDownWithPruning(LogicalPlan.scala:30)
	at org.apache.spark.sql.catalyst.plans.logical.LogicalPlan.transformDownWithPruning(LogicalPlan.scala:30)
	at org.apache.spark.sql.catalyst.trees.TreeNode.transformDown(TreeNode.scala:560)
	at org.apache.spark.sql.execution.QueryExecution.eagerlyExecuteCommands(QueryExecution.scala:94)
	at org.apache.spark.sql.execution.QueryExecution.commandExecuted$lzycompute(QueryExecution.scala:81)
	at org.apache.spark.sql.execution.QueryExecution.commandExecuted(QueryExecution.scala:79)
	at org.apache.spark.sql.execution.QueryExecution.assertCommandExecuted(QueryExecution.scala:116)
	at org.apache.spark.sql.DataFrameWriter.runCommand(DataFrameWriter.scala:860)
	at org.apache.spark.sql.DataFrameWriter.saveToV1Source(DataFrameWriter.scala:390)
	at org.apache.spark.sql.DataFrameWriter.saveInternal(DataFrameWriter.scala:363)
	at org.apache.spark.sql.DataFrameWriter.save(DataFrameWriter.scala:247)
	at java.base/jdk.internal.reflect.NativeMethodAccessorImpl.invoke0(Native Method)
	at java.base/jdk.internal.reflect.NativeMethodAccessorImpl.invoke(NativeMethodAccessorImpl.java:77)
	at java.base/jdk.internal.reflect.DelegatingMethodAccessorImpl.invoke(DelegatingMethodAccessorImpl.java:43)
	at java.base/java.lang.reflect.Method.invoke(Method.java:568)
	at py4j.reflection.MethodInvoker.invoke(MethodInvoker.java:244)
	at py4j.reflection.ReflectionEngine.invoke(ReflectionEngine.java:357)
	at py4j.Gateway.invoke(Gateway.java:282)
	at py4j.commands.AbstractCommand.invokeMethod(AbstractCommand.java:132)
	at py4j.commands.CallCommand.execute(CallCommand.java:79)
	at py4j.ClientServerConnection.waitForCommands(ClientServerConnection.java:182)
	at py4j.ClientServerConnection.run(ClientServerConnection.java:106)
	at java.base/java.lang.Thread.run(Thread.java:840)
[2025-07-25T01:47:26.213+0000] {taskinstance.py:2698} ERROR - Task failed with exception
Traceback (most recent call last):
  File "/home/airflow/.local/lib/python3.10/site-packages/airflow/models/taskinstance.py", line 433, in _execute_task
    result = execute_callable(context=context, **execute_callable_kwargs)
  File "/home/airflow/.local/lib/python3.10/site-packages/airflow/providers/docker/operators/docker.py", line 502, in execute
    return self._run_image()
  File "/home/airflow/.local/lib/python3.10/site-packages/airflow/providers/docker/operators/docker.py", line 364, in _run_image
    return self._run_image_with_mounts([*self.mounts, tmp_mount], add_tmp_variable=True)
  File "/home/airflow/.local/lib/python3.10/site-packages/airflow/providers/docker/operators/docker.py", line 437, in _run_image_with_mounts
    raise DockerContainerFailedException(f"Docker container failed: {result!r}", logs=log_lines)
airflow.providers.docker.exceptions.DockerContainerFailedException: Docker container failed: {'StatusCode': 1}
[2025-07-25T01:47:26.216+0000] {taskinstance.py:1138} INFO - Marking task as FAILED. dag_id=bis_pipeline_dag, task_id=load_to_postgres, execution_date=20250725T014400, start_date=20250725T014653, end_date=20250725T014726
[2025-07-25T01:47:26.294+0000] {standard_task_runner.py:107} ERROR - Failed to execute job 33 for task load_to_postgres (Docker container failed: {'StatusCode': 1}; 289)
[2025-07-25T01:47:26.307+0000] {local_task_job_runner.py:234} INFO - Task exited with return code 1
[2025-07-25T01:47:26.318+0000] {taskinstance.py:3280} INFO - 0 downstream tasks scheduled from follow-on schedule check
