[2025-07-25T02:04:40.253+0000] {taskinstance.py:1956} INFO - Dependencies all met for dep_context=non-requeueable deps ti=<TaskInstance: bis_pipeline_dag.load_to_postgres manual__2025-07-25T02:03:36.393331+00:00 [queued]>
[2025-07-25T02:04:40.257+0000] {taskinstance.py:1956} INFO - Dependencies all met for dep_context=requeueable deps ti=<TaskInstance: bis_pipeline_dag.load_to_postgres manual__2025-07-25T02:03:36.393331+00:00 [queued]>
[2025-07-25T02:04:40.257+0000] {taskinstance.py:2170} INFO - Starting attempt 1 of 1
[2025-07-25T02:04:40.293+0000] {taskinstance.py:2191} INFO - Executing <Task(DockerOperator): load_to_postgres> on 2025-07-25 02:03:36.393331+00:00
[2025-07-25T02:04:40.296+0000] {standard_task_runner.py:60} INFO - Started process 299 to run task
[2025-07-25T02:04:40.299+0000] {standard_task_runner.py:87} INFO - Running: ['airflow', 'tasks', 'run', 'bis_pipeline_dag', 'load_to_postgres', 'manual__2025-07-25T02:03:36.393331+00:00', '--job-id', '45', '--raw', '--subdir', 'DAGS_FOLDER/bis_pipeline_dag.py', '--cfg-path', '/tmp/tmpwuje3sn3']
[2025-07-25T02:04:40.300+0000] {standard_task_runner.py:88} INFO - Job 45: Subtask load_to_postgres
[2025-07-25T02:04:40.364+0000] {task_command.py:423} INFO - Running <TaskInstance: bis_pipeline_dag.load_to_postgres manual__2025-07-25T02:03:36.393331+00:00 [running]> on host f2fb5fb74adc
[2025-07-25T02:04:40.475+0000] {taskinstance.py:2480} INFO - Exporting env vars: AIRFLOW_CTX_DAG_OWNER='airflow' AIRFLOW_CTX_DAG_ID='bis_pipeline_dag' AIRFLOW_CTX_TASK_ID='load_to_postgres' AIRFLOW_CTX_EXECUTION_DATE='2025-07-25T02:03:36.393331+00:00' AIRFLOW_CTX_TRY_NUMBER='1' AIRFLOW_CTX_DAG_RUN_ID='manual__2025-07-25T02:03:36.393331+00:00'
[2025-07-25T02:04:40.512+0000] {docker.py:359} INFO - Starting docker container from image my-spark:3.3-kafka
[2025-07-25T02:04:42.800+0000] {docker.py:429} INFO - [38;5;6mspark [38;5;5m02:04:42.62 [0m[38;5;2mINFO [0m ==>
[2025-07-25T02:04:42.801+0000] {docker.py:429} INFO - [38;5;6mspark [38;5;5m02:04:42.62 [0m[38;5;2mINFO [0m ==> [1mWelcome to the Bitnami spark container[0m
[2025-07-25T02:04:42.801+0000] {docker.py:429} INFO - [38;5;6mspark [38;5;5m02:04:42.62 [0m[38;5;2mINFO [0m ==> Subscribe to project updates by watching [1mhttps://github.com/bitnami/containers[0m
[2025-07-25T02:04:42.801+0000] {docker.py:429} INFO - [38;5;6mspark [38;5;5m02:04:42.63 [0m[38;5;2mINFO [0m ==> Submit issues and feature requests at [1mhttps://github.com/bitnami/containers/issues[0m
[2025-07-25T02:04:42.801+0000] {docker.py:429} INFO - [38;5;6mspark [38;5;5m02:04:42.63 [0m[38;5;2mINFO [0m ==>
[2025-07-25T02:04:42.801+0000] {docker.py:429} INFO - 
[2025-07-25T02:04:43.913+0000] {docker.py:429} INFO - 25/07/25 02:04:43 INFO SparkContext: Running Spark version 3.3.4
[2025-07-25T02:04:43.930+0000] {docker.py:429} INFO - 25/07/25 02:04:43 INFO ResourceUtils: ==============================================================
[2025-07-25T02:04:43.930+0000] {docker.py:429} INFO - 25/07/25 02:04:43 INFO ResourceUtils: No custom resources configured for spark.driver.
[2025-07-25T02:04:43.930+0000] {docker.py:429} INFO - 25/07/25 02:04:43 INFO ResourceUtils: ==============================================================
[2025-07-25T02:04:43.930+0000] {docker.py:429} INFO - 25/07/25 02:04:43 INFO SparkContext: Submitted application: GoldToPostgres
[2025-07-25T02:04:43.942+0000] {docker.py:429} INFO - 25/07/25 02:04:43 INFO ResourceProfile: Default ResourceProfile created, executor resources: Map(cores -> name: cores, amount: 1, script: , vendor: , memory -> name: memory, amount: 1024, script: , vendor: , offHeap -> name: offHeap, amount: 0, script: , vendor: ), task resources: Map(cpus -> name: cpus, amount: 1.0)
[2025-07-25T02:04:43.947+0000] {docker.py:429} INFO - 25/07/25 02:04:43 INFO ResourceProfile: Limiting resource is cpu
[2025-07-25T02:04:43.947+0000] {docker.py:429} INFO - 25/07/25 02:04:43 INFO ResourceProfileManager: Added ResourceProfile id: 0
[2025-07-25T02:04:43.971+0000] {docker.py:429} INFO - 25/07/25 02:04:43 INFO SecurityManager: Changing view acls to: root,spark
[2025-07-25T02:04:43.972+0000] {docker.py:429} INFO - 25/07/25 02:04:43 INFO SecurityManager: Changing modify acls to: root,spark
[2025-07-25T02:04:43.972+0000] {docker.py:429} INFO - 25/07/25 02:04:43 INFO SecurityManager: Changing view acls groups to:
[2025-07-25T02:04:43.972+0000] {docker.py:429} INFO - 25/07/25 02:04:43 INFO SecurityManager: Changing modify acls groups to:
[2025-07-25T02:04:43.972+0000] {docker.py:429} INFO - 25/07/25 02:04:43 INFO SecurityManager: SecurityManager: authentication disabled; ui acls disabled; users  with view permissions: Set(root, spark); groups with view permissions: Set(); users  with modify permissions: Set(root, spark); groups with modify permissions: Set()
[2025-07-25T02:04:44.006+0000] {docker.py:429} INFO - 25/07/25 02:04:44 WARN NativeCodeLoader: Unable to load native-hadoop library for your platform... using builtin-java classes where applicable
[2025-07-25T02:04:44.156+0000] {docker.py:429} INFO - 25/07/25 02:04:44 INFO Utils: Successfully started service 'sparkDriver' on port 43027.
[2025-07-25T02:04:44.172+0000] {docker.py:429} INFO - 25/07/25 02:04:44 INFO SparkEnv: Registering MapOutputTracker
[2025-07-25T02:04:44.195+0000] {docker.py:429} INFO - 25/07/25 02:04:44 INFO SparkEnv: Registering BlockManagerMaster
[2025-07-25T02:04:44.206+0000] {docker.py:429} INFO - 25/07/25 02:04:44 INFO BlockManagerMasterEndpoint: Using org.apache.spark.storage.DefaultTopologyMapper for getting topology information
[2025-07-25T02:04:44.206+0000] {docker.py:429} INFO - 25/07/25 02:04:44 INFO BlockManagerMasterEndpoint: BlockManagerMasterEndpoint up
[2025-07-25T02:04:44.209+0000] {docker.py:429} INFO - 25/07/25 02:04:44 INFO SparkEnv: Registering BlockManagerMasterHeartbeat
[2025-07-25T02:04:44.220+0000] {docker.py:429} INFO - 25/07/25 02:04:44 INFO DiskBlockManager: Created local directory at /tmp/blockmgr-1333bf7c-8c53-44b6-b23a-fa733b956ec2
[2025-07-25T02:04:44.230+0000] {docker.py:429} INFO - 25/07/25 02:04:44 INFO MemoryStore: MemoryStore started with capacity 434.4 MiB
[2025-07-25T02:04:44.238+0000] {docker.py:429} INFO - 25/07/25 02:04:44 INFO SparkEnv: Registering OutputCommitCoordinator
[2025-07-25T02:04:44.357+0000] {docker.py:429} INFO - 25/07/25 02:04:44 INFO Utils: Successfully started service 'SparkUI' on port 4040.
[2025-07-25T02:04:44.422+0000] {docker.py:429} INFO - 25/07/25 02:04:44 INFO Executor: Starting executor ID driver on host 426b2e090d51
[2025-07-25T02:04:44.433+0000] {docker.py:429} INFO - 25/07/25 02:04:44 INFO Executor: Starting executor with user classpath (userClassPathFirst = false): ''
[2025-07-25T02:04:44.445+0000] {docker.py:429} INFO - 25/07/25 02:04:44 INFO Utils: Successfully started service 'org.apache.spark.network.netty.NettyBlockTransferService' on port 33599.
[2025-07-25T02:04:44.445+0000] {docker.py:429} INFO - 25/07/25 02:04:44 INFO NettyBlockTransferService: Server created on 426b2e090d51:33599
[2025-07-25T02:04:44.446+0000] {docker.py:429} INFO - 25/07/25 02:04:44 INFO BlockManager: Using org.apache.spark.storage.RandomBlockReplicationPolicy for block replication policy
[2025-07-25T02:04:44.449+0000] {docker.py:429} INFO - 25/07/25 02:04:44 INFO BlockManagerMaster: Registering BlockManager BlockManagerId(driver, 426b2e090d51, 33599, None)
[2025-07-25T02:04:44.451+0000] {docker.py:429} INFO - 25/07/25 02:04:44 INFO BlockManagerMasterEndpoint: Registering block manager 426b2e090d51:33599 with 434.4 MiB RAM, BlockManagerId(driver, 426b2e090d51, 33599, None)
[2025-07-25T02:04:44.452+0000] {docker.py:429} INFO - 25/07/25 02:04:44 INFO BlockManagerMaster: Registered BlockManager BlockManagerId(driver, 426b2e090d51, 33599, None)
[2025-07-25T02:04:44.453+0000] {docker.py:429} INFO - 25/07/25 02:04:44 INFO BlockManager: Initialized BlockManager: BlockManagerId(driver, 426b2e090d51, 33599, None)
[2025-07-25T02:04:45.165+0000] {docker.py:429} INFO - 25/07/25 02:04:45 WARN MetricsConfig: Cannot locate configuration: tried hadoop-metrics2-s3a-file-system.properties,hadoop-metrics2.properties
[2025-07-25T02:04:47.074+0000] {docker.py:429} INFO - root
 |-- ROUTENM: string (nullable = true)
 |-- PRESENTSTOPNM: string (nullable = true)
 |-- avg_arrival_time: double (nullable = true)
 |-- avg_prev_stop_cnt: double (nullable = true)
 |-- record_count: long (nullable = true)
[2025-07-25T02:04:47.616+0000] {docker.py:429} INFO - +-------+-------------+----------------+-----------------+------------+
|ROUTENM|PRESENTSTOPNM|avg_arrival_time|avg_prev_stop_cnt|record_count|
+-------+-------------+----------------+-----------------+------------+
+-------+-------------+----------------+-----------------+------------+
[2025-07-25T02:04:48.583+0000] {taskinstance.py:1138} INFO - Marking task as SUCCESS. dag_id=bis_pipeline_dag, task_id=load_to_postgres, execution_date=20250725T020336, start_date=20250725T020440, end_date=20250725T020448
[2025-07-25T02:04:48.643+0000] {local_task_job_runner.py:234} INFO - Task exited with return code 0
[2025-07-25T02:04:48.654+0000] {taskinstance.py:3280} INFO - 0 downstream tasks scheduled from follow-on schedule check
