[2025-07-25T01:20:05.457+0000] {taskinstance.py:1956} INFO - Dependencies all met for dep_context=non-requeueable deps ti=<TaskInstance: bis_pipeline_dag.kafka_to_bronze manual__2025-07-25T01:20:01.193108+00:00 [queued]>
[2025-07-25T01:20:05.461+0000] {taskinstance.py:1956} INFO - Dependencies all met for dep_context=requeueable deps ti=<TaskInstance: bis_pipeline_dag.kafka_to_bronze manual__2025-07-25T01:20:01.193108+00:00 [queued]>
[2025-07-25T01:20:05.461+0000] {taskinstance.py:2170} INFO - Starting attempt 1 of 1
[2025-07-25T01:20:05.496+0000] {taskinstance.py:2191} INFO - Executing <Task(DockerOperator): kafka_to_bronze> on 2025-07-25 01:20:01.193108+00:00
[2025-07-25T01:20:05.499+0000] {standard_task_runner.py:60} INFO - Started process 256 to run task
[2025-07-25T01:20:05.501+0000] {standard_task_runner.py:87} INFO - Running: ['airflow', 'tasks', 'run', 'bis_pipeline_dag', 'kafka_to_bronze', 'manual__2025-07-25T01:20:01.193108+00:00', '--job-id', '14', '--raw', '--subdir', 'DAGS_FOLDER/bis_pipeline_dag.py', '--cfg-path', '/tmp/tmpfotrrbq9']
[2025-07-25T01:20:05.503+0000] {standard_task_runner.py:88} INFO - Job 14: Subtask kafka_to_bronze
[2025-07-25T01:20:05.569+0000] {task_command.py:423} INFO - Running <TaskInstance: bis_pipeline_dag.kafka_to_bronze manual__2025-07-25T01:20:01.193108+00:00 [running]> on host 665ba5283d17
[2025-07-25T01:20:05.705+0000] {taskinstance.py:2480} INFO - Exporting env vars: AIRFLOW_CTX_DAG_OWNER='airflow' AIRFLOW_CTX_DAG_ID='bis_pipeline_dag' AIRFLOW_CTX_TASK_ID='kafka_to_bronze' AIRFLOW_CTX_EXECUTION_DATE='2025-07-25T01:20:01.193108+00:00' AIRFLOW_CTX_TRY_NUMBER='1' AIRFLOW_CTX_DAG_RUN_ID='manual__2025-07-25T01:20:01.193108+00:00'
[2025-07-25T01:20:05.742+0000] {docker.py:359} INFO - Starting docker container from image bitnami/spark:3.3
[2025-07-25T01:20:09.403+0000] {docker.py:429} INFO - [38;5;6mspark [38;5;5m01:20:08.46 [0m[38;5;2mINFO [0m ==>
[2025-07-25T01:20:09.403+0000] {docker.py:429} INFO - [38;5;6mspark [38;5;5m01:20:08.46 [0m[38;5;2mINFO [0m ==> [1mWelcome to the Bitnami spark container[0m
[2025-07-25T01:20:09.404+0000] {docker.py:429} INFO - [38;5;6mspark [38;5;5m01:20:08.47 [0m[38;5;2mINFO [0m ==> Subscribe to project updates by watching [1mhttps://github.com/bitnami/containers[0m
[2025-07-25T01:20:09.404+0000] {docker.py:429} INFO - [38;5;6mspark [38;5;5m01:20:08.47 [0m[38;5;2mINFO [0m ==> Submit issues and feature requests at [1mhttps://github.com/bitnami/containers/issues[0m
[2025-07-25T01:20:09.404+0000] {docker.py:429} INFO - [38;5;6mspark [38;5;5m01:20:08.47 [0m[38;5;2mINFO [0m ==>
[2025-07-25T01:20:09.404+0000] {docker.py:429} INFO - cp: cannot create regular file '/opt/bitnami/spark/conf/./fairscheduler.xml.template': Permission denied
cp: cannot create regular file '/opt/bitnami/spark/conf/./log4j2.properties.template': Permission denied
cp: cannot create regular file '/opt/bitnami/spark/conf/./metrics.properties.template': Permission denied
[2025-07-25T01:20:09.404+0000] {docker.py:429} INFO - cp: cannot create regular file '/opt/bitnami/spark/conf/./spark-defaults.conf.template': Permission denied
cp: cannot create regular file '/opt/bitnami/spark/conf/./spark-env.sh.template': Permission denied
[2025-07-25T01:20:09.404+0000] {docker.py:429} INFO - cp: cannot create regular file '/opt/bitnami/spark/conf/./workers.template': Permission denied
[2025-07-25T01:20:09.920+0000] {taskinstance.py:2698} ERROR - Task failed with exception
Traceback (most recent call last):
  File "/home/airflow/.local/lib/python3.10/site-packages/airflow/models/taskinstance.py", line 433, in _execute_task
    result = execute_callable(context=context, **execute_callable_kwargs)
  File "/home/airflow/.local/lib/python3.10/site-packages/airflow/providers/docker/operators/docker.py", line 502, in execute
    return self._run_image()
  File "/home/airflow/.local/lib/python3.10/site-packages/airflow/providers/docker/operators/docker.py", line 364, in _run_image
    return self._run_image_with_mounts([*self.mounts, tmp_mount], add_tmp_variable=True)
  File "/home/airflow/.local/lib/python3.10/site-packages/airflow/providers/docker/operators/docker.py", line 437, in _run_image_with_mounts
    raise DockerContainerFailedException(f"Docker container failed: {result!r}", logs=log_lines)
airflow.providers.docker.exceptions.DockerContainerFailedException: Docker container failed: {'StatusCode': 1}
[2025-07-25T01:20:09.923+0000] {taskinstance.py:1138} INFO - Marking task as FAILED. dag_id=bis_pipeline_dag, task_id=kafka_to_bronze, execution_date=20250725T012001, start_date=20250725T012005, end_date=20250725T012009
[2025-07-25T01:20:09.971+0000] {standard_task_runner.py:107} ERROR - Failed to execute job 14 for task kafka_to_bronze (Docker container failed: {'StatusCode': 1}; 256)
[2025-07-25T01:20:10.005+0000] {local_task_job_runner.py:234} INFO - Task exited with return code 1
[2025-07-25T01:20:10.023+0000] {taskinstance.py:3280} INFO - 0 downstream tasks scheduled from follow-on schedule check
