[2025-07-25T02:29:41.098+0000] {taskinstance.py:1956} INFO - Dependencies all met for dep_context=non-requeueable deps ti=<TaskInstance: bis_pipeline_dag.silver_to_gold manual__2025-07-25T02:28:49.796008+00:00 [queued]>
[2025-07-25T02:29:41.103+0000] {taskinstance.py:1956} INFO - Dependencies all met for dep_context=requeueable deps ti=<TaskInstance: bis_pipeline_dag.silver_to_gold manual__2025-07-25T02:28:49.796008+00:00 [queued]>
[2025-07-25T02:29:41.103+0000] {taskinstance.py:2170} INFO - Starting attempt 1 of 1
[2025-07-25T02:29:41.139+0000] {taskinstance.py:2191} INFO - Executing <Task(DockerOperator): silver_to_gold> on 2025-07-25 02:28:49.796008+00:00
[2025-07-25T02:29:41.143+0000] {standard_task_runner.py:60} INFO - Started process 665 to run task
[2025-07-25T02:29:41.145+0000] {standard_task_runner.py:87} INFO - Running: ['airflow', 'tasks', 'run', 'bis_pipeline_dag', 'silver_to_gold', 'manual__2025-07-25T02:28:49.796008+00:00', '--job-id', '51', '--raw', '--subdir', 'DAGS_FOLDER/bis_pipeline_dag.py', '--cfg-path', '/tmp/tmptpksrg05']
[2025-07-25T02:29:41.146+0000] {standard_task_runner.py:88} INFO - Job 51: Subtask silver_to_gold
[2025-07-25T02:29:41.208+0000] {task_command.py:423} INFO - Running <TaskInstance: bis_pipeline_dag.silver_to_gold manual__2025-07-25T02:28:49.796008+00:00 [running]> on host f2fb5fb74adc
[2025-07-25T02:29:41.337+0000] {taskinstance.py:2480} INFO - Exporting env vars: AIRFLOW_CTX_DAG_OWNER='airflow' AIRFLOW_CTX_DAG_ID='bis_pipeline_dag' AIRFLOW_CTX_TASK_ID='silver_to_gold' AIRFLOW_CTX_EXECUTION_DATE='2025-07-25T02:28:49.796008+00:00' AIRFLOW_CTX_TRY_NUMBER='1' AIRFLOW_CTX_DAG_RUN_ID='manual__2025-07-25T02:28:49.796008+00:00'
[2025-07-25T02:29:41.370+0000] {docker.py:359} INFO - Starting docker container from image my-spark:3.3-kafka
[2025-07-25T02:29:43.622+0000] {docker.py:429} INFO - [38;5;6mspark [38;5;5m02:29:43.47 [0m[38;5;2mINFO [0m ==>
[2025-07-25T02:29:43.622+0000] {docker.py:429} INFO - [38;5;6mspark [38;5;5m02:29:43.47 [0m[38;5;2mINFO [0m ==> [1mWelcome to the Bitnami spark container[0m
[2025-07-25T02:29:43.622+0000] {docker.py:429} INFO - [38;5;6mspark [38;5;5m02:29:43.47 [0m[38;5;2mINFO [0m ==> Subscribe to project updates by watching [1mhttps://github.com/bitnami/containers[0m
[2025-07-25T02:29:43.622+0000] {docker.py:429} INFO - [38;5;6mspark [38;5;5m02:29:43.47 [0m[38;5;2mINFO [0m ==> Submit issues and feature requests at [1mhttps://github.com/bitnami/containers/issues[0m
[2025-07-25T02:29:43.622+0000] {docker.py:429} INFO - [38;5;6mspark [38;5;5m02:29:43.47 [0m[38;5;2mINFO [0m ==>
[2025-07-25T02:29:43.623+0000] {docker.py:429} INFO - 
[2025-07-25T02:29:44.706+0000] {docker.py:429} INFO - 25/07/25 02:29:44 INFO SparkContext: Running Spark version 3.3.4
[2025-07-25T02:29:44.727+0000] {docker.py:429} INFO - 25/07/25 02:29:44 INFO ResourceUtils: ==============================================================
[2025-07-25T02:29:44.727+0000] {docker.py:429} INFO - 25/07/25 02:29:44 INFO ResourceUtils: No custom resources configured for spark.driver.
[2025-07-25T02:29:44.728+0000] {docker.py:429} INFO - 25/07/25 02:29:44 INFO ResourceUtils: ==============================================================
[2025-07-25T02:29:44.728+0000] {docker.py:429} INFO - 25/07/25 02:29:44 INFO SparkContext: Submitted application: AggregateGold
[2025-07-25T02:29:44.742+0000] {docker.py:429} INFO - 25/07/25 02:29:44 INFO ResourceProfile: Default ResourceProfile created, executor resources: Map(cores -> name: cores, amount: 1, script: , vendor: , memory -> name: memory, amount: 1024, script: , vendor: , offHeap -> name: offHeap, amount: 0, script: , vendor: ), task resources: Map(cpus -> name: cpus, amount: 1.0)
[2025-07-25T02:29:44.747+0000] {docker.py:429} INFO - 25/07/25 02:29:44 INFO ResourceProfile: Limiting resource is cpu
[2025-07-25T02:29:44.747+0000] {docker.py:429} INFO - 25/07/25 02:29:44 INFO ResourceProfileManager: Added ResourceProfile id: 0
[2025-07-25T02:29:44.774+0000] {docker.py:429} INFO - 25/07/25 02:29:44 INFO SecurityManager: Changing view acls to: root,spark
[2025-07-25T02:29:44.774+0000] {docker.py:429} INFO - 25/07/25 02:29:44 INFO SecurityManager: Changing modify acls to: root,spark
[2025-07-25T02:29:44.774+0000] {docker.py:429} INFO - 25/07/25 02:29:44 INFO SecurityManager: Changing view acls groups to:
[2025-07-25T02:29:44.775+0000] {docker.py:429} INFO - 25/07/25 02:29:44 INFO SecurityManager: Changing modify acls groups to:
[2025-07-25T02:29:44.775+0000] {docker.py:429} INFO - 25/07/25 02:29:44 INFO SecurityManager: SecurityManager: authentication disabled; ui acls disabled; users  with view permissions: Set(root, spark); groups with view permissions: Set(); users  with modify permissions: Set(root, spark); groups with modify permissions: Set()
[2025-07-25T02:29:44.809+0000] {docker.py:429} INFO - 25/07/25 02:29:44 WARN NativeCodeLoader: Unable to load native-hadoop library for your platform... using builtin-java classes where applicable
[2025-07-25T02:29:44.962+0000] {docker.py:429} INFO - 25/07/25 02:29:44 INFO Utils: Successfully started service 'sparkDriver' on port 36237.
[2025-07-25T02:29:44.978+0000] {docker.py:429} INFO - 25/07/25 02:29:44 INFO SparkEnv: Registering MapOutputTracker
[2025-07-25T02:29:44.999+0000] {docker.py:429} INFO - 25/07/25 02:29:44 INFO SparkEnv: Registering BlockManagerMaster
[2025-07-25T02:29:45.009+0000] {docker.py:429} INFO - 25/07/25 02:29:45 INFO BlockManagerMasterEndpoint: Using org.apache.spark.storage.DefaultTopologyMapper for getting topology information
[2025-07-25T02:29:45.010+0000] {docker.py:429} INFO - 25/07/25 02:29:45 INFO BlockManagerMasterEndpoint: BlockManagerMasterEndpoint up
[2025-07-25T02:29:45.012+0000] {docker.py:429} INFO - 25/07/25 02:29:45 INFO SparkEnv: Registering BlockManagerMasterHeartbeat
[2025-07-25T02:29:45.024+0000] {docker.py:429} INFO - 25/07/25 02:29:45 INFO DiskBlockManager: Created local directory at /tmp/blockmgr-6607ea01-175d-4f1a-a942-b4c350c949f3
[2025-07-25T02:29:45.034+0000] {docker.py:429} INFO - 25/07/25 02:29:45 INFO MemoryStore: MemoryStore started with capacity 434.4 MiB
[2025-07-25T02:29:45.043+0000] {docker.py:429} INFO - 25/07/25 02:29:45 INFO SparkEnv: Registering OutputCommitCoordinator
[2025-07-25T02:29:45.149+0000] {docker.py:429} INFO - 25/07/25 02:29:45 INFO Utils: Successfully started service 'SparkUI' on port 4040.
[2025-07-25T02:29:45.210+0000] {docker.py:429} INFO - 25/07/25 02:29:45 INFO Executor: Starting executor ID driver on host 14adddbacfbb
[2025-07-25T02:29:45.215+0000] {docker.py:429} INFO - 25/07/25 02:29:45 INFO Executor: Starting executor with user classpath (userClassPathFirst = false): ''
[2025-07-25T02:29:45.225+0000] {docker.py:429} INFO - 25/07/25 02:29:45 INFO Utils: Successfully started service 'org.apache.spark.network.netty.NettyBlockTransferService' on port 33057.
[2025-07-25T02:29:45.226+0000] {docker.py:429} INFO - 25/07/25 02:29:45 INFO NettyBlockTransferService: Server created on 14adddbacfbb:33057
[2025-07-25T02:29:45.226+0000] {docker.py:429} INFO - 25/07/25 02:29:45 INFO BlockManager: Using org.apache.spark.storage.RandomBlockReplicationPolicy for block replication policy
[2025-07-25T02:29:45.230+0000] {docker.py:429} INFO - 25/07/25 02:29:45 INFO BlockManagerMaster: Registering BlockManager BlockManagerId(driver, 14adddbacfbb, 33057, None)
[2025-07-25T02:29:45.231+0000] {docker.py:429} INFO - 25/07/25 02:29:45 INFO BlockManagerMasterEndpoint: Registering block manager 14adddbacfbb:33057 with 434.4 MiB RAM, BlockManagerId(driver, 14adddbacfbb, 33057, None)
[2025-07-25T02:29:45.232+0000] {docker.py:429} INFO - 25/07/25 02:29:45 INFO BlockManagerMaster: Registered BlockManager BlockManagerId(driver, 14adddbacfbb, 33057, None)
[2025-07-25T02:29:45.233+0000] {docker.py:429} INFO - 25/07/25 02:29:45 INFO BlockManager: Initialized BlockManager: BlockManagerId(driver, 14adddbacfbb, 33057, None)
[2025-07-25T02:29:45.876+0000] {docker.py:429} INFO - 25/07/25 02:29:45 WARN MetricsConfig: Cannot locate configuration: tried hadoop-metrics2-s3a-file-system.properties,hadoop-metrics2.properties
[2025-07-25T02:29:51.432+0000] {taskinstance.py:1138} INFO - Marking task as SUCCESS. dag_id=bis_pipeline_dag, task_id=silver_to_gold, execution_date=20250725T022849, start_date=20250725T022941, end_date=20250725T022951
[2025-07-25T02:29:51.476+0000] {local_task_job_runner.py:234} INFO - Task exited with return code 0
[2025-07-25T02:29:51.491+0000] {taskinstance.py:3280} INFO - 1 downstream tasks scheduled from follow-on schedule check
