[2025-07-25T01:24:12.400+0000] {taskinstance.py:1956} INFO - Dependencies all met for dep_context=non-requeueable deps ti=<TaskInstance: bis_pipeline_dag.kafka_to_bronze manual__2025-07-25T01:24:08.302005+00:00 [queued]>
[2025-07-25T01:24:12.404+0000] {taskinstance.py:1956} INFO - Dependencies all met for dep_context=requeueable deps ti=<TaskInstance: bis_pipeline_dag.kafka_to_bronze manual__2025-07-25T01:24:08.302005+00:00 [queued]>
[2025-07-25T01:24:12.404+0000] {taskinstance.py:2170} INFO - Starting attempt 1 of 1
[2025-07-25T01:24:12.440+0000] {taskinstance.py:2191} INFO - Executing <Task(DockerOperator): kafka_to_bronze> on 2025-07-25 01:24:08.302005+00:00
[2025-07-25T01:24:12.443+0000] {standard_task_runner.py:60} INFO - Started process 329 to run task
[2025-07-25T01:24:12.445+0000] {standard_task_runner.py:87} INFO - Running: ['airflow', 'tasks', 'run', 'bis_pipeline_dag', 'kafka_to_bronze', 'manual__2025-07-25T01:24:08.302005+00:00', '--job-id', '20', '--raw', '--subdir', 'DAGS_FOLDER/bis_pipeline_dag.py', '--cfg-path', '/tmp/tmpulfqcnmp']
[2025-07-25T01:24:12.446+0000] {standard_task_runner.py:88} INFO - Job 20: Subtask kafka_to_bronze
[2025-07-25T01:24:12.513+0000] {task_command.py:423} INFO - Running <TaskInstance: bis_pipeline_dag.kafka_to_bronze manual__2025-07-25T01:24:08.302005+00:00 [running]> on host 665ba5283d17
[2025-07-25T01:24:12.625+0000] {taskinstance.py:2480} INFO - Exporting env vars: AIRFLOW_CTX_DAG_OWNER='airflow' AIRFLOW_CTX_DAG_ID='bis_pipeline_dag' AIRFLOW_CTX_TASK_ID='kafka_to_bronze' AIRFLOW_CTX_EXECUTION_DATE='2025-07-25T01:24:08.302005+00:00' AIRFLOW_CTX_TRY_NUMBER='1' AIRFLOW_CTX_DAG_RUN_ID='manual__2025-07-25T01:24:08.302005+00:00'
[2025-07-25T01:24:12.656+0000] {docker.py:359} INFO - Starting docker container from image bitnami/spark:3.3
[2025-07-25T01:24:15.136+0000] {docker.py:429} INFO - [38;5;6mspark [38;5;5m01:24:14.99 [0m[38;5;2mINFO [0m ==>
[2025-07-25T01:24:15.136+0000] {docker.py:429} INFO - [38;5;6mspark [38;5;5m01:24:14.99 [0m[38;5;2mINFO [0m ==> [1mWelcome to the Bitnami spark container[0m
[2025-07-25T01:24:15.136+0000] {docker.py:429} INFO - [38;5;6mspark [38;5;5m01:24:14.99 [0m[38;5;2mINFO [0m ==> Subscribe to project updates by watching [1mhttps://github.com/bitnami/containers[0m
[2025-07-25T01:24:15.136+0000] {docker.py:429} INFO - [38;5;6mspark [38;5;5m01:24:14.99 [0m[38;5;2mINFO [0m ==> Submit issues and feature requests at [1mhttps://github.com/bitnami/containers/issues[0m
[2025-07-25T01:24:15.136+0000] {docker.py:429} INFO - [38;5;6mspark [38;5;5m01:24:14.99 [0m[38;5;2mINFO [0m ==>
[2025-07-25T01:24:15.136+0000] {docker.py:429} INFO - 
[2025-07-25T01:24:15.967+0000] {docker.py:429} INFO - python3: can't open file '/app/bronze.py': [Errno 2] No such file or directory
[2025-07-25T01:24:15.973+0000] {docker.py:429} INFO - 25/07/25 01:24:15 INFO ShutdownHookManager: Shutdown hook called
[2025-07-25T01:24:15.975+0000] {docker.py:429} INFO - 25/07/25 01:24:15 INFO ShutdownHookManager: Deleting directory /tmp/spark-46f19e2d-54bf-43ad-a230-6d03a701aa69
[2025-07-25T01:24:17.670+0000] {taskinstance.py:2698} ERROR - Task failed with exception
Traceback (most recent call last):
  File "/home/airflow/.local/lib/python3.10/site-packages/airflow/models/taskinstance.py", line 433, in _execute_task
    result = execute_callable(context=context, **execute_callable_kwargs)
  File "/home/airflow/.local/lib/python3.10/site-packages/airflow/providers/docker/operators/docker.py", line 502, in execute
    return self._run_image()
  File "/home/airflow/.local/lib/python3.10/site-packages/airflow/providers/docker/operators/docker.py", line 364, in _run_image
    return self._run_image_with_mounts([*self.mounts, tmp_mount], add_tmp_variable=True)
  File "/home/airflow/.local/lib/python3.10/site-packages/airflow/providers/docker/operators/docker.py", line 437, in _run_image_with_mounts
    raise DockerContainerFailedException(f"Docker container failed: {result!r}", logs=log_lines)
airflow.providers.docker.exceptions.DockerContainerFailedException: Docker container failed: {'StatusCode': 2}
[2025-07-25T01:24:17.672+0000] {taskinstance.py:1138} INFO - Marking task as FAILED. dag_id=bis_pipeline_dag, task_id=kafka_to_bronze, execution_date=20250725T012408, start_date=20250725T012412, end_date=20250725T012417
[2025-07-25T01:24:17.704+0000] {standard_task_runner.py:107} ERROR - Failed to execute job 20 for task kafka_to_bronze (Docker container failed: {'StatusCode': 2}; 329)
[2025-07-25T01:24:17.716+0000] {local_task_job_runner.py:234} INFO - Task exited with return code 1
[2025-07-25T01:24:17.731+0000] {taskinstance.py:3280} INFO - 0 downstream tasks scheduled from follow-on schedule check
