[2025-07-25T01:46:17.023+0000] {taskinstance.py:1956} INFO - Dependencies all met for dep_context=non-requeueable deps ti=<TaskInstance: bis_pipeline_dag.silver_to_gold manual__2025-07-25T01:44:00.713564+00:00 [queued]>
[2025-07-25T01:46:17.028+0000] {taskinstance.py:1956} INFO - Dependencies all met for dep_context=requeueable deps ti=<TaskInstance: bis_pipeline_dag.silver_to_gold manual__2025-07-25T01:44:00.713564+00:00 [queued]>
[2025-07-25T01:46:17.028+0000] {taskinstance.py:2170} INFO - Starting attempt 1 of 1
[2025-07-25T01:46:17.064+0000] {taskinstance.py:2191} INFO - Executing <Task(DockerOperator): silver_to_gold> on 2025-07-25 01:44:00.713564+00:00
[2025-07-25T01:46:17.067+0000] {standard_task_runner.py:60} INFO - Started process 282 to run task
[2025-07-25T01:46:17.069+0000] {standard_task_runner.py:87} INFO - Running: ['airflow', 'tasks', 'run', 'bis_pipeline_dag', 'silver_to_gold', 'manual__2025-07-25T01:44:00.713564+00:00', '--job-id', '32', '--raw', '--subdir', 'DAGS_FOLDER/bis_pipeline_dag.py', '--cfg-path', '/tmp/tmpanvyxura']
[2025-07-25T01:46:17.071+0000] {standard_task_runner.py:88} INFO - Job 32: Subtask silver_to_gold
[2025-07-25T01:46:17.135+0000] {task_command.py:423} INFO - Running <TaskInstance: bis_pipeline_dag.silver_to_gold manual__2025-07-25T01:44:00.713564+00:00 [running]> on host fe0f9957e684
[2025-07-25T01:46:17.259+0000] {taskinstance.py:2480} INFO - Exporting env vars: AIRFLOW_CTX_DAG_OWNER='airflow' AIRFLOW_CTX_DAG_ID='bis_pipeline_dag' AIRFLOW_CTX_TASK_ID='silver_to_gold' AIRFLOW_CTX_EXECUTION_DATE='2025-07-25T01:44:00.713564+00:00' AIRFLOW_CTX_TRY_NUMBER='1' AIRFLOW_CTX_DAG_RUN_ID='manual__2025-07-25T01:44:00.713564+00:00'
[2025-07-25T01:46:17.291+0000] {docker.py:359} INFO - Starting docker container from image bitnami/spark:3.3
[2025-07-25T01:46:19.774+0000] {docker.py:429} INFO - [38;5;6mspark [38;5;5m01:46:19.63 [0m[38;5;2mINFO [0m ==>
[2025-07-25T01:46:19.775+0000] {docker.py:429} INFO - [38;5;6mspark [38;5;5m01:46:19.63 [0m[38;5;2mINFO [0m ==> [1mWelcome to the Bitnami spark container[0m
[2025-07-25T01:46:19.775+0000] {docker.py:429} INFO - [38;5;6mspark [38;5;5m01:46:19.63 [0m[38;5;2mINFO [0m ==> Subscribe to project updates by watching [1mhttps://github.com/bitnami/containers[0m
[2025-07-25T01:46:19.775+0000] {docker.py:429} INFO - [38;5;6mspark [38;5;5m01:46:19.63 [0m[38;5;2mINFO [0m ==> Submit issues and feature requests at [1mhttps://github.com/bitnami/containers/issues[0m
[2025-07-25T01:46:19.775+0000] {docker.py:429} INFO - [38;5;6mspark [38;5;5m01:46:19.63 [0m[38;5;2mINFO [0m ==>
[2025-07-25T01:46:19.775+0000] {docker.py:429} INFO - 
[2025-07-25T01:46:20.475+0000] {docker.py:429} INFO - :: loading settings :: url = jar:file:/opt/bitnami/spark/jars/ivy-2.5.1.jar!/org/apache/ivy/core/settings/ivysettings.xml
[2025-07-25T01:46:20.509+0000] {docker.py:429} INFO - Ivy Default Cache set to: /opt/bitnami/spark/.ivy2/cache
The jars for the packages stored in: /opt/bitnami/spark/.ivy2/jars
[2025-07-25T01:46:20.512+0000] {docker.py:429} INFO - org.apache.spark#spark-sql-kafka-0-10_2.12 added as a dependency
[2025-07-25T01:46:20.512+0000] {docker.py:429} INFO - :: resolving dependencies :: org.apache.spark#spark-submit-parent-b71f8b82-86d1-4fc2-aa29-837048a36f29;1.0
	confs: [default]
[2025-07-25T01:46:23.614+0000] {docker.py:429} INFO - found org.apache.spark#spark-sql-kafka-0-10_2.12;3.3.4 in central
[2025-07-25T01:46:24.012+0000] {docker.py:429} INFO - found org.apache.spark#spark-token-provider-kafka-0-10_2.12;3.3.4 in central
[2025-07-25T01:46:24.315+0000] {docker.py:429} INFO - found org.apache.kafka#kafka-clients;2.8.1 in central
[2025-07-25T01:46:24.609+0000] {docker.py:429} INFO - found org.lz4#lz4-java;1.8.0 in central
[2025-07-25T01:46:24.902+0000] {docker.py:429} INFO - found org.xerial.snappy#snappy-java;1.1.8.4 in central
[2025-07-25T01:46:26.086+0000] {docker.py:429} INFO - found org.slf4j#slf4j-api;1.7.32 in central
[2025-07-25T01:46:28.210+0000] {docker.py:429} INFO - found org.apache.hadoop#hadoop-client-runtime;3.3.2 in central
[2025-07-25T01:46:29.368+0000] {docker.py:429} INFO - found org.spark-project.spark#unused;1.0.0 in central
[2025-07-25T01:46:29.679+0000] {docker.py:429} INFO - found org.apache.hadoop#hadoop-client-api;3.3.2 in central
[2025-07-25T01:46:31.782+0000] {docker.py:429} INFO - found commons-logging#commons-logging;1.1.3 in central
[2025-07-25T01:46:32.069+0000] {docker.py:429} INFO - found com.google.code.findbugs#jsr305;3.0.0 in central
[2025-07-25T01:46:35.017+0000] {docker.py:429} INFO - found org.apache.commons#commons-pool2;2.11.1 in central
[2025-07-25T01:46:35.174+0000] {docker.py:429} INFO - downloading https://repo1.maven.org/maven2/org/apache/spark/spark-sql-kafka-0-10_2.12/3.3.4/spark-sql-kafka-0-10_2.12-3.3.4.jar ...
[2025-07-25T01:46:35.534+0000] {docker.py:429} INFO - [SUCCESSFUL ] org.apache.spark#spark-sql-kafka-0-10_2.12;3.3.4!spark-sql-kafka-0-10_2.12.jar (513ms)
[2025-07-25T01:46:35.686+0000] {docker.py:429} INFO - downloading https://repo1.maven.org/maven2/org/apache/spark/spark-token-provider-kafka-0-10_2.12/3.3.4/spark-token-provider-kafka-0-10_2.12-3.3.4.jar ...
[2025-07-25T01:46:35.855+0000] {docker.py:429} INFO - [SUCCESSFUL ] org.apache.spark#spark-token-provider-kafka-0-10_2.12;3.3.4!spark-token-provider-kafka-0-10_2.12.jar (321ms)
[2025-07-25T01:46:36.039+0000] {docker.py:429} INFO - downloading https://repo1.maven.org/maven2/org/apache/kafka/kafka-clients/2.8.1/kafka-clients-2.8.1.jar ...
[2025-07-25T01:46:37.366+0000] {docker.py:429} INFO - [SUCCESSFUL ] org.apache.kafka#kafka-clients;2.8.1!kafka-clients.jar (1510ms)
[2025-07-25T01:46:37.525+0000] {docker.py:429} INFO - downloading https://repo1.maven.org/maven2/com/google/code/findbugs/jsr305/3.0.0/jsr305-3.0.0.jar ...
[2025-07-25T01:46:37.676+0000] {docker.py:429} INFO - [SUCCESSFUL ] com.google.code.findbugs#jsr305;3.0.0!jsr305.jar (309ms)
[2025-07-25T01:46:37.815+0000] {docker.py:429} INFO - downloading https://repo1.maven.org/maven2/org/apache/commons/commons-pool2/2.11.1/commons-pool2-2.11.1.jar ...
[2025-07-25T01:46:37.976+0000] {docker.py:429} INFO - [SUCCESSFUL ] org.apache.commons#commons-pool2;2.11.1!commons-pool2.jar (300ms)
[2025-07-25T01:46:38.117+0000] {docker.py:429} INFO - downloading https://repo1.maven.org/maven2/org/spark-project/spark/unused/1.0.0/unused-1.0.0.jar ...
[2025-07-25T01:46:38.256+0000] {docker.py:429} INFO - [SUCCESSFUL ] org.spark-project.spark#unused;1.0.0!unused.jar (280ms)
[2025-07-25T01:46:38.397+0000] {docker.py:429} INFO - downloading https://repo1.maven.org/maven2/org/apache/hadoop/hadoop-client-runtime/3.3.2/hadoop-client-runtime-3.3.2.jar ...
[2025-07-25T01:46:41.537+0000] {docker.py:429} INFO - [SUCCESSFUL ] org.apache.hadoop#hadoop-client-runtime;3.3.2!hadoop-client-runtime.jar (3280ms)
[2025-07-25T01:46:41.678+0000] {docker.py:429} INFO - downloading https://repo1.maven.org/maven2/org/lz4/lz4-java/1.8.0/lz4-java-1.8.0.jar ...
[2025-07-25T01:46:41.855+0000] {docker.py:429} INFO - [SUCCESSFUL ] org.lz4#lz4-java;1.8.0!lz4-java.jar (317ms)
[2025-07-25T01:46:41.996+0000] {docker.py:429} INFO - downloading https://repo1.maven.org/maven2/org/xerial/snappy/snappy-java/1.1.8.4/snappy-java-1.1.8.4.jar ...
[2025-07-25T01:46:41.586+0000] {docker.py:429} INFO - [SUCCESSFUL ] org.xerial.snappy#snappy-java;1.1.8.4!snappy-java.jar(bundle) (-270ms)
[2025-07-25T01:46:40.960+0000] {docker.py:429} INFO - downloading https://repo1.maven.org/maven2/org/slf4j/slf4j-api/1.7.32/slf4j-api-1.7.32.jar ...
[2025-07-25T01:46:41.104+0000] {docker.py:429} INFO - [SUCCESSFUL ] org.slf4j#slf4j-api;1.7.32!slf4j-api.jar (-483ms)
[2025-07-25T01:46:41.281+0000] {docker.py:429} INFO - downloading https://repo1.maven.org/maven2/org/apache/hadoop/hadoop-client-api/3.3.2/hadoop-client-api-3.3.2.jar ...
[2025-07-25T01:46:42.537+0000] {docker.py:429} INFO - [SUCCESSFUL ] org.apache.hadoop#hadoop-client-api;3.3.2!hadoop-client-api.jar (1433ms)
[2025-07-25T01:46:42.681+0000] {docker.py:429} INFO - downloading https://repo1.maven.org/maven2/commons-logging/commons-logging/1.1.3/commons-logging-1.1.3.jar ...
[2025-07-25T01:46:42.824+0000] {docker.py:429} INFO - [SUCCESSFUL ] commons-logging#commons-logging;1.1.3!commons-logging.jar (286ms)
[2025-07-25T01:46:42.824+0000] {docker.py:429} INFO - :: resolution report :: resolve 14508ms :: artifacts dl 7803ms
[2025-07-25T01:46:42.824+0000] {docker.py:429} INFO - :: modules in use:
[2025-07-25T01:46:42.824+0000] {docker.py:429} INFO - com.google.code.findbugs#jsr305;3.0.0 from central in [default]
	commons-logging#commons-logging;1.1.3 from central in [default]
	org.apache.commons#commons-pool2;2.11.1 from central in [default]
	org.apache.hadoop#hadoop-client-api;3.3.2 from central in [default]
	org.apache.hadoop#hadoop-client-runtime;3.3.2 from central in [default]
	org.apache.kafka#kafka-clients;2.8.1 from central in [default]
	org.apache.spark#spark-sql-kafka-0-10_2.12;3.3.4 from central in [default]
	org.apache.spark#spark-token-provider-kafka-0-10_2.12;3.3.4 from central in [default]
	org.lz4#lz4-java;1.8.0 from central in [default]
[2025-07-25T01:46:42.824+0000] {docker.py:429} INFO - org.slf4j#slf4j-api;1.7.32 from central in [default]
	org.spark-project.spark#unused;1.0.0 from central in [default]
	org.xerial.snappy#snappy-java;1.1.8.4 from central in [default]
	---------------------------------------------------------------------
	|                  |            modules            ||   artifacts   |
[2025-07-25T01:46:42.824+0000] {docker.py:429} INFO - |       conf       | number| search|dwnlded|evicted|| number|dwnlded|
	---------------------------------------------------------------------
	|      default     |   12  |   12  |   12  |   0   ||   12  |   12  |
	---------------------------------------------------------------------
[2025-07-25T01:46:42.827+0000] {docker.py:429} INFO - :: retrieving :: org.apache.spark#spark-submit-parent-b71f8b82-86d1-4fc2-aa29-837048a36f29
	confs: [default]
[2025-07-25T01:46:42.870+0000] {docker.py:429} INFO - 12 artifacts copied, 0 already retrieved (56631kB/43ms)
[2025-07-25T01:46:42.988+0000] {docker.py:429} INFO - 25/07/25 01:46:42 WARN NativeCodeLoader: Unable to load native-hadoop library for your platform... using builtin-java classes where applicable
[2025-07-25T01:46:43.583+0000] {docker.py:429} INFO - 25/07/25 01:46:43 INFO SparkContext: Running Spark version 3.3.4
[2025-07-25T01:46:43.595+0000] {docker.py:429} INFO - 25/07/25 01:46:43 INFO ResourceUtils: ==============================================================
[2025-07-25T01:46:43.596+0000] {docker.py:429} INFO - 25/07/25 01:46:43 INFO ResourceUtils: No custom resources configured for spark.driver.
[2025-07-25T01:46:43.596+0000] {docker.py:429} INFO - 25/07/25 01:46:43 INFO ResourceUtils: ==============================================================
[2025-07-25T01:46:43.596+0000] {docker.py:429} INFO - 25/07/25 01:46:43 INFO SparkContext: Submitted application: AggregateGold
[2025-07-25T01:46:43.609+0000] {docker.py:429} INFO - 25/07/25 01:46:43 INFO ResourceProfile: Default ResourceProfile created, executor resources: Map(cores -> name: cores, amount: 1, script: , vendor: , memory -> name: memory, amount: 1024, script: , vendor: , offHeap -> name: offHeap, amount: 0, script: , vendor: ), task resources: Map(cpus -> name: cpus, amount: 1.0)
[2025-07-25T01:46:43.613+0000] {docker.py:429} INFO - 25/07/25 01:46:43 INFO ResourceProfile: Limiting resource is cpu
[2025-07-25T01:46:43.614+0000] {docker.py:429} INFO - 25/07/25 01:46:43 INFO ResourceProfileManager: Added ResourceProfile id: 0
[2025-07-25T01:46:43.643+0000] {docker.py:429} INFO - 25/07/25 01:46:43 INFO SecurityManager: Changing view acls to: spark
[2025-07-25T01:46:43.643+0000] {docker.py:429} INFO - 25/07/25 01:46:43 INFO SecurityManager: Changing modify acls to: spark
[2025-07-25T01:46:43.643+0000] {docker.py:429} INFO - 25/07/25 01:46:43 INFO SecurityManager: Changing view acls groups to:
[2025-07-25T01:46:43.643+0000] {docker.py:429} INFO - 25/07/25 01:46:43 INFO SecurityManager: Changing modify acls groups to:
[2025-07-25T01:46:43.643+0000] {docker.py:429} INFO - 25/07/25 01:46:43 INFO SecurityManager: SecurityManager: authentication disabled; ui acls disabled; users  with view permissions: Set(spark); groups with view permissions: Set(); users  with modify permissions: Set(spark); groups with modify permissions: Set()
[2025-07-25T01:46:43.769+0000] {docker.py:429} INFO - 25/07/25 01:46:43 INFO Utils: Successfully started service 'sparkDriver' on port 42687.
[2025-07-25T01:46:43.783+0000] {docker.py:429} INFO - 25/07/25 01:46:43 INFO SparkEnv: Registering MapOutputTracker
[2025-07-25T01:46:43.801+0000] {docker.py:429} INFO - 25/07/25 01:46:43 INFO SparkEnv: Registering BlockManagerMaster
[2025-07-25T01:46:43.810+0000] {docker.py:429} INFO - 25/07/25 01:46:43 INFO BlockManagerMasterEndpoint: Using org.apache.spark.storage.DefaultTopologyMapper for getting topology information
[2025-07-25T01:46:43.810+0000] {docker.py:429} INFO - 25/07/25 01:46:43 INFO BlockManagerMasterEndpoint: BlockManagerMasterEndpoint up
[2025-07-25T01:46:43.812+0000] {docker.py:429} INFO - 25/07/25 01:46:43 INFO SparkEnv: Registering BlockManagerMasterHeartbeat
[2025-07-25T01:46:43.823+0000] {docker.py:429} INFO - 25/07/25 01:46:43 INFO DiskBlockManager: Created local directory at /tmp/blockmgr-eb1d1717-744f-46b6-98d0-fabbca265047
[2025-07-25T01:46:43.831+0000] {docker.py:429} INFO - 25/07/25 01:46:43 INFO MemoryStore: MemoryStore started with capacity 434.4 MiB
[2025-07-25T01:46:43.839+0000] {docker.py:429} INFO - 25/07/25 01:46:43 INFO SparkEnv: Registering OutputCommitCoordinator
[2025-07-25T01:46:43.945+0000] {docker.py:429} INFO - 25/07/25 01:46:43 INFO Utils: Successfully started service 'SparkUI' on port 4040.
[2025-07-25T01:46:43.965+0000] {docker.py:429} INFO - 25/07/25 01:46:43 INFO SparkContext: Added JAR file:///opt/bitnami/spark/.ivy2/jars/org.apache.spark_spark-sql-kafka-0-10_2.12-3.3.4.jar at spark://c505a28954dc:42687/jars/org.apache.spark_spark-sql-kafka-0-10_2.12-3.3.4.jar with timestamp 1753408003577
[2025-07-25T01:46:43.965+0000] {docker.py:429} INFO - 25/07/25 01:46:43 INFO SparkContext: Added JAR file:///opt/bitnami/spark/.ivy2/jars/org.apache.spark_spark-token-provider-kafka-0-10_2.12-3.3.4.jar at spark://c505a28954dc:42687/jars/org.apache.spark_spark-token-provider-kafka-0-10_2.12-3.3.4.jar with timestamp 1753408003577
[2025-07-25T01:46:43.966+0000] {docker.py:429} INFO - 25/07/25 01:46:43 INFO SparkContext: Added JAR file:///opt/bitnami/spark/.ivy2/jars/org.apache.kafka_kafka-clients-2.8.1.jar at spark://c505a28954dc:42687/jars/org.apache.kafka_kafka-clients-2.8.1.jar with timestamp 1753408003577
[2025-07-25T01:46:43.966+0000] {docker.py:429} INFO - 25/07/25 01:46:43 INFO SparkContext: Added JAR file:///opt/bitnami/spark/.ivy2/jars/com.google.code.findbugs_jsr305-3.0.0.jar at spark://c505a28954dc:42687/jars/com.google.code.findbugs_jsr305-3.0.0.jar with timestamp 1753408003577
25/07/25 01:46:43 INFO SparkContext: Added JAR file:///opt/bitnami/spark/.ivy2/jars/org.apache.commons_commons-pool2-2.11.1.jar at spark://c505a28954dc:42687/jars/org.apache.commons_commons-pool2-2.11.1.jar with timestamp 1753408003577
25/07/25 01:46:43 INFO SparkContext: Added JAR file:///opt/bitnami/spark/.ivy2/jars/org.spark-project.spark_unused-1.0.0.jar at spark://c505a28954dc:42687/jars/org.spark-project.spark_unused-1.0.0.jar with timestamp 1753408003577
[2025-07-25T01:46:43.966+0000] {docker.py:429} INFO - 25/07/25 01:46:43 INFO SparkContext: Added JAR file:///opt/bitnami/spark/.ivy2/jars/org.apache.hadoop_hadoop-client-runtime-3.3.2.jar at spark://c505a28954dc:42687/jars/org.apache.hadoop_hadoop-client-runtime-3.3.2.jar with timestamp 1753408003577
25/07/25 01:46:43 INFO SparkContext: Added JAR file:///opt/bitnami/spark/.ivy2/jars/org.lz4_lz4-java-1.8.0.jar at spark://c505a28954dc:42687/jars/org.lz4_lz4-java-1.8.0.jar with timestamp 1753408003577
25/07/25 01:46:43 INFO SparkContext: Added JAR file:///opt/bitnami/spark/.ivy2/jars/org.xerial.snappy_snappy-java-1.1.8.4.jar at spark://c505a28954dc:42687/jars/org.xerial.snappy_snappy-java-1.1.8.4.jar with timestamp 1753408003577
25/07/25 01:46:43 INFO SparkContext: Added JAR file:///opt/bitnami/spark/.ivy2/jars/org.slf4j_slf4j-api-1.7.32.jar at spark://c505a28954dc:42687/jars/org.slf4j_slf4j-api-1.7.32.jar with timestamp 1753408003577
[2025-07-25T01:46:43.966+0000] {docker.py:429} INFO - 25/07/25 01:46:43 INFO SparkContext: Added JAR file:///opt/bitnami/spark/.ivy2/jars/org.apache.hadoop_hadoop-client-api-3.3.2.jar at spark://c505a28954dc:42687/jars/org.apache.hadoop_hadoop-client-api-3.3.2.jar with timestamp 1753408003577
25/07/25 01:46:43 INFO SparkContext: Added JAR file:///opt/bitnami/spark/.ivy2/jars/commons-logging_commons-logging-1.1.3.jar at spark://c505a28954dc:42687/jars/commons-logging_commons-logging-1.1.3.jar with timestamp 1753408003577
[2025-07-25T01:46:43.968+0000] {docker.py:429} INFO - 25/07/25 01:46:43 INFO SparkContext: Added file file:///opt/bitnami/spark/.ivy2/jars/org.apache.spark_spark-sql-kafka-0-10_2.12-3.3.4.jar at file:///opt/bitnami/spark/.ivy2/jars/org.apache.spark_spark-sql-kafka-0-10_2.12-3.3.4.jar with timestamp 1753408003577
[2025-07-25T01:46:43.968+0000] {docker.py:429} INFO - 25/07/25 01:46:43 INFO Utils: Copying /opt/bitnami/spark/.ivy2/jars/org.apache.spark_spark-sql-kafka-0-10_2.12-3.3.4.jar to /tmp/spark-c1259ded-e8d0-4e0b-b540-af54cf5001e8/userFiles-167bafdc-50de-40ff-a8e3-bfeb3f2edd12/org.apache.spark_spark-sql-kafka-0-10_2.12-3.3.4.jar
[2025-07-25T01:46:43.974+0000] {docker.py:429} INFO - 25/07/25 01:46:43 INFO SparkContext: Added file file:///opt/bitnami/spark/.ivy2/jars/org.apache.spark_spark-token-provider-kafka-0-10_2.12-3.3.4.jar at file:///opt/bitnami/spark/.ivy2/jars/org.apache.spark_spark-token-provider-kafka-0-10_2.12-3.3.4.jar with timestamp 1753408003577
[2025-07-25T01:46:43.974+0000] {docker.py:429} INFO - 25/07/25 01:46:43 INFO Utils: Copying /opt/bitnami/spark/.ivy2/jars/org.apache.spark_spark-token-provider-kafka-0-10_2.12-3.3.4.jar to /tmp/spark-c1259ded-e8d0-4e0b-b540-af54cf5001e8/userFiles-167bafdc-50de-40ff-a8e3-bfeb3f2edd12/org.apache.spark_spark-token-provider-kafka-0-10_2.12-3.3.4.jar
[2025-07-25T01:46:43.976+0000] {docker.py:429} INFO - 25/07/25 01:46:43 INFO SparkContext: Added file file:///opt/bitnami/spark/.ivy2/jars/org.apache.kafka_kafka-clients-2.8.1.jar at file:///opt/bitnami/spark/.ivy2/jars/org.apache.kafka_kafka-clients-2.8.1.jar with timestamp 1753408003577
[2025-07-25T01:46:43.977+0000] {docker.py:429} INFO - 25/07/25 01:46:43 INFO Utils: Copying /opt/bitnami/spark/.ivy2/jars/org.apache.kafka_kafka-clients-2.8.1.jar to /tmp/spark-c1259ded-e8d0-4e0b-b540-af54cf5001e8/userFiles-167bafdc-50de-40ff-a8e3-bfeb3f2edd12/org.apache.kafka_kafka-clients-2.8.1.jar
[2025-07-25T01:46:43.981+0000] {docker.py:429} INFO - 25/07/25 01:46:43 INFO SparkContext: Added file file:///opt/bitnami/spark/.ivy2/jars/com.google.code.findbugs_jsr305-3.0.0.jar at file:///opt/bitnami/spark/.ivy2/jars/com.google.code.findbugs_jsr305-3.0.0.jar with timestamp 1753408003577
[2025-07-25T01:46:43.981+0000] {docker.py:429} INFO - 25/07/25 01:46:43 INFO Utils: Copying /opt/bitnami/spark/.ivy2/jars/com.google.code.findbugs_jsr305-3.0.0.jar to /tmp/spark-c1259ded-e8d0-4e0b-b540-af54cf5001e8/userFiles-167bafdc-50de-40ff-a8e3-bfeb3f2edd12/com.google.code.findbugs_jsr305-3.0.0.jar
[2025-07-25T01:46:43.983+0000] {docker.py:429} INFO - 25/07/25 01:46:43 INFO SparkContext: Added file file:///opt/bitnami/spark/.ivy2/jars/org.apache.commons_commons-pool2-2.11.1.jar at file:///opt/bitnami/spark/.ivy2/jars/org.apache.commons_commons-pool2-2.11.1.jar with timestamp 1753408003577
[2025-07-25T01:46:43.984+0000] {docker.py:429} INFO - 25/07/25 01:46:43 INFO Utils: Copying /opt/bitnami/spark/.ivy2/jars/org.apache.commons_commons-pool2-2.11.1.jar to /tmp/spark-c1259ded-e8d0-4e0b-b540-af54cf5001e8/userFiles-167bafdc-50de-40ff-a8e3-bfeb3f2edd12/org.apache.commons_commons-pool2-2.11.1.jar
[2025-07-25T01:46:43.986+0000] {docker.py:429} INFO - 25/07/25 01:46:43 INFO SparkContext: Added file file:///opt/bitnami/spark/.ivy2/jars/org.spark-project.spark_unused-1.0.0.jar at file:///opt/bitnami/spark/.ivy2/jars/org.spark-project.spark_unused-1.0.0.jar with timestamp 1753408003577
[2025-07-25T01:46:43.986+0000] {docker.py:429} INFO - 25/07/25 01:46:43 INFO Utils: Copying /opt/bitnami/spark/.ivy2/jars/org.spark-project.spark_unused-1.0.0.jar to /tmp/spark-c1259ded-e8d0-4e0b-b540-af54cf5001e8/userFiles-167bafdc-50de-40ff-a8e3-bfeb3f2edd12/org.spark-project.spark_unused-1.0.0.jar
[2025-07-25T01:46:43.988+0000] {docker.py:429} INFO - 25/07/25 01:46:43 INFO SparkContext: Added file file:///opt/bitnami/spark/.ivy2/jars/org.apache.hadoop_hadoop-client-runtime-3.3.2.jar at file:///opt/bitnami/spark/.ivy2/jars/org.apache.hadoop_hadoop-client-runtime-3.3.2.jar with timestamp 1753408003577
[2025-07-25T01:46:43.988+0000] {docker.py:429} INFO - 25/07/25 01:46:43 INFO Utils: Copying /opt/bitnami/spark/.ivy2/jars/org.apache.hadoop_hadoop-client-runtime-3.3.2.jar to /tmp/spark-c1259ded-e8d0-4e0b-b540-af54cf5001e8/userFiles-167bafdc-50de-40ff-a8e3-bfeb3f2edd12/org.apache.hadoop_hadoop-client-runtime-3.3.2.jar
[2025-07-25T01:46:44.006+0000] {docker.py:429} INFO - 25/07/25 01:46:44 INFO SparkContext: Added file file:///opt/bitnami/spark/.ivy2/jars/org.lz4_lz4-java-1.8.0.jar at file:///opt/bitnami/spark/.ivy2/jars/org.lz4_lz4-java-1.8.0.jar with timestamp 1753408003577
25/07/25 01:46:44 INFO Utils: Copying /opt/bitnami/spark/.ivy2/jars/org.lz4_lz4-java-1.8.0.jar to /tmp/spark-c1259ded-e8d0-4e0b-b540-af54cf5001e8/userFiles-167bafdc-50de-40ff-a8e3-bfeb3f2edd12/org.lz4_lz4-java-1.8.0.jar
[2025-07-25T01:46:44.008+0000] {docker.py:429} INFO - 25/07/25 01:46:44 INFO SparkContext: Added file file:///opt/bitnami/spark/.ivy2/jars/org.xerial.snappy_snappy-java-1.1.8.4.jar at file:///opt/bitnami/spark/.ivy2/jars/org.xerial.snappy_snappy-java-1.1.8.4.jar with timestamp 1753408003577
[2025-07-25T01:46:44.009+0000] {docker.py:429} INFO - 25/07/25 01:46:44 INFO Utils: Copying /opt/bitnami/spark/.ivy2/jars/org.xerial.snappy_snappy-java-1.1.8.4.jar to /tmp/spark-c1259ded-e8d0-4e0b-b540-af54cf5001e8/userFiles-167bafdc-50de-40ff-a8e3-bfeb3f2edd12/org.xerial.snappy_snappy-java-1.1.8.4.jar
[2025-07-25T01:46:44.011+0000] {docker.py:429} INFO - 25/07/25 01:46:44 INFO SparkContext: Added file file:///opt/bitnami/spark/.ivy2/jars/org.slf4j_slf4j-api-1.7.32.jar at file:///opt/bitnami/spark/.ivy2/jars/org.slf4j_slf4j-api-1.7.32.jar with timestamp 1753408003577
[2025-07-25T01:46:44.012+0000] {docker.py:429} INFO - 25/07/25 01:46:44 INFO Utils: Copying /opt/bitnami/spark/.ivy2/jars/org.slf4j_slf4j-api-1.7.32.jar to /tmp/spark-c1259ded-e8d0-4e0b-b540-af54cf5001e8/userFiles-167bafdc-50de-40ff-a8e3-bfeb3f2edd12/org.slf4j_slf4j-api-1.7.32.jar
[2025-07-25T01:46:44.014+0000] {docker.py:429} INFO - 25/07/25 01:46:44 INFO SparkContext: Added file file:///opt/bitnami/spark/.ivy2/jars/org.apache.hadoop_hadoop-client-api-3.3.2.jar at file:///opt/bitnami/spark/.ivy2/jars/org.apache.hadoop_hadoop-client-api-3.3.2.jar with timestamp 1753408003577
[2025-07-25T01:46:44.014+0000] {docker.py:429} INFO - 25/07/25 01:46:44 INFO Utils: Copying /opt/bitnami/spark/.ivy2/jars/org.apache.hadoop_hadoop-client-api-3.3.2.jar to /tmp/spark-c1259ded-e8d0-4e0b-b540-af54cf5001e8/userFiles-167bafdc-50de-40ff-a8e3-bfeb3f2edd12/org.apache.hadoop_hadoop-client-api-3.3.2.jar
[2025-07-25T01:46:44.026+0000] {docker.py:429} INFO - 25/07/25 01:46:44 INFO SparkContext: Added file file:///opt/bitnami/spark/.ivy2/jars/commons-logging_commons-logging-1.1.3.jar at file:///opt/bitnami/spark/.ivy2/jars/commons-logging_commons-logging-1.1.3.jar with timestamp 1753408003577
[2025-07-25T01:46:44.027+0000] {docker.py:429} INFO - 25/07/25 01:46:44 INFO Utils: Copying /opt/bitnami/spark/.ivy2/jars/commons-logging_commons-logging-1.1.3.jar to /tmp/spark-c1259ded-e8d0-4e0b-b540-af54cf5001e8/userFiles-167bafdc-50de-40ff-a8e3-bfeb3f2edd12/commons-logging_commons-logging-1.1.3.jar
[2025-07-25T01:46:44.065+0000] {docker.py:429} INFO - 25/07/25 01:46:44 INFO Executor: Starting executor ID driver on host c505a28954dc
[2025-07-25T01:46:44.069+0000] {docker.py:429} INFO - 25/07/25 01:46:44 INFO Executor: Starting executor with user classpath (userClassPathFirst = false): ''
[2025-07-25T01:46:44.075+0000] {docker.py:429} INFO - 25/07/25 01:46:44 INFO Executor: Fetching file:///opt/bitnami/spark/.ivy2/jars/commons-logging_commons-logging-1.1.3.jar with timestamp 1753408003577
[2025-07-25T01:46:44.083+0000] {docker.py:429} INFO - 25/07/25 01:46:44 INFO Utils: /opt/bitnami/spark/.ivy2/jars/commons-logging_commons-logging-1.1.3.jar has been previously copied to /tmp/spark-c1259ded-e8d0-4e0b-b540-af54cf5001e8/userFiles-167bafdc-50de-40ff-a8e3-bfeb3f2edd12/commons-logging_commons-logging-1.1.3.jar
[2025-07-25T01:46:44.085+0000] {docker.py:429} INFO - 25/07/25 01:46:44 INFO Executor: Fetching file:///opt/bitnami/spark/.ivy2/jars/org.apache.hadoop_hadoop-client-runtime-3.3.2.jar with timestamp 1753408003577
[2025-07-25T01:46:44.098+0000] {docker.py:429} INFO - 25/07/25 01:46:44 INFO Utils: /opt/bitnami/spark/.ivy2/jars/org.apache.hadoop_hadoop-client-runtime-3.3.2.jar has been previously copied to /tmp/spark-c1259ded-e8d0-4e0b-b540-af54cf5001e8/userFiles-167bafdc-50de-40ff-a8e3-bfeb3f2edd12/org.apache.hadoop_hadoop-client-runtime-3.3.2.jar
[2025-07-25T01:46:44.100+0000] {docker.py:429} INFO - 25/07/25 01:46:44 INFO Executor: Fetching file:///opt/bitnami/spark/.ivy2/jars/org.apache.commons_commons-pool2-2.11.1.jar with timestamp 1753408003577
[2025-07-25T01:46:44.100+0000] {docker.py:429} INFO - 25/07/25 01:46:44 INFO Utils: /opt/bitnami/spark/.ivy2/jars/org.apache.commons_commons-pool2-2.11.1.jar has been previously copied to /tmp/spark-c1259ded-e8d0-4e0b-b540-af54cf5001e8/userFiles-167bafdc-50de-40ff-a8e3-bfeb3f2edd12/org.apache.commons_commons-pool2-2.11.1.jar
[2025-07-25T01:46:44.102+0000] {docker.py:429} INFO - 25/07/25 01:46:44 INFO Executor: Fetching file:///opt/bitnami/spark/.ivy2/jars/org.slf4j_slf4j-api-1.7.32.jar with timestamp 1753408003577
[2025-07-25T01:46:44.102+0000] {docker.py:429} INFO - 25/07/25 01:46:44 INFO Utils: /opt/bitnami/spark/.ivy2/jars/org.slf4j_slf4j-api-1.7.32.jar has been previously copied to /tmp/spark-c1259ded-e8d0-4e0b-b540-af54cf5001e8/userFiles-167bafdc-50de-40ff-a8e3-bfeb3f2edd12/org.slf4j_slf4j-api-1.7.32.jar
[2025-07-25T01:46:44.104+0000] {docker.py:429} INFO - 25/07/25 01:46:44 INFO Executor: Fetching file:///opt/bitnami/spark/.ivy2/jars/org.lz4_lz4-java-1.8.0.jar with timestamp 1753408003577
[2025-07-25T01:46:44.104+0000] {docker.py:429} INFO - 25/07/25 01:46:44 INFO Utils: /opt/bitnami/spark/.ivy2/jars/org.lz4_lz4-java-1.8.0.jar has been previously copied to /tmp/spark-c1259ded-e8d0-4e0b-b540-af54cf5001e8/userFiles-167bafdc-50de-40ff-a8e3-bfeb3f2edd12/org.lz4_lz4-java-1.8.0.jar
[2025-07-25T01:46:44.106+0000] {docker.py:429} INFO - 25/07/25 01:46:44 INFO Executor: Fetching file:///opt/bitnami/spark/.ivy2/jars/org.apache.kafka_kafka-clients-2.8.1.jar with timestamp 1753408003577
[2025-07-25T01:46:44.108+0000] {docker.py:429} INFO - 25/07/25 01:46:44 INFO Utils: /opt/bitnami/spark/.ivy2/jars/org.apache.kafka_kafka-clients-2.8.1.jar has been previously copied to /tmp/spark-c1259ded-e8d0-4e0b-b540-af54cf5001e8/userFiles-167bafdc-50de-40ff-a8e3-bfeb3f2edd12/org.apache.kafka_kafka-clients-2.8.1.jar
[2025-07-25T01:46:44.110+0000] {docker.py:429} INFO - 25/07/25 01:46:44 INFO Executor: Fetching file:///opt/bitnami/spark/.ivy2/jars/org.apache.spark_spark-token-provider-kafka-0-10_2.12-3.3.4.jar with timestamp 1753408003577
[2025-07-25T01:46:44.110+0000] {docker.py:429} INFO - 25/07/25 01:46:44 INFO Utils: /opt/bitnami/spark/.ivy2/jars/org.apache.spark_spark-token-provider-kafka-0-10_2.12-3.3.4.jar has been previously copied to /tmp/spark-c1259ded-e8d0-4e0b-b540-af54cf5001e8/userFiles-167bafdc-50de-40ff-a8e3-bfeb3f2edd12/org.apache.spark_spark-token-provider-kafka-0-10_2.12-3.3.4.jar
[2025-07-25T01:46:44.112+0000] {docker.py:429} INFO - 25/07/25 01:46:44 INFO Executor: Fetching file:///opt/bitnami/spark/.ivy2/jars/com.google.code.findbugs_jsr305-3.0.0.jar with timestamp 1753408003577
[2025-07-25T01:46:44.112+0000] {docker.py:429} INFO - 25/07/25 01:46:44 INFO Utils: /opt/bitnami/spark/.ivy2/jars/com.google.code.findbugs_jsr305-3.0.0.jar has been previously copied to /tmp/spark-c1259ded-e8d0-4e0b-b540-af54cf5001e8/userFiles-167bafdc-50de-40ff-a8e3-bfeb3f2edd12/com.google.code.findbugs_jsr305-3.0.0.jar
[2025-07-25T01:46:44.114+0000] {docker.py:429} INFO - 25/07/25 01:46:44 INFO Executor: Fetching file:///opt/bitnami/spark/.ivy2/jars/org.xerial.snappy_snappy-java-1.1.8.4.jar with timestamp 1753408003577
[2025-07-25T01:46:44.115+0000] {docker.py:429} INFO - 25/07/25 01:46:44 INFO Utils: /opt/bitnami/spark/.ivy2/jars/org.xerial.snappy_snappy-java-1.1.8.4.jar has been previously copied to /tmp/spark-c1259ded-e8d0-4e0b-b540-af54cf5001e8/userFiles-167bafdc-50de-40ff-a8e3-bfeb3f2edd12/org.xerial.snappy_snappy-java-1.1.8.4.jar
[2025-07-25T01:46:44.117+0000] {docker.py:429} INFO - 25/07/25 01:46:44 INFO Executor: Fetching file:///opt/bitnami/spark/.ivy2/jars/org.apache.hadoop_hadoop-client-api-3.3.2.jar with timestamp 1753408003577
[2025-07-25T01:46:44.124+0000] {docker.py:429} INFO - 25/07/25 01:46:44 INFO Utils: /opt/bitnami/spark/.ivy2/jars/org.apache.hadoop_hadoop-client-api-3.3.2.jar has been previously copied to /tmp/spark-c1259ded-e8d0-4e0b-b540-af54cf5001e8/userFiles-167bafdc-50de-40ff-a8e3-bfeb3f2edd12/org.apache.hadoop_hadoop-client-api-3.3.2.jar
[2025-07-25T01:46:44.126+0000] {docker.py:429} INFO - 25/07/25 01:46:44 INFO Executor: Fetching file:///opt/bitnami/spark/.ivy2/jars/org.spark-project.spark_unused-1.0.0.jar with timestamp 1753408003577
[2025-07-25T01:46:44.126+0000] {docker.py:429} INFO - 25/07/25 01:46:44 INFO Utils: /opt/bitnami/spark/.ivy2/jars/org.spark-project.spark_unused-1.0.0.jar has been previously copied to /tmp/spark-c1259ded-e8d0-4e0b-b540-af54cf5001e8/userFiles-167bafdc-50de-40ff-a8e3-bfeb3f2edd12/org.spark-project.spark_unused-1.0.0.jar
[2025-07-25T01:46:44.128+0000] {docker.py:429} INFO - 25/07/25 01:46:44 INFO Executor: Fetching file:///opt/bitnami/spark/.ivy2/jars/org.apache.spark_spark-sql-kafka-0-10_2.12-3.3.4.jar with timestamp 1753408003577
[2025-07-25T01:46:44.129+0000] {docker.py:429} INFO - 25/07/25 01:46:44 INFO Utils: /opt/bitnami/spark/.ivy2/jars/org.apache.spark_spark-sql-kafka-0-10_2.12-3.3.4.jar has been previously copied to /tmp/spark-c1259ded-e8d0-4e0b-b540-af54cf5001e8/userFiles-167bafdc-50de-40ff-a8e3-bfeb3f2edd12/org.apache.spark_spark-sql-kafka-0-10_2.12-3.3.4.jar
[2025-07-25T01:46:44.132+0000] {docker.py:429} INFO - 25/07/25 01:46:44 INFO Executor: Fetching spark://c505a28954dc:42687/jars/org.xerial.snappy_snappy-java-1.1.8.4.jar with timestamp 1753408003577
[2025-07-25T01:46:44.151+0000] {docker.py:429} INFO - 25/07/25 01:46:44 INFO TransportClientFactory: Successfully created connection to c505a28954dc/172.23.0.10:42687 after 13 ms (0 ms spent in bootstraps)
[2025-07-25T01:46:44.153+0000] {docker.py:429} INFO - 25/07/25 01:46:44 INFO Utils: Fetching spark://c505a28954dc:42687/jars/org.xerial.snappy_snappy-java-1.1.8.4.jar to /tmp/spark-c1259ded-e8d0-4e0b-b540-af54cf5001e8/userFiles-167bafdc-50de-40ff-a8e3-bfeb3f2edd12/fetchFileTemp4956557083686485590.tmp
[2025-07-25T01:46:44.181+0000] {docker.py:429} INFO - 25/07/25 01:46:44 INFO Utils: /tmp/spark-c1259ded-e8d0-4e0b-b540-af54cf5001e8/userFiles-167bafdc-50de-40ff-a8e3-bfeb3f2edd12/fetchFileTemp4956557083686485590.tmp has been previously copied to /tmp/spark-c1259ded-e8d0-4e0b-b540-af54cf5001e8/userFiles-167bafdc-50de-40ff-a8e3-bfeb3f2edd12/org.xerial.snappy_snappy-java-1.1.8.4.jar
[2025-07-25T01:46:44.188+0000] {docker.py:429} INFO - 25/07/25 01:46:44 INFO Executor: Adding file:/tmp/spark-c1259ded-e8d0-4e0b-b540-af54cf5001e8/userFiles-167bafdc-50de-40ff-a8e3-bfeb3f2edd12/org.xerial.snappy_snappy-java-1.1.8.4.jar to class loader
[2025-07-25T01:46:44.188+0000] {docker.py:429} INFO - 25/07/25 01:46:44 INFO Executor: Fetching spark://c505a28954dc:42687/jars/commons-logging_commons-logging-1.1.3.jar with timestamp 1753408003577
[2025-07-25T01:46:44.188+0000] {docker.py:429} INFO - 25/07/25 01:46:44 INFO Utils: Fetching spark://c505a28954dc:42687/jars/commons-logging_commons-logging-1.1.3.jar to /tmp/spark-c1259ded-e8d0-4e0b-b540-af54cf5001e8/userFiles-167bafdc-50de-40ff-a8e3-bfeb3f2edd12/fetchFileTemp13784834325635072192.tmp
[2025-07-25T01:46:44.190+0000] {docker.py:429} INFO - 25/07/25 01:46:44 INFO Utils: /tmp/spark-c1259ded-e8d0-4e0b-b540-af54cf5001e8/userFiles-167bafdc-50de-40ff-a8e3-bfeb3f2edd12/fetchFileTemp13784834325635072192.tmp has been previously copied to /tmp/spark-c1259ded-e8d0-4e0b-b540-af54cf5001e8/userFiles-167bafdc-50de-40ff-a8e3-bfeb3f2edd12/commons-logging_commons-logging-1.1.3.jar
[2025-07-25T01:46:44.192+0000] {docker.py:429} INFO - 25/07/25 01:46:44 INFO Executor: Adding file:/tmp/spark-c1259ded-e8d0-4e0b-b540-af54cf5001e8/userFiles-167bafdc-50de-40ff-a8e3-bfeb3f2edd12/commons-logging_commons-logging-1.1.3.jar to class loader
[2025-07-25T01:46:44.192+0000] {docker.py:429} INFO - 25/07/25 01:46:44 INFO Executor: Fetching spark://c505a28954dc:42687/jars/org.apache.kafka_kafka-clients-2.8.1.jar with timestamp 1753408003577
[2025-07-25T01:46:44.192+0000] {docker.py:429} INFO - 25/07/25 01:46:44 INFO Utils: Fetching spark://c505a28954dc:42687/jars/org.apache.kafka_kafka-clients-2.8.1.jar to /tmp/spark-c1259ded-e8d0-4e0b-b540-af54cf5001e8/userFiles-167bafdc-50de-40ff-a8e3-bfeb3f2edd12/fetchFileTemp14804161196325624636.tmp
[2025-07-25T01:46:44.204+0000] {docker.py:429} INFO - 25/07/25 01:46:44 INFO Utils: /tmp/spark-c1259ded-e8d0-4e0b-b540-af54cf5001e8/userFiles-167bafdc-50de-40ff-a8e3-bfeb3f2edd12/fetchFileTemp14804161196325624636.tmp has been previously copied to /tmp/spark-c1259ded-e8d0-4e0b-b540-af54cf5001e8/userFiles-167bafdc-50de-40ff-a8e3-bfeb3f2edd12/org.apache.kafka_kafka-clients-2.8.1.jar
[2025-07-25T01:46:44.215+0000] {docker.py:429} INFO - 25/07/25 01:46:44 INFO Executor: Adding file:/tmp/spark-c1259ded-e8d0-4e0b-b540-af54cf5001e8/userFiles-167bafdc-50de-40ff-a8e3-bfeb3f2edd12/org.apache.kafka_kafka-clients-2.8.1.jar to class loader
[2025-07-25T01:46:44.215+0000] {docker.py:429} INFO - 25/07/25 01:46:44 INFO Executor: Fetching spark://c505a28954dc:42687/jars/org.apache.hadoop_hadoop-client-runtime-3.3.2.jar with timestamp 1753408003577
[2025-07-25T01:46:44.216+0000] {docker.py:429} INFO - 25/07/25 01:46:44 INFO Utils: Fetching spark://c505a28954dc:42687/jars/org.apache.hadoop_hadoop-client-runtime-3.3.2.jar to /tmp/spark-c1259ded-e8d0-4e0b-b540-af54cf5001e8/userFiles-167bafdc-50de-40ff-a8e3-bfeb3f2edd12/fetchFileTemp16041769645754039688.tmp
[2025-07-25T01:46:44.284+0000] {docker.py:429} INFO - 25/07/25 01:46:44 INFO Utils: /tmp/spark-c1259ded-e8d0-4e0b-b540-af54cf5001e8/userFiles-167bafdc-50de-40ff-a8e3-bfeb3f2edd12/fetchFileTemp16041769645754039688.tmp has been previously copied to /tmp/spark-c1259ded-e8d0-4e0b-b540-af54cf5001e8/userFiles-167bafdc-50de-40ff-a8e3-bfeb3f2edd12/org.apache.hadoop_hadoop-client-runtime-3.3.2.jar
[2025-07-25T01:46:44.434+0000] {docker.py:429} INFO - 25/07/25 01:46:44 INFO Executor: Adding file:/tmp/spark-c1259ded-e8d0-4e0b-b540-af54cf5001e8/userFiles-167bafdc-50de-40ff-a8e3-bfeb3f2edd12/org.apache.hadoop_hadoop-client-runtime-3.3.2.jar to class loader
25/07/25 01:46:44 INFO Executor: Fetching spark://c505a28954dc:42687/jars/org.apache.commons_commons-pool2-2.11.1.jar with timestamp 1753408003577
[2025-07-25T01:46:44.435+0000] {docker.py:429} INFO - 25/07/25 01:46:44 INFO Utils: Fetching spark://c505a28954dc:42687/jars/org.apache.commons_commons-pool2-2.11.1.jar to /tmp/spark-c1259ded-e8d0-4e0b-b540-af54cf5001e8/userFiles-167bafdc-50de-40ff-a8e3-bfeb3f2edd12/fetchFileTemp18354100756950963737.tmp
[2025-07-25T01:46:44.436+0000] {docker.py:429} INFO - 25/07/25 01:46:44 INFO Utils: /tmp/spark-c1259ded-e8d0-4e0b-b540-af54cf5001e8/userFiles-167bafdc-50de-40ff-a8e3-bfeb3f2edd12/fetchFileTemp18354100756950963737.tmp has been previously copied to /tmp/spark-c1259ded-e8d0-4e0b-b540-af54cf5001e8/userFiles-167bafdc-50de-40ff-a8e3-bfeb3f2edd12/org.apache.commons_commons-pool2-2.11.1.jar
[2025-07-25T01:46:44.646+0000] {docker.py:429} INFO - 25/07/25 01:46:44 INFO Executor: Adding file:/tmp/spark-c1259ded-e8d0-4e0b-b540-af54cf5001e8/userFiles-167bafdc-50de-40ff-a8e3-bfeb3f2edd12/org.apache.commons_commons-pool2-2.11.1.jar to class loader
25/07/25 01:46:44 INFO Executor: Fetching spark://c505a28954dc:42687/jars/org.apache.spark_spark-token-provider-kafka-0-10_2.12-3.3.4.jar with timestamp 1753408003577
[2025-07-25T01:46:44.646+0000] {docker.py:429} INFO - 25/07/25 01:46:44 INFO Utils: Fetching spark://c505a28954dc:42687/jars/org.apache.spark_spark-token-provider-kafka-0-10_2.12-3.3.4.jar to /tmp/spark-c1259ded-e8d0-4e0b-b540-af54cf5001e8/userFiles-167bafdc-50de-40ff-a8e3-bfeb3f2edd12/fetchFileTemp2923935274312466452.tmp
[2025-07-25T01:46:44.647+0000] {docker.py:429} INFO - 25/07/25 01:46:44 INFO Utils: /tmp/spark-c1259ded-e8d0-4e0b-b540-af54cf5001e8/userFiles-167bafdc-50de-40ff-a8e3-bfeb3f2edd12/fetchFileTemp2923935274312466452.tmp has been previously copied to /tmp/spark-c1259ded-e8d0-4e0b-b540-af54cf5001e8/userFiles-167bafdc-50de-40ff-a8e3-bfeb3f2edd12/org.apache.spark_spark-token-provider-kafka-0-10_2.12-3.3.4.jar
[2025-07-25T01:46:44.650+0000] {docker.py:429} INFO - 25/07/25 01:46:44 INFO Executor: Adding file:/tmp/spark-c1259ded-e8d0-4e0b-b540-af54cf5001e8/userFiles-167bafdc-50de-40ff-a8e3-bfeb3f2edd12/org.apache.spark_spark-token-provider-kafka-0-10_2.12-3.3.4.jar to class loader
[2025-07-25T01:46:44.650+0000] {docker.py:429} INFO - 25/07/25 01:46:44 INFO Executor: Fetching spark://c505a28954dc:42687/jars/org.apache.spark_spark-sql-kafka-0-10_2.12-3.3.4.jar with timestamp 1753408003577
[2025-07-25T01:46:44.651+0000] {docker.py:429} INFO - 25/07/25 01:46:44 INFO Utils: Fetching spark://c505a28954dc:42687/jars/org.apache.spark_spark-sql-kafka-0-10_2.12-3.3.4.jar to /tmp/spark-c1259ded-e8d0-4e0b-b540-af54cf5001e8/userFiles-167bafdc-50de-40ff-a8e3-bfeb3f2edd12/fetchFileTemp15064189505084480098.tmp
[2025-07-25T01:46:44.652+0000] {docker.py:429} INFO - 25/07/25 01:46:44 INFO Utils: /tmp/spark-c1259ded-e8d0-4e0b-b540-af54cf5001e8/userFiles-167bafdc-50de-40ff-a8e3-bfeb3f2edd12/fetchFileTemp15064189505084480098.tmp has been previously copied to /tmp/spark-c1259ded-e8d0-4e0b-b540-af54cf5001e8/userFiles-167bafdc-50de-40ff-a8e3-bfeb3f2edd12/org.apache.spark_spark-sql-kafka-0-10_2.12-3.3.4.jar
[2025-07-25T01:46:44.655+0000] {docker.py:429} INFO - 25/07/25 01:46:44 INFO Executor: Adding file:/tmp/spark-c1259ded-e8d0-4e0b-b540-af54cf5001e8/userFiles-167bafdc-50de-40ff-a8e3-bfeb3f2edd12/org.apache.spark_spark-sql-kafka-0-10_2.12-3.3.4.jar to class loader
[2025-07-25T01:46:44.656+0000] {docker.py:429} INFO - 25/07/25 01:46:44 INFO Executor: Fetching spark://c505a28954dc:42687/jars/com.google.code.findbugs_jsr305-3.0.0.jar with timestamp 1753408003577
[2025-07-25T01:46:44.656+0000] {docker.py:429} INFO - 25/07/25 01:46:44 INFO Utils: Fetching spark://c505a28954dc:42687/jars/com.google.code.findbugs_jsr305-3.0.0.jar to /tmp/spark-c1259ded-e8d0-4e0b-b540-af54cf5001e8/userFiles-167bafdc-50de-40ff-a8e3-bfeb3f2edd12/fetchFileTemp3271541892594387858.tmp
[2025-07-25T01:46:44.657+0000] {docker.py:429} INFO - 25/07/25 01:46:44 INFO Utils: /tmp/spark-c1259ded-e8d0-4e0b-b540-af54cf5001e8/userFiles-167bafdc-50de-40ff-a8e3-bfeb3f2edd12/fetchFileTemp3271541892594387858.tmp has been previously copied to /tmp/spark-c1259ded-e8d0-4e0b-b540-af54cf5001e8/userFiles-167bafdc-50de-40ff-a8e3-bfeb3f2edd12/com.google.code.findbugs_jsr305-3.0.0.jar
[2025-07-25T01:46:44.659+0000] {docker.py:429} INFO - 25/07/25 01:46:44 INFO Executor: Adding file:/tmp/spark-c1259ded-e8d0-4e0b-b540-af54cf5001e8/userFiles-167bafdc-50de-40ff-a8e3-bfeb3f2edd12/com.google.code.findbugs_jsr305-3.0.0.jar to class loader
[2025-07-25T01:46:44.659+0000] {docker.py:429} INFO - 25/07/25 01:46:44 INFO Executor: Fetching spark://c505a28954dc:42687/jars/org.slf4j_slf4j-api-1.7.32.jar with timestamp 1753408003577
[2025-07-25T01:46:44.660+0000] {docker.py:429} INFO - 25/07/25 01:46:44 INFO Utils: Fetching spark://c505a28954dc:42687/jars/org.slf4j_slf4j-api-1.7.32.jar to /tmp/spark-c1259ded-e8d0-4e0b-b540-af54cf5001e8/userFiles-167bafdc-50de-40ff-a8e3-bfeb3f2edd12/fetchFileTemp10437779999726290891.tmp
[2025-07-25T01:46:44.660+0000] {docker.py:429} INFO - 25/07/25 01:46:44 INFO Utils: /tmp/spark-c1259ded-e8d0-4e0b-b540-af54cf5001e8/userFiles-167bafdc-50de-40ff-a8e3-bfeb3f2edd12/fetchFileTemp10437779999726290891.tmp has been previously copied to /tmp/spark-c1259ded-e8d0-4e0b-b540-af54cf5001e8/userFiles-167bafdc-50de-40ff-a8e3-bfeb3f2edd12/org.slf4j_slf4j-api-1.7.32.jar
[2025-07-25T01:46:44.716+0000] {docker.py:429} INFO - 25/07/25 01:46:44 INFO Executor: Adding file:/tmp/spark-c1259ded-e8d0-4e0b-b540-af54cf5001e8/userFiles-167bafdc-50de-40ff-a8e3-bfeb3f2edd12/org.slf4j_slf4j-api-1.7.32.jar to class loader
[2025-07-25T01:46:44.716+0000] {docker.py:429} INFO - 25/07/25 01:46:44 INFO Executor: Fetching spark://c505a28954dc:42687/jars/org.lz4_lz4-java-1.8.0.jar with timestamp 1753408003577
[2025-07-25T01:46:44.716+0000] {docker.py:429} INFO - 25/07/25 01:46:44 INFO Utils: Fetching spark://c505a28954dc:42687/jars/org.lz4_lz4-java-1.8.0.jar to /tmp/spark-c1259ded-e8d0-4e0b-b540-af54cf5001e8/userFiles-167bafdc-50de-40ff-a8e3-bfeb3f2edd12/fetchFileTemp6557534624311797635.tmp
[2025-07-25T01:46:44.719+0000] {docker.py:429} INFO - 25/07/25 01:46:44 INFO Utils: /tmp/spark-c1259ded-e8d0-4e0b-b540-af54cf5001e8/userFiles-167bafdc-50de-40ff-a8e3-bfeb3f2edd12/fetchFileTemp6557534624311797635.tmp has been previously copied to /tmp/spark-c1259ded-e8d0-4e0b-b540-af54cf5001e8/userFiles-167bafdc-50de-40ff-a8e3-bfeb3f2edd12/org.lz4_lz4-java-1.8.0.jar
[2025-07-25T01:46:44.723+0000] {docker.py:429} INFO - 25/07/25 01:46:44 INFO Executor: Adding file:/tmp/spark-c1259ded-e8d0-4e0b-b540-af54cf5001e8/userFiles-167bafdc-50de-40ff-a8e3-bfeb3f2edd12/org.lz4_lz4-java-1.8.0.jar to class loader
[2025-07-25T01:46:44.724+0000] {docker.py:429} INFO - 25/07/25 01:46:44 INFO Executor: Fetching spark://c505a28954dc:42687/jars/org.spark-project.spark_unused-1.0.0.jar with timestamp 1753408003577
[2025-07-25T01:46:44.725+0000] {docker.py:429} INFO - 25/07/25 01:46:44 INFO Utils: Fetching spark://c505a28954dc:42687/jars/org.spark-project.spark_unused-1.0.0.jar to /tmp/spark-c1259ded-e8d0-4e0b-b540-af54cf5001e8/userFiles-167bafdc-50de-40ff-a8e3-bfeb3f2edd12/fetchFileTemp4109767219933733533.tmp
[2025-07-25T01:46:44.725+0000] {docker.py:429} INFO - 25/07/25 01:46:44 INFO Utils: /tmp/spark-c1259ded-e8d0-4e0b-b540-af54cf5001e8/userFiles-167bafdc-50de-40ff-a8e3-bfeb3f2edd12/fetchFileTemp4109767219933733533.tmp has been previously copied to /tmp/spark-c1259ded-e8d0-4e0b-b540-af54cf5001e8/userFiles-167bafdc-50de-40ff-a8e3-bfeb3f2edd12/org.spark-project.spark_unused-1.0.0.jar
[2025-07-25T01:46:44.727+0000] {docker.py:429} INFO - 25/07/25 01:46:44 INFO Executor: Adding file:/tmp/spark-c1259ded-e8d0-4e0b-b540-af54cf5001e8/userFiles-167bafdc-50de-40ff-a8e3-bfeb3f2edd12/org.spark-project.spark_unused-1.0.0.jar to class loader
[2025-07-25T01:46:44.728+0000] {docker.py:429} INFO - 25/07/25 01:46:44 INFO Executor: Fetching spark://c505a28954dc:42687/jars/org.apache.hadoop_hadoop-client-api-3.3.2.jar with timestamp 1753408003577
[2025-07-25T01:46:44.728+0000] {docker.py:429} INFO - 25/07/25 01:46:44 INFO Utils: Fetching spark://c505a28954dc:42687/jars/org.apache.hadoop_hadoop-client-api-3.3.2.jar to /tmp/spark-c1259ded-e8d0-4e0b-b540-af54cf5001e8/userFiles-167bafdc-50de-40ff-a8e3-bfeb3f2edd12/fetchFileTemp1650778850435878859.tmp
[2025-07-25T01:46:44.763+0000] {docker.py:429} INFO - 25/07/25 01:46:44 INFO Utils: /tmp/spark-c1259ded-e8d0-4e0b-b540-af54cf5001e8/userFiles-167bafdc-50de-40ff-a8e3-bfeb3f2edd12/fetchFileTemp1650778850435878859.tmp has been previously copied to /tmp/spark-c1259ded-e8d0-4e0b-b540-af54cf5001e8/userFiles-167bafdc-50de-40ff-a8e3-bfeb3f2edd12/org.apache.hadoop_hadoop-client-api-3.3.2.jar
[2025-07-25T01:46:44.801+0000] {docker.py:429} INFO - 25/07/25 01:46:44 INFO Executor: Adding file:/tmp/spark-c1259ded-e8d0-4e0b-b540-af54cf5001e8/userFiles-167bafdc-50de-40ff-a8e3-bfeb3f2edd12/org.apache.hadoop_hadoop-client-api-3.3.2.jar to class loader
[2025-07-25T01:46:44.807+0000] {docker.py:429} INFO - 25/07/25 01:46:44 INFO Utils: Successfully started service 'org.apache.spark.network.netty.NettyBlockTransferService' on port 34319.
25/07/25 01:46:44 INFO NettyBlockTransferService: Server created on c505a28954dc:34319
[2025-07-25T01:46:44.808+0000] {docker.py:429} INFO - 25/07/25 01:46:44 INFO BlockManager: Using org.apache.spark.storage.RandomBlockReplicationPolicy for block replication policy
[2025-07-25T01:46:44.812+0000] {docker.py:429} INFO - 25/07/25 01:46:44 INFO BlockManagerMaster: Registering BlockManager BlockManagerId(driver, c505a28954dc, 34319, None)
[2025-07-25T01:46:44.814+0000] {docker.py:429} INFO - 25/07/25 01:46:44 INFO BlockManagerMasterEndpoint: Registering block manager c505a28954dc:34319 with 434.4 MiB RAM, BlockManagerId(driver, c505a28954dc, 34319, None)
[2025-07-25T01:46:44.815+0000] {docker.py:429} INFO - 25/07/25 01:46:44 INFO BlockManagerMaster: Registered BlockManager BlockManagerId(driver, c505a28954dc, 34319, None)
[2025-07-25T01:46:44.815+0000] {docker.py:429} INFO - 25/07/25 01:46:44 INFO BlockManager: Initialized BlockManager: BlockManagerId(driver, c505a28954dc, 34319, None)
[2025-07-25T01:46:45.431+0000] {docker.py:429} INFO - 25/07/25 01:46:45 WARN MetricsConfig: Cannot locate configuration: tried hadoop-metrics2-s3a-file-system.properties,hadoop-metrics2.properties
[2025-07-25T01:46:52.204+0000] {taskinstance.py:1138} INFO - Marking task as SUCCESS. dag_id=bis_pipeline_dag, task_id=silver_to_gold, execution_date=20250725T014400, start_date=20250725T014617, end_date=20250725T014652
[2025-07-25T01:46:52.268+0000] {local_task_job_runner.py:234} INFO - Task exited with return code 0
[2025-07-25T01:46:52.281+0000] {taskinstance.py:3280} INFO - 1 downstream tasks scheduled from follow-on schedule check
