[2025-07-24T06:29:52.339+0000] {taskinstance.py:1956} INFO - Dependencies all met for dep_context=non-requeueable deps ti=<TaskInstance: bis_pipeline_dag.collect_bronze manual__2025-07-24T06:29:51.666715+00:00 [queued]>
[2025-07-24T06:29:52.344+0000] {taskinstance.py:1956} INFO - Dependencies all met for dep_context=requeueable deps ti=<TaskInstance: bis_pipeline_dag.collect_bronze manual__2025-07-24T06:29:51.666715+00:00 [queued]>
[2025-07-24T06:29:52.344+0000] {taskinstance.py:2170} INFO - Starting attempt 1 of 2
[2025-07-24T06:29:52.418+0000] {taskinstance.py:2191} INFO - Executing <Task(BashOperator): collect_bronze> on 2025-07-24 06:29:51.666715+00:00
[2025-07-24T06:29:52.422+0000] {standard_task_runner.py:60} INFO - Started process 251 to run task
[2025-07-24T06:29:52.425+0000] {standard_task_runner.py:87} INFO - Running: ['airflow', 'tasks', 'run', 'bis_pipeline_dag', 'collect_bronze', 'manual__2025-07-24T06:29:51.666715+00:00', '--job-id', '3', '--raw', '--subdir', 'DAGS_FOLDER/bis_pipeline_dag.py', '--cfg-path', '/tmp/tmp7dt8dbro']
[2025-07-24T06:29:52.427+0000] {standard_task_runner.py:88} INFO - Job 3: Subtask collect_bronze
[2025-07-24T06:29:52.518+0000] {task_command.py:423} INFO - Running <TaskInstance: bis_pipeline_dag.collect_bronze manual__2025-07-24T06:29:51.666715+00:00 [running]> on host 8130fb364860
[2025-07-24T06:29:52.676+0000] {taskinstance.py:2480} INFO - Exporting env vars: AIRFLOW_CTX_DAG_OWNER='admin' AIRFLOW_CTX_DAG_ID='bis_pipeline_dag' AIRFLOW_CTX_TASK_ID='collect_bronze' AIRFLOW_CTX_EXECUTION_DATE='2025-07-24T06:29:51.666715+00:00' AIRFLOW_CTX_TRY_NUMBER='1' AIRFLOW_CTX_DAG_RUN_ID='manual__2025-07-24T06:29:51.666715+00:00'
[2025-07-24T06:29:52.677+0000] {subprocess.py:63} INFO - Tmp dir root location: /tmp
[2025-07-24T06:29:52.678+0000] {subprocess.py:75} INFO - Running command: ['/usr/bin/bash', '-c', 'python /producer/api_producer.py']
[2025-07-24T06:29:52.683+0000] {subprocess.py:86} INFO - Output:
[2025-07-24T06:29:52.756+0000] {subprocess.py:93} INFO - Traceback (most recent call last):
[2025-07-24T06:29:52.756+0000] {subprocess.py:93} INFO -   File "/producer/api_producer.py", line 3, in <module>
[2025-07-24T06:29:52.756+0000] {subprocess.py:93} INFO -     from kafka import KafkaProducer
[2025-07-24T06:29:52.757+0000] {subprocess.py:93} INFO - ModuleNotFoundError: No module named 'kafka'
[2025-07-24T06:29:52.766+0000] {subprocess.py:97} INFO - Command exited with return code 1
[2025-07-24T06:29:52.774+0000] {taskinstance.py:2698} ERROR - Task failed with exception
Traceback (most recent call last):
  File "/home/airflow/.local/lib/python3.10/site-packages/airflow/models/taskinstance.py", line 433, in _execute_task
    result = execute_callable(context=context, **execute_callable_kwargs)
  File "/home/airflow/.local/lib/python3.10/site-packages/airflow/operators/bash.py", line 212, in execute
    raise AirflowException(
airflow.exceptions.AirflowException: Bash command failed. The command returned a non-zero exit code 1.
[2025-07-24T06:29:52.775+0000] {taskinstance.py:1138} INFO - Marking task as UP_FOR_RETRY. dag_id=bis_pipeline_dag, task_id=collect_bronze, execution_date=20250724T062951, start_date=20250724T062952, end_date=20250724T062952
[2025-07-24T06:29:52.865+0000] {standard_task_runner.py:107} ERROR - Failed to execute job 3 for task collect_bronze (Bash command failed. The command returned a non-zero exit code 1.; 251)
[2025-07-24T06:29:52.898+0000] {local_task_job_runner.py:234} INFO - Task exited with return code 1
[2025-07-24T06:29:52.914+0000] {taskinstance.py:3280} INFO - 0 downstream tasks scheduled from follow-on schedule check
