[2025-07-25T01:38:02.014+0000] {taskinstance.py:1956} INFO - Dependencies all met for dep_context=non-requeueable deps ti=<TaskInstance: bis_pipeline_dag.kafka_to_bronze manual__2025-07-25T01:37:57.060962+00:00 [queued]>
[2025-07-25T01:38:02.019+0000] {taskinstance.py:1956} INFO - Dependencies all met for dep_context=requeueable deps ti=<TaskInstance: bis_pipeline_dag.kafka_to_bronze manual__2025-07-25T01:37:57.060962+00:00 [queued]>
[2025-07-25T01:38:02.020+0000] {taskinstance.py:2170} INFO - Starting attempt 1 of 1
[2025-07-25T01:38:02.153+0000] {taskinstance.py:2191} INFO - Executing <Task(DockerOperator): kafka_to_bronze> on 2025-07-25 01:37:57.060962+00:00
[2025-07-25T01:38:02.156+0000] {standard_task_runner.py:60} INFO - Started process 190 to run task
[2025-07-25T01:38:02.158+0000] {standard_task_runner.py:87} INFO - Running: ['airflow', 'tasks', 'run', 'bis_pipeline_dag', 'kafka_to_bronze', 'manual__2025-07-25T01:37:57.060962+00:00', '--job-id', '27', '--raw', '--subdir', 'DAGS_FOLDER/bis_pipeline_dag.py', '--cfg-path', '/tmp/tmp9o0hrl0z']
[2025-07-25T01:38:02.160+0000] {standard_task_runner.py:88} INFO - Job 27: Subtask kafka_to_bronze
[2025-07-25T01:38:02.250+0000] {task_command.py:423} INFO - Running <TaskInstance: bis_pipeline_dag.kafka_to_bronze manual__2025-07-25T01:37:57.060962+00:00 [running]> on host fe0f9957e684
[2025-07-25T01:38:02.431+0000] {taskinstance.py:2480} INFO - Exporting env vars: AIRFLOW_CTX_DAG_OWNER='airflow' AIRFLOW_CTX_DAG_ID='bis_pipeline_dag' AIRFLOW_CTX_TASK_ID='kafka_to_bronze' AIRFLOW_CTX_EXECUTION_DATE='2025-07-25T01:37:57.060962+00:00' AIRFLOW_CTX_TRY_NUMBER='1' AIRFLOW_CTX_DAG_RUN_ID='manual__2025-07-25T01:37:57.060962+00:00'
[2025-07-25T01:38:02.463+0000] {docker.py:359} INFO - Starting docker container from image bitnami/spark:3.3
[2025-07-25T01:38:06.512+0000] {docker.py:429} INFO - [38;5;6mspark [38;5;5m01:38:06.23 [0m[38;5;2mINFO [0m ==>
[2025-07-25T01:38:06.513+0000] {docker.py:429} INFO - [38;5;6mspark [38;5;5m01:38:06.23 [0m[38;5;2mINFO [0m ==> [1mWelcome to the Bitnami spark container[0m
[2025-07-25T01:38:06.513+0000] {docker.py:429} INFO - [38;5;6mspark [38;5;5m01:38:06.23 [0m[38;5;2mINFO [0m ==> Subscribe to project updates by watching [1mhttps://github.com/bitnami/containers[0m
[2025-07-25T01:38:06.513+0000] {docker.py:429} INFO - [38;5;6mspark [38;5;5m01:38:06.23 [0m[38;5;2mINFO [0m ==> Submit issues and feature requests at [1mhttps://github.com/bitnami/containers/issues[0m
[2025-07-25T01:38:06.513+0000] {docker.py:429} INFO - [38;5;6mspark [38;5;5m01:38:06.23 [0m[38;5;2mINFO [0m ==>
[2025-07-25T01:38:06.513+0000] {docker.py:429} INFO - 
[2025-07-25T01:38:07.202+0000] {docker.py:429} INFO - :: loading settings :: url = jar:file:/opt/bitnami/spark/jars/ivy-2.5.1.jar!/org/apache/ivy/core/settings/ivysettings.xml
[2025-07-25T01:38:07.240+0000] {docker.py:429} INFO - Ivy Default Cache set to: /opt/bitnami/spark/.ivy2/cache
The jars for the packages stored in: /opt/bitnami/spark/.ivy2/jars
[2025-07-25T01:38:07.243+0000] {docker.py:429} INFO - org.apache.spark#spark-sql-kafka-0-10_2.12 added as a dependency
[2025-07-25T01:38:07.244+0000] {docker.py:429} INFO - :: resolving dependencies :: org.apache.spark#spark-submit-parent-e02d25d1-a9bc-487c-8168-a2bfd4125b77;1.0
	confs: [default]
[2025-07-25T01:38:09.284+0000] {docker.py:429} INFO - found org.apache.spark#spark-sql-kafka-0-10_2.12;3.3.4 in central
[2025-07-25T01:38:09.750+0000] {docker.py:429} INFO - found org.apache.spark#spark-token-provider-kafka-0-10_2.12;3.3.4 in central
[2025-07-25T01:38:10.076+0000] {docker.py:429} INFO - found org.apache.kafka#kafka-clients;2.8.1 in central
[2025-07-25T01:38:10.441+0000] {docker.py:429} INFO - found org.lz4#lz4-java;1.8.0 in central
[2025-07-25T01:38:10.778+0000] {docker.py:429} INFO - found org.xerial.snappy#snappy-java;1.1.8.4 in central
[2025-07-25T01:38:12.159+0000] {docker.py:429} INFO - found org.slf4j#slf4j-api;1.7.32 in central
[2025-07-25T01:38:14.483+0000] {docker.py:429} INFO - found org.apache.hadoop#hadoop-client-runtime;3.3.2 in central
[2025-07-25T01:38:15.709+0000] {docker.py:429} INFO - found org.spark-project.spark#unused;1.0.0 in central
[2025-07-25T01:38:16.075+0000] {docker.py:429} INFO - found org.apache.hadoop#hadoop-client-api;3.3.2 in central
[2025-07-25T01:38:18.287+0000] {docker.py:429} INFO - found commons-logging#commons-logging;1.1.3 in central
[2025-07-25T01:38:18.588+0000] {docker.py:429} INFO - found com.google.code.findbugs#jsr305;3.0.0 in central
[2025-07-25T01:38:21.751+0000] {docker.py:429} INFO - found org.apache.commons#commons-pool2;2.11.1 in central
[2025-07-25T01:38:21.968+0000] {docker.py:429} INFO - downloading https://repo1.maven.org/maven2/org/apache/spark/spark-sql-kafka-0-10_2.12/3.3.4/spark-sql-kafka-0-10_2.12-3.3.4.jar ...
[2025-07-25T01:38:22.328+0000] {docker.py:429} INFO - [SUCCESSFUL ] org.apache.spark#spark-sql-kafka-0-10_2.12;3.3.4!spark-sql-kafka-0-10_2.12.jar (572ms)
[2025-07-25T01:38:22.546+0000] {docker.py:429} INFO - downloading https://repo1.maven.org/maven2/org/apache/spark/spark-token-provider-kafka-0-10_2.12/3.3.4/spark-token-provider-kafka-0-10_2.12-3.3.4.jar ...
[2025-07-25T01:38:22.698+0000] {docker.py:429} INFO - [SUCCESSFUL ] org.apache.spark#spark-token-provider-kafka-0-10_2.12;3.3.4!spark-token-provider-kafka-0-10_2.12.jar (370ms)
[2025-07-25T01:38:22.848+0000] {docker.py:429} INFO - downloading https://repo1.maven.org/maven2/org/apache/kafka/kafka-clients/2.8.1/kafka-clients-2.8.1.jar ...
[2025-07-25T01:38:23.518+0000] {docker.py:429} INFO - [SUCCESSFUL ] org.apache.kafka#kafka-clients;2.8.1!kafka-clients.jar (819ms)
[2025-07-25T01:38:23.665+0000] {docker.py:429} INFO - downloading https://repo1.maven.org/maven2/com/google/code/findbugs/jsr305/3.0.0/jsr305-3.0.0.jar ...
[2025-07-25T01:38:23.813+0000] {docker.py:429} INFO - [SUCCESSFUL ] com.google.code.findbugs#jsr305;3.0.0!jsr305.jar (294ms)
[2025-07-25T01:38:23.957+0000] {docker.py:429} INFO - downloading https://repo1.maven.org/maven2/org/apache/commons/commons-pool2/2.11.1/commons-pool2-2.11.1.jar ...
[2025-07-25T01:38:24.116+0000] {docker.py:429} INFO - [SUCCESSFUL ] org.apache.commons#commons-pool2;2.11.1!commons-pool2.jar (302ms)
[2025-07-25T01:38:24.261+0000] {docker.py:429} INFO - downloading https://repo1.maven.org/maven2/org/spark-project/spark/unused/1.0.0/unused-1.0.0.jar ...
[2025-07-25T01:38:24.410+0000] {docker.py:429} INFO - [SUCCESSFUL ] org.spark-project.spark#unused;1.0.0!unused.jar (294ms)
[2025-07-25T01:38:24.559+0000] {docker.py:429} INFO - downloading https://repo1.maven.org/maven2/org/apache/hadoop/hadoop-client-runtime/3.3.2/hadoop-client-runtime-3.3.2.jar ...
[2025-07-25T01:38:27.209+0000] {docker.py:429} INFO - [SUCCESSFUL ] org.apache.hadoop#hadoop-client-runtime;3.3.2!hadoop-client-runtime.jar (2798ms)
[2025-07-25T01:38:27.357+0000] {docker.py:429} INFO - downloading https://repo1.maven.org/maven2/org/lz4/lz4-java/1.8.0/lz4-java-1.8.0.jar ...
[2025-07-25T01:38:27.551+0000] {docker.py:429} INFO - [SUCCESSFUL ] org.lz4#lz4-java;1.8.0!lz4-java.jar (342ms)
[2025-07-25T01:38:27.701+0000] {docker.py:429} INFO - downloading https://repo1.maven.org/maven2/org/xerial/snappy/snappy-java/1.1.8.4/snappy-java-1.1.8.4.jar ...
[2025-07-25T01:38:28.008+0000] {docker.py:429} INFO - [SUCCESSFUL ] org.xerial.snappy#snappy-java;1.1.8.4!snappy-java.jar(bundle) (457ms)
[2025-07-25T01:38:28.154+0000] {docker.py:429} INFO - downloading https://repo1.maven.org/maven2/org/slf4j/slf4j-api/1.7.32/slf4j-api-1.7.32.jar ...
[2025-07-25T01:38:28.303+0000] {docker.py:429} INFO - [SUCCESSFUL ] org.slf4j#slf4j-api;1.7.32!slf4j-api.jar (295ms)
[2025-07-25T01:38:28.450+0000] {docker.py:429} INFO - downloading https://repo1.maven.org/maven2/org/apache/hadoop/hadoop-client-api/3.3.2/hadoop-client-api-3.3.2.jar ...
[2025-07-25T01:38:30.126+0000] {docker.py:429} INFO - [SUCCESSFUL ] org.apache.hadoop#hadoop-client-api;3.3.2!hadoop-client-api.jar (1823ms)
[2025-07-25T01:38:30.274+0000] {docker.py:429} INFO - downloading https://repo1.maven.org/maven2/commons-logging/commons-logging/1.1.3/commons-logging-1.1.3.jar ...
[2025-07-25T01:38:30.424+0000] {docker.py:429} INFO - [SUCCESSFUL ] commons-logging#commons-logging;1.1.3!commons-logging.jar (297ms)
[2025-07-25T01:38:30.424+0000] {docker.py:429} INFO - :: resolution report :: resolve 14511ms :: artifacts dl 8669ms
	:: modules in use:
[2025-07-25T01:38:30.424+0000] {docker.py:429} INFO - com.google.code.findbugs#jsr305;3.0.0 from central in [default]
	commons-logging#commons-logging;1.1.3 from central in [default]
	org.apache.commons#commons-pool2;2.11.1 from central in [default]
	org.apache.hadoop#hadoop-client-api;3.3.2 from central in [default]
	org.apache.hadoop#hadoop-client-runtime;3.3.2 from central in [default]
[2025-07-25T01:38:30.425+0000] {docker.py:429} INFO - org.apache.kafka#kafka-clients;2.8.1 from central in [default]
	org.apache.spark#spark-sql-kafka-0-10_2.12;3.3.4 from central in [default]
[2025-07-25T01:38:30.425+0000] {docker.py:429} INFO - org.apache.spark#spark-token-provider-kafka-0-10_2.12;3.3.4 from central in [default]
	org.lz4#lz4-java;1.8.0 from central in [default]
[2025-07-25T01:38:30.425+0000] {docker.py:429} INFO - org.slf4j#slf4j-api;1.7.32 from central in [default]
	org.spark-project.spark#unused;1.0.0 from central in [default]
	org.xerial.snappy#snappy-java;1.1.8.4 from central in [default]
[2025-07-25T01:38:30.425+0000] {docker.py:429} INFO - ---------------------------------------------------------------------
	|                  |            modules            ||   artifacts   |
[2025-07-25T01:38:30.425+0000] {docker.py:429} INFO - |       conf       | number| search|dwnlded|evicted|| number|dwnlded|
	---------------------------------------------------------------------
[2025-07-25T01:38:30.425+0000] {docker.py:429} INFO - |      default     |   12  |   12  |   12  |   0   ||   12  |   12  |
	---------------------------------------------------------------------
[2025-07-25T01:38:30.428+0000] {docker.py:429} INFO - :: retrieving :: org.apache.spark#spark-submit-parent-e02d25d1-a9bc-487c-8168-a2bfd4125b77
	confs: [default]
[2025-07-25T01:38:30.468+0000] {docker.py:429} INFO - 12 artifacts copied, 0 already retrieved (56631kB/41ms)
[2025-07-25T01:38:30.579+0000] {docker.py:429} INFO - 25/07/25 01:38:30 WARN NativeCodeLoader: Unable to load native-hadoop library for your platform... using builtin-java classes where applicable
[2025-07-25T01:38:31.138+0000] {docker.py:429} INFO - 25/07/25 01:38:31 INFO SparkContext: Running Spark version 3.3.4
[2025-07-25T01:38:31.153+0000] {docker.py:429} INFO - 25/07/25 01:38:31 INFO ResourceUtils: ==============================================================
[2025-07-25T01:38:31.153+0000] {docker.py:429} INFO - 25/07/25 01:38:31 INFO ResourceUtils: No custom resources configured for spark.driver.
[2025-07-25T01:38:31.153+0000] {docker.py:429} INFO - 25/07/25 01:38:31 INFO ResourceUtils: ==============================================================
[2025-07-25T01:38:31.154+0000] {docker.py:429} INFO - 25/07/25 01:38:31 INFO SparkContext: Submitted application: IngestBronze
[2025-07-25T01:38:31.168+0000] {docker.py:429} INFO - 25/07/25 01:38:31 INFO ResourceProfile: Default ResourceProfile created, executor resources: Map(cores -> name: cores, amount: 1, script: , vendor: , memory -> name: memory, amount: 1024, script: , vendor: , offHeap -> name: offHeap, amount: 0, script: , vendor: ), task resources: Map(cpus -> name: cpus, amount: 1.0)
[2025-07-25T01:38:31.173+0000] {docker.py:429} INFO - 25/07/25 01:38:31 INFO ResourceProfile: Limiting resource is cpu
[2025-07-25T01:38:31.173+0000] {docker.py:429} INFO - 25/07/25 01:38:31 INFO ResourceProfileManager: Added ResourceProfile id: 0
[2025-07-25T01:38:31.201+0000] {docker.py:429} INFO - 25/07/25 01:38:31 INFO SecurityManager: Changing view acls to: spark
[2025-07-25T01:38:31.202+0000] {docker.py:429} INFO - 25/07/25 01:38:31 INFO SecurityManager: Changing modify acls to: spark
[2025-07-25T01:38:31.202+0000] {docker.py:429} INFO - 25/07/25 01:38:31 INFO SecurityManager: Changing view acls groups to:
[2025-07-25T01:38:31.202+0000] {docker.py:429} INFO - 25/07/25 01:38:31 INFO SecurityManager: Changing modify acls groups to:
[2025-07-25T01:38:31.202+0000] {docker.py:429} INFO - 25/07/25 01:38:31 INFO SecurityManager: SecurityManager: authentication disabled; ui acls disabled; users  with view permissions: Set(spark); groups with view permissions: Set(); users  with modify permissions: Set(spark); groups with modify permissions: Set()
[2025-07-25T01:38:31.319+0000] {docker.py:429} INFO - 25/07/25 01:38:31 INFO Utils: Successfully started service 'sparkDriver' on port 42563.
[2025-07-25T01:38:31.332+0000] {docker.py:429} INFO - 25/07/25 01:38:31 INFO SparkEnv: Registering MapOutputTracker
[2025-07-25T01:38:31.351+0000] {docker.py:429} INFO - 25/07/25 01:38:31 INFO SparkEnv: Registering BlockManagerMaster
[2025-07-25T01:38:31.359+0000] {docker.py:429} INFO - 25/07/25 01:38:31 INFO BlockManagerMasterEndpoint: Using org.apache.spark.storage.DefaultTopologyMapper for getting topology information
[2025-07-25T01:38:31.360+0000] {docker.py:429} INFO - 25/07/25 01:38:31 INFO BlockManagerMasterEndpoint: BlockManagerMasterEndpoint up
[2025-07-25T01:38:31.362+0000] {docker.py:429} INFO - 25/07/25 01:38:31 INFO SparkEnv: Registering BlockManagerMasterHeartbeat
[2025-07-25T01:38:31.374+0000] {docker.py:429} INFO - 25/07/25 01:38:31 INFO DiskBlockManager: Created local directory at /tmp/blockmgr-56611e50-2f37-474b-a607-4693cbf738ff
[2025-07-25T01:38:31.383+0000] {docker.py:429} INFO - 25/07/25 01:38:31 INFO MemoryStore: MemoryStore started with capacity 434.4 MiB
[2025-07-25T01:38:31.391+0000] {docker.py:429} INFO - 25/07/25 01:38:31 INFO SparkEnv: Registering OutputCommitCoordinator
[2025-07-25T01:38:31.498+0000] {docker.py:429} INFO - 25/07/25 01:38:31 INFO Utils: Successfully started service 'SparkUI' on port 4040.
[2025-07-25T01:38:31.518+0000] {docker.py:429} INFO - 25/07/25 01:38:31 INFO SparkContext: Added JAR file:///opt/bitnami/spark/.ivy2/jars/org.apache.spark_spark-sql-kafka-0-10_2.12-3.3.4.jar at spark://5a3330874f44:42563/jars/org.apache.spark_spark-sql-kafka-0-10_2.12-3.3.4.jar with timestamp 1753407511133
[2025-07-25T01:38:31.519+0000] {docker.py:429} INFO - 25/07/25 01:38:31 INFO SparkContext: Added JAR file:///opt/bitnami/spark/.ivy2/jars/org.apache.spark_spark-token-provider-kafka-0-10_2.12-3.3.4.jar at spark://5a3330874f44:42563/jars/org.apache.spark_spark-token-provider-kafka-0-10_2.12-3.3.4.jar with timestamp 1753407511133
[2025-07-25T01:38:31.519+0000] {docker.py:429} INFO - 25/07/25 01:38:31 INFO SparkContext: Added JAR file:///opt/bitnami/spark/.ivy2/jars/org.apache.kafka_kafka-clients-2.8.1.jar at spark://5a3330874f44:42563/jars/org.apache.kafka_kafka-clients-2.8.1.jar with timestamp 1753407511133
25/07/25 01:38:31 INFO SparkContext: Added JAR file:///opt/bitnami/spark/.ivy2/jars/com.google.code.findbugs_jsr305-3.0.0.jar at spark://5a3330874f44:42563/jars/com.google.code.findbugs_jsr305-3.0.0.jar with timestamp 1753407511133
[2025-07-25T01:38:31.520+0000] {docker.py:429} INFO - 25/07/25 01:38:31 INFO SparkContext: Added JAR file:///opt/bitnami/spark/.ivy2/jars/org.apache.commons_commons-pool2-2.11.1.jar at spark://5a3330874f44:42563/jars/org.apache.commons_commons-pool2-2.11.1.jar with timestamp 1753407511133
25/07/25 01:38:31 INFO SparkContext: Added JAR file:///opt/bitnami/spark/.ivy2/jars/org.spark-project.spark_unused-1.0.0.jar at spark://5a3330874f44:42563/jars/org.spark-project.spark_unused-1.0.0.jar with timestamp 1753407511133
25/07/25 01:38:31 INFO SparkContext: Added JAR file:///opt/bitnami/spark/.ivy2/jars/org.apache.hadoop_hadoop-client-runtime-3.3.2.jar at spark://5a3330874f44:42563/jars/org.apache.hadoop_hadoop-client-runtime-3.3.2.jar with timestamp 1753407511133
25/07/25 01:38:31 INFO SparkContext: Added JAR file:///opt/bitnami/spark/.ivy2/jars/org.lz4_lz4-java-1.8.0.jar at spark://5a3330874f44:42563/jars/org.lz4_lz4-java-1.8.0.jar with timestamp 1753407511133
25/07/25 01:38:31 INFO SparkContext: Added JAR file:///opt/bitnami/spark/.ivy2/jars/org.xerial.snappy_snappy-java-1.1.8.4.jar at spark://5a3330874f44:42563/jars/org.xerial.snappy_snappy-java-1.1.8.4.jar with timestamp 1753407511133
[2025-07-25T01:38:31.520+0000] {docker.py:429} INFO - 25/07/25 01:38:31 INFO SparkContext: Added JAR file:///opt/bitnami/spark/.ivy2/jars/org.slf4j_slf4j-api-1.7.32.jar at spark://5a3330874f44:42563/jars/org.slf4j_slf4j-api-1.7.32.jar with timestamp 1753407511133
[2025-07-25T01:38:31.520+0000] {docker.py:429} INFO - 25/07/25 01:38:31 INFO SparkContext: Added JAR file:///opt/bitnami/spark/.ivy2/jars/org.apache.hadoop_hadoop-client-api-3.3.2.jar at spark://5a3330874f44:42563/jars/org.apache.hadoop_hadoop-client-api-3.3.2.jar with timestamp 1753407511133
[2025-07-25T01:38:31.520+0000] {docker.py:429} INFO - 25/07/25 01:38:31 INFO SparkContext: Added JAR file:///opt/bitnami/spark/.ivy2/jars/commons-logging_commons-logging-1.1.3.jar at spark://5a3330874f44:42563/jars/commons-logging_commons-logging-1.1.3.jar with timestamp 1753407511133
[2025-07-25T01:38:31.520+0000] {docker.py:429} INFO - 25/07/25 01:38:31 INFO SparkContext: Added file file:///opt/bitnami/spark/.ivy2/jars/org.apache.spark_spark-sql-kafka-0-10_2.12-3.3.4.jar at file:///opt/bitnami/spark/.ivy2/jars/org.apache.spark_spark-sql-kafka-0-10_2.12-3.3.4.jar with timestamp 1753407511133
[2025-07-25T01:38:31.521+0000] {docker.py:429} INFO - 25/07/25 01:38:31 INFO Utils: Copying /opt/bitnami/spark/.ivy2/jars/org.apache.spark_spark-sql-kafka-0-10_2.12-3.3.4.jar to /tmp/spark-f8553efb-f5b4-4f65-8e66-ca320feb5141/userFiles-e1080678-4971-4ebf-b70e-f921b13d3b94/org.apache.spark_spark-sql-kafka-0-10_2.12-3.3.4.jar
[2025-07-25T01:38:31.527+0000] {docker.py:429} INFO - 25/07/25 01:38:31 INFO SparkContext: Added file file:///opt/bitnami/spark/.ivy2/jars/org.apache.spark_spark-token-provider-kafka-0-10_2.12-3.3.4.jar at file:///opt/bitnami/spark/.ivy2/jars/org.apache.spark_spark-token-provider-kafka-0-10_2.12-3.3.4.jar with timestamp 1753407511133
[2025-07-25T01:38:31.527+0000] {docker.py:429} INFO - 25/07/25 01:38:31 INFO Utils: Copying /opt/bitnami/spark/.ivy2/jars/org.apache.spark_spark-token-provider-kafka-0-10_2.12-3.3.4.jar to /tmp/spark-f8553efb-f5b4-4f65-8e66-ca320feb5141/userFiles-e1080678-4971-4ebf-b70e-f921b13d3b94/org.apache.spark_spark-token-provider-kafka-0-10_2.12-3.3.4.jar
[2025-07-25T01:38:31.529+0000] {docker.py:429} INFO - 25/07/25 01:38:31 INFO SparkContext: Added file file:///opt/bitnami/spark/.ivy2/jars/org.apache.kafka_kafka-clients-2.8.1.jar at file:///opt/bitnami/spark/.ivy2/jars/org.apache.kafka_kafka-clients-2.8.1.jar with timestamp 1753407511133
[2025-07-25T01:38:31.530+0000] {docker.py:429} INFO - 25/07/25 01:38:31 INFO Utils: Copying /opt/bitnami/spark/.ivy2/jars/org.apache.kafka_kafka-clients-2.8.1.jar to /tmp/spark-f8553efb-f5b4-4f65-8e66-ca320feb5141/userFiles-e1080678-4971-4ebf-b70e-f921b13d3b94/org.apache.kafka_kafka-clients-2.8.1.jar
[2025-07-25T01:38:31.534+0000] {docker.py:429} INFO - 25/07/25 01:38:31 INFO SparkContext: Added file file:///opt/bitnami/spark/.ivy2/jars/com.google.code.findbugs_jsr305-3.0.0.jar at file:///opt/bitnami/spark/.ivy2/jars/com.google.code.findbugs_jsr305-3.0.0.jar with timestamp 1753407511133
[2025-07-25T01:38:31.534+0000] {docker.py:429} INFO - 25/07/25 01:38:31 INFO Utils: Copying /opt/bitnami/spark/.ivy2/jars/com.google.code.findbugs_jsr305-3.0.0.jar to /tmp/spark-f8553efb-f5b4-4f65-8e66-ca320feb5141/userFiles-e1080678-4971-4ebf-b70e-f921b13d3b94/com.google.code.findbugs_jsr305-3.0.0.jar
[2025-07-25T01:38:31.536+0000] {docker.py:429} INFO - 25/07/25 01:38:31 INFO SparkContext: Added file file:///opt/bitnami/spark/.ivy2/jars/org.apache.commons_commons-pool2-2.11.1.jar at file:///opt/bitnami/spark/.ivy2/jars/org.apache.commons_commons-pool2-2.11.1.jar with timestamp 1753407511133
25/07/25 01:38:31 INFO Utils: Copying /opt/bitnami/spark/.ivy2/jars/org.apache.commons_commons-pool2-2.11.1.jar to /tmp/spark-f8553efb-f5b4-4f65-8e66-ca320feb5141/userFiles-e1080678-4971-4ebf-b70e-f921b13d3b94/org.apache.commons_commons-pool2-2.11.1.jar
[2025-07-25T01:38:31.538+0000] {docker.py:429} INFO - 25/07/25 01:38:31 INFO SparkContext: Added file file:///opt/bitnami/spark/.ivy2/jars/org.spark-project.spark_unused-1.0.0.jar at file:///opt/bitnami/spark/.ivy2/jars/org.spark-project.spark_unused-1.0.0.jar with timestamp 1753407511133
[2025-07-25T01:38:31.539+0000] {docker.py:429} INFO - 25/07/25 01:38:31 INFO Utils: Copying /opt/bitnami/spark/.ivy2/jars/org.spark-project.spark_unused-1.0.0.jar to /tmp/spark-f8553efb-f5b4-4f65-8e66-ca320feb5141/userFiles-e1080678-4971-4ebf-b70e-f921b13d3b94/org.spark-project.spark_unused-1.0.0.jar
[2025-07-25T01:38:31.541+0000] {docker.py:429} INFO - 25/07/25 01:38:31 INFO SparkContext: Added file file:///opt/bitnami/spark/.ivy2/jars/org.apache.hadoop_hadoop-client-runtime-3.3.2.jar at file:///opt/bitnami/spark/.ivy2/jars/org.apache.hadoop_hadoop-client-runtime-3.3.2.jar with timestamp 1753407511133
[2025-07-25T01:38:31.541+0000] {docker.py:429} INFO - 25/07/25 01:38:31 INFO Utils: Copying /opt/bitnami/spark/.ivy2/jars/org.apache.hadoop_hadoop-client-runtime-3.3.2.jar to /tmp/spark-f8553efb-f5b4-4f65-8e66-ca320feb5141/userFiles-e1080678-4971-4ebf-b70e-f921b13d3b94/org.apache.hadoop_hadoop-client-runtime-3.3.2.jar
[2025-07-25T01:38:31.559+0000] {docker.py:429} INFO - 25/07/25 01:38:31 INFO SparkContext: Added file file:///opt/bitnami/spark/.ivy2/jars/org.lz4_lz4-java-1.8.0.jar at file:///opt/bitnami/spark/.ivy2/jars/org.lz4_lz4-java-1.8.0.jar with timestamp 1753407511133
[2025-07-25T01:38:31.559+0000] {docker.py:429} INFO - 25/07/25 01:38:31 INFO Utils: Copying /opt/bitnami/spark/.ivy2/jars/org.lz4_lz4-java-1.8.0.jar to /tmp/spark-f8553efb-f5b4-4f65-8e66-ca320feb5141/userFiles-e1080678-4971-4ebf-b70e-f921b13d3b94/org.lz4_lz4-java-1.8.0.jar
[2025-07-25T01:38:31.561+0000] {docker.py:429} INFO - 25/07/25 01:38:31 INFO SparkContext: Added file file:///opt/bitnami/spark/.ivy2/jars/org.xerial.snappy_snappy-java-1.1.8.4.jar at file:///opt/bitnami/spark/.ivy2/jars/org.xerial.snappy_snappy-java-1.1.8.4.jar with timestamp 1753407511133
[2025-07-25T01:38:31.562+0000] {docker.py:429} INFO - 25/07/25 01:38:31 INFO Utils: Copying /opt/bitnami/spark/.ivy2/jars/org.xerial.snappy_snappy-java-1.1.8.4.jar to /tmp/spark-f8553efb-f5b4-4f65-8e66-ca320feb5141/userFiles-e1080678-4971-4ebf-b70e-f921b13d3b94/org.xerial.snappy_snappy-java-1.1.8.4.jar
[2025-07-25T01:38:31.565+0000] {docker.py:429} INFO - 25/07/25 01:38:31 INFO SparkContext: Added file file:///opt/bitnami/spark/.ivy2/jars/org.slf4j_slf4j-api-1.7.32.jar at file:///opt/bitnami/spark/.ivy2/jars/org.slf4j_slf4j-api-1.7.32.jar with timestamp 1753407511133
[2025-07-25T01:38:31.565+0000] {docker.py:429} INFO - 25/07/25 01:38:31 INFO Utils: Copying /opt/bitnami/spark/.ivy2/jars/org.slf4j_slf4j-api-1.7.32.jar to /tmp/spark-f8553efb-f5b4-4f65-8e66-ca320feb5141/userFiles-e1080678-4971-4ebf-b70e-f921b13d3b94/org.slf4j_slf4j-api-1.7.32.jar
[2025-07-25T01:38:31.567+0000] {docker.py:429} INFO - 25/07/25 01:38:31 INFO SparkContext: Added file file:///opt/bitnami/spark/.ivy2/jars/org.apache.hadoop_hadoop-client-api-3.3.2.jar at file:///opt/bitnami/spark/.ivy2/jars/org.apache.hadoop_hadoop-client-api-3.3.2.jar with timestamp 1753407511133
[2025-07-25T01:38:31.567+0000] {docker.py:429} INFO - 25/07/25 01:38:31 INFO Utils: Copying /opt/bitnami/spark/.ivy2/jars/org.apache.hadoop_hadoop-client-api-3.3.2.jar to /tmp/spark-f8553efb-f5b4-4f65-8e66-ca320feb5141/userFiles-e1080678-4971-4ebf-b70e-f921b13d3b94/org.apache.hadoop_hadoop-client-api-3.3.2.jar
[2025-07-25T01:38:31.579+0000] {docker.py:429} INFO - 25/07/25 01:38:31 INFO SparkContext: Added file file:///opt/bitnami/spark/.ivy2/jars/commons-logging_commons-logging-1.1.3.jar at file:///opt/bitnami/spark/.ivy2/jars/commons-logging_commons-logging-1.1.3.jar with timestamp 1753407511133
[2025-07-25T01:38:31.579+0000] {docker.py:429} INFO - 25/07/25 01:38:31 INFO Utils: Copying /opt/bitnami/spark/.ivy2/jars/commons-logging_commons-logging-1.1.3.jar to /tmp/spark-f8553efb-f5b4-4f65-8e66-ca320feb5141/userFiles-e1080678-4971-4ebf-b70e-f921b13d3b94/commons-logging_commons-logging-1.1.3.jar
[2025-07-25T01:38:31.617+0000] {docker.py:429} INFO - 25/07/25 01:38:31 INFO Executor: Starting executor ID driver on host 5a3330874f44
[2025-07-25T01:38:31.621+0000] {docker.py:429} INFO - 25/07/25 01:38:31 INFO Executor: Starting executor with user classpath (userClassPathFirst = false): ''
[2025-07-25T01:38:31.626+0000] {docker.py:429} INFO - 25/07/25 01:38:31 INFO Executor: Fetching file:///opt/bitnami/spark/.ivy2/jars/commons-logging_commons-logging-1.1.3.jar with timestamp 1753407511133
[2025-07-25T01:38:31.635+0000] {docker.py:429} INFO - 25/07/25 01:38:31 INFO Utils: /opt/bitnami/spark/.ivy2/jars/commons-logging_commons-logging-1.1.3.jar has been previously copied to /tmp/spark-f8553efb-f5b4-4f65-8e66-ca320feb5141/userFiles-e1080678-4971-4ebf-b70e-f921b13d3b94/commons-logging_commons-logging-1.1.3.jar
[2025-07-25T01:38:31.637+0000] {docker.py:429} INFO - 25/07/25 01:38:31 INFO Executor: Fetching file:///opt/bitnami/spark/.ivy2/jars/org.apache.hadoop_hadoop-client-runtime-3.3.2.jar with timestamp 1753407511133
[2025-07-25T01:38:31.649+0000] {docker.py:429} INFO - 25/07/25 01:38:31 INFO Utils: /opt/bitnami/spark/.ivy2/jars/org.apache.hadoop_hadoop-client-runtime-3.3.2.jar has been previously copied to /tmp/spark-f8553efb-f5b4-4f65-8e66-ca320feb5141/userFiles-e1080678-4971-4ebf-b70e-f921b13d3b94/org.apache.hadoop_hadoop-client-runtime-3.3.2.jar
[2025-07-25T01:38:31.652+0000] {docker.py:429} INFO - 25/07/25 01:38:31 INFO Executor: Fetching file:///opt/bitnami/spark/.ivy2/jars/org.apache.commons_commons-pool2-2.11.1.jar with timestamp 1753407511133
[2025-07-25T01:38:31.652+0000] {docker.py:429} INFO - 25/07/25 01:38:31 INFO Utils: /opt/bitnami/spark/.ivy2/jars/org.apache.commons_commons-pool2-2.11.1.jar has been previously copied to /tmp/spark-f8553efb-f5b4-4f65-8e66-ca320feb5141/userFiles-e1080678-4971-4ebf-b70e-f921b13d3b94/org.apache.commons_commons-pool2-2.11.1.jar
[2025-07-25T01:38:31.654+0000] {docker.py:429} INFO - 25/07/25 01:38:31 INFO Executor: Fetching file:///opt/bitnami/spark/.ivy2/jars/org.slf4j_slf4j-api-1.7.32.jar with timestamp 1753407511133
[2025-07-25T01:38:31.654+0000] {docker.py:429} INFO - 25/07/25 01:38:31 INFO Utils: /opt/bitnami/spark/.ivy2/jars/org.slf4j_slf4j-api-1.7.32.jar has been previously copied to /tmp/spark-f8553efb-f5b4-4f65-8e66-ca320feb5141/userFiles-e1080678-4971-4ebf-b70e-f921b13d3b94/org.slf4j_slf4j-api-1.7.32.jar
[2025-07-25T01:38:31.656+0000] {docker.py:429} INFO - 25/07/25 01:38:31 INFO Executor: Fetching file:///opt/bitnami/spark/.ivy2/jars/org.lz4_lz4-java-1.8.0.jar with timestamp 1753407511133
[2025-07-25T01:38:31.656+0000] {docker.py:429} INFO - 25/07/25 01:38:31 INFO Utils: /opt/bitnami/spark/.ivy2/jars/org.lz4_lz4-java-1.8.0.jar has been previously copied to /tmp/spark-f8553efb-f5b4-4f65-8e66-ca320feb5141/userFiles-e1080678-4971-4ebf-b70e-f921b13d3b94/org.lz4_lz4-java-1.8.0.jar
[2025-07-25T01:38:31.658+0000] {docker.py:429} INFO - 25/07/25 01:38:31 INFO Executor: Fetching file:///opt/bitnami/spark/.ivy2/jars/org.apache.kafka_kafka-clients-2.8.1.jar with timestamp 1753407511133
[2025-07-25T01:38:31.660+0000] {docker.py:429} INFO - 25/07/25 01:38:31 INFO Utils: /opt/bitnami/spark/.ivy2/jars/org.apache.kafka_kafka-clients-2.8.1.jar has been previously copied to /tmp/spark-f8553efb-f5b4-4f65-8e66-ca320feb5141/userFiles-e1080678-4971-4ebf-b70e-f921b13d3b94/org.apache.kafka_kafka-clients-2.8.1.jar
[2025-07-25T01:38:31.662+0000] {docker.py:429} INFO - 25/07/25 01:38:31 INFO Executor: Fetching file:///opt/bitnami/spark/.ivy2/jars/org.apache.spark_spark-token-provider-kafka-0-10_2.12-3.3.4.jar with timestamp 1753407511133
[2025-07-25T01:38:31.662+0000] {docker.py:429} INFO - 25/07/25 01:38:31 INFO Utils: /opt/bitnami/spark/.ivy2/jars/org.apache.spark_spark-token-provider-kafka-0-10_2.12-3.3.4.jar has been previously copied to /tmp/spark-f8553efb-f5b4-4f65-8e66-ca320feb5141/userFiles-e1080678-4971-4ebf-b70e-f921b13d3b94/org.apache.spark_spark-token-provider-kafka-0-10_2.12-3.3.4.jar
[2025-07-25T01:38:31.664+0000] {docker.py:429} INFO - 25/07/25 01:38:31 INFO Executor: Fetching file:///opt/bitnami/spark/.ivy2/jars/com.google.code.findbugs_jsr305-3.0.0.jar with timestamp 1753407511133
[2025-07-25T01:38:31.664+0000] {docker.py:429} INFO - 25/07/25 01:38:31 INFO Utils: /opt/bitnami/spark/.ivy2/jars/com.google.code.findbugs_jsr305-3.0.0.jar has been previously copied to /tmp/spark-f8553efb-f5b4-4f65-8e66-ca320feb5141/userFiles-e1080678-4971-4ebf-b70e-f921b13d3b94/com.google.code.findbugs_jsr305-3.0.0.jar
[2025-07-25T01:38:31.666+0000] {docker.py:429} INFO - 25/07/25 01:38:31 INFO Executor: Fetching file:///opt/bitnami/spark/.ivy2/jars/org.xerial.snappy_snappy-java-1.1.8.4.jar with timestamp 1753407511133
[2025-07-25T01:38:31.666+0000] {docker.py:429} INFO - 25/07/25 01:38:31 INFO Utils: /opt/bitnami/spark/.ivy2/jars/org.xerial.snappy_snappy-java-1.1.8.4.jar has been previously copied to /tmp/spark-f8553efb-f5b4-4f65-8e66-ca320feb5141/userFiles-e1080678-4971-4ebf-b70e-f921b13d3b94/org.xerial.snappy_snappy-java-1.1.8.4.jar
[2025-07-25T01:38:31.669+0000] {docker.py:429} INFO - 25/07/25 01:38:31 INFO Executor: Fetching file:///opt/bitnami/spark/.ivy2/jars/org.apache.hadoop_hadoop-client-api-3.3.2.jar with timestamp 1753407511133
[2025-07-25T01:38:31.676+0000] {docker.py:429} INFO - 25/07/25 01:38:31 INFO Utils: /opt/bitnami/spark/.ivy2/jars/org.apache.hadoop_hadoop-client-api-3.3.2.jar has been previously copied to /tmp/spark-f8553efb-f5b4-4f65-8e66-ca320feb5141/userFiles-e1080678-4971-4ebf-b70e-f921b13d3b94/org.apache.hadoop_hadoop-client-api-3.3.2.jar
[2025-07-25T01:38:31.678+0000] {docker.py:429} INFO - 25/07/25 01:38:31 INFO Executor: Fetching file:///opt/bitnami/spark/.ivy2/jars/org.spark-project.spark_unused-1.0.0.jar with timestamp 1753407511133
[2025-07-25T01:38:31.678+0000] {docker.py:429} INFO - 25/07/25 01:38:31 INFO Utils: /opt/bitnami/spark/.ivy2/jars/org.spark-project.spark_unused-1.0.0.jar has been previously copied to /tmp/spark-f8553efb-f5b4-4f65-8e66-ca320feb5141/userFiles-e1080678-4971-4ebf-b70e-f921b13d3b94/org.spark-project.spark_unused-1.0.0.jar
[2025-07-25T01:38:31.680+0000] {docker.py:429} INFO - 25/07/25 01:38:31 INFO Executor: Fetching file:///opt/bitnami/spark/.ivy2/jars/org.apache.spark_spark-sql-kafka-0-10_2.12-3.3.4.jar with timestamp 1753407511133
[2025-07-25T01:38:31.681+0000] {docker.py:429} INFO - 25/07/25 01:38:31 INFO Utils: /opt/bitnami/spark/.ivy2/jars/org.apache.spark_spark-sql-kafka-0-10_2.12-3.3.4.jar has been previously copied to /tmp/spark-f8553efb-f5b4-4f65-8e66-ca320feb5141/userFiles-e1080678-4971-4ebf-b70e-f921b13d3b94/org.apache.spark_spark-sql-kafka-0-10_2.12-3.3.4.jar
[2025-07-25T01:38:31.683+0000] {docker.py:429} INFO - 25/07/25 01:38:31 INFO Executor: Fetching spark://5a3330874f44:42563/jars/org.apache.spark_spark-sql-kafka-0-10_2.12-3.3.4.jar with timestamp 1753407511133
[2025-07-25T01:38:31.704+0000] {docker.py:429} INFO - 25/07/25 01:38:31 INFO TransportClientFactory: Successfully created connection to 5a3330874f44/172.23.0.10:42563 after 13 ms (0 ms spent in bootstraps)
[2025-07-25T01:38:31.707+0000] {docker.py:429} INFO - 25/07/25 01:38:31 INFO Utils: Fetching spark://5a3330874f44:42563/jars/org.apache.spark_spark-sql-kafka-0-10_2.12-3.3.4.jar to /tmp/spark-f8553efb-f5b4-4f65-8e66-ca320feb5141/userFiles-e1080678-4971-4ebf-b70e-f921b13d3b94/fetchFileTemp1532512875962193559.tmp
[2025-07-25T01:38:31.731+0000] {docker.py:429} INFO - 25/07/25 01:38:31 INFO Utils: /tmp/spark-f8553efb-f5b4-4f65-8e66-ca320feb5141/userFiles-e1080678-4971-4ebf-b70e-f921b13d3b94/fetchFileTemp1532512875962193559.tmp has been previously copied to /tmp/spark-f8553efb-f5b4-4f65-8e66-ca320feb5141/userFiles-e1080678-4971-4ebf-b70e-f921b13d3b94/org.apache.spark_spark-sql-kafka-0-10_2.12-3.3.4.jar
[2025-07-25T01:38:31.781+0000] {docker.py:429} INFO - 25/07/25 01:38:31 INFO Executor: Adding file:/tmp/spark-f8553efb-f5b4-4f65-8e66-ca320feb5141/userFiles-e1080678-4971-4ebf-b70e-f921b13d3b94/org.apache.spark_spark-sql-kafka-0-10_2.12-3.3.4.jar to class loader
[2025-07-25T01:38:31.782+0000] {docker.py:429} INFO - 25/07/25 01:38:31 INFO Executor: Fetching spark://5a3330874f44:42563/jars/com.google.code.findbugs_jsr305-3.0.0.jar with timestamp 1753407511133
[2025-07-25T01:38:31.782+0000] {docker.py:429} INFO - 25/07/25 01:38:31 INFO Utils: Fetching spark://5a3330874f44:42563/jars/com.google.code.findbugs_jsr305-3.0.0.jar to /tmp/spark-f8553efb-f5b4-4f65-8e66-ca320feb5141/userFiles-e1080678-4971-4ebf-b70e-f921b13d3b94/fetchFileTemp10854245610633050044.tmp
[2025-07-25T01:38:31.783+0000] {docker.py:429} INFO - 25/07/25 01:38:31 INFO Utils: /tmp/spark-f8553efb-f5b4-4f65-8e66-ca320feb5141/userFiles-e1080678-4971-4ebf-b70e-f921b13d3b94/fetchFileTemp10854245610633050044.tmp has been previously copied to /tmp/spark-f8553efb-f5b4-4f65-8e66-ca320feb5141/userFiles-e1080678-4971-4ebf-b70e-f921b13d3b94/com.google.code.findbugs_jsr305-3.0.0.jar
[2025-07-25T01:38:31.816+0000] {docker.py:429} INFO - 25/07/25 01:38:31 INFO Executor: Adding file:/tmp/spark-f8553efb-f5b4-4f65-8e66-ca320feb5141/userFiles-e1080678-4971-4ebf-b70e-f921b13d3b94/com.google.code.findbugs_jsr305-3.0.0.jar to class loader
[2025-07-25T01:38:31.816+0000] {docker.py:429} INFO - 25/07/25 01:38:31 INFO Executor: Fetching spark://5a3330874f44:42563/jars/org.spark-project.spark_unused-1.0.0.jar with timestamp 1753407511133
[2025-07-25T01:38:31.816+0000] {docker.py:429} INFO - 25/07/25 01:38:31 INFO Utils: Fetching spark://5a3330874f44:42563/jars/org.spark-project.spark_unused-1.0.0.jar to /tmp/spark-f8553efb-f5b4-4f65-8e66-ca320feb5141/userFiles-e1080678-4971-4ebf-b70e-f921b13d3b94/fetchFileTemp7629175778770732611.tmp
[2025-07-25T01:38:31.817+0000] {docker.py:429} INFO - 25/07/25 01:38:31 INFO Utils: /tmp/spark-f8553efb-f5b4-4f65-8e66-ca320feb5141/userFiles-e1080678-4971-4ebf-b70e-f921b13d3b94/fetchFileTemp7629175778770732611.tmp has been previously copied to /tmp/spark-f8553efb-f5b4-4f65-8e66-ca320feb5141/userFiles-e1080678-4971-4ebf-b70e-f921b13d3b94/org.spark-project.spark_unused-1.0.0.jar
[2025-07-25T01:38:31.853+0000] {docker.py:429} INFO - 25/07/25 01:38:31 INFO Executor: Adding file:/tmp/spark-f8553efb-f5b4-4f65-8e66-ca320feb5141/userFiles-e1080678-4971-4ebf-b70e-f921b13d3b94/org.spark-project.spark_unused-1.0.0.jar to class loader
[2025-07-25T01:38:31.853+0000] {docker.py:429} INFO - 25/07/25 01:38:31 INFO Executor: Fetching spark://5a3330874f44:42563/jars/org.apache.hadoop_hadoop-client-runtime-3.3.2.jar with timestamp 1753407511133
[2025-07-25T01:38:31.853+0000] {docker.py:429} INFO - 25/07/25 01:38:31 INFO Utils: Fetching spark://5a3330874f44:42563/jars/org.apache.hadoop_hadoop-client-runtime-3.3.2.jar to /tmp/spark-f8553efb-f5b4-4f65-8e66-ca320feb5141/userFiles-e1080678-4971-4ebf-b70e-f921b13d3b94/fetchFileTemp18033049102949246057.tmp
[2025-07-25T01:38:31.923+0000] {docker.py:429} INFO - 25/07/25 01:38:31 INFO Utils: /tmp/spark-f8553efb-f5b4-4f65-8e66-ca320feb5141/userFiles-e1080678-4971-4ebf-b70e-f921b13d3b94/fetchFileTemp18033049102949246057.tmp has been previously copied to /tmp/spark-f8553efb-f5b4-4f65-8e66-ca320feb5141/userFiles-e1080678-4971-4ebf-b70e-f921b13d3b94/org.apache.hadoop_hadoop-client-runtime-3.3.2.jar
[2025-07-25T01:38:32.083+0000] {docker.py:429} INFO - 25/07/25 01:38:32 INFO Executor: Adding file:/tmp/spark-f8553efb-f5b4-4f65-8e66-ca320feb5141/userFiles-e1080678-4971-4ebf-b70e-f921b13d3b94/org.apache.hadoop_hadoop-client-runtime-3.3.2.jar to class loader
[2025-07-25T01:38:32.083+0000] {docker.py:429} INFO - 25/07/25 01:38:32 INFO Executor: Fetching spark://5a3330874f44:42563/jars/org.xerial.snappy_snappy-java-1.1.8.4.jar with timestamp 1753407511133
[2025-07-25T01:38:32.084+0000] {docker.py:429} INFO - 25/07/25 01:38:32 INFO Utils: Fetching spark://5a3330874f44:42563/jars/org.xerial.snappy_snappy-java-1.1.8.4.jar to /tmp/spark-f8553efb-f5b4-4f65-8e66-ca320feb5141/userFiles-e1080678-4971-4ebf-b70e-f921b13d3b94/fetchFileTemp4578898123876497367.tmp
[2025-07-25T01:38:32.088+0000] {docker.py:429} INFO - 25/07/25 01:38:32 INFO Utils: /tmp/spark-f8553efb-f5b4-4f65-8e66-ca320feb5141/userFiles-e1080678-4971-4ebf-b70e-f921b13d3b94/fetchFileTemp4578898123876497367.tmp has been previously copied to /tmp/spark-f8553efb-f5b4-4f65-8e66-ca320feb5141/userFiles-e1080678-4971-4ebf-b70e-f921b13d3b94/org.xerial.snappy_snappy-java-1.1.8.4.jar
[2025-07-25T01:38:32.217+0000] {docker.py:429} INFO - 25/07/25 01:38:32 INFO Executor: Adding file:/tmp/spark-f8553efb-f5b4-4f65-8e66-ca320feb5141/userFiles-e1080678-4971-4ebf-b70e-f921b13d3b94/org.xerial.snappy_snappy-java-1.1.8.4.jar to class loader
[2025-07-25T01:38:32.217+0000] {docker.py:429} INFO - 25/07/25 01:38:32 INFO Executor: Fetching spark://5a3330874f44:42563/jars/org.apache.commons_commons-pool2-2.11.1.jar with timestamp 1753407511133
[2025-07-25T01:38:32.217+0000] {docker.py:429} INFO - 25/07/25 01:38:32 INFO Utils: Fetching spark://5a3330874f44:42563/jars/org.apache.commons_commons-pool2-2.11.1.jar to /tmp/spark-f8553efb-f5b4-4f65-8e66-ca320feb5141/userFiles-e1080678-4971-4ebf-b70e-f921b13d3b94/fetchFileTemp8180190574897469893.tmp
[2025-07-25T01:38:32.218+0000] {docker.py:429} INFO - 25/07/25 01:38:32 INFO Utils: /tmp/spark-f8553efb-f5b4-4f65-8e66-ca320feb5141/userFiles-e1080678-4971-4ebf-b70e-f921b13d3b94/fetchFileTemp8180190574897469893.tmp has been previously copied to /tmp/spark-f8553efb-f5b4-4f65-8e66-ca320feb5141/userFiles-e1080678-4971-4ebf-b70e-f921b13d3b94/org.apache.commons_commons-pool2-2.11.1.jar
[2025-07-25T01:38:32.260+0000] {docker.py:429} INFO - 25/07/25 01:38:32 INFO Executor: Adding file:/tmp/spark-f8553efb-f5b4-4f65-8e66-ca320feb5141/userFiles-e1080678-4971-4ebf-b70e-f921b13d3b94/org.apache.commons_commons-pool2-2.11.1.jar to class loader
[2025-07-25T01:38:32.261+0000] {docker.py:429} INFO - 25/07/25 01:38:32 INFO Executor: Fetching spark://5a3330874f44:42563/jars/commons-logging_commons-logging-1.1.3.jar with timestamp 1753407511133
[2025-07-25T01:38:32.261+0000] {docker.py:429} INFO - 25/07/25 01:38:32 INFO Utils: Fetching spark://5a3330874f44:42563/jars/commons-logging_commons-logging-1.1.3.jar to /tmp/spark-f8553efb-f5b4-4f65-8e66-ca320feb5141/userFiles-e1080678-4971-4ebf-b70e-f921b13d3b94/fetchFileTemp2344697308285720822.tmp
[2025-07-25T01:38:32.262+0000] {docker.py:429} INFO - 25/07/25 01:38:32 INFO Utils: /tmp/spark-f8553efb-f5b4-4f65-8e66-ca320feb5141/userFiles-e1080678-4971-4ebf-b70e-f921b13d3b94/fetchFileTemp2344697308285720822.tmp has been previously copied to /tmp/spark-f8553efb-f5b4-4f65-8e66-ca320feb5141/userFiles-e1080678-4971-4ebf-b70e-f921b13d3b94/commons-logging_commons-logging-1.1.3.jar
[2025-07-25T01:38:32.272+0000] {docker.py:429} INFO - 25/07/25 01:38:32 INFO Executor: Adding file:/tmp/spark-f8553efb-f5b4-4f65-8e66-ca320feb5141/userFiles-e1080678-4971-4ebf-b70e-f921b13d3b94/commons-logging_commons-logging-1.1.3.jar to class loader
[2025-07-25T01:38:32.272+0000] {docker.py:429} INFO - 25/07/25 01:38:32 INFO Executor: Fetching spark://5a3330874f44:42563/jars/org.apache.hadoop_hadoop-client-api-3.3.2.jar with timestamp 1753407511133
[2025-07-25T01:38:32.272+0000] {docker.py:429} INFO - 25/07/25 01:38:32 INFO Utils: Fetching spark://5a3330874f44:42563/jars/org.apache.hadoop_hadoop-client-api-3.3.2.jar to /tmp/spark-f8553efb-f5b4-4f65-8e66-ca320feb5141/userFiles-e1080678-4971-4ebf-b70e-f921b13d3b94/fetchFileTemp3887013936993985820.tmp
[2025-07-25T01:38:32.307+0000] {docker.py:429} INFO - 25/07/25 01:38:32 INFO Utils: /tmp/spark-f8553efb-f5b4-4f65-8e66-ca320feb5141/userFiles-e1080678-4971-4ebf-b70e-f921b13d3b94/fetchFileTemp3887013936993985820.tmp has been previously copied to /tmp/spark-f8553efb-f5b4-4f65-8e66-ca320feb5141/userFiles-e1080678-4971-4ebf-b70e-f921b13d3b94/org.apache.hadoop_hadoop-client-api-3.3.2.jar
[2025-07-25T01:38:32.354+0000] {docker.py:429} INFO - 25/07/25 01:38:32 INFO Executor: Adding file:/tmp/spark-f8553efb-f5b4-4f65-8e66-ca320feb5141/userFiles-e1080678-4971-4ebf-b70e-f921b13d3b94/org.apache.hadoop_hadoop-client-api-3.3.2.jar to class loader
[2025-07-25T01:38:32.354+0000] {docker.py:429} INFO - 25/07/25 01:38:32 INFO Executor: Fetching spark://5a3330874f44:42563/jars/org.slf4j_slf4j-api-1.7.32.jar with timestamp 1753407511133
[2025-07-25T01:38:32.354+0000] {docker.py:429} INFO - 25/07/25 01:38:32 INFO Utils: Fetching spark://5a3330874f44:42563/jars/org.slf4j_slf4j-api-1.7.32.jar to /tmp/spark-f8553efb-f5b4-4f65-8e66-ca320feb5141/userFiles-e1080678-4971-4ebf-b70e-f921b13d3b94/fetchFileTemp7342238637285232547.tmp
[2025-07-25T01:38:32.355+0000] {docker.py:429} INFO - 25/07/25 01:38:32 INFO Utils: /tmp/spark-f8553efb-f5b4-4f65-8e66-ca320feb5141/userFiles-e1080678-4971-4ebf-b70e-f921b13d3b94/fetchFileTemp7342238637285232547.tmp has been previously copied to /tmp/spark-f8553efb-f5b4-4f65-8e66-ca320feb5141/userFiles-e1080678-4971-4ebf-b70e-f921b13d3b94/org.slf4j_slf4j-api-1.7.32.jar
[2025-07-25T01:38:32.517+0000] {docker.py:429} INFO - 25/07/25 01:38:32 INFO Executor: Adding file:/tmp/spark-f8553efb-f5b4-4f65-8e66-ca320feb5141/userFiles-e1080678-4971-4ebf-b70e-f921b13d3b94/org.slf4j_slf4j-api-1.7.32.jar to class loader
[2025-07-25T01:38:32.517+0000] {docker.py:429} INFO - 25/07/25 01:38:32 INFO Executor: Fetching spark://5a3330874f44:42563/jars/org.apache.kafka_kafka-clients-2.8.1.jar with timestamp 1753407511133
[2025-07-25T01:38:32.517+0000] {docker.py:429} INFO - 25/07/25 01:38:32 INFO Utils: Fetching spark://5a3330874f44:42563/jars/org.apache.kafka_kafka-clients-2.8.1.jar to /tmp/spark-f8553efb-f5b4-4f65-8e66-ca320feb5141/userFiles-e1080678-4971-4ebf-b70e-f921b13d3b94/fetchFileTemp9587656869616763031.tmp
[2025-07-25T01:38:32.525+0000] {docker.py:429} INFO - 25/07/25 01:38:32 INFO Utils: /tmp/spark-f8553efb-f5b4-4f65-8e66-ca320feb5141/userFiles-e1080678-4971-4ebf-b70e-f921b13d3b94/fetchFileTemp9587656869616763031.tmp has been previously copied to /tmp/spark-f8553efb-f5b4-4f65-8e66-ca320feb5141/userFiles-e1080678-4971-4ebf-b70e-f921b13d3b94/org.apache.kafka_kafka-clients-2.8.1.jar
[2025-07-25T01:38:32.709+0000] {docker.py:429} INFO - 25/07/25 01:38:32 INFO Executor: Adding file:/tmp/spark-f8553efb-f5b4-4f65-8e66-ca320feb5141/userFiles-e1080678-4971-4ebf-b70e-f921b13d3b94/org.apache.kafka_kafka-clients-2.8.1.jar to class loader
[2025-07-25T01:38:32.710+0000] {docker.py:429} INFO - 25/07/25 01:38:32 INFO Executor: Fetching spark://5a3330874f44:42563/jars/org.lz4_lz4-java-1.8.0.jar with timestamp 1753407511133
[2025-07-25T01:38:32.710+0000] {docker.py:429} INFO - 25/07/25 01:38:32 INFO Utils: Fetching spark://5a3330874f44:42563/jars/org.lz4_lz4-java-1.8.0.jar to /tmp/spark-f8553efb-f5b4-4f65-8e66-ca320feb5141/userFiles-e1080678-4971-4ebf-b70e-f921b13d3b94/fetchFileTemp17227507364535665650.tmp
[2025-07-25T01:38:32.712+0000] {docker.py:429} INFO - 25/07/25 01:38:32 INFO Utils: /tmp/spark-f8553efb-f5b4-4f65-8e66-ca320feb5141/userFiles-e1080678-4971-4ebf-b70e-f921b13d3b94/fetchFileTemp17227507364535665650.tmp has been previously copied to /tmp/spark-f8553efb-f5b4-4f65-8e66-ca320feb5141/userFiles-e1080678-4971-4ebf-b70e-f921b13d3b94/org.lz4_lz4-java-1.8.0.jar
[2025-07-25T01:38:32.751+0000] {docker.py:429} INFO - 25/07/25 01:38:32 INFO Executor: Adding file:/tmp/spark-f8553efb-f5b4-4f65-8e66-ca320feb5141/userFiles-e1080678-4971-4ebf-b70e-f921b13d3b94/org.lz4_lz4-java-1.8.0.jar to class loader
25/07/25 01:38:32 INFO Executor: Fetching spark://5a3330874f44:42563/jars/org.apache.spark_spark-token-provider-kafka-0-10_2.12-3.3.4.jar with timestamp 1753407511133
[2025-07-25T01:38:32.751+0000] {docker.py:429} INFO - 25/07/25 01:38:32 INFO Utils: Fetching spark://5a3330874f44:42563/jars/org.apache.spark_spark-token-provider-kafka-0-10_2.12-3.3.4.jar to /tmp/spark-f8553efb-f5b4-4f65-8e66-ca320feb5141/userFiles-e1080678-4971-4ebf-b70e-f921b13d3b94/fetchFileTemp13757880597349775672.tmp
[2025-07-25T01:38:32.751+0000] {docker.py:429} INFO - 25/07/25 01:38:32 INFO Utils: /tmp/spark-f8553efb-f5b4-4f65-8e66-ca320feb5141/userFiles-e1080678-4971-4ebf-b70e-f921b13d3b94/fetchFileTemp13757880597349775672.tmp has been previously copied to /tmp/spark-f8553efb-f5b4-4f65-8e66-ca320feb5141/userFiles-e1080678-4971-4ebf-b70e-f921b13d3b94/org.apache.spark_spark-token-provider-kafka-0-10_2.12-3.3.4.jar
[2025-07-25T01:38:32.785+0000] {docker.py:429} INFO - 25/07/25 01:38:32 INFO Executor: Adding file:/tmp/spark-f8553efb-f5b4-4f65-8e66-ca320feb5141/userFiles-e1080678-4971-4ebf-b70e-f921b13d3b94/org.apache.spark_spark-token-provider-kafka-0-10_2.12-3.3.4.jar to class loader
[2025-07-25T01:38:32.789+0000] {docker.py:429} INFO - 25/07/25 01:38:32 INFO Utils: Successfully started service 'org.apache.spark.network.netty.NettyBlockTransferService' on port 34555.
[2025-07-25T01:38:32.790+0000] {docker.py:429} INFO - 25/07/25 01:38:32 INFO NettyBlockTransferService: Server created on 5a3330874f44:34555
[2025-07-25T01:38:32.791+0000] {docker.py:429} INFO - 25/07/25 01:38:32 INFO BlockManager: Using org.apache.spark.storage.RandomBlockReplicationPolicy for block replication policy
[2025-07-25T01:38:32.794+0000] {docker.py:429} INFO - 25/07/25 01:38:32 INFO BlockManagerMaster: Registering BlockManager BlockManagerId(driver, 5a3330874f44, 34555, None)
[2025-07-25T01:38:32.796+0000] {docker.py:429} INFO - 25/07/25 01:38:32 INFO BlockManagerMasterEndpoint: Registering block manager 5a3330874f44:34555 with 434.4 MiB RAM, BlockManagerId(driver, 5a3330874f44, 34555, None)
[2025-07-25T01:38:32.797+0000] {docker.py:429} INFO - 25/07/25 01:38:32 INFO BlockManagerMaster: Registered BlockManager BlockManagerId(driver, 5a3330874f44, 34555, None)
[2025-07-25T01:38:32.797+0000] {docker.py:429} INFO - 25/07/25 01:38:32 INFO BlockManager: Initialized BlockManager: BlockManagerId(driver, 5a3330874f44, 34555, None)
[2025-07-25T01:38:34.472+0000] {docker.py:429} INFO - 25/07/25 01:38:34 WARN ResolveWriteToStream: Temporary checkpoint location created which is deleted normally when the query didn't fail: /tmp/temporary-1e9a501f-7f2e-495c-82ff-e41ec94218f3. If it's required to delete it under any circumstances, please set spark.sql.streaming.forceDeleteTempCheckpointLocation to true. Important to know deleting temp checkpoint folder is best effort.
[2025-07-25T01:38:34.484+0000] {docker.py:429} INFO - 25/07/25 01:38:34 WARN ResolveWriteToStream: spark.sql.adaptive.enabled is not supported in streaming DataFrames/Datasets and will be disabled.
[2025-07-25T01:38:55.394+0000] {docker.py:429} INFO - +---------+----+-----------+-----------+-------+------+------+------+-------------+-------+
|VEHICLENO|RNUM|PREVSTOPCNT|ARRIVALTIME|ROUTEID|REMARK|STOPID|STOPNM|PRESENTSTOPNM|ROUTENM|
+---------+----+-----------+-----------+-------+------+------+------+-------------+-------+
+---------+----+-----------+-----------+-------+------+------+------+-------------+-------+
[2025-07-25T01:38:57.468+0000] {docker.py:429} INFO - 25/07/25 01:38:57 WARN MetricsConfig: Cannot locate configuration: tried hadoop-metrics2-s3a-file-system.properties,hadoop-metrics2.properties
[2025-07-25T01:39:08.350+0000] {taskinstance.py:1138} INFO - Marking task as SUCCESS. dag_id=bis_pipeline_dag, task_id=kafka_to_bronze, execution_date=20250725T013757, start_date=20250725T013802, end_date=20250725T013908
[2025-07-25T01:39:08.448+0000] {local_task_job_runner.py:234} INFO - Task exited with return code 0
[2025-07-25T01:39:08.526+0000] {taskinstance.py:3280} INFO - 0 downstream tasks scheduled from follow-on schedule check
