[2025-07-25T04:01:08.632+0000] {taskinstance.py:1956} INFO - Dependencies all met for dep_context=non-requeueable deps ti=<TaskInstance: bis_pipeline_dag.load_to_postgres manual__2025-07-25T04:00:23.657486+00:00 [queued]>
[2025-07-25T04:01:08.637+0000] {taskinstance.py:1956} INFO - Dependencies all met for dep_context=requeueable deps ti=<TaskInstance: bis_pipeline_dag.load_to_postgres manual__2025-07-25T04:00:23.657486+00:00 [queued]>
[2025-07-25T04:01:08.637+0000] {taskinstance.py:2170} INFO - Starting attempt 1 of 1
[2025-07-25T04:01:08.671+0000] {taskinstance.py:2191} INFO - Executing <Task(DockerOperator): load_to_postgres> on 2025-07-25 04:00:23.657486+00:00
[2025-07-25T04:01:08.674+0000] {standard_task_runner.py:60} INFO - Started process 1569 to run task
[2025-07-25T04:01:08.677+0000] {standard_task_runner.py:87} INFO - Running: ['airflow', 'tasks', 'run', 'bis_pipeline_dag', 'load_to_postgres', 'manual__2025-07-25T04:00:23.657486+00:00', '--job-id', '57', '--raw', '--subdir', 'DAGS_FOLDER/bis_pipeline_dag.py', '--cfg-path', '/tmp/tmpyi0b_cox']
[2025-07-25T04:01:08.678+0000] {standard_task_runner.py:88} INFO - Job 57: Subtask load_to_postgres
[2025-07-25T04:01:08.745+0000] {task_command.py:423} INFO - Running <TaskInstance: bis_pipeline_dag.load_to_postgres manual__2025-07-25T04:00:23.657486+00:00 [running]> on host f2fb5fb74adc
[2025-07-25T04:01:08.855+0000] {taskinstance.py:2480} INFO - Exporting env vars: AIRFLOW_CTX_DAG_OWNER='airflow' AIRFLOW_CTX_DAG_ID='bis_pipeline_dag' AIRFLOW_CTX_TASK_ID='load_to_postgres' AIRFLOW_CTX_EXECUTION_DATE='2025-07-25T04:00:23.657486+00:00' AIRFLOW_CTX_TRY_NUMBER='1' AIRFLOW_CTX_DAG_RUN_ID='manual__2025-07-25T04:00:23.657486+00:00'
[2025-07-25T04:01:08.892+0000] {docker.py:359} INFO - Starting docker container from image my-spark:3.3-kafka
[2025-07-25T04:01:11.170+0000] {docker.py:429} INFO - [38;5;6mspark [38;5;5m04:01:11.03 [0m[38;5;2mINFO [0m ==>
[2025-07-25T04:01:11.170+0000] {docker.py:429} INFO - [38;5;6mspark [38;5;5m04:01:11.03 [0m[38;5;2mINFO [0m ==> [1mWelcome to the Bitnami spark container[0m
[2025-07-25T04:01:11.171+0000] {docker.py:429} INFO - [38;5;6mspark [38;5;5m04:01:11.03 [0m[38;5;2mINFO [0m ==> Subscribe to project updates by watching [1mhttps://github.com/bitnami/containers[0m
[2025-07-25T04:01:11.171+0000] {docker.py:429} INFO - [38;5;6mspark [38;5;5m04:01:11.03 [0m[38;5;2mINFO [0m ==> Submit issues and feature requests at [1mhttps://github.com/bitnami/containers/issues[0m
[2025-07-25T04:01:11.171+0000] {docker.py:429} INFO - [38;5;6mspark [38;5;5m04:01:11.03 [0m[38;5;2mINFO [0m ==>
[2025-07-25T04:01:11.171+0000] {docker.py:429} INFO - 
[2025-07-25T04:01:12.309+0000] {docker.py:429} INFO - 25/07/25 04:01:12 INFO SparkContext: Running Spark version 3.3.4
[2025-07-25T04:01:12.327+0000] {docker.py:429} INFO - 25/07/25 04:01:12 INFO ResourceUtils: ==============================================================
[2025-07-25T04:01:12.328+0000] {docker.py:429} INFO - 25/07/25 04:01:12 INFO ResourceUtils: No custom resources configured for spark.driver.
[2025-07-25T04:01:12.328+0000] {docker.py:429} INFO - 25/07/25 04:01:12 INFO ResourceUtils: ==============================================================
[2025-07-25T04:01:12.328+0000] {docker.py:429} INFO - 25/07/25 04:01:12 INFO SparkContext: Submitted application: GoldToPostgres
[2025-07-25T04:01:12.341+0000] {docker.py:429} INFO - 25/07/25 04:01:12 INFO ResourceProfile: Default ResourceProfile created, executor resources: Map(cores -> name: cores, amount: 1, script: , vendor: , memory -> name: memory, amount: 1024, script: , vendor: , offHeap -> name: offHeap, amount: 0, script: , vendor: ), task resources: Map(cpus -> name: cpus, amount: 1.0)
[2025-07-25T04:01:12.346+0000] {docker.py:429} INFO - 25/07/25 04:01:12 INFO ResourceProfile: Limiting resource is cpu
[2025-07-25T04:01:12.346+0000] {docker.py:429} INFO - 25/07/25 04:01:12 INFO ResourceProfileManager: Added ResourceProfile id: 0
[2025-07-25T04:01:12.372+0000] {docker.py:429} INFO - 25/07/25 04:01:12 INFO SecurityManager: Changing view acls to: root,spark
[2025-07-25T04:01:12.372+0000] {docker.py:429} INFO - 25/07/25 04:01:12 INFO SecurityManager: Changing modify acls to: root,spark
[2025-07-25T04:01:12.372+0000] {docker.py:429} INFO - 25/07/25 04:01:12 INFO SecurityManager: Changing view acls groups to:
[2025-07-25T04:01:12.372+0000] {docker.py:429} INFO - 25/07/25 04:01:12 INFO SecurityManager: Changing modify acls groups to:
[2025-07-25T04:01:12.373+0000] {docker.py:429} INFO - 25/07/25 04:01:12 INFO SecurityManager: SecurityManager: authentication disabled; ui acls disabled; users  with view permissions: Set(root, spark); groups with view permissions: Set(); users  with modify permissions: Set(root, spark); groups with modify permissions: Set()
[2025-07-25T04:01:12.407+0000] {docker.py:429} INFO - 25/07/25 04:01:12 WARN NativeCodeLoader: Unable to load native-hadoop library for your platform... using builtin-java classes where applicable
[2025-07-25T04:01:12.557+0000] {docker.py:429} INFO - 25/07/25 04:01:12 INFO Utils: Successfully started service 'sparkDriver' on port 42591.
[2025-07-25T04:01:12.576+0000] {docker.py:429} INFO - 25/07/25 04:01:12 INFO SparkEnv: Registering MapOutputTracker
[2025-07-25T04:01:12.601+0000] {docker.py:429} INFO - 25/07/25 04:01:12 INFO SparkEnv: Registering BlockManagerMaster
[2025-07-25T04:01:12.613+0000] {docker.py:429} INFO - 25/07/25 04:01:12 INFO BlockManagerMasterEndpoint: Using org.apache.spark.storage.DefaultTopologyMapper for getting topology information
[2025-07-25T04:01:12.613+0000] {docker.py:429} INFO - 25/07/25 04:01:12 INFO BlockManagerMasterEndpoint: BlockManagerMasterEndpoint up
[2025-07-25T04:01:12.616+0000] {docker.py:429} INFO - 25/07/25 04:01:12 INFO SparkEnv: Registering BlockManagerMasterHeartbeat
[2025-07-25T04:01:12.629+0000] {docker.py:429} INFO - 25/07/25 04:01:12 INFO DiskBlockManager: Created local directory at /tmp/blockmgr-ed93b4ea-86b9-4cb6-bdbd-ff5bf03dcd15
[2025-07-25T04:01:12.640+0000] {docker.py:429} INFO - 25/07/25 04:01:12 INFO MemoryStore: MemoryStore started with capacity 434.4 MiB
[2025-07-25T04:01:12.651+0000] {docker.py:429} INFO - 25/07/25 04:01:12 INFO SparkEnv: Registering OutputCommitCoordinator
[2025-07-25T04:01:12.761+0000] {docker.py:429} INFO - 25/07/25 04:01:12 INFO Utils: Successfully started service 'SparkUI' on port 4040.
[2025-07-25T04:01:12.817+0000] {docker.py:429} INFO - 25/07/25 04:01:12 INFO Executor: Starting executor ID driver on host 08ce732b976a
[2025-07-25T04:01:12.821+0000] {docker.py:429} INFO - 25/07/25 04:01:12 INFO Executor: Starting executor with user classpath (userClassPathFirst = false): ''
[2025-07-25T04:01:12.831+0000] {docker.py:429} INFO - 25/07/25 04:01:12 INFO Utils: Successfully started service 'org.apache.spark.network.netty.NettyBlockTransferService' on port 40715.
[2025-07-25T04:01:12.831+0000] {docker.py:429} INFO - 25/07/25 04:01:12 INFO NettyBlockTransferService: Server created on 08ce732b976a:40715
[2025-07-25T04:01:12.832+0000] {docker.py:429} INFO - 25/07/25 04:01:12 INFO BlockManager: Using org.apache.spark.storage.RandomBlockReplicationPolicy for block replication policy
[2025-07-25T04:01:12.840+0000] {docker.py:429} INFO - 25/07/25 04:01:12 INFO BlockManagerMaster: Registering BlockManager BlockManagerId(driver, 08ce732b976a, 40715, None)
[2025-07-25T04:01:12.844+0000] {docker.py:429} INFO - 25/07/25 04:01:12 INFO BlockManagerMasterEndpoint: Registering block manager 08ce732b976a:40715 with 434.4 MiB RAM, BlockManagerId(driver, 08ce732b976a, 40715, None)
[2025-07-25T04:01:12.845+0000] {docker.py:429} INFO - 25/07/25 04:01:12 INFO BlockManagerMaster: Registered BlockManager BlockManagerId(driver, 08ce732b976a, 40715, None)
[2025-07-25T04:01:12.846+0000] {docker.py:429} INFO - 25/07/25 04:01:12 INFO BlockManager: Initialized BlockManager: BlockManagerId(driver, 08ce732b976a, 40715, None)
[2025-07-25T04:01:13.487+0000] {docker.py:429} INFO - 25/07/25 04:01:13 WARN MetricsConfig: Cannot locate configuration: tried hadoop-metrics2-s3a-file-system.properties,hadoop-metrics2.properties
[2025-07-25T04:01:15.381+0000] {docker.py:429} INFO - root
 |-- ROUTENM: string (nullable = true)
 |-- PRESENTSTOPNM: string (nullable = true)
 |-- avg_arrival_time: double (nullable = true)
 |-- avg_prev_stop_cnt: double (nullable = true)
 |-- record_count: long (nullable = true)
[2025-07-25T04:01:16.086+0000] {docker.py:429} INFO - +-------+-----------------+----------------+-----------------+------------+
|ROUTENM|    PRESENTSTOPNM|avg_arrival_time|avg_prev_stop_cnt|record_count|
+-------+-----------------+----------------+-----------------+------------+
|    725|        S-oil정문|           170.0|              2.0|           1|
|    725|온산읍 행정복지센|           504.0|              6.0|           1|
|    518|   백골부대성역지|           381.0|              5.0|           1|
|    518|     온산우체국앞|           593.0|              7.0|           1|
|    518|       공단중기앞|           273.0|              4.0|           1|
+-------+-----------------+----------------+-----------------+------------+
only showing top 5 rows
[2025-07-25T04:01:17.063+0000] {taskinstance.py:1138} INFO - Marking task as SUCCESS. dag_id=bis_pipeline_dag, task_id=load_to_postgres, execution_date=20250725T040023, start_date=20250725T040108, end_date=20250725T040117
[2025-07-25T04:01:17.132+0000] {local_task_job_runner.py:234} INFO - Task exited with return code 0
[2025-07-25T04:01:17.144+0000] {taskinstance.py:3280} INFO - 0 downstream tasks scheduled from follow-on schedule check
