[2025-07-24T07:47:54.672+0000] {taskinstance.py:1956} INFO - Dependencies all met for dep_context=non-requeueable deps ti=<TaskInstance: bis_pipeline_dag.collect_bronze manual__2025-07-24T07:47:53.850141+00:00 [queued]>
[2025-07-24T07:47:54.676+0000] {taskinstance.py:1956} INFO - Dependencies all met for dep_context=requeueable deps ti=<TaskInstance: bis_pipeline_dag.collect_bronze manual__2025-07-24T07:47:53.850141+00:00 [queued]>
[2025-07-24T07:47:54.676+0000] {taskinstance.py:2170} INFO - Starting attempt 1 of 2
[2025-07-24T07:47:54.741+0000] {taskinstance.py:2191} INFO - Executing <Task(BashOperator): collect_bronze> on 2025-07-24 07:47:53.850141+00:00
[2025-07-24T07:47:54.743+0000] {standard_task_runner.py:60} INFO - Started process 461 to run task
[2025-07-24T07:47:54.746+0000] {standard_task_runner.py:87} INFO - Running: ['airflow', 'tasks', 'run', 'bis_pipeline_dag', 'collect_bronze', 'manual__2025-07-24T07:47:53.850141+00:00', '--job-id', '11', '--raw', '--subdir', 'DAGS_FOLDER/bis_pipeline_dag.py', '--cfg-path', '/tmp/tmpa1dyhumu']
[2025-07-24T07:47:54.747+0000] {standard_task_runner.py:88} INFO - Job 11: Subtask collect_bronze
[2025-07-24T07:47:54.832+0000] {task_command.py:423} INFO - Running <TaskInstance: bis_pipeline_dag.collect_bronze manual__2025-07-24T07:47:53.850141+00:00 [running]> on host 97c5d068d3eb
[2025-07-24T07:47:54.980+0000] {taskinstance.py:2480} INFO - Exporting env vars: AIRFLOW_CTX_DAG_OWNER='admin' AIRFLOW_CTX_DAG_ID='bis_pipeline_dag' AIRFLOW_CTX_TASK_ID='collect_bronze' AIRFLOW_CTX_EXECUTION_DATE='2025-07-24T07:47:53.850141+00:00' AIRFLOW_CTX_TRY_NUMBER='1' AIRFLOW_CTX_DAG_RUN_ID='manual__2025-07-24T07:47:53.850141+00:00'
[2025-07-24T07:47:54.980+0000] {subprocess.py:63} INFO - Tmp dir root location: /tmp
[2025-07-24T07:47:54.981+0000] {subprocess.py:75} INFO - Running command: ['/usr/bin/bash', '-c', 'python /producer/api_producer.py']
[2025-07-24T07:47:54.986+0000] {subprocess.py:86} INFO - Output:
[2025-07-24T08:06:18.119+0000] {subprocess.py:93} INFO - 메시지 전송 완료: {'tableInfo': {'pageNo': '1', 'numOfRows': '10', 'totalCnt': '2', 'resultCode': '200', 'resultMsg': 'SUCCESS', 'list': {'row': [{'VEHICLENO': '울산71자2271', 'RNUM': '1', 'PREVSTOPCNT': '1', 'ARRIVALTIME': '107', 'ROUTEID': '195000199', 'REMARK': '처용마을입구 방면', 'STOPID': '196040122', 'STOPNM': '(주)TCT제2공장', 'PRESENTSTOPNM': '대한유화앞', 'ROUTENM': '725'}, {'VEHICLENO': '울산71자3286', 'RNUM': '2', 'PREVSTOPCNT': '17', 'ARRIVALTIME': '1539', 'ROUTEID': '196000432', 'REMARK': '처용마을입구 방면', 'STOPID': '196040122', 'STOPNM': '(주)TCT제2공장', 'PRESENTSTOPNM': '덕하공영차고지(기', 'ROUTENM': '518 지원2 (옥교동(덕하 방면 온산공단 경유))'}]}}}
[2025-07-24T08:06:18.119+0000] {subprocess.py:93} INFO - 메시지 전송 완료: {'tableInfo': {'pageNo': '1', 'numOfRows': '10', 'totalCnt': '2', 'resultCode': '200', 'resultMsg': 'SUCCESS', 'list': {'row': [{'VEHICLENO': '울산71자2271', 'RNUM': '1', 'PREVSTOPCNT': '0', 'ARRIVALTIME': '42', 'ROUTEID': '195000199', 'REMARK': '처용마을입구 방면', 'STOPID': '196040122', 'STOPNM': '(주)TCT제2공장', 'PRESENTSTOPNM': '회학마을입구', 'ROUTENM': '725'}, {'VEHICLENO': '울산71자3286', 'RNUM': '2', 'PREVSTOPCNT': '16', 'ARRIVALTIME': '1521', 'ROUTEID': '196000432', 'REMARK': '처용마을입구 방면', 'STOPID': '196040122', 'STOPNM': '(주)TCT제2공장', 'PRESENTSTOPNM': '남구예비군훈련장,', 'ROUTENM': '518 지원2 (옥교동(덕하 방면 온산공단 경유))'}]}}}
[2025-07-24T08:06:18.119+0000] {subprocess.py:93} INFO - 메시지 전송 완료: {'tableInfo': {'pageNo': '1', 'numOfRows': '10', 'totalCnt': '2', 'resultCode': '200', 'resultMsg': 'SUCCESS', 'list': {'row': [{'VEHICLENO': '울산71자2275', 'RNUM': '1', 'PREVSTOPCNT': '11', 'ARRIVALTIME': '871', 'ROUTEID': '195000199', 'REMARK': '처용마을입구 방면', 'STOPID': '196040122', 'STOPNM': '(주)TCT제2공장', 'PRESENTSTOPNM': '해븐빌리지6차', 'ROUTENM': '725'}, {'VEHICLENO': '울산71자3286', 'RNUM': '2', 'PREVSTOPCNT': '16', 'ARRIVALTIME': '1438', 'ROUTEID': '196000432', 'REMARK': '처용마을입구 방면', 'STOPID': '196040122', 'STOPNM': '(주)TCT제2공장', 'PRESENTSTOPNM': '남구예비군훈련장,', 'ROUTENM': '518 지원2 (옥교동(덕하 방면 온산공단 경유))'}]}}}
[2025-07-24T08:06:18.119+0000] {subprocess.py:93} INFO - 메시지 전송 완료: {'tableInfo': {'pageNo': '1', 'numOfRows': '10', 'totalCnt': '2', 'resultCode': '200', 'resultMsg': 'SUCCESS', 'list': {'row': [{'VEHICLENO': '울산71자2275', 'RNUM': '1', 'PREVSTOPCNT': '8', 'ARRIVALTIME': '713', 'ROUTEID': '195000199', 'REMARK': '처용마을입구 방면', 'STOPID': '196040122', 'STOPNM': '(주)TCT제2공장', 'PRESENTSTOPNM': '진영프리텔앞', 'ROUTENM': '725'}, {'VEHICLENO': '울산71자3286', 'RNUM': '2', 'PREVSTOPCNT': '15', 'ARRIVALTIME': '1271', 'ROUTEID': '196000432', 'REMARK': '처용마을입구 방면', 'STOPID': '196040122', 'STOPNM': '(주)TCT제2공장', 'PRESENTSTOPNM': '원동마을', 'ROUTENM': '518 지원2 (옥교동(덕하 방면 온산공단 경유))'}]}}}
[2025-07-24T08:06:18.119+0000] {subprocess.py:93} INFO - 메시지 전송 완료: {'tableInfo': {'pageNo': '1', 'numOfRows': '10', 'totalCnt': '2', 'resultCode': '200', 'resultMsg': 'SUCCESS', 'list': {'row': [{'VEHICLENO': '울산71자2275', 'RNUM': '1', 'PREVSTOPCNT': '7', 'ARRIVALTIME': '677', 'ROUTEID': '195000199', 'REMARK': '처용마을입구 방면', 'STOPID': '196040122', 'STOPNM': '(주)TCT제2공장', 'PRESENTSTOPNM': '덕신소공원', 'ROUTENM': '725'}, {'VEHICLENO': '울산71자3286', 'RNUM': '2', 'PREVSTOPCNT': '15', 'ARRIVALTIME': '1142', 'ROUTEID': '196000432', 'REMARK': '처용마을입구 방면', 'STOPID': '196040122', 'STOPNM': '(주)TCT제2공장', 'PRESENTSTOPNM': '원동마을', 'ROUTENM': '518 지원2 (옥교동(덕하 방면 온산공단 경유))'}]}}}
[2025-07-24T08:06:18.120+0000] {subprocess.py:93} INFO - 메시지 전송 완료: {'tableInfo': {'pageNo': '1', 'numOfRows': '10', 'totalCnt': '2', 'resultCode': '200', 'resultMsg': 'SUCCESS', 'list': {'row': [{'VEHICLENO': '울산71자2275', 'RNUM': '1', 'PREVSTOPCNT': '7', 'ARRIVALTIME': '677', 'ROUTEID': '195000199', 'REMARK': '처용마을입구 방면', 'STOPID': '196040122', 'STOPNM': '(주)TCT제2공장', 'PRESENTSTOPNM': '덕신소공원', 'ROUTENM': '725'}, {'VEHICLENO': '울산71자3286', 'RNUM': '2', 'PREVSTOPCNT': '13', 'ARRIVALTIME': '1030', 'ROUTEID': '196000432', 'REMARK': '처용마을입구 방면', 'STOPID': '196040122', 'STOPNM': '(주)TCT제2공장', 'PRESENTSTOPNM': '망양마을', 'ROUTENM': '518 지원2 (옥교동(덕하 방면 온산공단 경유))'}]}}}
[2025-07-24T08:06:18.120+0000] {subprocess.py:93} INFO - 메시지 전송 완료: {'tableInfo': {'pageNo': '1', 'numOfRows': '10', 'totalCnt': '2', 'resultCode': '200', 'resultMsg': 'SUCCESS', 'list': {'row': [{'VEHICLENO': '울산71자2275', 'RNUM': '1', 'PREVSTOPCNT': '5', 'ARRIVALTIME': '480', 'ROUTEID': '195000199', 'REMARK': '처용마을입구 방면', 'STOPID': '196040122', 'STOPNM': '(주)TCT제2공장', 'PRESENTSTOPNM': '백골부대성역지', 'ROUTENM': '725'}, {'VEHICLENO': '울산71자3286', 'RNUM': '2', 'PREVSTOPCNT': '12', 'ARRIVALTIME': '989', 'ROUTEID': '196000432', 'REMARK': '처용마을입구 방면', 'STOPID': '196040122', 'STOPNM': '(주)TCT제2공장', 'PRESENTSTOPNM': '오산마을입구', 'ROUTENM': '518 지원2 (옥교동(덕하 방면 온산공단 경유))'}]}}}
[2025-07-24T08:06:18.120+0000] {subprocess.py:93} INFO - 메시지 전송 완료: {'tableInfo': {'pageNo': '1', 'numOfRows': '10', 'totalCnt': '2', 'resultCode': '200', 'resultMsg': 'SUCCESS', 'list': {'row': [{'VEHICLENO': '울산71자2275', 'RNUM': '1', 'PREVSTOPCNT': '5', 'ARRIVALTIME': '393', 'ROUTEID': '195000199', 'REMARK': '처용마을입구 방면', 'STOPID': '196040122', 'STOPNM': '(주)TCT제2공장', 'PRESENTSTOPNM': '백골부대성역지', 'ROUTENM': '725'}, {'VEHICLENO': '울산71자3286', 'RNUM': '2', 'PREVSTOPCNT': '9', 'ARRIVALTIME': '843', 'ROUTEID': '196000432', 'REMARK': '처용마을입구 방면', 'STOPID': '196040122', 'STOPNM': '(주)TCT제2공장', 'PRESENTSTOPNM': '울산기술공업고등학', 'ROUTENM': '518 지원2 (옥교동(덕하 방면 온산공단 경유))'}]}}}
[2025-07-24T08:06:18.120+0000] {subprocess.py:93} INFO - 메시지 전송 완료: {'tableInfo': {'pageNo': '1', 'numOfRows': '10', 'totalCnt': '2', 'resultCode': '200', 'resultMsg': 'SUCCESS', 'list': {'row': [{'VEHICLENO': '울산71자2275', 'RNUM': '1', 'PREVSTOPCNT': '4', 'ARRIVALTIME': '351', 'ROUTEID': '195000199', 'REMARK': '처용마을입구 방면', 'STOPID': '196040122', 'STOPNM': '(주)TCT제2공장', 'PRESENTSTOPNM': '공단중기앞', 'ROUTENM': '725'}, {'VEHICLENO': '울산71자3286', 'RNUM': '2', 'PREVSTOPCNT': '8', 'ARRIVALTIME': '776', 'ROUTEID': '196000432', 'REMARK': '처용마을입구 방면', 'STOPID': '196040122', 'STOPNM': '(주)TCT제2공장', 'PRESENTSTOPNM': '덕신초등학교앞', 'ROUTENM': '518 지원2 (옥교동(덕하 방면 온산공단 경유))'}]}}}
[2025-07-24T08:06:18.120+0000] {subprocess.py:93} INFO - 메시지 전송 완료: {'tableInfo': {'pageNo': '1', 'numOfRows': '10', 'totalCnt': '2', 'resultCode': '200', 'resultMsg': 'SUCCESS', 'list': {'row': [{'VEHICLENO': '울산71자2275', 'RNUM': '1', 'PREVSTOPCNT': '2', 'ARRIVALTIME': '206', 'ROUTEID': '195000199', 'REMARK': '처용마을입구 방면', 'STOPID': '196040122', 'STOPNM': '(주)TCT제2공장', 'PRESENTSTOPNM': 'S-oil정문', 'ROUTENM': '725'}, {'VEHICLENO': '울산71자3286', 'RNUM': '2', 'PREVSTOPCNT': '7', 'ARRIVALTIME': '687', 'ROUTEID': '196000432', 'REMARK': '처용마을입구 방면', 'STOPID': '196040122', 'STOPNM': '(주)TCT제2공장', 'PRESENTSTOPNM': '온산우체국앞', 'ROUTENM': '518 지원2 (옥교동(덕하 방면 온산공단 경유))'}]}}}
[2025-07-24T08:06:18.120+0000] {subprocess.py:93} INFO - 메시지 전송 완료: {'tableInfo': {'pageNo': '1', 'numOfRows': '10', 'totalCnt': '2', 'resultCode': '200', 'resultMsg': 'SUCCESS', 'list': {'row': [{'VEHICLENO': '울산71자2275', 'RNUM': '1', 'PREVSTOPCNT': '2', 'ARRIVALTIME': '206', 'ROUTEID': '195000199', 'REMARK': '처용마을입구 방면', 'STOPID': '196040122', 'STOPNM': '(주)TCT제2공장', 'PRESENTSTOPNM': 'S-oil정문', 'ROUTENM': '725'}, {'VEHICLENO': '울산71자3286', 'RNUM': '2', 'PREVSTOPCNT': '7', 'ARRIVALTIME': '624', 'ROUTEID': '196000432', 'REMARK': '처용마을입구 방면', 'STOPID': '196040122', 'STOPNM': '(주)TCT제2공장', 'PRESENTSTOPNM': '온산우체국앞', 'ROUTENM': '518 지원2 (옥교동(덕하 방면 온산공단 경유))'}]}}}
[2025-07-24T08:18:04.903+0000] {local_task_job_runner.py:121} ERROR - Received SIGTERM. Terminating subprocesses
[2025-07-24T08:18:04.904+0000] {process_utils.py:131} INFO - Sending 15 to group 461. PIDs of all processes in the group: [462, 461]
[2025-07-24T08:18:04.904+0000] {process_utils.py:86} INFO - Sending the signal 15 to group 461
[2025-07-24T08:18:04.905+0000] {taskinstance.py:2450} ERROR - Received SIGTERM. Terminating subprocesses.
[2025-07-24T08:18:04.905+0000] {subprocess.py:104} INFO - Sending SIGTERM signal to process group
[2025-07-24T08:18:04.914+0000] {taskinstance.py:2698} ERROR - Task failed with exception
Traceback (most recent call last):
  File "/home/airflow/.local/lib/python3.10/site-packages/airflow/models/taskinstance.py", line 433, in _execute_task
    result = execute_callable(context=context, **execute_callable_kwargs)
  File "/home/airflow/.local/lib/python3.10/site-packages/airflow/operators/bash.py", line 203, in execute
    result = self.subprocess_hook.run_command(
  File "/home/airflow/.local/lib/python3.10/site-packages/airflow/hooks/subprocess.py", line 91, in run_command
    for raw_line in iter(self.sub_process.stdout.readline, b""):
  File "/home/airflow/.local/lib/python3.10/site-packages/airflow/models/taskinstance.py", line 2452, in signal_handler
    raise AirflowException("Task received SIGTERM signal")
airflow.exceptions.AirflowException: Task received SIGTERM signal
[2025-07-24T08:18:04.916+0000] {taskinstance.py:1138} INFO - Marking task as UP_FOR_RETRY. dag_id=bis_pipeline_dag, task_id=collect_bronze, execution_date=20250724T074753, start_date=20250724T074754, end_date=20250724T081804
[2025-07-24T08:18:04.963+0000] {standard_task_runner.py:107} ERROR - Failed to execute job 11 for task collect_bronze (Task received SIGTERM signal; 461)
[2025-07-24T08:18:04.998+0000] {process_utils.py:79} INFO - Process psutil.Process(pid=462, status='terminated', started='07:47:54') (462) terminated with exit code None
[2025-07-24T08:18:04.998+0000] {process_utils.py:79} INFO - Process psutil.Process(pid=461, status='terminated', exitcode=1, started='07:47:53') (461) terminated with exit code 1
[2025-07-24T08:18:04.998+0000] {local_task_job_runner.py:234} INFO - Task exited with return code 143
[2025-07-24T08:18:05.012+0000] {taskinstance.py:3280} INFO - 0 downstream tasks scheduled from follow-on schedule check
