[2025-07-25T02:29:31.027+0000] {taskinstance.py:1956} INFO - Dependencies all met for dep_context=non-requeueable deps ti=<TaskInstance: bis_pipeline_dag.bronze_to_silver manual__2025-07-25T02:28:49.796008+00:00 [queued]>
[2025-07-25T02:29:31.032+0000] {taskinstance.py:1956} INFO - Dependencies all met for dep_context=requeueable deps ti=<TaskInstance: bis_pipeline_dag.bronze_to_silver manual__2025-07-25T02:28:49.796008+00:00 [queued]>
[2025-07-25T02:29:31.032+0000] {taskinstance.py:2170} INFO - Starting attempt 1 of 1
[2025-07-25T02:29:31.079+0000] {taskinstance.py:2191} INFO - Executing <Task(DockerOperator): bronze_to_silver> on 2025-07-25 02:28:49.796008+00:00
[2025-07-25T02:29:31.083+0000] {standard_task_runner.py:60} INFO - Started process 663 to run task
[2025-07-25T02:29:31.086+0000] {standard_task_runner.py:87} INFO - Running: ['airflow', 'tasks', 'run', 'bis_pipeline_dag', 'bronze_to_silver', 'manual__2025-07-25T02:28:49.796008+00:00', '--job-id', '50', '--raw', '--subdir', 'DAGS_FOLDER/bis_pipeline_dag.py', '--cfg-path', '/tmp/tmpdxh5p5o8']
[2025-07-25T02:29:31.087+0000] {standard_task_runner.py:88} INFO - Job 50: Subtask bronze_to_silver
[2025-07-25T02:29:31.177+0000] {task_command.py:423} INFO - Running <TaskInstance: bis_pipeline_dag.bronze_to_silver manual__2025-07-25T02:28:49.796008+00:00 [running]> on host f2fb5fb74adc
[2025-07-25T02:29:31.286+0000] {taskinstance.py:2480} INFO - Exporting env vars: AIRFLOW_CTX_DAG_OWNER='airflow' AIRFLOW_CTX_DAG_ID='bis_pipeline_dag' AIRFLOW_CTX_TASK_ID='bronze_to_silver' AIRFLOW_CTX_EXECUTION_DATE='2025-07-25T02:28:49.796008+00:00' AIRFLOW_CTX_TRY_NUMBER='1' AIRFLOW_CTX_DAG_RUN_ID='manual__2025-07-25T02:28:49.796008+00:00'
[2025-07-25T02:29:31.325+0000] {docker.py:359} INFO - Starting docker container from image my-spark:3.3-kafka
[2025-07-25T02:29:33.644+0000] {docker.py:429} INFO - [38;5;6mspark [38;5;5m02:29:33.49 [0m[38;5;2mINFO [0m ==>
[2025-07-25T02:29:33.644+0000] {docker.py:429} INFO - [38;5;6mspark [38;5;5m02:29:33.49 [0m[38;5;2mINFO [0m ==> [1mWelcome to the Bitnami spark container[0m
[2025-07-25T02:29:33.645+0000] {docker.py:429} INFO - [38;5;6mspark [38;5;5m02:29:33.49 [0m[38;5;2mINFO [0m ==> Subscribe to project updates by watching [1mhttps://github.com/bitnami/containers[0m
[2025-07-25T02:29:33.645+0000] {docker.py:429} INFO - [38;5;6mspark [38;5;5m02:29:33.49 [0m[38;5;2mINFO [0m ==> Submit issues and feature requests at [1mhttps://github.com/bitnami/containers/issues[0m
[2025-07-25T02:29:33.645+0000] {docker.py:429} INFO - [38;5;6mspark [38;5;5m02:29:33.50 [0m[38;5;2mINFO [0m ==>
[2025-07-25T02:29:33.645+0000] {docker.py:429} INFO - 
[2025-07-25T02:29:34.711+0000] {docker.py:429} INFO - 25/07/25 02:29:34 INFO SparkContext: Running Spark version 3.3.4
[2025-07-25T02:29:34.727+0000] {docker.py:429} INFO - 25/07/25 02:29:34 INFO ResourceUtils: ==============================================================
[2025-07-25T02:29:34.727+0000] {docker.py:429} INFO - 25/07/25 02:29:34 INFO ResourceUtils: No custom resources configured for spark.driver.
[2025-07-25T02:29:34.727+0000] {docker.py:429} INFO - 25/07/25 02:29:34 INFO ResourceUtils: ==============================================================
[2025-07-25T02:29:34.728+0000] {docker.py:429} INFO - 25/07/25 02:29:34 INFO SparkContext: Submitted application: TransformSilver
[2025-07-25T02:29:34.739+0000] {docker.py:429} INFO - 25/07/25 02:29:34 INFO ResourceProfile: Default ResourceProfile created, executor resources: Map(cores -> name: cores, amount: 1, script: , vendor: , memory -> name: memory, amount: 1024, script: , vendor: , offHeap -> name: offHeap, amount: 0, script: , vendor: ), task resources: Map(cpus -> name: cpus, amount: 1.0)
[2025-07-25T02:29:34.743+0000] {docker.py:429} INFO - 25/07/25 02:29:34 INFO ResourceProfile: Limiting resource is cpu
[2025-07-25T02:29:34.744+0000] {docker.py:429} INFO - 25/07/25 02:29:34 INFO ResourceProfileManager: Added ResourceProfile id: 0
[2025-07-25T02:29:34.767+0000] {docker.py:429} INFO - 25/07/25 02:29:34 INFO SecurityManager: Changing view acls to: root,spark
[2025-07-25T02:29:34.767+0000] {docker.py:429} INFO - 25/07/25 02:29:34 INFO SecurityManager: Changing modify acls to: root,spark
[2025-07-25T02:29:34.767+0000] {docker.py:429} INFO - 25/07/25 02:29:34 INFO SecurityManager: Changing view acls groups to:
[2025-07-25T02:29:34.768+0000] {docker.py:429} INFO - 25/07/25 02:29:34 INFO SecurityManager: Changing modify acls groups to:
[2025-07-25T02:29:34.768+0000] {docker.py:429} INFO - 25/07/25 02:29:34 INFO SecurityManager: SecurityManager: authentication disabled; ui acls disabled; users  with view permissions: Set(root, spark); groups with view permissions: Set(); users  with modify permissions: Set(root, spark); groups with modify permissions: Set()
[2025-07-25T02:29:34.799+0000] {docker.py:429} INFO - 25/07/25 02:29:34 WARN NativeCodeLoader: Unable to load native-hadoop library for your platform... using builtin-java classes where applicable
[2025-07-25T02:29:34.945+0000] {docker.py:429} INFO - 25/07/25 02:29:34 INFO Utils: Successfully started service 'sparkDriver' on port 35811.
[2025-07-25T02:29:34.960+0000] {docker.py:429} INFO - 25/07/25 02:29:34 INFO SparkEnv: Registering MapOutputTracker
[2025-07-25T02:29:34.984+0000] {docker.py:429} INFO - 25/07/25 02:29:34 INFO SparkEnv: Registering BlockManagerMaster
[2025-07-25T02:29:34.994+0000] {docker.py:429} INFO - 25/07/25 02:29:34 INFO BlockManagerMasterEndpoint: Using org.apache.spark.storage.DefaultTopologyMapper for getting topology information
[2025-07-25T02:29:34.994+0000] {docker.py:429} INFO - 25/07/25 02:29:34 INFO BlockManagerMasterEndpoint: BlockManagerMasterEndpoint up
[2025-07-25T02:29:34.997+0000] {docker.py:429} INFO - 25/07/25 02:29:34 INFO SparkEnv: Registering BlockManagerMasterHeartbeat
[2025-07-25T02:29:35.009+0000] {docker.py:429} INFO - 25/07/25 02:29:35 INFO DiskBlockManager: Created local directory at /tmp/blockmgr-ce12a344-bd98-43b4-abb3-1fb8dabaddd5
[2025-07-25T02:29:35.018+0000] {docker.py:429} INFO - 25/07/25 02:29:35 INFO MemoryStore: MemoryStore started with capacity 434.4 MiB
[2025-07-25T02:29:35.027+0000] {docker.py:429} INFO - 25/07/25 02:29:35 INFO SparkEnv: Registering OutputCommitCoordinator
[2025-07-25T02:29:35.133+0000] {docker.py:429} INFO - 25/07/25 02:29:35 INFO Utils: Successfully started service 'SparkUI' on port 4040.
[2025-07-25T02:29:35.188+0000] {docker.py:429} INFO - 25/07/25 02:29:35 INFO Executor: Starting executor ID driver on host 67957f8d0876
[2025-07-25T02:29:35.199+0000] {docker.py:429} INFO - 25/07/25 02:29:35 INFO Executor: Starting executor with user classpath (userClassPathFirst = false): ''
[2025-07-25T02:29:35.208+0000] {docker.py:429} INFO - 25/07/25 02:29:35 INFO Utils: Successfully started service 'org.apache.spark.network.netty.NettyBlockTransferService' on port 46775.
[2025-07-25T02:29:35.208+0000] {docker.py:429} INFO - 25/07/25 02:29:35 INFO NettyBlockTransferService: Server created on 67957f8d0876:46775
[2025-07-25T02:29:35.209+0000] {docker.py:429} INFO - 25/07/25 02:29:35 INFO BlockManager: Using org.apache.spark.storage.RandomBlockReplicationPolicy for block replication policy
[2025-07-25T02:29:35.212+0000] {docker.py:429} INFO - 25/07/25 02:29:35 INFO BlockManagerMaster: Registering BlockManager BlockManagerId(driver, 67957f8d0876, 46775, None)
[2025-07-25T02:29:35.214+0000] {docker.py:429} INFO - 25/07/25 02:29:35 INFO BlockManagerMasterEndpoint: Registering block manager 67957f8d0876:46775 with 434.4 MiB RAM, BlockManagerId(driver, 67957f8d0876, 46775, None)
[2025-07-25T02:29:35.215+0000] {docker.py:429} INFO - 25/07/25 02:29:35 INFO BlockManagerMaster: Registered BlockManager BlockManagerId(driver, 67957f8d0876, 46775, None)
[2025-07-25T02:29:35.215+0000] {docker.py:429} INFO - 25/07/25 02:29:35 INFO BlockManager: Initialized BlockManager: BlockManagerId(driver, 67957f8d0876, 46775, None)
[2025-07-25T02:29:35.207+0000] {docker.py:429} INFO - 25/07/25 02:29:35 WARN MetricsConfig: Cannot locate configuration: tried hadoop-metrics2-s3a-file-system.properties,hadoop-metrics2.properties
[2025-07-25T02:29:40.141+0000] {taskinstance.py:1138} INFO - Marking task as SUCCESS. dag_id=bis_pipeline_dag, task_id=bronze_to_silver, execution_date=20250725T022849, start_date=20250725T022931, end_date=20250725T022940
[2025-07-25T02:29:40.215+0000] {local_task_job_runner.py:234} INFO - Task exited with return code 0
[2025-07-25T02:29:40.231+0000] {taskinstance.py:3280} INFO - 1 downstream tasks scheduled from follow-on schedule check
