[2025-07-25T01:25:43.968+0000] {taskinstance.py:1956} INFO - Dependencies all met for dep_context=non-requeueable deps ti=<TaskInstance: bis_pipeline_dag.kafka_to_bronze manual__2025-07-25T01:25:41.186515+00:00 [queued]>
[2025-07-25T01:25:43.973+0000] {taskinstance.py:1956} INFO - Dependencies all met for dep_context=requeueable deps ti=<TaskInstance: bis_pipeline_dag.kafka_to_bronze manual__2025-07-25T01:25:41.186515+00:00 [queued]>
[2025-07-25T01:25:43.973+0000] {taskinstance.py:2170} INFO - Starting attempt 1 of 1
[2025-07-25T01:25:44.006+0000] {taskinstance.py:2191} INFO - Executing <Task(DockerOperator): kafka_to_bronze> on 2025-07-25 01:25:41.186515+00:00
[2025-07-25T01:25:44.009+0000] {standard_task_runner.py:60} INFO - Started process 355 to run task
[2025-07-25T01:25:44.013+0000] {standard_task_runner.py:87} INFO - Running: ['airflow', 'tasks', 'run', 'bis_pipeline_dag', 'kafka_to_bronze', 'manual__2025-07-25T01:25:41.186515+00:00', '--job-id', '22', '--raw', '--subdir', 'DAGS_FOLDER/bis_pipeline_dag.py', '--cfg-path', '/tmp/tmp7z9tkg8m']
[2025-07-25T01:25:44.014+0000] {standard_task_runner.py:88} INFO - Job 22: Subtask kafka_to_bronze
[2025-07-25T01:25:44.084+0000] {task_command.py:423} INFO - Running <TaskInstance: bis_pipeline_dag.kafka_to_bronze manual__2025-07-25T01:25:41.186515+00:00 [running]> on host 665ba5283d17
[2025-07-25T01:25:43.429+0000] {taskinstance.py:2480} INFO - Exporting env vars: AIRFLOW_CTX_DAG_OWNER='airflow' AIRFLOW_CTX_DAG_ID='bis_pipeline_dag' AIRFLOW_CTX_TASK_ID='kafka_to_bronze' AIRFLOW_CTX_EXECUTION_DATE='2025-07-25T01:25:41.186515+00:00' AIRFLOW_CTX_TRY_NUMBER='1' AIRFLOW_CTX_DAG_RUN_ID='manual__2025-07-25T01:25:41.186515+00:00'
[2025-07-25T01:25:43.455+0000] {docker.py:359} INFO - Starting docker container from image bitnami/spark:3.3
[2025-07-25T01:25:46.021+0000] {docker.py:429} INFO - [38;5;6mspark [38;5;5m01:25:45.86 [0m[38;5;2mINFO [0m ==>
[2025-07-25T01:25:46.021+0000] {docker.py:429} INFO - [38;5;6mspark [38;5;5m01:25:45.86 [0m[38;5;2mINFO [0m ==> [1mWelcome to the Bitnami spark container[0m
[2025-07-25T01:25:46.022+0000] {docker.py:429} INFO - [38;5;6mspark [38;5;5m01:25:45.86 [0m[38;5;2mINFO [0m ==> Subscribe to project updates by watching [1mhttps://github.com/bitnami/containers[0m
[2025-07-25T01:25:46.022+0000] {docker.py:429} INFO - [38;5;6mspark [38;5;5m01:25:45.86 [0m[38;5;2mINFO [0m ==> Submit issues and feature requests at [1mhttps://github.com/bitnami/containers/issues[0m
[2025-07-25T01:25:46.022+0000] {docker.py:429} INFO - [38;5;6mspark [38;5;5m01:25:45.87 [0m[38;5;2mINFO [0m ==>
[2025-07-25T01:25:46.022+0000] {docker.py:429} INFO - 
[2025-07-25T01:25:48.195+0000] {docker.py:429} INFO - 25/07/25 01:25:48 INFO SparkContext: Running Spark version 3.3.4
[2025-07-25T01:25:48.233+0000] {docker.py:429} INFO - 25/07/25 01:25:48 INFO ResourceUtils: ==============================================================
[2025-07-25T01:25:48.233+0000] {docker.py:429} INFO - 25/07/25 01:25:48 INFO ResourceUtils: No custom resources configured for spark.driver.
[2025-07-25T01:25:48.234+0000] {docker.py:429} INFO - 25/07/25 01:25:48 INFO ResourceUtils: ==============================================================
25/07/25 01:25:48 INFO SparkContext: Submitted application: IngestBronze
[2025-07-25T01:25:48.278+0000] {docker.py:429} INFO - 25/07/25 01:25:48 INFO ResourceProfile: Default ResourceProfile created, executor resources: Map(cores -> name: cores, amount: 1, script: , vendor: , memory -> name: memory, amount: 1024, script: , vendor: , offHeap -> name: offHeap, amount: 0, script: , vendor: ), task resources: Map(cpus -> name: cpus, amount: 1.0)
[2025-07-25T01:25:48.283+0000] {docker.py:429} INFO - 25/07/25 01:25:48 INFO ResourceProfile: Limiting resource is cpu
[2025-07-25T01:25:48.283+0000] {docker.py:429} INFO - 25/07/25 01:25:48 INFO ResourceProfileManager: Added ResourceProfile id: 0
[2025-07-25T01:25:48.361+0000] {docker.py:429} INFO - 25/07/25 01:25:48 INFO SecurityManager: Changing view acls to: spark
[2025-07-25T01:25:48.361+0000] {docker.py:429} INFO - 25/07/25 01:25:48 INFO SecurityManager: Changing modify acls to: spark
[2025-07-25T01:25:48.361+0000] {docker.py:429} INFO - 25/07/25 01:25:48 INFO SecurityManager: Changing view acls groups to:
[2025-07-25T01:25:48.362+0000] {docker.py:429} INFO - 25/07/25 01:25:48 INFO SecurityManager: Changing modify acls groups to:
[2025-07-25T01:25:48.362+0000] {docker.py:429} INFO - 25/07/25 01:25:48 INFO SecurityManager: SecurityManager: authentication disabled; ui acls disabled; users  with view permissions: Set(spark); groups with view permissions: Set(); users  with modify permissions: Set(spark); groups with modify permissions: Set()
[2025-07-25T01:25:48.484+0000] {docker.py:429} INFO - 25/07/25 01:25:48 WARN NativeCodeLoader: Unable to load native-hadoop library for your platform... using builtin-java classes where applicable
[2025-07-25T01:25:48.786+0000] {docker.py:429} INFO - 25/07/25 01:25:48 INFO Utils: Successfully started service 'sparkDriver' on port 44385.
[2025-07-25T01:25:48.860+0000] {docker.py:429} INFO - 25/07/25 01:25:48 INFO SparkEnv: Registering MapOutputTracker
[2025-07-25T01:25:48.883+0000] {docker.py:429} INFO - 25/07/25 01:25:48 INFO SparkEnv: Registering BlockManagerMaster
[2025-07-25T01:25:48.898+0000] {docker.py:429} INFO - 25/07/25 01:25:48 INFO BlockManagerMasterEndpoint: Using org.apache.spark.storage.DefaultTopologyMapper for getting topology information
[2025-07-25T01:25:48.898+0000] {docker.py:429} INFO - 25/07/25 01:25:48 INFO BlockManagerMasterEndpoint: BlockManagerMasterEndpoint up
[2025-07-25T01:25:48.901+0000] {docker.py:429} INFO - 25/07/25 01:25:48 INFO SparkEnv: Registering BlockManagerMasterHeartbeat
[2025-07-25T01:25:48.931+0000] {docker.py:429} INFO - 25/07/25 01:25:48 INFO DiskBlockManager: Created local directory at /tmp/blockmgr-23f92f25-f3bc-488b-a51d-26f21292988b
[2025-07-25T01:25:48.942+0000] {docker.py:429} INFO - 25/07/25 01:25:48 INFO MemoryStore: MemoryStore started with capacity 434.4 MiB
[2025-07-25T01:25:48.977+0000] {docker.py:429} INFO - 25/07/25 01:25:48 INFO SparkEnv: Registering OutputCommitCoordinator
[2025-07-25T01:25:49.329+0000] {docker.py:429} INFO - 25/07/25 01:25:49 INFO Utils: Successfully started service 'SparkUI' on port 4040.
[2025-07-25T01:25:49.428+0000] {docker.py:429} INFO - 25/07/25 01:25:49 INFO Executor: Starting executor ID driver on host f66dce46c6d3
[2025-07-25T01:25:49.440+0000] {docker.py:429} INFO - 25/07/25 01:25:49 INFO Executor: Starting executor with user classpath (userClassPathFirst = false): ''
[2025-07-25T01:25:49.469+0000] {docker.py:429} INFO - 25/07/25 01:25:49 INFO Utils: Successfully started service 'org.apache.spark.network.netty.NettyBlockTransferService' on port 35119.
[2025-07-25T01:25:49.470+0000] {docker.py:429} INFO - 25/07/25 01:25:49 INFO NettyBlockTransferService: Server created on f66dce46c6d3:35119
[2025-07-25T01:25:49.471+0000] {docker.py:429} INFO - 25/07/25 01:25:49 INFO BlockManager: Using org.apache.spark.storage.RandomBlockReplicationPolicy for block replication policy
[2025-07-25T01:25:49.475+0000] {docker.py:429} INFO - 25/07/25 01:25:49 INFO BlockManagerMaster: Registering BlockManager BlockManagerId(driver, f66dce46c6d3, 35119, None)
[2025-07-25T01:25:49.477+0000] {docker.py:429} INFO - 25/07/25 01:25:49 INFO BlockManagerMasterEndpoint: Registering block manager f66dce46c6d3:35119 with 434.4 MiB RAM, BlockManagerId(driver, f66dce46c6d3, 35119, None)
[2025-07-25T01:25:49.478+0000] {docker.py:429} INFO - 25/07/25 01:25:49 INFO BlockManagerMaster: Registered BlockManager BlockManagerId(driver, f66dce46c6d3, 35119, None)
[2025-07-25T01:25:49.479+0000] {docker.py:429} INFO - 25/07/25 01:25:49 INFO BlockManager: Initialized BlockManager: BlockManagerId(driver, f66dce46c6d3, 35119, None)
[2025-07-25T01:25:51.181+0000] {docker.py:429} INFO - Traceback (most recent call last):
  File "/app/bronze.py", line 48, in <module>
[2025-07-25T01:25:51.181+0000] {docker.py:429} INFO - .load()
  File "/opt/bitnami/spark/python/lib/pyspark.zip/pyspark/sql/streaming.py", line 469, in load
[2025-07-25T01:25:51.181+0000] {docker.py:429} INFO - File "/opt/bitnami/spark/python/lib/py4j-0.10.9.5-src.zip/py4j/java_gateway.py", line 1321, in __call__
  File "/opt/bitnami/spark/python/lib/pyspark.zip/pyspark/sql/utils.py", line 196, in deco
pyspark.sql.utils.AnalysisException
[2025-07-25T01:25:51.185+0000] {docker.py:429} INFO - :  Failed to find data source: kafka. Please deploy the application as per the deployment section of "Structured Streaming + Kafka Integration Guide".
[2025-07-25T01:25:52.559+0000] {taskinstance.py:2698} ERROR - Task failed with exception
Traceback (most recent call last):
  File "/home/airflow/.local/lib/python3.10/site-packages/airflow/models/taskinstance.py", line 433, in _execute_task
    result = execute_callable(context=context, **execute_callable_kwargs)
  File "/home/airflow/.local/lib/python3.10/site-packages/airflow/providers/docker/operators/docker.py", line 502, in execute
    return self._run_image()
  File "/home/airflow/.local/lib/python3.10/site-packages/airflow/providers/docker/operators/docker.py", line 364, in _run_image
    return self._run_image_with_mounts([*self.mounts, tmp_mount], add_tmp_variable=True)
  File "/home/airflow/.local/lib/python3.10/site-packages/airflow/providers/docker/operators/docker.py", line 437, in _run_image_with_mounts
    raise DockerContainerFailedException(f"Docker container failed: {result!r}", logs=log_lines)
airflow.providers.docker.exceptions.DockerContainerFailedException: Docker container failed: {'StatusCode': 1}
[2025-07-25T01:25:52.562+0000] {taskinstance.py:1138} INFO - Marking task as FAILED. dag_id=bis_pipeline_dag, task_id=kafka_to_bronze, execution_date=20250725T012541, start_date=20250725T012543, end_date=20250725T012552
[2025-07-25T01:25:52.603+0000] {standard_task_runner.py:107} ERROR - Failed to execute job 22 for task kafka_to_bronze (Docker container failed: {'StatusCode': 1}; 355)
[2025-07-25T01:25:52.640+0000] {local_task_job_runner.py:234} INFO - Task exited with return code 1
[2025-07-25T01:25:52.655+0000] {taskinstance.py:3280} INFO - 0 downstream tasks scheduled from follow-on schedule check
