[2025-07-25T01:39:08.914+0000] {taskinstance.py:1956} INFO - Dependencies all met for dep_context=non-requeueable deps ti=<TaskInstance: bis_pipeline_dag.bronze_to_silver manual__2025-07-25T01:37:57.060962+00:00 [queued]>
[2025-07-25T01:39:08.919+0000] {taskinstance.py:1956} INFO - Dependencies all met for dep_context=requeueable deps ti=<TaskInstance: bis_pipeline_dag.bronze_to_silver manual__2025-07-25T01:37:57.060962+00:00 [queued]>
[2025-07-25T01:39:08.919+0000] {taskinstance.py:2170} INFO - Starting attempt 1 of 1
[2025-07-25T01:39:08.994+0000] {taskinstance.py:2191} INFO - Executing <Task(DockerOperator): bronze_to_silver> on 2025-07-25 01:37:57.060962+00:00
[2025-07-25T01:39:08.997+0000] {standard_task_runner.py:60} INFO - Started process 202 to run task
[2025-07-25T01:39:09.000+0000] {standard_task_runner.py:87} INFO - Running: ['airflow', 'tasks', 'run', 'bis_pipeline_dag', 'bronze_to_silver', 'manual__2025-07-25T01:37:57.060962+00:00', '--job-id', '28', '--raw', '--subdir', 'DAGS_FOLDER/bis_pipeline_dag.py', '--cfg-path', '/tmp/tmpcpb98_oq']
[2025-07-25T01:39:09.001+0000] {standard_task_runner.py:88} INFO - Job 28: Subtask bronze_to_silver
[2025-07-25T01:39:09.078+0000] {task_command.py:423} INFO - Running <TaskInstance: bis_pipeline_dag.bronze_to_silver manual__2025-07-25T01:37:57.060962+00:00 [running]> on host fe0f9957e684
[2025-07-25T01:39:09.237+0000] {taskinstance.py:2480} INFO - Exporting env vars: AIRFLOW_CTX_DAG_OWNER='airflow' AIRFLOW_CTX_DAG_ID='bis_pipeline_dag' AIRFLOW_CTX_TASK_ID='bronze_to_silver' AIRFLOW_CTX_EXECUTION_DATE='2025-07-25T01:37:57.060962+00:00' AIRFLOW_CTX_TRY_NUMBER='1' AIRFLOW_CTX_DAG_RUN_ID='manual__2025-07-25T01:37:57.060962+00:00'
[2025-07-25T01:39:09.272+0000] {docker.py:359} INFO - Starting docker container from image bitnami/spark:3.3
[2025-07-25T01:39:13.136+0000] {docker.py:429} INFO - [38;5;6mspark [38;5;5m01:39:12.64 [0m[38;5;2mINFO [0m ==>
[2025-07-25T01:39:13.137+0000] {docker.py:429} INFO - [38;5;6mspark [38;5;5m01:39:12.64 [0m[38;5;2mINFO [0m ==> [1mWelcome to the Bitnami spark container[0m
[2025-07-25T01:39:13.137+0000] {docker.py:429} INFO - [38;5;6mspark [38;5;5m01:39:12.64 [0m[38;5;2mINFO [0m ==> Subscribe to project updates by watching [1mhttps://github.com/bitnami/containers[0m
[2025-07-25T01:39:13.137+0000] {docker.py:429} INFO - [38;5;6mspark [38;5;5m01:39:12.64 [0m[38;5;2mINFO [0m ==> Submit issues and feature requests at [1mhttps://github.com/bitnami/containers/issues[0m
[2025-07-25T01:39:13.137+0000] {docker.py:429} INFO - [38;5;6mspark [38;5;5m01:39:12.64 [0m[38;5;2mINFO [0m ==>
[2025-07-25T01:39:13.137+0000] {docker.py:429} INFO - 
[2025-07-25T01:39:13.667+0000] {docker.py:429} INFO - :: loading settings :: url = jar:file:/opt/bitnami/spark/jars/ivy-2.5.1.jar!/org/apache/ivy/core/settings/ivysettings.xml
[2025-07-25T01:39:13.704+0000] {docker.py:429} INFO - Ivy Default Cache set to: /opt/bitnami/spark/.ivy2/cache
The jars for the packages stored in: /opt/bitnami/spark/.ivy2/jars
[2025-07-25T01:39:13.707+0000] {docker.py:429} INFO - org.apache.spark#spark-sql-kafka-0-10_2.12 added as a dependency
[2025-07-25T01:39:13.708+0000] {docker.py:429} INFO - :: resolving dependencies :: org.apache.spark#spark-submit-parent-1ff690cb-cfa7-4999-b001-d97d648e1b65;1.0
	confs: [default]
[2025-07-25T01:39:16.881+0000] {docker.py:429} INFO - found org.apache.spark#spark-sql-kafka-0-10_2.12;3.3.4 in central
[2025-07-25T01:39:17.266+0000] {docker.py:429} INFO - found org.apache.spark#spark-token-provider-kafka-0-10_2.12;3.3.4 in central
[2025-07-25T01:39:17.590+0000] {docker.py:429} INFO - found org.apache.kafka#kafka-clients;2.8.1 in central
[2025-07-25T01:39:17.917+0000] {docker.py:429} INFO - found org.lz4#lz4-java;1.8.0 in central
[2025-07-25T01:39:18.229+0000] {docker.py:429} INFO - found org.xerial.snappy#snappy-java;1.1.8.4 in central
[2025-07-25T01:39:19.502+0000] {docker.py:429} INFO - found org.slf4j#slf4j-api;1.7.32 in central
[2025-07-25T01:39:21.696+0000] {docker.py:429} INFO - found org.apache.hadoop#hadoop-client-runtime;3.3.2 in central
[2025-07-25T01:39:22.904+0000] {docker.py:429} INFO - found org.spark-project.spark#unused;1.0.0 in central
[2025-07-25T01:39:23.233+0000] {docker.py:429} INFO - found org.apache.hadoop#hadoop-client-api;3.3.2 in central
[2025-07-25T01:39:25.323+0000] {docker.py:429} INFO - found commons-logging#commons-logging;1.1.3 in central
[2025-07-25T01:39:25.674+0000] {docker.py:429} INFO - found com.google.code.findbugs#jsr305;3.0.0 in central
[2025-07-25T01:39:28.692+0000] {docker.py:429} INFO - found org.apache.commons#commons-pool2;2.11.1 in central
[2025-07-25T01:39:28.838+0000] {docker.py:429} INFO - downloading https://repo1.maven.org/maven2/org/apache/spark/spark-sql-kafka-0-10_2.12/3.3.4/spark-sql-kafka-0-10_2.12-3.3.4.jar ...
[2025-07-25T01:39:29.185+0000] {docker.py:429} INFO - [SUCCESSFUL ] org.apache.spark#spark-sql-kafka-0-10_2.12;3.3.4!spark-sql-kafka-0-10_2.12.jar (488ms)
[2025-07-25T01:39:29.326+0000] {docker.py:429} INFO - downloading https://repo1.maven.org/maven2/org/apache/spark/spark-token-provider-kafka-0-10_2.12/3.3.4/spark-token-provider-kafka-0-10_2.12-3.3.4.jar ...
[2025-07-25T01:39:29.473+0000] {docker.py:429} INFO - [SUCCESSFUL ] org.apache.spark#spark-token-provider-kafka-0-10_2.12;3.3.4!spark-token-provider-kafka-0-10_2.12.jar (288ms)
[2025-07-25T01:39:29.614+0000] {docker.py:429} INFO - downloading https://repo1.maven.org/maven2/org/apache/kafka/kafka-clients/2.8.1/kafka-clients-2.8.1.jar ...
[2025-07-25T01:39:30.266+0000] {docker.py:429} INFO - [SUCCESSFUL ] org.apache.kafka#kafka-clients;2.8.1!kafka-clients.jar (792ms)
[2025-07-25T01:39:30.408+0000] {docker.py:429} INFO - downloading https://repo1.maven.org/maven2/com/google/code/findbugs/jsr305/3.0.0/jsr305-3.0.0.jar ...
[2025-07-25T01:39:30.551+0000] {docker.py:429} INFO - [SUCCESSFUL ] com.google.code.findbugs#jsr305;3.0.0!jsr305.jar (284ms)
[2025-07-25T01:39:30.700+0000] {docker.py:429} INFO - downloading https://repo1.maven.org/maven2/org/apache/commons/commons-pool2/2.11.1/commons-pool2-2.11.1.jar ...
[2025-07-25T01:39:30.863+0000] {docker.py:429} INFO - [SUCCESSFUL ] org.apache.commons#commons-pool2;2.11.1!commons-pool2.jar (311ms)
[2025-07-25T01:39:31.004+0000] {docker.py:429} INFO - downloading https://repo1.maven.org/maven2/org/spark-project/spark/unused/1.0.0/unused-1.0.0.jar ...
[2025-07-25T01:39:31.144+0000] {docker.py:429} INFO - [SUCCESSFUL ] org.spark-project.spark#unused;1.0.0!unused.jar (280ms)
[2025-07-25T01:39:31.286+0000] {docker.py:429} INFO - downloading https://repo1.maven.org/maven2/org/apache/hadoop/hadoop-client-runtime/3.3.2/hadoop-client-runtime-3.3.2.jar ...
[2025-07-25T01:39:32.820+0000] {docker.py:429} INFO - [SUCCESSFUL ] org.apache.hadoop#hadoop-client-runtime;3.3.2!hadoop-client-runtime.jar (1676ms)
[2025-07-25T01:39:32.208+0000] {docker.py:429} INFO - downloading https://repo1.maven.org/maven2/org/lz4/lz4-java/1.8.0/lz4-java-1.8.0.jar ...
[2025-07-25T01:39:32.403+0000] {docker.py:429} INFO - [SUCCESSFUL ] org.lz4#lz4-java;1.8.0!lz4-java.jar (-417ms)
[2025-07-25T01:39:32.551+0000] {docker.py:429} INFO - downloading https://repo1.maven.org/maven2/org/xerial/snappy/snappy-java/1.1.8.4/snappy-java-1.1.8.4.jar ...
[2025-07-25T01:39:32.808+0000] {docker.py:429} INFO - [SUCCESSFUL ] org.xerial.snappy#snappy-java;1.1.8.4!snappy-java.jar(bundle) (405ms)
[2025-07-25T01:39:32.955+0000] {docker.py:429} INFO - downloading https://repo1.maven.org/maven2/org/slf4j/slf4j-api/1.7.32/slf4j-api-1.7.32.jar ...
[2025-07-25T01:39:33.100+0000] {docker.py:429} INFO - [SUCCESSFUL ] org.slf4j#slf4j-api;1.7.32!slf4j-api.jar (291ms)
[2025-07-25T01:39:33.242+0000] {docker.py:429} INFO - downloading https://repo1.maven.org/maven2/org/apache/hadoop/hadoop-client-api/3.3.2/hadoop-client-api-3.3.2.jar ...
[2025-07-25T01:39:34.665+0000] {docker.py:429} INFO - [SUCCESSFUL ] org.apache.hadoop#hadoop-client-api;3.3.2!hadoop-client-api.jar (1565ms)
[2025-07-25T01:39:34.810+0000] {docker.py:429} INFO - downloading https://repo1.maven.org/maven2/commons-logging/commons-logging/1.1.3/commons-logging-1.1.3.jar ...
[2025-07-25T01:39:34.968+0000] {docker.py:429} INFO - [SUCCESSFUL ] commons-logging#commons-logging;1.1.3!commons-logging.jar (303ms)
[2025-07-25T01:39:34.969+0000] {docker.py:429} INFO - :: resolution report :: resolve 14988ms :: artifacts dl 6272ms
	:: modules in use:
[2025-07-25T01:39:34.969+0000] {docker.py:429} INFO - com.google.code.findbugs#jsr305;3.0.0 from central in [default]
	commons-logging#commons-logging;1.1.3 from central in [default]
	org.apache.commons#commons-pool2;2.11.1 from central in [default]
	org.apache.hadoop#hadoop-client-api;3.3.2 from central in [default]
	org.apache.hadoop#hadoop-client-runtime;3.3.2 from central in [default]
	org.apache.kafka#kafka-clients;2.8.1 from central in [default]
	org.apache.spark#spark-sql-kafka-0-10_2.12;3.3.4 from central in [default]
	org.apache.spark#spark-token-provider-kafka-0-10_2.12;3.3.4 from central in [default]
	org.lz4#lz4-java;1.8.0 from central in [default]
[2025-07-25T01:39:34.969+0000] {docker.py:429} INFO - org.slf4j#slf4j-api;1.7.32 from central in [default]
	org.spark-project.spark#unused;1.0.0 from central in [default]
	org.xerial.snappy#snappy-java;1.1.8.4 from central in [default]
[2025-07-25T01:39:34.969+0000] {docker.py:429} INFO - ---------------------------------------------------------------------
	|                  |            modules            ||   artifacts   |
	|       conf       | number| search|dwnlded|evicted|| number|dwnlded|
	---------------------------------------------------------------------
	|      default     |   12  |   12  |   12  |   0   ||   12  |   12  |
	---------------------------------------------------------------------
[2025-07-25T01:39:34.972+0000] {docker.py:429} INFO - :: retrieving :: org.apache.spark#spark-submit-parent-1ff690cb-cfa7-4999-b001-d97d648e1b65
	confs: [default]
[2025-07-25T01:39:35.016+0000] {docker.py:429} INFO - 12 artifacts copied, 0 already retrieved (56631kB/43ms)
[2025-07-25T01:39:35.143+0000] {docker.py:429} INFO - 25/07/25 01:39:35 WARN NativeCodeLoader: Unable to load native-hadoop library for your platform... using builtin-java classes where applicable
[2025-07-25T01:39:35.701+0000] {docker.py:429} INFO - 25/07/25 01:39:35 INFO SparkContext: Running Spark version 3.3.4
[2025-07-25T01:39:35.713+0000] {docker.py:429} INFO - 25/07/25 01:39:35 INFO ResourceUtils: ==============================================================
[2025-07-25T01:39:35.714+0000] {docker.py:429} INFO - 25/07/25 01:39:35 INFO ResourceUtils: No custom resources configured for spark.driver.
[2025-07-25T01:39:35.714+0000] {docker.py:429} INFO - 25/07/25 01:39:35 INFO ResourceUtils: ==============================================================
[2025-07-25T01:39:35.714+0000] {docker.py:429} INFO - 25/07/25 01:39:35 INFO SparkContext: Submitted application: TransformSilver
[2025-07-25T01:39:35.727+0000] {docker.py:429} INFO - 25/07/25 01:39:35 INFO ResourceProfile: Default ResourceProfile created, executor resources: Map(cores -> name: cores, amount: 1, script: , vendor: , memory -> name: memory, amount: 1024, script: , vendor: , offHeap -> name: offHeap, amount: 0, script: , vendor: ), task resources: Map(cpus -> name: cpus, amount: 1.0)
[2025-07-25T01:39:35.732+0000] {docker.py:429} INFO - 25/07/25 01:39:35 INFO ResourceProfile: Limiting resource is cpu
[2025-07-25T01:39:35.732+0000] {docker.py:429} INFO - 25/07/25 01:39:35 INFO ResourceProfileManager: Added ResourceProfile id: 0
[2025-07-25T01:39:35.759+0000] {docker.py:429} INFO - 25/07/25 01:39:35 INFO SecurityManager: Changing view acls to: spark
[2025-07-25T01:39:35.760+0000] {docker.py:429} INFO - 25/07/25 01:39:35 INFO SecurityManager: Changing modify acls to: spark
[2025-07-25T01:39:35.760+0000] {docker.py:429} INFO - 25/07/25 01:39:35 INFO SecurityManager: Changing view acls groups to: 
25/07/25 01:39:35 INFO SecurityManager: Changing modify acls groups to:
[2025-07-25T01:39:35.760+0000] {docker.py:429} INFO - 25/07/25 01:39:35 INFO SecurityManager: SecurityManager: authentication disabled; ui acls disabled; users  with view permissions: Set(spark); groups with view permissions: Set(); users  with modify permissions: Set(spark); groups with modify permissions: Set()
[2025-07-25T01:39:35.889+0000] {docker.py:429} INFO - 25/07/25 01:39:35 INFO Utils: Successfully started service 'sparkDriver' on port 44853.
[2025-07-25T01:39:35.907+0000] {docker.py:429} INFO - 25/07/25 01:39:35 INFO SparkEnv: Registering MapOutputTracker
[2025-07-25T01:39:35.927+0000] {docker.py:429} INFO - 25/07/25 01:39:35 INFO SparkEnv: Registering BlockManagerMaster
[2025-07-25T01:39:35.936+0000] {docker.py:429} INFO - 25/07/25 01:39:35 INFO BlockManagerMasterEndpoint: Using org.apache.spark.storage.DefaultTopologyMapper for getting topology information
[2025-07-25T01:39:35.937+0000] {docker.py:429} INFO - 25/07/25 01:39:35 INFO BlockManagerMasterEndpoint: BlockManagerMasterEndpoint up
[2025-07-25T01:39:35.939+0000] {docker.py:429} INFO - 25/07/25 01:39:35 INFO SparkEnv: Registering BlockManagerMasterHeartbeat
[2025-07-25T01:39:35.951+0000] {docker.py:429} INFO - 25/07/25 01:39:35 INFO DiskBlockManager: Created local directory at /tmp/blockmgr-6a145fbe-87dd-492c-95f0-578ae01c7411
[2025-07-25T01:39:35.960+0000] {docker.py:429} INFO - 25/07/25 01:39:35 INFO MemoryStore: MemoryStore started with capacity 434.4 MiB
[2025-07-25T01:39:35.969+0000] {docker.py:429} INFO - 25/07/25 01:39:35 INFO SparkEnv: Registering OutputCommitCoordinator
[2025-07-25T01:39:36.125+0000] {docker.py:429} INFO - 25/07/25 01:39:36 INFO Utils: Successfully started service 'SparkUI' on port 4040.
[2025-07-25T01:39:36.147+0000] {docker.py:429} INFO - 25/07/25 01:39:36 INFO SparkContext: Added JAR file:///opt/bitnami/spark/.ivy2/jars/org.apache.spark_spark-sql-kafka-0-10_2.12-3.3.4.jar at spark://56baa12733ce:44853/jars/org.apache.spark_spark-sql-kafka-0-10_2.12-3.3.4.jar with timestamp 1753407575696
25/07/25 01:39:36 INFO SparkContext: Added JAR file:///opt/bitnami/spark/.ivy2/jars/org.apache.spark_spark-token-provider-kafka-0-10_2.12-3.3.4.jar at spark://56baa12733ce:44853/jars/org.apache.spark_spark-token-provider-kafka-0-10_2.12-3.3.4.jar with timestamp 1753407575696
[2025-07-25T01:39:36.148+0000] {docker.py:429} INFO - 25/07/25 01:39:36 INFO SparkContext: Added JAR file:///opt/bitnami/spark/.ivy2/jars/org.apache.kafka_kafka-clients-2.8.1.jar at spark://56baa12733ce:44853/jars/org.apache.kafka_kafka-clients-2.8.1.jar with timestamp 1753407575696
25/07/25 01:39:36 INFO SparkContext: Added JAR file:///opt/bitnami/spark/.ivy2/jars/com.google.code.findbugs_jsr305-3.0.0.jar at spark://56baa12733ce:44853/jars/com.google.code.findbugs_jsr305-3.0.0.jar with timestamp 1753407575696
[2025-07-25T01:39:36.148+0000] {docker.py:429} INFO - 25/07/25 01:39:36 INFO SparkContext: Added JAR file:///opt/bitnami/spark/.ivy2/jars/org.apache.commons_commons-pool2-2.11.1.jar at spark://56baa12733ce:44853/jars/org.apache.commons_commons-pool2-2.11.1.jar with timestamp 1753407575696
[2025-07-25T01:39:36.148+0000] {docker.py:429} INFO - 25/07/25 01:39:36 INFO SparkContext: Added JAR file:///opt/bitnami/spark/.ivy2/jars/org.spark-project.spark_unused-1.0.0.jar at spark://56baa12733ce:44853/jars/org.spark-project.spark_unused-1.0.0.jar with timestamp 1753407575696
[2025-07-25T01:39:36.148+0000] {docker.py:429} INFO - 25/07/25 01:39:36 INFO SparkContext: Added JAR file:///opt/bitnami/spark/.ivy2/jars/org.apache.hadoop_hadoop-client-runtime-3.3.2.jar at spark://56baa12733ce:44853/jars/org.apache.hadoop_hadoop-client-runtime-3.3.2.jar with timestamp 1753407575696
[2025-07-25T01:39:36.148+0000] {docker.py:429} INFO - 25/07/25 01:39:36 INFO SparkContext: Added JAR file:///opt/bitnami/spark/.ivy2/jars/org.lz4_lz4-java-1.8.0.jar at spark://56baa12733ce:44853/jars/org.lz4_lz4-java-1.8.0.jar with timestamp 1753407575696
[2025-07-25T01:39:36.148+0000] {docker.py:429} INFO - 25/07/25 01:39:36 INFO SparkContext: Added JAR file:///opt/bitnami/spark/.ivy2/jars/org.xerial.snappy_snappy-java-1.1.8.4.jar at spark://56baa12733ce:44853/jars/org.xerial.snappy_snappy-java-1.1.8.4.jar with timestamp 1753407575696
[2025-07-25T01:39:36.148+0000] {docker.py:429} INFO - 25/07/25 01:39:36 INFO SparkContext: Added JAR file:///opt/bitnami/spark/.ivy2/jars/org.slf4j_slf4j-api-1.7.32.jar at spark://56baa12733ce:44853/jars/org.slf4j_slf4j-api-1.7.32.jar with timestamp 1753407575696
[2025-07-25T01:39:36.148+0000] {docker.py:429} INFO - 25/07/25 01:39:36 INFO SparkContext: Added JAR file:///opt/bitnami/spark/.ivy2/jars/org.apache.hadoop_hadoop-client-api-3.3.2.jar at spark://56baa12733ce:44853/jars/org.apache.hadoop_hadoop-client-api-3.3.2.jar with timestamp 1753407575696
[2025-07-25T01:39:36.149+0000] {docker.py:429} INFO - 25/07/25 01:39:36 INFO SparkContext: Added JAR file:///opt/bitnami/spark/.ivy2/jars/commons-logging_commons-logging-1.1.3.jar at spark://56baa12733ce:44853/jars/commons-logging_commons-logging-1.1.3.jar with timestamp 1753407575696
[2025-07-25T01:39:36.150+0000] {docker.py:429} INFO - 25/07/25 01:39:36 INFO SparkContext: Added file file:///opt/bitnami/spark/.ivy2/jars/org.apache.spark_spark-sql-kafka-0-10_2.12-3.3.4.jar at file:///opt/bitnami/spark/.ivy2/jars/org.apache.spark_spark-sql-kafka-0-10_2.12-3.3.4.jar with timestamp 1753407575696
[2025-07-25T01:39:36.151+0000] {docker.py:429} INFO - 25/07/25 01:39:36 INFO Utils: Copying /opt/bitnami/spark/.ivy2/jars/org.apache.spark_spark-sql-kafka-0-10_2.12-3.3.4.jar to /tmp/spark-00d47c7e-c44c-46d2-be2d-a0706487ce85/userFiles-03986031-ed2a-412d-a362-4c9b02703b99/org.apache.spark_spark-sql-kafka-0-10_2.12-3.3.4.jar
[2025-07-25T01:39:36.156+0000] {docker.py:429} INFO - 25/07/25 01:39:36 INFO SparkContext: Added file file:///opt/bitnami/spark/.ivy2/jars/org.apache.spark_spark-token-provider-kafka-0-10_2.12-3.3.4.jar at file:///opt/bitnami/spark/.ivy2/jars/org.apache.spark_spark-token-provider-kafka-0-10_2.12-3.3.4.jar with timestamp 1753407575696
[2025-07-25T01:39:36.156+0000] {docker.py:429} INFO - 25/07/25 01:39:36 INFO Utils: Copying /opt/bitnami/spark/.ivy2/jars/org.apache.spark_spark-token-provider-kafka-0-10_2.12-3.3.4.jar to /tmp/spark-00d47c7e-c44c-46d2-be2d-a0706487ce85/userFiles-03986031-ed2a-412d-a362-4c9b02703b99/org.apache.spark_spark-token-provider-kafka-0-10_2.12-3.3.4.jar
[2025-07-25T01:39:36.158+0000] {docker.py:429} INFO - 25/07/25 01:39:36 INFO SparkContext: Added file file:///opt/bitnami/spark/.ivy2/jars/org.apache.kafka_kafka-clients-2.8.1.jar at file:///opt/bitnami/spark/.ivy2/jars/org.apache.kafka_kafka-clients-2.8.1.jar with timestamp 1753407575696
[2025-07-25T01:39:36.158+0000] {docker.py:429} INFO - 25/07/25 01:39:36 INFO Utils: Copying /opt/bitnami/spark/.ivy2/jars/org.apache.kafka_kafka-clients-2.8.1.jar to /tmp/spark-00d47c7e-c44c-46d2-be2d-a0706487ce85/userFiles-03986031-ed2a-412d-a362-4c9b02703b99/org.apache.kafka_kafka-clients-2.8.1.jar
[2025-07-25T01:39:36.163+0000] {docker.py:429} INFO - 25/07/25 01:39:36 INFO SparkContext: Added file file:///opt/bitnami/spark/.ivy2/jars/com.google.code.findbugs_jsr305-3.0.0.jar at file:///opt/bitnami/spark/.ivy2/jars/com.google.code.findbugs_jsr305-3.0.0.jar with timestamp 1753407575696
[2025-07-25T01:39:36.163+0000] {docker.py:429} INFO - 25/07/25 01:39:36 INFO Utils: Copying /opt/bitnami/spark/.ivy2/jars/com.google.code.findbugs_jsr305-3.0.0.jar to /tmp/spark-00d47c7e-c44c-46d2-be2d-a0706487ce85/userFiles-03986031-ed2a-412d-a362-4c9b02703b99/com.google.code.findbugs_jsr305-3.0.0.jar
[2025-07-25T01:39:36.165+0000] {docker.py:429} INFO - 25/07/25 01:39:36 INFO SparkContext: Added file file:///opt/bitnami/spark/.ivy2/jars/org.apache.commons_commons-pool2-2.11.1.jar at file:///opt/bitnami/spark/.ivy2/jars/org.apache.commons_commons-pool2-2.11.1.jar with timestamp 1753407575696
25/07/25 01:39:36 INFO Utils: Copying /opt/bitnami/spark/.ivy2/jars/org.apache.commons_commons-pool2-2.11.1.jar to /tmp/spark-00d47c7e-c44c-46d2-be2d-a0706487ce85/userFiles-03986031-ed2a-412d-a362-4c9b02703b99/org.apache.commons_commons-pool2-2.11.1.jar
[2025-07-25T01:39:36.168+0000] {docker.py:429} INFO - 25/07/25 01:39:36 INFO SparkContext: Added file file:///opt/bitnami/spark/.ivy2/jars/org.spark-project.spark_unused-1.0.0.jar at file:///opt/bitnami/spark/.ivy2/jars/org.spark-project.spark_unused-1.0.0.jar with timestamp 1753407575696
[2025-07-25T01:39:36.168+0000] {docker.py:429} INFO - 25/07/25 01:39:36 INFO Utils: Copying /opt/bitnami/spark/.ivy2/jars/org.spark-project.spark_unused-1.0.0.jar to /tmp/spark-00d47c7e-c44c-46d2-be2d-a0706487ce85/userFiles-03986031-ed2a-412d-a362-4c9b02703b99/org.spark-project.spark_unused-1.0.0.jar
[2025-07-25T01:39:36.170+0000] {docker.py:429} INFO - 25/07/25 01:39:36 INFO SparkContext: Added file file:///opt/bitnami/spark/.ivy2/jars/org.apache.hadoop_hadoop-client-runtime-3.3.2.jar at file:///opt/bitnami/spark/.ivy2/jars/org.apache.hadoop_hadoop-client-runtime-3.3.2.jar with timestamp 1753407575696
[2025-07-25T01:39:36.170+0000] {docker.py:429} INFO - 25/07/25 01:39:36 INFO Utils: Copying /opt/bitnami/spark/.ivy2/jars/org.apache.hadoop_hadoop-client-runtime-3.3.2.jar to /tmp/spark-00d47c7e-c44c-46d2-be2d-a0706487ce85/userFiles-03986031-ed2a-412d-a362-4c9b02703b99/org.apache.hadoop_hadoop-client-runtime-3.3.2.jar
[2025-07-25T01:39:36.188+0000] {docker.py:429} INFO - 25/07/25 01:39:36 INFO SparkContext: Added file file:///opt/bitnami/spark/.ivy2/jars/org.lz4_lz4-java-1.8.0.jar at file:///opt/bitnami/spark/.ivy2/jars/org.lz4_lz4-java-1.8.0.jar with timestamp 1753407575696
[2025-07-25T01:39:36.188+0000] {docker.py:429} INFO - 25/07/25 01:39:36 INFO Utils: Copying /opt/bitnami/spark/.ivy2/jars/org.lz4_lz4-java-1.8.0.jar to /tmp/spark-00d47c7e-c44c-46d2-be2d-a0706487ce85/userFiles-03986031-ed2a-412d-a362-4c9b02703b99/org.lz4_lz4-java-1.8.0.jar
[2025-07-25T01:39:36.191+0000] {docker.py:429} INFO - 25/07/25 01:39:36 INFO SparkContext: Added file file:///opt/bitnami/spark/.ivy2/jars/org.xerial.snappy_snappy-java-1.1.8.4.jar at file:///opt/bitnami/spark/.ivy2/jars/org.xerial.snappy_snappy-java-1.1.8.4.jar with timestamp 1753407575696
[2025-07-25T01:39:36.191+0000] {docker.py:429} INFO - 25/07/25 01:39:36 INFO Utils: Copying /opt/bitnami/spark/.ivy2/jars/org.xerial.snappy_snappy-java-1.1.8.4.jar to /tmp/spark-00d47c7e-c44c-46d2-be2d-a0706487ce85/userFiles-03986031-ed2a-412d-a362-4c9b02703b99/org.xerial.snappy_snappy-java-1.1.8.4.jar
[2025-07-25T01:39:36.194+0000] {docker.py:429} INFO - 25/07/25 01:39:36 INFO SparkContext: Added file file:///opt/bitnami/spark/.ivy2/jars/org.slf4j_slf4j-api-1.7.32.jar at file:///opt/bitnami/spark/.ivy2/jars/org.slf4j_slf4j-api-1.7.32.jar with timestamp 1753407575696
[2025-07-25T01:39:36.194+0000] {docker.py:429} INFO - 25/07/25 01:39:36 INFO Utils: Copying /opt/bitnami/spark/.ivy2/jars/org.slf4j_slf4j-api-1.7.32.jar to /tmp/spark-00d47c7e-c44c-46d2-be2d-a0706487ce85/userFiles-03986031-ed2a-412d-a362-4c9b02703b99/org.slf4j_slf4j-api-1.7.32.jar
[2025-07-25T01:39:36.196+0000] {docker.py:429} INFO - 25/07/25 01:39:36 INFO SparkContext: Added file file:///opt/bitnami/spark/.ivy2/jars/org.apache.hadoop_hadoop-client-api-3.3.2.jar at file:///opt/bitnami/spark/.ivy2/jars/org.apache.hadoop_hadoop-client-api-3.3.2.jar with timestamp 1753407575696
[2025-07-25T01:39:36.196+0000] {docker.py:429} INFO - 25/07/25 01:39:36 INFO Utils: Copying /opt/bitnami/spark/.ivy2/jars/org.apache.hadoop_hadoop-client-api-3.3.2.jar to /tmp/spark-00d47c7e-c44c-46d2-be2d-a0706487ce85/userFiles-03986031-ed2a-412d-a362-4c9b02703b99/org.apache.hadoop_hadoop-client-api-3.3.2.jar
[2025-07-25T01:39:36.209+0000] {docker.py:429} INFO - 25/07/25 01:39:36 INFO SparkContext: Added file file:///opt/bitnami/spark/.ivy2/jars/commons-logging_commons-logging-1.1.3.jar at file:///opt/bitnami/spark/.ivy2/jars/commons-logging_commons-logging-1.1.3.jar with timestamp 1753407575696
[2025-07-25T01:39:36.209+0000] {docker.py:429} INFO - 25/07/25 01:39:36 INFO Utils: Copying /opt/bitnami/spark/.ivy2/jars/commons-logging_commons-logging-1.1.3.jar to /tmp/spark-00d47c7e-c44c-46d2-be2d-a0706487ce85/userFiles-03986031-ed2a-412d-a362-4c9b02703b99/commons-logging_commons-logging-1.1.3.jar
[2025-07-25T01:39:36.248+0000] {docker.py:429} INFO - 25/07/25 01:39:36 INFO Executor: Starting executor ID driver on host 56baa12733ce
[2025-07-25T01:39:36.252+0000] {docker.py:429} INFO - 25/07/25 01:39:36 INFO Executor: Starting executor with user classpath (userClassPathFirst = false): ''
[2025-07-25T01:39:36.258+0000] {docker.py:429} INFO - 25/07/25 01:39:36 INFO Executor: Fetching file:///opt/bitnami/spark/.ivy2/jars/commons-logging_commons-logging-1.1.3.jar with timestamp 1753407575696
[2025-07-25T01:39:36.267+0000] {docker.py:429} INFO - 25/07/25 01:39:36 INFO Utils: /opt/bitnami/spark/.ivy2/jars/commons-logging_commons-logging-1.1.3.jar has been previously copied to /tmp/spark-00d47c7e-c44c-46d2-be2d-a0706487ce85/userFiles-03986031-ed2a-412d-a362-4c9b02703b99/commons-logging_commons-logging-1.1.3.jar
[2025-07-25T01:39:36.269+0000] {docker.py:429} INFO - 25/07/25 01:39:36 INFO Executor: Fetching file:///opt/bitnami/spark/.ivy2/jars/org.apache.hadoop_hadoop-client-runtime-3.3.2.jar with timestamp 1753407575696
[2025-07-25T01:39:36.281+0000] {docker.py:429} INFO - 25/07/25 01:39:36 INFO Utils: /opt/bitnami/spark/.ivy2/jars/org.apache.hadoop_hadoop-client-runtime-3.3.2.jar has been previously copied to /tmp/spark-00d47c7e-c44c-46d2-be2d-a0706487ce85/userFiles-03986031-ed2a-412d-a362-4c9b02703b99/org.apache.hadoop_hadoop-client-runtime-3.3.2.jar
[2025-07-25T01:39:36.283+0000] {docker.py:429} INFO - 25/07/25 01:39:36 INFO Executor: Fetching file:///opt/bitnami/spark/.ivy2/jars/org.apache.commons_commons-pool2-2.11.1.jar with timestamp 1753407575696
[2025-07-25T01:39:36.283+0000] {docker.py:429} INFO - 25/07/25 01:39:36 INFO Utils: /opt/bitnami/spark/.ivy2/jars/org.apache.commons_commons-pool2-2.11.1.jar has been previously copied to /tmp/spark-00d47c7e-c44c-46d2-be2d-a0706487ce85/userFiles-03986031-ed2a-412d-a362-4c9b02703b99/org.apache.commons_commons-pool2-2.11.1.jar
[2025-07-25T01:39:36.285+0000] {docker.py:429} INFO - 25/07/25 01:39:36 INFO Executor: Fetching file:///opt/bitnami/spark/.ivy2/jars/org.slf4j_slf4j-api-1.7.32.jar with timestamp 1753407575696
[2025-07-25T01:39:36.285+0000] {docker.py:429} INFO - 25/07/25 01:39:36 INFO Utils: /opt/bitnami/spark/.ivy2/jars/org.slf4j_slf4j-api-1.7.32.jar has been previously copied to /tmp/spark-00d47c7e-c44c-46d2-be2d-a0706487ce85/userFiles-03986031-ed2a-412d-a362-4c9b02703b99/org.slf4j_slf4j-api-1.7.32.jar
[2025-07-25T01:39:36.287+0000] {docker.py:429} INFO - 25/07/25 01:39:36 INFO Executor: Fetching file:///opt/bitnami/spark/.ivy2/jars/org.lz4_lz4-java-1.8.0.jar with timestamp 1753407575696
[2025-07-25T01:39:36.287+0000] {docker.py:429} INFO - 25/07/25 01:39:36 INFO Utils: /opt/bitnami/spark/.ivy2/jars/org.lz4_lz4-java-1.8.0.jar has been previously copied to /tmp/spark-00d47c7e-c44c-46d2-be2d-a0706487ce85/userFiles-03986031-ed2a-412d-a362-4c9b02703b99/org.lz4_lz4-java-1.8.0.jar
[2025-07-25T01:39:36.290+0000] {docker.py:429} INFO - 25/07/25 01:39:36 INFO Executor: Fetching file:///opt/bitnami/spark/.ivy2/jars/org.apache.kafka_kafka-clients-2.8.1.jar with timestamp 1753407575696
[2025-07-25T01:39:36.292+0000] {docker.py:429} INFO - 25/07/25 01:39:36 INFO Utils: /opt/bitnami/spark/.ivy2/jars/org.apache.kafka_kafka-clients-2.8.1.jar has been previously copied to /tmp/spark-00d47c7e-c44c-46d2-be2d-a0706487ce85/userFiles-03986031-ed2a-412d-a362-4c9b02703b99/org.apache.kafka_kafka-clients-2.8.1.jar
[2025-07-25T01:39:36.294+0000] {docker.py:429} INFO - 25/07/25 01:39:36 INFO Executor: Fetching file:///opt/bitnami/spark/.ivy2/jars/org.apache.spark_spark-token-provider-kafka-0-10_2.12-3.3.4.jar with timestamp 1753407575696
[2025-07-25T01:39:36.294+0000] {docker.py:429} INFO - 25/07/25 01:39:36 INFO Utils: /opt/bitnami/spark/.ivy2/jars/org.apache.spark_spark-token-provider-kafka-0-10_2.12-3.3.4.jar has been previously copied to /tmp/spark-00d47c7e-c44c-46d2-be2d-a0706487ce85/userFiles-03986031-ed2a-412d-a362-4c9b02703b99/org.apache.spark_spark-token-provider-kafka-0-10_2.12-3.3.4.jar
[2025-07-25T01:39:36.296+0000] {docker.py:429} INFO - 25/07/25 01:39:36 INFO Executor: Fetching file:///opt/bitnami/spark/.ivy2/jars/com.google.code.findbugs_jsr305-3.0.0.jar with timestamp 1753407575696
[2025-07-25T01:39:36.296+0000] {docker.py:429} INFO - 25/07/25 01:39:36 INFO Utils: /opt/bitnami/spark/.ivy2/jars/com.google.code.findbugs_jsr305-3.0.0.jar has been previously copied to /tmp/spark-00d47c7e-c44c-46d2-be2d-a0706487ce85/userFiles-03986031-ed2a-412d-a362-4c9b02703b99/com.google.code.findbugs_jsr305-3.0.0.jar
[2025-07-25T01:39:36.298+0000] {docker.py:429} INFO - 25/07/25 01:39:36 INFO Executor: Fetching file:///opt/bitnami/spark/.ivy2/jars/org.xerial.snappy_snappy-java-1.1.8.4.jar with timestamp 1753407575696
[2025-07-25T01:39:36.299+0000] {docker.py:429} INFO - 25/07/25 01:39:36 INFO Utils: /opt/bitnami/spark/.ivy2/jars/org.xerial.snappy_snappy-java-1.1.8.4.jar has been previously copied to /tmp/spark-00d47c7e-c44c-46d2-be2d-a0706487ce85/userFiles-03986031-ed2a-412d-a362-4c9b02703b99/org.xerial.snappy_snappy-java-1.1.8.4.jar
[2025-07-25T01:39:36.300+0000] {docker.py:429} INFO - 25/07/25 01:39:36 INFO Executor: Fetching file:///opt/bitnami/spark/.ivy2/jars/org.apache.hadoop_hadoop-client-api-3.3.2.jar with timestamp 1753407575696
[2025-07-25T01:39:36.308+0000] {docker.py:429} INFO - 25/07/25 01:39:36 INFO Utils: /opt/bitnami/spark/.ivy2/jars/org.apache.hadoop_hadoop-client-api-3.3.2.jar has been previously copied to /tmp/spark-00d47c7e-c44c-46d2-be2d-a0706487ce85/userFiles-03986031-ed2a-412d-a362-4c9b02703b99/org.apache.hadoop_hadoop-client-api-3.3.2.jar
[2025-07-25T01:39:36.310+0000] {docker.py:429} INFO - 25/07/25 01:39:36 INFO Executor: Fetching file:///opt/bitnami/spark/.ivy2/jars/org.spark-project.spark_unused-1.0.0.jar with timestamp 1753407575696
[2025-07-25T01:39:36.311+0000] {docker.py:429} INFO - 25/07/25 01:39:36 INFO Utils: /opt/bitnami/spark/.ivy2/jars/org.spark-project.spark_unused-1.0.0.jar has been previously copied to /tmp/spark-00d47c7e-c44c-46d2-be2d-a0706487ce85/userFiles-03986031-ed2a-412d-a362-4c9b02703b99/org.spark-project.spark_unused-1.0.0.jar
[2025-07-25T01:39:36.312+0000] {docker.py:429} INFO - 25/07/25 01:39:36 INFO Executor: Fetching file:///opt/bitnami/spark/.ivy2/jars/org.apache.spark_spark-sql-kafka-0-10_2.12-3.3.4.jar with timestamp 1753407575696
[2025-07-25T01:39:36.313+0000] {docker.py:429} INFO - 25/07/25 01:39:36 INFO Utils: /opt/bitnami/spark/.ivy2/jars/org.apache.spark_spark-sql-kafka-0-10_2.12-3.3.4.jar has been previously copied to /tmp/spark-00d47c7e-c44c-46d2-be2d-a0706487ce85/userFiles-03986031-ed2a-412d-a362-4c9b02703b99/org.apache.spark_spark-sql-kafka-0-10_2.12-3.3.4.jar
[2025-07-25T01:39:36.316+0000] {docker.py:429} INFO - 25/07/25 01:39:36 INFO Executor: Fetching spark://56baa12733ce:44853/jars/org.slf4j_slf4j-api-1.7.32.jar with timestamp 1753407575696
[2025-07-25T01:39:36.334+0000] {docker.py:429} INFO - 25/07/25 01:39:36 INFO TransportClientFactory: Successfully created connection to 56baa12733ce/172.23.0.10:44853 after 12 ms (0 ms spent in bootstraps)
[2025-07-25T01:39:36.337+0000] {docker.py:429} INFO - 25/07/25 01:39:36 INFO Utils: Fetching spark://56baa12733ce:44853/jars/org.slf4j_slf4j-api-1.7.32.jar to /tmp/spark-00d47c7e-c44c-46d2-be2d-a0706487ce85/userFiles-03986031-ed2a-412d-a362-4c9b02703b99/fetchFileTemp333892286531947717.tmp
[2025-07-25T01:39:36.360+0000] {docker.py:429} INFO - 25/07/25 01:39:36 INFO Utils: /tmp/spark-00d47c7e-c44c-46d2-be2d-a0706487ce85/userFiles-03986031-ed2a-412d-a362-4c9b02703b99/fetchFileTemp333892286531947717.tmp has been previously copied to /tmp/spark-00d47c7e-c44c-46d2-be2d-a0706487ce85/userFiles-03986031-ed2a-412d-a362-4c9b02703b99/org.slf4j_slf4j-api-1.7.32.jar
[2025-07-25T01:39:36.363+0000] {docker.py:429} INFO - 25/07/25 01:39:36 INFO Executor: Adding file:/tmp/spark-00d47c7e-c44c-46d2-be2d-a0706487ce85/userFiles-03986031-ed2a-412d-a362-4c9b02703b99/org.slf4j_slf4j-api-1.7.32.jar to class loader
[2025-07-25T01:39:36.363+0000] {docker.py:429} INFO - 25/07/25 01:39:36 INFO Executor: Fetching spark://56baa12733ce:44853/jars/org.xerial.snappy_snappy-java-1.1.8.4.jar with timestamp 1753407575696
[2025-07-25T01:39:36.363+0000] {docker.py:429} INFO - 25/07/25 01:39:36 INFO Utils: Fetching spark://56baa12733ce:44853/jars/org.xerial.snappy_snappy-java-1.1.8.4.jar to /tmp/spark-00d47c7e-c44c-46d2-be2d-a0706487ce85/userFiles-03986031-ed2a-412d-a362-4c9b02703b99/fetchFileTemp4438857650628347096.tmp
[2025-07-25T01:39:36.372+0000] {docker.py:429} INFO - 25/07/25 01:39:36 INFO Utils: /tmp/spark-00d47c7e-c44c-46d2-be2d-a0706487ce85/userFiles-03986031-ed2a-412d-a362-4c9b02703b99/fetchFileTemp4438857650628347096.tmp has been previously copied to /tmp/spark-00d47c7e-c44c-46d2-be2d-a0706487ce85/userFiles-03986031-ed2a-412d-a362-4c9b02703b99/org.xerial.snappy_snappy-java-1.1.8.4.jar
[2025-07-25T01:39:36.383+0000] {docker.py:429} INFO - 25/07/25 01:39:36 INFO Executor: Adding file:/tmp/spark-00d47c7e-c44c-46d2-be2d-a0706487ce85/userFiles-03986031-ed2a-412d-a362-4c9b02703b99/org.xerial.snappy_snappy-java-1.1.8.4.jar to class loader
[2025-07-25T01:39:36.383+0000] {docker.py:429} INFO - 25/07/25 01:39:36 INFO Executor: Fetching spark://56baa12733ce:44853/jars/org.apache.kafka_kafka-clients-2.8.1.jar with timestamp 1753407575696
[2025-07-25T01:39:36.383+0000] {docker.py:429} INFO - 25/07/25 01:39:36 INFO Utils: Fetching spark://56baa12733ce:44853/jars/org.apache.kafka_kafka-clients-2.8.1.jar to /tmp/spark-00d47c7e-c44c-46d2-be2d-a0706487ce85/userFiles-03986031-ed2a-412d-a362-4c9b02703b99/fetchFileTemp703051068778049174.tmp
[2025-07-25T01:39:36.395+0000] {docker.py:429} INFO - 25/07/25 01:39:36 INFO Utils: /tmp/spark-00d47c7e-c44c-46d2-be2d-a0706487ce85/userFiles-03986031-ed2a-412d-a362-4c9b02703b99/fetchFileTemp703051068778049174.tmp has been previously copied to /tmp/spark-00d47c7e-c44c-46d2-be2d-a0706487ce85/userFiles-03986031-ed2a-412d-a362-4c9b02703b99/org.apache.kafka_kafka-clients-2.8.1.jar
[2025-07-25T01:39:36.406+0000] {docker.py:429} INFO - 25/07/25 01:39:36 INFO Executor: Adding file:/tmp/spark-00d47c7e-c44c-46d2-be2d-a0706487ce85/userFiles-03986031-ed2a-412d-a362-4c9b02703b99/org.apache.kafka_kafka-clients-2.8.1.jar to class loader
[2025-07-25T01:39:36.406+0000] {docker.py:429} INFO - 25/07/25 01:39:36 INFO Executor: Fetching spark://56baa12733ce:44853/jars/org.apache.commons_commons-pool2-2.11.1.jar with timestamp 1753407575696
[2025-07-25T01:39:36.407+0000] {docker.py:429} INFO - 25/07/25 01:39:36 INFO Utils: Fetching spark://56baa12733ce:44853/jars/org.apache.commons_commons-pool2-2.11.1.jar to /tmp/spark-00d47c7e-c44c-46d2-be2d-a0706487ce85/userFiles-03986031-ed2a-412d-a362-4c9b02703b99/fetchFileTemp3360499026968191340.tmp
[2025-07-25T01:39:36.408+0000] {docker.py:429} INFO - 25/07/25 01:39:36 INFO Utils: /tmp/spark-00d47c7e-c44c-46d2-be2d-a0706487ce85/userFiles-03986031-ed2a-412d-a362-4c9b02703b99/fetchFileTemp3360499026968191340.tmp has been previously copied to /tmp/spark-00d47c7e-c44c-46d2-be2d-a0706487ce85/userFiles-03986031-ed2a-412d-a362-4c9b02703b99/org.apache.commons_commons-pool2-2.11.1.jar
[2025-07-25T01:39:36.410+0000] {docker.py:429} INFO - 25/07/25 01:39:36 INFO Executor: Adding file:/tmp/spark-00d47c7e-c44c-46d2-be2d-a0706487ce85/userFiles-03986031-ed2a-412d-a362-4c9b02703b99/org.apache.commons_commons-pool2-2.11.1.jar to class loader
[2025-07-25T01:39:36.411+0000] {docker.py:429} INFO - 25/07/25 01:39:36 INFO Executor: Fetching spark://56baa12733ce:44853/jars/commons-logging_commons-logging-1.1.3.jar with timestamp 1753407575696
[2025-07-25T01:39:36.411+0000] {docker.py:429} INFO - 25/07/25 01:39:36 INFO Utils: Fetching spark://56baa12733ce:44853/jars/commons-logging_commons-logging-1.1.3.jar to /tmp/spark-00d47c7e-c44c-46d2-be2d-a0706487ce85/userFiles-03986031-ed2a-412d-a362-4c9b02703b99/fetchFileTemp3693060224194102638.tmp
[2025-07-25T01:39:36.412+0000] {docker.py:429} INFO - 25/07/25 01:39:36 INFO Utils: /tmp/spark-00d47c7e-c44c-46d2-be2d-a0706487ce85/userFiles-03986031-ed2a-412d-a362-4c9b02703b99/fetchFileTemp3693060224194102638.tmp has been previously copied to /tmp/spark-00d47c7e-c44c-46d2-be2d-a0706487ce85/userFiles-03986031-ed2a-412d-a362-4c9b02703b99/commons-logging_commons-logging-1.1.3.jar
[2025-07-25T01:39:36.414+0000] {docker.py:429} INFO - 25/07/25 01:39:36 INFO Executor: Adding file:/tmp/spark-00d47c7e-c44c-46d2-be2d-a0706487ce85/userFiles-03986031-ed2a-412d-a362-4c9b02703b99/commons-logging_commons-logging-1.1.3.jar to class loader
[2025-07-25T01:39:36.414+0000] {docker.py:429} INFO - 25/07/25 01:39:36 INFO Executor: Fetching spark://56baa12733ce:44853/jars/org.apache.spark_spark-sql-kafka-0-10_2.12-3.3.4.jar with timestamp 1753407575696
[2025-07-25T01:39:36.414+0000] {docker.py:429} INFO - 25/07/25 01:39:36 INFO Utils: Fetching spark://56baa12733ce:44853/jars/org.apache.spark_spark-sql-kafka-0-10_2.12-3.3.4.jar to /tmp/spark-00d47c7e-c44c-46d2-be2d-a0706487ce85/userFiles-03986031-ed2a-412d-a362-4c9b02703b99/fetchFileTemp6809757541014667817.tmp
[2025-07-25T01:39:36.416+0000] {docker.py:429} INFO - 25/07/25 01:39:36 INFO Utils: /tmp/spark-00d47c7e-c44c-46d2-be2d-a0706487ce85/userFiles-03986031-ed2a-412d-a362-4c9b02703b99/fetchFileTemp6809757541014667817.tmp has been previously copied to /tmp/spark-00d47c7e-c44c-46d2-be2d-a0706487ce85/userFiles-03986031-ed2a-412d-a362-4c9b02703b99/org.apache.spark_spark-sql-kafka-0-10_2.12-3.3.4.jar
[2025-07-25T01:39:36.419+0000] {docker.py:429} INFO - 25/07/25 01:39:36 INFO Executor: Adding file:/tmp/spark-00d47c7e-c44c-46d2-be2d-a0706487ce85/userFiles-03986031-ed2a-412d-a362-4c9b02703b99/org.apache.spark_spark-sql-kafka-0-10_2.12-3.3.4.jar to class loader
[2025-07-25T01:39:36.419+0000] {docker.py:429} INFO - 25/07/25 01:39:36 INFO Executor: Fetching spark://56baa12733ce:44853/jars/org.spark-project.spark_unused-1.0.0.jar with timestamp 1753407575696
[2025-07-25T01:39:36.419+0000] {docker.py:429} INFO - 25/07/25 01:39:36 INFO Utils: Fetching spark://56baa12733ce:44853/jars/org.spark-project.spark_unused-1.0.0.jar to /tmp/spark-00d47c7e-c44c-46d2-be2d-a0706487ce85/userFiles-03986031-ed2a-412d-a362-4c9b02703b99/fetchFileTemp2073102255301768517.tmp
[2025-07-25T01:39:36.420+0000] {docker.py:429} INFO - 25/07/25 01:39:36 INFO Utils: /tmp/spark-00d47c7e-c44c-46d2-be2d-a0706487ce85/userFiles-03986031-ed2a-412d-a362-4c9b02703b99/fetchFileTemp2073102255301768517.tmp has been previously copied to /tmp/spark-00d47c7e-c44c-46d2-be2d-a0706487ce85/userFiles-03986031-ed2a-412d-a362-4c9b02703b99/org.spark-project.spark_unused-1.0.0.jar
[2025-07-25T01:39:36.422+0000] {docker.py:429} INFO - 25/07/25 01:39:36 INFO Executor: Adding file:/tmp/spark-00d47c7e-c44c-46d2-be2d-a0706487ce85/userFiles-03986031-ed2a-412d-a362-4c9b02703b99/org.spark-project.spark_unused-1.0.0.jar to class loader
[2025-07-25T01:39:36.422+0000] {docker.py:429} INFO - 25/07/25 01:39:36 INFO Executor: Fetching spark://56baa12733ce:44853/jars/com.google.code.findbugs_jsr305-3.0.0.jar with timestamp 1753407575696
[2025-07-25T01:39:36.423+0000] {docker.py:429} INFO - 25/07/25 01:39:36 INFO Utils: Fetching spark://56baa12733ce:44853/jars/com.google.code.findbugs_jsr305-3.0.0.jar to /tmp/spark-00d47c7e-c44c-46d2-be2d-a0706487ce85/userFiles-03986031-ed2a-412d-a362-4c9b02703b99/fetchFileTemp2977960132409351220.tmp
[2025-07-25T01:39:36.423+0000] {docker.py:429} INFO - 25/07/25 01:39:36 INFO Utils: /tmp/spark-00d47c7e-c44c-46d2-be2d-a0706487ce85/userFiles-03986031-ed2a-412d-a362-4c9b02703b99/fetchFileTemp2977960132409351220.tmp has been previously copied to /tmp/spark-00d47c7e-c44c-46d2-be2d-a0706487ce85/userFiles-03986031-ed2a-412d-a362-4c9b02703b99/com.google.code.findbugs_jsr305-3.0.0.jar
[2025-07-25T01:39:36.426+0000] {docker.py:429} INFO - 25/07/25 01:39:36 INFO Executor: Adding file:/tmp/spark-00d47c7e-c44c-46d2-be2d-a0706487ce85/userFiles-03986031-ed2a-412d-a362-4c9b02703b99/com.google.code.findbugs_jsr305-3.0.0.jar to class loader
[2025-07-25T01:39:36.426+0000] {docker.py:429} INFO - 25/07/25 01:39:36 INFO Executor: Fetching spark://56baa12733ce:44853/jars/org.lz4_lz4-java-1.8.0.jar with timestamp 1753407575696
[2025-07-25T01:39:36.426+0000] {docker.py:429} INFO - 25/07/25 01:39:36 INFO Utils: Fetching spark://56baa12733ce:44853/jars/org.lz4_lz4-java-1.8.0.jar to /tmp/spark-00d47c7e-c44c-46d2-be2d-a0706487ce85/userFiles-03986031-ed2a-412d-a362-4c9b02703b99/fetchFileTemp4218219157595681535.tmp
[2025-07-25T01:39:36.428+0000] {docker.py:429} INFO - 25/07/25 01:39:36 INFO Utils: /tmp/spark-00d47c7e-c44c-46d2-be2d-a0706487ce85/userFiles-03986031-ed2a-412d-a362-4c9b02703b99/fetchFileTemp4218219157595681535.tmp has been previously copied to /tmp/spark-00d47c7e-c44c-46d2-be2d-a0706487ce85/userFiles-03986031-ed2a-412d-a362-4c9b02703b99/org.lz4_lz4-java-1.8.0.jar
[2025-07-25T01:39:36.434+0000] {docker.py:429} INFO - 25/07/25 01:39:36 INFO Executor: Adding file:/tmp/spark-00d47c7e-c44c-46d2-be2d-a0706487ce85/userFiles-03986031-ed2a-412d-a362-4c9b02703b99/org.lz4_lz4-java-1.8.0.jar to class loader
[2025-07-25T01:39:36.435+0000] {docker.py:429} INFO - 25/07/25 01:39:36 INFO Executor: Fetching spark://56baa12733ce:44853/jars/org.apache.hadoop_hadoop-client-runtime-3.3.2.jar with timestamp 1753407575696
[2025-07-25T01:39:36.435+0000] {docker.py:429} INFO - 25/07/25 01:39:36 INFO Utils: Fetching spark://56baa12733ce:44853/jars/org.apache.hadoop_hadoop-client-runtime-3.3.2.jar to /tmp/spark-00d47c7e-c44c-46d2-be2d-a0706487ce85/userFiles-03986031-ed2a-412d-a362-4c9b02703b99/fetchFileTemp9612014744920080806.tmp
[2025-07-25T01:39:36.494+0000] {docker.py:429} INFO - 25/07/25 01:39:36 INFO Utils: /tmp/spark-00d47c7e-c44c-46d2-be2d-a0706487ce85/userFiles-03986031-ed2a-412d-a362-4c9b02703b99/fetchFileTemp9612014744920080806.tmp has been previously copied to /tmp/spark-00d47c7e-c44c-46d2-be2d-a0706487ce85/userFiles-03986031-ed2a-412d-a362-4c9b02703b99/org.apache.hadoop_hadoop-client-runtime-3.3.2.jar
[2025-07-25T01:39:36.584+0000] {docker.py:429} INFO - 25/07/25 01:39:36 INFO Executor: Adding file:/tmp/spark-00d47c7e-c44c-46d2-be2d-a0706487ce85/userFiles-03986031-ed2a-412d-a362-4c9b02703b99/org.apache.hadoop_hadoop-client-runtime-3.3.2.jar to class loader
[2025-07-25T01:39:36.585+0000] {docker.py:429} INFO - 25/07/25 01:39:36 INFO Executor: Fetching spark://56baa12733ce:44853/jars/org.apache.hadoop_hadoop-client-api-3.3.2.jar with timestamp 1753407575696
[2025-07-25T01:39:36.585+0000] {docker.py:429} INFO - 25/07/25 01:39:36 INFO Utils: Fetching spark://56baa12733ce:44853/jars/org.apache.hadoop_hadoop-client-api-3.3.2.jar to /tmp/spark-00d47c7e-c44c-46d2-be2d-a0706487ce85/userFiles-03986031-ed2a-412d-a362-4c9b02703b99/fetchFileTemp17172276707799786734.tmp
[2025-07-25T01:39:36.635+0000] {docker.py:429} INFO - 25/07/25 01:39:36 INFO Utils: /tmp/spark-00d47c7e-c44c-46d2-be2d-a0706487ce85/userFiles-03986031-ed2a-412d-a362-4c9b02703b99/fetchFileTemp17172276707799786734.tmp has been previously copied to /tmp/spark-00d47c7e-c44c-46d2-be2d-a0706487ce85/userFiles-03986031-ed2a-412d-a362-4c9b02703b99/org.apache.hadoop_hadoop-client-api-3.3.2.jar
[2025-07-25T01:39:36.885+0000] {docker.py:429} INFO - 25/07/25 01:39:36 INFO Executor: Adding file:/tmp/spark-00d47c7e-c44c-46d2-be2d-a0706487ce85/userFiles-03986031-ed2a-412d-a362-4c9b02703b99/org.apache.hadoop_hadoop-client-api-3.3.2.jar to class loader
[2025-07-25T01:39:36.886+0000] {docker.py:429} INFO - 25/07/25 01:39:36 INFO Executor: Fetching spark://56baa12733ce:44853/jars/org.apache.spark_spark-token-provider-kafka-0-10_2.12-3.3.4.jar with timestamp 1753407575696
[2025-07-25T01:39:36.886+0000] {docker.py:429} INFO - 25/07/25 01:39:36 INFO Utils: Fetching spark://56baa12733ce:44853/jars/org.apache.spark_spark-token-provider-kafka-0-10_2.12-3.3.4.jar to /tmp/spark-00d47c7e-c44c-46d2-be2d-a0706487ce85/userFiles-03986031-ed2a-412d-a362-4c9b02703b99/fetchFileTemp876121865288577309.tmp
[2025-07-25T01:39:36.887+0000] {docker.py:429} INFO - 25/07/25 01:39:36 INFO Utils: /tmp/spark-00d47c7e-c44c-46d2-be2d-a0706487ce85/userFiles-03986031-ed2a-412d-a362-4c9b02703b99/fetchFileTemp876121865288577309.tmp has been previously copied to /tmp/spark-00d47c7e-c44c-46d2-be2d-a0706487ce85/userFiles-03986031-ed2a-412d-a362-4c9b02703b99/org.apache.spark_spark-token-provider-kafka-0-10_2.12-3.3.4.jar
[2025-07-25T01:39:37.002+0000] {docker.py:429} INFO - 25/07/25 01:39:37 INFO Executor: Adding file:/tmp/spark-00d47c7e-c44c-46d2-be2d-a0706487ce85/userFiles-03986031-ed2a-412d-a362-4c9b02703b99/org.apache.spark_spark-token-provider-kafka-0-10_2.12-3.3.4.jar to class loader
[2025-07-25T01:39:37.007+0000] {docker.py:429} INFO - 25/07/25 01:39:37 INFO Utils: Successfully started service 'org.apache.spark.network.netty.NettyBlockTransferService' on port 34127.
25/07/25 01:39:37 INFO NettyBlockTransferService: Server created on 56baa12733ce:34127
[2025-07-25T01:39:37.008+0000] {docker.py:429} INFO - 25/07/25 01:39:37 INFO BlockManager: Using org.apache.spark.storage.RandomBlockReplicationPolicy for block replication policy
[2025-07-25T01:39:37.012+0000] {docker.py:429} INFO - 25/07/25 01:39:37 INFO BlockManagerMaster: Registering BlockManager BlockManagerId(driver, 56baa12733ce, 34127, None)
[2025-07-25T01:39:37.014+0000] {docker.py:429} INFO - 25/07/25 01:39:37 INFO BlockManagerMasterEndpoint: Registering block manager 56baa12733ce:34127 with 434.4 MiB RAM, BlockManagerId(driver, 56baa12733ce, 34127, None)
[2025-07-25T01:39:37.015+0000] {docker.py:429} INFO - 25/07/25 01:39:37 INFO BlockManagerMaster: Registered BlockManager BlockManagerId(driver, 56baa12733ce, 34127, None)
[2025-07-25T01:39:37.016+0000] {docker.py:429} INFO - 25/07/25 01:39:37 INFO BlockManager: Initialized BlockManager: BlockManagerId(driver, 56baa12733ce, 34127, None)
[2025-07-25T01:39:37.629+0000] {docker.py:429} INFO - 25/07/25 01:39:37 WARN MetricsConfig: Cannot locate configuration: tried hadoop-metrics2-s3a-file-system.properties,hadoop-metrics2.properties
[2025-07-25T01:39:38.031+0000] {docker.py:429} INFO - Traceback (most recent call last):
  File "/app/silver.py", line 18, in <module>
[2025-07-25T01:39:38.032+0000] {docker.py:429} INFO - df_bronze = spark.read.parquet(bronze_path)
  File "/opt/bitnami/spark/python/lib/pyspark.zip/pyspark/sql/readwriter.py", line 364, in parquet
[2025-07-25T01:39:38.032+0000] {docker.py:429} INFO - File "/opt/bitnami/spark/python/lib/py4j-0.10.9.5-src.zip/py4j/java_gateway.py", line 1321, in __call__
[2025-07-25T01:39:38.032+0000] {docker.py:429} INFO - File "/opt/bitnami/spark/python/lib/pyspark.zip/pyspark/sql/utils.py", line 196, in deco
[2025-07-25T01:39:38.032+0000] {docker.py:429} INFO - pyspark.sql.utils.AnalysisException
[2025-07-25T01:39:38.038+0000] {docker.py:429} INFO - : Path does not exist: s3a://bis/bus-arrival-info/bronze
[2025-07-25T01:39:42.399+0000] {taskinstance.py:2698} ERROR - Task failed with exception
Traceback (most recent call last):
  File "/home/airflow/.local/lib/python3.10/site-packages/airflow/models/taskinstance.py", line 433, in _execute_task
    result = execute_callable(context=context, **execute_callable_kwargs)
  File "/home/airflow/.local/lib/python3.10/site-packages/airflow/providers/docker/operators/docker.py", line 502, in execute
    return self._run_image()
  File "/home/airflow/.local/lib/python3.10/site-packages/airflow/providers/docker/operators/docker.py", line 364, in _run_image
    return self._run_image_with_mounts([*self.mounts, tmp_mount], add_tmp_variable=True)
  File "/home/airflow/.local/lib/python3.10/site-packages/airflow/providers/docker/operators/docker.py", line 437, in _run_image_with_mounts
    raise DockerContainerFailedException(f"Docker container failed: {result!r}", logs=log_lines)
airflow.providers.docker.exceptions.DockerContainerFailedException: Docker container failed: {'StatusCode': 1}
[2025-07-25T01:39:42.401+0000] {taskinstance.py:1138} INFO - Marking task as FAILED. dag_id=bis_pipeline_dag, task_id=bronze_to_silver, execution_date=20250725T013757, start_date=20250725T013908, end_date=20250725T013942
[2025-07-25T01:39:42.444+0000] {standard_task_runner.py:107} ERROR - Failed to execute job 28 for task bronze_to_silver (Docker container failed: {'StatusCode': 1}; 202)
[2025-07-25T01:39:42.482+0000] {local_task_job_runner.py:234} INFO - Task exited with return code 1
[2025-07-25T01:39:42.499+0000] {taskinstance.py:3280} INFO - 0 downstream tasks scheduled from follow-on schedule check
