[2025-07-25T02:04:27.643+0000] {taskinstance.py:1956} INFO - Dependencies all met for dep_context=non-requeueable deps ti=<TaskInstance: bis_pipeline_dag.silver_to_gold manual__2025-07-25T02:03:36.393331+00:00 [queued]>
[2025-07-25T02:04:27.647+0000] {taskinstance.py:1956} INFO - Dependencies all met for dep_context=requeueable deps ti=<TaskInstance: bis_pipeline_dag.silver_to_gold manual__2025-07-25T02:03:36.393331+00:00 [queued]>
[2025-07-25T02:04:27.648+0000] {taskinstance.py:2170} INFO - Starting attempt 1 of 1
[2025-07-25T02:04:27.690+0000] {taskinstance.py:2191} INFO - Executing <Task(DockerOperator): silver_to_gold> on 2025-07-25 02:03:36.393331+00:00
[2025-07-25T02:04:27.693+0000] {standard_task_runner.py:60} INFO - Started process 292 to run task
[2025-07-25T02:04:27.695+0000] {standard_task_runner.py:87} INFO - Running: ['airflow', 'tasks', 'run', 'bis_pipeline_dag', 'silver_to_gold', 'manual__2025-07-25T02:03:36.393331+00:00', '--job-id', '44', '--raw', '--subdir', 'DAGS_FOLDER/bis_pipeline_dag.py', '--cfg-path', '/tmp/tmpirwrz7ac']
[2025-07-25T02:04:27.697+0000] {standard_task_runner.py:88} INFO - Job 44: Subtask silver_to_gold
[2025-07-25T02:04:27.785+0000] {task_command.py:423} INFO - Running <TaskInstance: bis_pipeline_dag.silver_to_gold manual__2025-07-25T02:03:36.393331+00:00 [running]> on host f2fb5fb74adc
[2025-07-25T02:04:27.923+0000] {taskinstance.py:2480} INFO - Exporting env vars: AIRFLOW_CTX_DAG_OWNER='airflow' AIRFLOW_CTX_DAG_ID='bis_pipeline_dag' AIRFLOW_CTX_TASK_ID='silver_to_gold' AIRFLOW_CTX_EXECUTION_DATE='2025-07-25T02:03:36.393331+00:00' AIRFLOW_CTX_TRY_NUMBER='1' AIRFLOW_CTX_DAG_RUN_ID='manual__2025-07-25T02:03:36.393331+00:00'
[2025-07-25T02:04:27.961+0000] {docker.py:359} INFO - Starting docker container from image my-spark:3.3-kafka
[2025-07-25T02:04:30.399+0000] {docker.py:429} INFO - [38;5;6mspark [38;5;5m02:04:30.25 [0m[38;5;2mINFO [0m ==>
[2025-07-25T02:04:30.399+0000] {docker.py:429} INFO - [38;5;6mspark [38;5;5m02:04:30.25 [0m[38;5;2mINFO [0m ==> [1mWelcome to the Bitnami spark container[0m
[2025-07-25T02:04:30.399+0000] {docker.py:429} INFO - [38;5;6mspark [38;5;5m02:04:30.25 [0m[38;5;2mINFO [0m ==> Subscribe to project updates by watching [1mhttps://github.com/bitnami/containers[0m
[2025-07-25T02:04:30.399+0000] {docker.py:429} INFO - [38;5;6mspark [38;5;5m02:04:30.26 [0m[38;5;2mINFO [0m ==> Submit issues and feature requests at [1mhttps://github.com/bitnami/containers/issues[0m
[2025-07-25T02:04:30.399+0000] {docker.py:429} INFO - [38;5;6mspark [38;5;5m02:04:30.26 [0m[38;5;2mINFO [0m ==>
[2025-07-25T02:04:30.400+0000] {docker.py:429} INFO - 
[2025-07-25T02:04:31.547+0000] {docker.py:429} INFO - 25/07/25 02:04:31 INFO SparkContext: Running Spark version 3.3.4
[2025-07-25T02:04:31.564+0000] {docker.py:429} INFO - 25/07/25 02:04:31 INFO ResourceUtils: ==============================================================
[2025-07-25T02:04:31.564+0000] {docker.py:429} INFO - 25/07/25 02:04:31 INFO ResourceUtils: No custom resources configured for spark.driver.
[2025-07-25T02:04:31.565+0000] {docker.py:429} INFO - 25/07/25 02:04:31 INFO ResourceUtils: ==============================================================
[2025-07-25T02:04:31.565+0000] {docker.py:429} INFO - 25/07/25 02:04:31 INFO SparkContext: Submitted application: AggregateGold
[2025-07-25T02:04:31.577+0000] {docker.py:429} INFO - 25/07/25 02:04:31 INFO ResourceProfile: Default ResourceProfile created, executor resources: Map(cores -> name: cores, amount: 1, script: , vendor: , memory -> name: memory, amount: 1024, script: , vendor: , offHeap -> name: offHeap, amount: 0, script: , vendor: ), task resources: Map(cpus -> name: cpus, amount: 1.0)
[2025-07-25T02:04:31.581+0000] {docker.py:429} INFO - 25/07/25 02:04:31 INFO ResourceProfile: Limiting resource is cpu
[2025-07-25T02:04:31.582+0000] {docker.py:429} INFO - 25/07/25 02:04:31 INFO ResourceProfileManager: Added ResourceProfile id: 0
[2025-07-25T02:04:31.607+0000] {docker.py:429} INFO - 25/07/25 02:04:31 INFO SecurityManager: Changing view acls to: root,spark
[2025-07-25T02:04:31.607+0000] {docker.py:429} INFO - 25/07/25 02:04:31 INFO SecurityManager: Changing modify acls to: root,spark
[2025-07-25T02:04:31.607+0000] {docker.py:429} INFO - 25/07/25 02:04:31 INFO SecurityManager: Changing view acls groups to:
[2025-07-25T02:04:31.607+0000] {docker.py:429} INFO - 25/07/25 02:04:31 INFO SecurityManager: Changing modify acls groups to:
[2025-07-25T02:04:31.608+0000] {docker.py:429} INFO - 25/07/25 02:04:31 INFO SecurityManager: SecurityManager: authentication disabled; ui acls disabled; users  with view permissions: Set(root, spark); groups with view permissions: Set(); users  with modify permissions: Set(root, spark); groups with modify permissions: Set()
[2025-07-25T02:04:31.640+0000] {docker.py:429} INFO - 25/07/25 02:04:31 WARN NativeCodeLoader: Unable to load native-hadoop library for your platform... using builtin-java classes where applicable
[2025-07-25T02:04:31.798+0000] {docker.py:429} INFO - 25/07/25 02:04:31 INFO Utils: Successfully started service 'sparkDriver' on port 37127.
[2025-07-25T02:04:31.815+0000] {docker.py:429} INFO - 25/07/25 02:04:31 INFO SparkEnv: Registering MapOutputTracker
[2025-07-25T02:04:31.839+0000] {docker.py:429} INFO - 25/07/25 02:04:31 INFO SparkEnv: Registering BlockManagerMaster
[2025-07-25T02:04:31.848+0000] {docker.py:429} INFO - 25/07/25 02:04:31 INFO BlockManagerMasterEndpoint: Using org.apache.spark.storage.DefaultTopologyMapper for getting topology information
[2025-07-25T02:04:31.848+0000] {docker.py:429} INFO - 25/07/25 02:04:31 INFO BlockManagerMasterEndpoint: BlockManagerMasterEndpoint up
[2025-07-25T02:04:31.853+0000] {docker.py:429} INFO - 25/07/25 02:04:31 INFO SparkEnv: Registering BlockManagerMasterHeartbeat
[2025-07-25T02:04:31.868+0000] {docker.py:429} INFO - 25/07/25 02:04:31 INFO DiskBlockManager: Created local directory at /tmp/blockmgr-88e5e3c7-0295-4d82-9acb-8deaaaab2bcf
[2025-07-25T02:04:31.879+0000] {docker.py:429} INFO - 25/07/25 02:04:31 INFO MemoryStore: MemoryStore started with capacity 434.4 MiB
[2025-07-25T02:04:31.890+0000] {docker.py:429} INFO - 25/07/25 02:04:31 INFO SparkEnv: Registering OutputCommitCoordinator
[2025-07-25T02:04:32.014+0000] {docker.py:429} INFO - 25/07/25 02:04:32 INFO Utils: Successfully started service 'SparkUI' on port 4040.
[2025-07-25T02:04:32.090+0000] {docker.py:429} INFO - 25/07/25 02:04:32 INFO Executor: Starting executor ID driver on host e77d7a607c5b
[2025-07-25T02:04:32.094+0000] {docker.py:429} INFO - 25/07/25 02:04:32 INFO Executor: Starting executor with user classpath (userClassPathFirst = false): ''
[2025-07-25T02:04:32.106+0000] {docker.py:429} INFO - 25/07/25 02:04:32 INFO Utils: Successfully started service 'org.apache.spark.network.netty.NettyBlockTransferService' on port 44925.
[2025-07-25T02:04:32.106+0000] {docker.py:429} INFO - 25/07/25 02:04:32 INFO NettyBlockTransferService: Server created on e77d7a607c5b:44925
[2025-07-25T02:04:32.107+0000] {docker.py:429} INFO - 25/07/25 02:04:32 INFO BlockManager: Using org.apache.spark.storage.RandomBlockReplicationPolicy for block replication policy
[2025-07-25T02:04:32.116+0000] {docker.py:429} INFO - 25/07/25 02:04:32 INFO BlockManagerMaster: Registering BlockManager BlockManagerId(driver, e77d7a607c5b, 44925, None)
[2025-07-25T02:04:32.121+0000] {docker.py:429} INFO - 25/07/25 02:04:32 INFO BlockManagerMasterEndpoint: Registering block manager e77d7a607c5b:44925 with 434.4 MiB RAM, BlockManagerId(driver, e77d7a607c5b, 44925, None)
[2025-07-25T02:04:32.122+0000] {docker.py:429} INFO - 25/07/25 02:04:32 INFO BlockManagerMaster: Registered BlockManager BlockManagerId(driver, e77d7a607c5b, 44925, None)
[2025-07-25T02:04:32.122+0000] {docker.py:429} INFO - 25/07/25 02:04:32 INFO BlockManager: Initialized BlockManager: BlockManagerId(driver, e77d7a607c5b, 44925, None)
[2025-07-25T02:04:32.805+0000] {docker.py:429} INFO - 25/07/25 02:04:32 WARN MetricsConfig: Cannot locate configuration: tried hadoop-metrics2-s3a-file-system.properties,hadoop-metrics2.properties
[2025-07-25T02:04:39.425+0000] {taskinstance.py:1138} INFO - Marking task as SUCCESS. dag_id=bis_pipeline_dag, task_id=silver_to_gold, execution_date=20250725T020336, start_date=20250725T020427, end_date=20250725T020439
[2025-07-25T02:04:39.497+0000] {local_task_job_runner.py:234} INFO - Task exited with return code 0
[2025-07-25T02:04:39.510+0000] {taskinstance.py:3280} INFO - 1 downstream tasks scheduled from follow-on schedule check
