[2025-07-25T04:00:44.811+0000] {taskinstance.py:1956} INFO - Dependencies all met for dep_context=non-requeueable deps ti=<TaskInstance: bis_pipeline_dag.bronze_to_silver manual__2025-07-25T04:00:23.657486+00:00 [queued]>
[2025-07-25T04:00:44.815+0000] {taskinstance.py:1956} INFO - Dependencies all met for dep_context=requeueable deps ti=<TaskInstance: bis_pipeline_dag.bronze_to_silver manual__2025-07-25T04:00:23.657486+00:00 [queued]>
[2025-07-25T04:00:44.815+0000] {taskinstance.py:2170} INFO - Starting attempt 1 of 1
[2025-07-25T04:00:44.871+0000] {taskinstance.py:2191} INFO - Executing <Task(DockerOperator): bronze_to_silver> on 2025-07-25 04:00:23.657486+00:00
[2025-07-25T04:00:44.874+0000] {standard_task_runner.py:60} INFO - Started process 1560 to run task
[2025-07-25T04:00:44.877+0000] {standard_task_runner.py:87} INFO - Running: ['airflow', 'tasks', 'run', 'bis_pipeline_dag', 'bronze_to_silver', 'manual__2025-07-25T04:00:23.657486+00:00', '--job-id', '55', '--raw', '--subdir', 'DAGS_FOLDER/bis_pipeline_dag.py', '--cfg-path', '/tmp/tmpwzsisbfq']
[2025-07-25T04:00:44.878+0000] {standard_task_runner.py:88} INFO - Job 55: Subtask bronze_to_silver
[2025-07-25T04:00:44.967+0000] {task_command.py:423} INFO - Running <TaskInstance: bis_pipeline_dag.bronze_to_silver manual__2025-07-25T04:00:23.657486+00:00 [running]> on host f2fb5fb74adc
[2025-07-25T04:00:45.137+0000] {taskinstance.py:2480} INFO - Exporting env vars: AIRFLOW_CTX_DAG_OWNER='airflow' AIRFLOW_CTX_DAG_ID='bis_pipeline_dag' AIRFLOW_CTX_TASK_ID='bronze_to_silver' AIRFLOW_CTX_EXECUTION_DATE='2025-07-25T04:00:23.657486+00:00' AIRFLOW_CTX_TRY_NUMBER='1' AIRFLOW_CTX_DAG_RUN_ID='manual__2025-07-25T04:00:23.657486+00:00'
[2025-07-25T04:00:45.172+0000] {docker.py:359} INFO - Starting docker container from image my-spark:3.3-kafka
[2025-07-25T04:00:47.708+0000] {docker.py:429} INFO - [38;5;6mspark [38;5;5m04:00:47.41 [0m[38;5;2mINFO [0m ==>
[2025-07-25T04:00:47.708+0000] {docker.py:429} INFO - [38;5;6mspark [38;5;5m04:00:47.41 [0m[38;5;2mINFO [0m ==> [1mWelcome to the Bitnami spark container[0m
[2025-07-25T04:00:47.708+0000] {docker.py:429} INFO - [38;5;6mspark [38;5;5m04:00:47.41 [0m[38;5;2mINFO [0m ==> Subscribe to project updates by watching [1mhttps://github.com/bitnami/containers[0m
[2025-07-25T04:00:47.708+0000] {docker.py:429} INFO - [38;5;6mspark [38;5;5m04:00:47.41 [0m[38;5;2mINFO [0m ==> Submit issues and feature requests at [1mhttps://github.com/bitnami/containers/issues[0m
[2025-07-25T04:00:47.709+0000] {docker.py:429} INFO - [38;5;6mspark [38;5;5m04:00:47.41 [0m[38;5;2mINFO [0m ==>
[2025-07-25T04:00:47.709+0000] {docker.py:429} INFO - 
[2025-07-25T04:00:48.670+0000] {docker.py:429} INFO - 25/07/25 04:00:48 INFO SparkContext: Running Spark version 3.3.4
[2025-07-25T04:00:48.689+0000] {docker.py:429} INFO - 25/07/25 04:00:48 INFO ResourceUtils: ==============================================================
[2025-07-25T04:00:48.690+0000] {docker.py:429} INFO - 25/07/25 04:00:48 INFO ResourceUtils: No custom resources configured for spark.driver.
[2025-07-25T04:00:48.690+0000] {docker.py:429} INFO - 25/07/25 04:00:48 INFO ResourceUtils: ==============================================================
[2025-07-25T04:00:48.690+0000] {docker.py:429} INFO - 25/07/25 04:00:48 INFO SparkContext: Submitted application: TransformSilver
[2025-07-25T04:00:48.703+0000] {docker.py:429} INFO - 25/07/25 04:00:48 INFO ResourceProfile: Default ResourceProfile created, executor resources: Map(cores -> name: cores, amount: 1, script: , vendor: , memory -> name: memory, amount: 1024, script: , vendor: , offHeap -> name: offHeap, amount: 0, script: , vendor: ), task resources: Map(cpus -> name: cpus, amount: 1.0)
[2025-07-25T04:00:48.708+0000] {docker.py:429} INFO - 25/07/25 04:00:48 INFO ResourceProfile: Limiting resource is cpu
[2025-07-25T04:00:48.708+0000] {docker.py:429} INFO - 25/07/25 04:00:48 INFO ResourceProfileManager: Added ResourceProfile id: 0
[2025-07-25T04:00:48.735+0000] {docker.py:429} INFO - 25/07/25 04:00:48 INFO SecurityManager: Changing view acls to: root,spark
[2025-07-25T04:00:48.735+0000] {docker.py:429} INFO - 25/07/25 04:00:48 INFO SecurityManager: Changing modify acls to: root,spark
[2025-07-25T04:00:48.735+0000] {docker.py:429} INFO - 25/07/25 04:00:48 INFO SecurityManager: Changing view acls groups to:
[2025-07-25T04:00:48.736+0000] {docker.py:429} INFO - 25/07/25 04:00:48 INFO SecurityManager: Changing modify acls groups to:
[2025-07-25T04:00:48.736+0000] {docker.py:429} INFO - 25/07/25 04:00:48 INFO SecurityManager: SecurityManager: authentication disabled; ui acls disabled; users  with view permissions: Set(root, spark); groups with view permissions: Set(); users  with modify permissions: Set(root, spark); groups with modify permissions: Set()
[2025-07-25T04:00:48.770+0000] {docker.py:429} INFO - 25/07/25 04:00:48 WARN NativeCodeLoader: Unable to load native-hadoop library for your platform... using builtin-java classes where applicable
[2025-07-25T04:00:48.914+0000] {docker.py:429} INFO - 25/07/25 04:00:48 INFO Utils: Successfully started service 'sparkDriver' on port 36317.
[2025-07-25T04:00:48.929+0000] {docker.py:429} INFO - 25/07/25 04:00:48 INFO SparkEnv: Registering MapOutputTracker
[2025-07-25T04:00:48.950+0000] {docker.py:429} INFO - 25/07/25 04:00:48 INFO SparkEnv: Registering BlockManagerMaster
[2025-07-25T04:00:48.960+0000] {docker.py:429} INFO - 25/07/25 04:00:48 INFO BlockManagerMasterEndpoint: Using org.apache.spark.storage.DefaultTopologyMapper for getting topology information
[2025-07-25T04:00:48.960+0000] {docker.py:429} INFO - 25/07/25 04:00:48 INFO BlockManagerMasterEndpoint: BlockManagerMasterEndpoint up
[2025-07-25T04:00:48.963+0000] {docker.py:429} INFO - 25/07/25 04:00:48 INFO SparkEnv: Registering BlockManagerMasterHeartbeat
[2025-07-25T04:00:48.975+0000] {docker.py:429} INFO - 25/07/25 04:00:48 INFO DiskBlockManager: Created local directory at /tmp/blockmgr-bf530501-d340-4292-8eb7-f6456e4da3d8
[2025-07-25T04:00:48.985+0000] {docker.py:429} INFO - 25/07/25 04:00:48 INFO MemoryStore: MemoryStore started with capacity 434.4 MiB
[2025-07-25T04:00:48.993+0000] {docker.py:429} INFO - 25/07/25 04:00:48 INFO SparkEnv: Registering OutputCommitCoordinator
[2025-07-25T04:00:49.107+0000] {docker.py:429} INFO - 25/07/25 04:00:49 INFO Utils: Successfully started service 'SparkUI' on port 4040.
[2025-07-25T04:00:49.161+0000] {docker.py:429} INFO - 25/07/25 04:00:49 INFO Executor: Starting executor ID driver on host 834eb56ea2bd
[2025-07-25T04:00:49.170+0000] {docker.py:429} INFO - 25/07/25 04:00:49 INFO Executor: Starting executor with user classpath (userClassPathFirst = false): ''
[2025-07-25T04:00:49.185+0000] {docker.py:429} INFO - 25/07/25 04:00:49 INFO Utils: Successfully started service 'org.apache.spark.network.netty.NettyBlockTransferService' on port 34015.
[2025-07-25T04:00:49.185+0000] {docker.py:429} INFO - 25/07/25 04:00:49 INFO NettyBlockTransferService: Server created on 834eb56ea2bd:34015
[2025-07-25T04:00:49.186+0000] {docker.py:429} INFO - 25/07/25 04:00:49 INFO BlockManager: Using org.apache.spark.storage.RandomBlockReplicationPolicy for block replication policy
[2025-07-25T04:00:49.191+0000] {docker.py:429} INFO - 25/07/25 04:00:49 INFO BlockManagerMaster: Registering BlockManager BlockManagerId(driver, 834eb56ea2bd, 34015, None)
[2025-07-25T04:00:49.193+0000] {docker.py:429} INFO - 25/07/25 04:00:49 INFO BlockManagerMasterEndpoint: Registering block manager 834eb56ea2bd:34015 with 434.4 MiB RAM, BlockManagerId(driver, 834eb56ea2bd, 34015, None)
[2025-07-25T04:00:49.195+0000] {docker.py:429} INFO - 25/07/25 04:00:49 INFO BlockManagerMaster: Registered BlockManager BlockManagerId(driver, 834eb56ea2bd, 34015, None)
[2025-07-25T04:00:49.196+0000] {docker.py:429} INFO - 25/07/25 04:00:49 INFO BlockManager: Initialized BlockManager: BlockManagerId(driver, 834eb56ea2bd, 34015, None)
[2025-07-25T04:00:49.838+0000] {docker.py:429} INFO - 25/07/25 04:00:49 WARN MetricsConfig: Cannot locate configuration: tried hadoop-metrics2-s3a-file-system.properties,hadoop-metrics2.properties
[2025-07-25T04:00:56.356+0000] {taskinstance.py:1138} INFO - Marking task as SUCCESS. dag_id=bis_pipeline_dag, task_id=bronze_to_silver, execution_date=20250725T040023, start_date=20250725T040044, end_date=20250725T040056
[2025-07-25T04:00:56.412+0000] {local_task_job_runner.py:234} INFO - Task exited with return code 0
[2025-07-25T04:00:56.433+0000] {taskinstance.py:3280} INFO - 1 downstream tasks scheduled from follow-on schedule check
